# JRE version: OpenJDK Runtime Environment (8.0_181-b15) (build 1.8.0_181-b15)
# Java VM: OpenJDK 64-Bit Server VM (25.181-b15 mixed mode linux-amd64 compressed oops)
Heap:
 PSYoungGen      total 262656K, used 4028K [0x00000000eab00000, 0x0000000100000000, 0x0000000100000000)
  eden space 188416K, 2% used [0x00000000eab00000,0x00000000eaeef2a8,0x00000000f6300000)
  from space 74240K, 0% used [0x00000000f6300000,0x00000000f6300000,0x00000000fab80000)
  to   space 71680K, 0% used [0x00000000fba00000,0x00000000fba00000,0x0000000100000000)
 ParOldGen       total 556544K, used 338849K [0x00000000c0000000, 0x00000000e1f80000, 0x00000000eab00000)
  object space 556544K, 60% used [0x00000000c0000000,0x00000000d4ae8750,0x00000000e1f80000)
 Metaspace       used 174257K, capacity 177130K, committed 177368K, reserved 1193984K
  class space    used 31429K, capacity 32155K, committed 32216K, reserved 1048576K
GC Heap History (140 events):
Event: 0,626 GC heap before
{Heap before GC invocations=1 (full 0):
 PSYoungGen      total 36864K, used 31744K [0x00000000eab00000, 0x00000000ed400000, 0x0000000100000000)
  eden space 31744K, 100% used [0x00000000eab00000,0x00000000eca00000,0x00000000eca00000)
  from space 5120K, 0% used [0x00000000ecf00000,0x00000000ecf00000,0x00000000ed400000)
  to   space 5120K, 0% used [0x00000000eca00000,0x00000000eca00000,0x00000000ecf00000)
 ParOldGen       total 84992K, used 0K [0x00000000c0000000, 0x00000000c5300000, 0x00000000eab00000)
  object space 84992K, 0% used [0x00000000c0000000,0x00000000c0000000,0x00000000c5300000)
 Metaspace       used 7266K, capacity 7500K, committed 7680K, reserved 1056768K
  class space    used 833K, capacity 912K, committed 1024K, reserved 1048576K
Event: 0,632 GC heap after
Heap after GC invocations=1 (full 0):
 PSYoungGen      total 36864K, used 4062K [0x00000000eab00000, 0x00000000ed400000, 0x0000000100000000)
  eden space 31744K, 0% used [0x00000000eab00000,0x00000000eab00000,0x00000000eca00000)
  from space 5120K, 79% used [0x00000000eca00000,0x00000000ecdf78b8,0x00000000ecf00000)
  to   space 5120K, 0% used [0x00000000ecf00000,0x00000000ecf00000,0x00000000ed400000)
 ParOldGen       total 84992K, used 8K [0x00000000c0000000, 0x00000000c5300000, 0x00000000eab00000)
  object space 84992K, 0% used [0x00000000c0000000,0x00000000c0002000,0x00000000c5300000)
 Metaspace       used 7266K, capacity 7500K, committed 7680K, reserved 1056768K
  class space    used 833K, capacity 912K, committed 1024K, reserved 1048576K
}
Event: 1,227 GC heap before
{Heap before GC invocations=2 (full 0):
 PSYoungGen      total 36864K, used 35806K [0x00000000eab00000, 0x00000000ed400000, 0x0000000100000000)
  eden space 31744K, 100% used [0x00000000eab00000,0x00000000eca00000,0x00000000eca00000)
  from space 5120K, 79% used [0x00000000eca00000,0x00000000ecdf78b8,0x00000000ecf00000)
  to   space 5120K, 0% used [0x00000000ecf00000,0x00000000ecf00000,0x00000000ed400000)
 ParOldGen       total 84992K, used 8K [0x00000000c0000000, 0x00000000c5300000, 0x00000000eab00000)
  object space 84992K, 0% used [0x00000000c0000000,0x00000000c0002000,0x00000000c5300000)
 Metaspace       used 11428K, capacity 11688K, committed 11904K, reserved 1058816K
  class space    used 1440K, capacity 1556K, committed 1664K, reserved 1048576K
Event: 1,237 GC heap after
Heap after GC invocations=2 (full 0):
 PSYoungGen      total 36864K, used 5115K [0x00000000eab00000, 0x00000000ef300000, 0x0000000100000000)
  eden space 31744K, 0% used [0x00000000eab00000,0x00000000eab00000,0x00000000eca00000)
  from space 5120K, 99% used [0x00000000ecf00000,0x00000000ed3fec68,0x00000000ed400000)
  to   space 5120K, 0% used [0x00000000eca00000,0x00000000eca00000,0x00000000ecf00000)
 ParOldGen       total 84992K, used 249K [0x00000000c0000000, 0x00000000c5300000, 0x00000000eab00000)
  object space 84992K, 0% used [0x00000000c0000000,0x00000000c003e480,0x00000000c5300000)
 Metaspace       used 11428K, capacity 11688K, committed 11904K, reserved 1058816K
  class space    used 1440K, capacity 1556K, committed 1664K, reserved 1048576K
}
Event: 1,657 GC heap before
{Heap before GC invocations=3 (full 0):
 PSYoungGen      total 36864K, used 36859K [0x00000000eab00000, 0x00000000ef300000, 0x0000000100000000)
  eden space 31744K, 100% used [0x00000000eab00000,0x00000000eca00000,0x00000000eca00000)
  from space 5120K, 99% used [0x00000000ecf00000,0x00000000ed3fec68,0x00000000ed400000)
  to   space 5120K, 0% used [0x00000000eca00000,0x00000000eca00000,0x00000000ecf00000)
 ParOldGen       total 84992K, used 249K [0x00000000c0000000, 0x00000000c5300000, 0x00000000eab00000)
  object space 84992K, 0% used [0x00000000c0000000,0x00000000c003e480,0x00000000c5300000)
 Metaspace       used 14610K, capacity 14996K, committed 15232K, reserved 1062912K
  class space    used 1957K, capacity 2084K, committed 2176K, reserved 1048576K
Event: 1,667 GC heap after
Heap after GC invocations=3 (full 0):
 PSYoungGen      total 36864K, used 5088K [0x00000000eab00000, 0x00000000ef300000, 0x0000000100000000)
  eden space 31744K, 0% used [0x00000000eab00000,0x00000000eab00000,0x00000000eca00000)
  from space 5120K, 99% used [0x00000000eca00000,0x00000000ecef8228,0x00000000ecf00000)
  to   space 5120K, 0% used [0x00000000eee00000,0x00000000eee00000,0x00000000ef300000)
 ParOldGen       total 84992K, used 1935K [0x00000000c0000000, 0x00000000c5300000, 0x00000000eab00000)
  object space 84992K, 2% used [0x00000000c0000000,0x00000000c01e3d48,0x00000000c5300000)
 Metaspace       used 14610K, capacity 14996K, committed 15232K, reserved 1062912K
  class space    used 1957K, capacity 2084K, committed 2176K, reserved 1048576K
}
Event: 2,272 GC heap before
{Heap before GC invocations=4 (full 0):
 PSYoungGen      total 36864K, used 36832K [0x00000000eab00000, 0x00000000ef300000, 0x0000000100000000)
  eden space 31744K, 100% used [0x00000000eab00000,0x00000000eca00000,0x00000000eca00000)
  from space 5120K, 99% used [0x00000000eca00000,0x00000000ecef8228,0x00000000ecf00000)
  to   space 5120K, 0% used [0x00000000eee00000,0x00000000eee00000,0x00000000ef300000)
 ParOldGen       total 84992K, used 1935K [0x00000000c0000000, 0x00000000c5300000, 0x00000000eab00000)
  object space 84992K, 2% used [0x00000000c0000000,0x00000000c01e3d48,0x00000000c5300000)
 Metaspace       used 18046K, capacity 18426K, committed 18560K, reserved 1064960K
  class space    used 2482K, capacity 2629K, committed 2688K, reserved 1048576K
Event: 2,299 GC heap after
Heap after GC invocations=4 (full 0):
 PSYoungGen      total 68608K, used 5088K [0x00000000eab00000, 0x00000000ef300000, 0x0000000100000000)
  eden space 63488K, 0% used [0x00000000eab00000,0x00000000eab00000,0x00000000ee900000)
  from space 5120K, 99% used [0x00000000eee00000,0x00000000ef2f8060,0x00000000ef300000)
  to   space 5120K, 0% used [0x00000000ee900000,0x00000000ee900000,0x00000000eee00000)
 ParOldGen       total 84992K, used 5207K [0x00000000c0000000, 0x00000000c5300000, 0x00000000eab00000)
  object space 84992K, 6% used [0x00000000c0000000,0x00000000c0515f80,0x00000000c5300000)
 Metaspace       used 18046K, capacity 18426K, committed 18560K, reserved 1064960K
  class space    used 2482K, capacity 2629K, committed 2688K, reserved 1048576K
}
Event: 2,588 GC heap before
{Heap before GC invocations=5 (full 0):
 PSYoungGen      total 68608K, used 14036K [0x00000000eab00000, 0x00000000ef300000, 0x0000000100000000)
  eden space 63488K, 14% used [0x00000000eab00000,0x00000000eb3bd2e8,0x00000000ee900000)
  from space 5120K, 99% used [0x00000000eee00000,0x00000000ef2f8060,0x00000000ef300000)
  to   space 5120K, 0% used [0x00000000ee900000,0x00000000ee900000,0x00000000eee00000)
 ParOldGen       total 84992K, used 5207K [0x00000000c0000000, 0x00000000c5300000, 0x00000000eab00000)
  object space 84992K, 6% used [0x00000000c0000000,0x00000000c0515f80,0x00000000c5300000)
 Metaspace       used 20755K, capacity 21114K, committed 21296K, reserved 1067008K
  class space    used 2767K, capacity 2885K, committed 2944K, reserved 1048576K
Event: 2,620 GC heap after
Heap after GC invocations=5 (full 0):
 PSYoungGen      total 68608K, used 5088K [0x00000000eab00000, 0x00000000f3a00000, 0x0000000100000000)
  eden space 63488K, 0% used [0x00000000eab00000,0x00000000eab00000,0x00000000ee900000)
  from space 5120K, 99% used [0x00000000ee900000,0x00000000eedf8050,0x00000000eee00000)
  to   space 9728K, 0% used [0x00000000f3080000,0x00000000f3080000,0x00000000f3a00000)
 ParOldGen       total 84992K, used 7075K [0x00000000c0000000, 0x00000000c5300000, 0x00000000eab00000)
  object space 84992K, 8% used [0x00000000c0000000,0x00000000c06e8c90,0x00000000c5300000)
 Metaspace       used 20755K, capacity 21114K, committed 21296K, reserved 1067008K
  class space    used 2767K, capacity 2885K, committed 2944K, reserved 1048576K
}
Event: 2,620 GC heap before
{Heap before GC invocations=6 (full 1):
 PSYoungGen      total 68608K, used 5088K [0x00000000eab00000, 0x00000000f3a00000, 0x0000000100000000)
  eden space 63488K, 0% used [0x00000000eab00000,0x00000000eab00000,0x00000000ee900000)
  from space 5120K, 99% used [0x00000000ee900000,0x00000000eedf8050,0x00000000eee00000)
  to   space 9728K, 0% used [0x00000000f3080000,0x00000000f3080000,0x00000000f3a00000)
 ParOldGen       total 84992K, used 7075K [0x00000000c0000000, 0x00000000c5300000, 0x00000000eab00000)
  object space 84992K, 8% used [0x00000000c0000000,0x00000000c06e8c90,0x00000000c5300000)
 Metaspace       used 20755K, capacity 21114K, committed 21296K, reserved 1067008K
  class space    used 2767K, capacity 2885K, committed 2944K, reserved 1048576K
Event: 2,713 GC heap after
Heap after GC invocations=6 (full 1):
 PSYoungGen      total 68608K, used 0K [0x00000000eab00000, 0x00000000f3a00000, 0x0000000100000000)
  eden space 63488K, 0% used [0x00000000eab00000,0x00000000eab00000,0x00000000ee900000)
  from space 5120K, 0% used [0x00000000ee900000,0x00000000ee900000,0x00000000eee00000)
  to   space 9728K, 0% used [0x00000000f3080000,0x00000000f3080000,0x00000000f3a00000)
 ParOldGen       total 57856K, used 7240K [0x00000000c0000000, 0x00000000c3880000, 0x00000000eab00000)
  object space 57856K, 12% used [0x00000000c0000000,0x00000000c0712290,0x00000000c3880000)
 Metaspace       used 20755K, capacity 21114K, committed 21296K, reserved 1067008K
  class space    used 2767K, capacity 2885K, committed 2944K, reserved 1048576K
}
Event: 3,663 GC heap before
{Heap before GC invocations=7 (full 1):
 PSYoungGen      total 68608K, used 63488K [0x00000000eab00000, 0x00000000f3a00000, 0x0000000100000000)
  eden space 63488K, 100% used [0x00000000eab00000,0x00000000ee900000,0x00000000ee900000)
  from space 5120K, 0% used [0x00000000ee900000,0x00000000ee900000,0x00000000eee00000)
  to   space 9728K, 0% used [0x00000000f3080000,0x00000000f3080000,0x00000000f3a00000)
 ParOldGen       total 57856K, used 7240K [0x00000000c0000000, 0x00000000c3880000, 0x00000000eab00000)
  object space 57856K, 12% used [0x00000000c0000000,0x00000000c0712290,0x00000000c3880000)
 Metaspace       used 26441K, capacity 26834K, committed 27136K, reserved 1073152K
  class space    used 3580K, capacity 3722K, committed 3840K, reserved 1048576K
Event: 3,680 GC heap after
Heap after GC invocations=7 (full 1):
 PSYoungGen      total 102912K, used 6961K [0x00000000eab00000, 0x00000000f3780000, 0x0000000100000000)
  eden space 95744K, 0% used [0x00000000eab00000,0x00000000eab00000,0x00000000f0880000)
  from space 7168K, 97% used [0x00000000f3080000,0x00000000f374c550,0x00000000f3780000)
  to   space 9216K, 0% used [0x00000000f2580000,0x00000000f2580000,0x00000000f2e80000)
 ParOldGen       total 57856K, used 7248K [0x00000000c0000000, 0x00000000c3880000, 0x00000000eab00000)
  object space 57856K, 12% used [0x00000000c0000000,0x00000000c0714290,0x00000000c3880000)
 Metaspace       used 26441K, capacity 26834K, committed 27136K, reserved 1073152K
  class space    used 3580K, capacity 3722K, committed 3840K, reserved 1048576K
}
Event: 5,146 GC heap before
{Heap before GC invocations=8 (full 1):
 PSYoungGen      total 102912K, used 102705K [0x00000000eab00000, 0x00000000f3780000, 0x0000000100000000)
  eden space 95744K, 100% used [0x00000000eab00000,0x00000000f0880000,0x00000000f0880000)
  from space 7168K, 97% used [0x00000000f3080000,0x00000000f374c550,0x00000000f3780000)
  to   space 9216K, 0% used [0x00000000f2580000,0x00000000f2580000,0x00000000f2e80000)
 ParOldGen       total 57856K, used 7248K [0x00000000c0000000, 0x00000000c3880000, 0x00000000eab00000)
  object space 57856K, 12% used [0x00000000c0000000,0x00000000c0714290,0x00000000c3880000)
 Metaspace       used 32313K, capacity 32892K, committed 33024K, reserved 1077248K
  class space    used 4403K, capacity 4606K, committed 4608K, reserved 1048576K
Event: 5,168 GC heap after
Heap after GC invocations=8 (full 1):
 PSYoungGen      total 134656K, used 9206K [0x00000000eab00000, 0x00000000f4b00000, 0x0000000100000000)
  eden space 125440K, 0% used [0x00000000eab00000,0x00000000eab00000,0x00000000f2580000)
  from space 9216K, 99% used [0x00000000f2580000,0x00000000f2e7d888,0x00000000f2e80000)
  to   space 11776K, 0% used [0x00000000f3f80000,0x00000000f3f80000,0x00000000f4b00000)
 ParOldGen       total 57856K, used 10042K [0x00000000c0000000, 0x00000000c3880000, 0x00000000eab00000)
  object space 57856K, 17% used [0x00000000c0000000,0x00000000c09ce980,0x00000000c3880000)
 Metaspace       used 32313K, capacity 32892K, committed 33024K, reserved 1077248K
  class space    used 4403K, capacity 4606K, committed 4608K, reserved 1048576K
}
Event: 5,915 GC heap before
{Heap before GC invocations=9 (full 1):
 PSYoungGen      total 134656K, used 83781K [0x00000000eab00000, 0x00000000f4b00000, 0x0000000100000000)
  eden space 125440K, 59% used [0x00000000eab00000,0x00000000ef3d3ec0,0x00000000f2580000)
  from space 9216K, 99% used [0x00000000f2580000,0x00000000f2e7d888,0x00000000f2e80000)
  to   space 11776K, 0% used [0x00000000f3f80000,0x00000000f3f80000,0x00000000f4b00000)
 ParOldGen       total 57856K, used 10042K [0x00000000c0000000, 0x00000000c3880000, 0x00000000eab00000)
  object space 57856K, 17% used [0x00000000c0000000,0x00000000c09ce980,0x00000000c3880000)
 Metaspace       used 34924K, capacity 35398K, committed 35456K, reserved 1079296K
  class space    used 4806K, capacity 4962K, committed 4992K, reserved 1048576K
Event: 5,966 GC heap after
Heap after GC invocations=9 (full 1):
 PSYoungGen      total 150016K, used 11764K [0x00000000eab00000, 0x00000000f8100000, 0x0000000100000000)
  eden space 138240K, 0% used [0x00000000eab00000,0x00000000eab00000,0x00000000f3200000)
  from space 11776K, 99% used [0x00000000f3f80000,0x00000000f4afd030,0x00000000f4b00000)
  to   space 13824K, 0% used [0x00000000f3200000,0x00000000f3200000,0x00000000f3f80000)
 ParOldGen       total 57856K, used 11756K [0x00000000c0000000, 0x00000000c3880000, 0x00000000eab00000)
  object space 57856K, 20% used [0x00000000c0000000,0x00000000c0b7b040,0x00000000c3880000)
 Metaspace       used 34924K, capacity 35398K, committed 35456K, reserved 1079296K
  class space    used 4806K, capacity 4962K, committed 4992K, reserved 1048576K
}
Event: 5,966 GC heap before
{Heap before GC invocations=10 (full 2):
 PSYoungGen      total 150016K, used 11764K [0x00000000eab00000, 0x00000000f8100000, 0x0000000100000000)
  eden space 138240K, 0% used [0x00000000eab00000,0x00000000eab00000,0x00000000f3200000)
  from space 11776K, 99% used [0x00000000f3f80000,0x00000000f4afd030,0x00000000f4b00000)
  to   space 13824K, 0% used [0x00000000f3200000,0x00000000f3200000,0x00000000f3f80000)
 ParOldGen       total 57856K, used 11756K [0x00000000c0000000, 0x00000000c3880000, 0x00000000eab00000)
  object space 57856K, 20% used [0x00000000c0000000,0x00000000c0b7b040,0x00000000c3880000)
 Metaspace       used 34924K, capacity 35398K, committed 35456K, reserved 1079296K
  class space    used 4806K, capacity 4962K, committed 4992K, reserved 1048576K
Event: 6,106 GC heap after
Heap after GC invocations=10 (full 2):
 PSYoungGen      total 150016K, used 0K [0x00000000eab00000, 0x00000000f8100000, 0x0000000100000000)
  eden space 138240K, 0% used [0x00000000eab00000,0x00000000eab00000,0x00000000f3200000)
  from space 11776K, 0% used [0x00000000f3f80000,0x00000000f3f80000,0x00000000f4b00000)
  to   space 13824K, 0% used [0x00000000f3200000,0x00000000f3200000,0x00000000f3f80000)
 ParOldGen       total 94208K, used 19942K [0x00000000c0000000, 0x00000000c5c00000, 0x00000000eab00000)
  object space 94208K, 21% used [0x00000000c0000000,0x00000000c13799b8,0x00000000c5c00000)
 Metaspace       used 34924K, capacity 35398K, committed 35456K, reserved 1079296K
  class space    used 4806K, capacity 4962K, committed 4992K, reserved 1048576K
}
Event: 8,971 GC heap before
{Heap before GC invocations=11 (full 2):
 PSYoungGen      total 150016K, used 138240K [0x00000000eab00000, 0x00000000f8100000, 0x0000000100000000)
  eden space 138240K, 100% used [0x00000000eab00000,0x00000000f3200000,0x00000000f3200000)
  from space 11776K, 0% used [0x00000000f3f80000,0x00000000f3f80000,0x00000000f4b00000)
  to   space 13824K, 0% used [0x00000000f3200000,0x00000000f3200000,0x00000000f3f80000)
 ParOldGen       total 94208K, used 19942K [0x00000000c0000000, 0x00000000c5c00000, 0x00000000eab00000)
  object space 94208K, 21% used [0x00000000c0000000,0x00000000c13799b8,0x00000000c5c00000)
 Metaspace       used 46271K, capacity 47458K, committed 47872K, reserved 1089536K
  class space    used 6709K, capacity 7081K, committed 7168K, reserved 1048576K
Event: 9,013 GC heap after
Heap after GC invocations=11 (full 2):
 PSYoungGen      total 152064K, used 13819K [0x00000000eab00000, 0x00000000f7b80000, 0x0000000100000000)
  eden space 138240K, 0% used [0x00000000eab00000,0x00000000eab00000,0x00000000f3200000)
  from space 13824K, 99% used [0x00000000f3200000,0x00000000f3f7ee40,0x00000000f3f80000)
  to   space 18432K, 0% used [0x00000000f6980000,0x00000000f6980000,0x00000000f7b80000)
 ParOldGen       total 94208K, used 26901K [0x00000000c0000000, 0x00000000c5c00000, 0x00000000eab00000)
  object space 94208K, 28% used [0x00000000c0000000,0x00000000c1a45468,0x00000000c5c00000)
 Metaspace       used 46271K, capacity 47458K, committed 47872K, reserved 1089536K
  class space    used 6709K, capacity 7081K, committed 7168K, reserved 1048576K
}
Event: 10,581 GC heap before
{Heap before GC invocations=12 (full 2):
 PSYoungGen      total 152064K, used 94234K [0x00000000eab00000, 0x00000000f7b80000, 0x0000000100000000)
  eden space 138240K, 58% used [0x00000000eab00000,0x00000000ef987cb0,0x00000000f3200000)
  from space 13824K, 99% used [0x00000000f3200000,0x00000000f3f7ee40,0x00000000f3f80000)
  to   space 18432K, 0% used [0x00000000f6980000,0x00000000f6980000,0x00000000f7b80000)
 ParOldGen       total 94208K, used 26901K [0x00000000c0000000, 0x00000000c5c00000, 0x00000000eab00000)
  object space 94208K, 28% used [0x00000000c0000000,0x00000000c1a45468,0x00000000c5c00000)
 Metaspace       used 57484K, capacity 58754K, committed 59096K, reserved 1099776K
  class space    used 9239K, capacity 9625K, committed 9688K, reserved 1048576K
Event: 10,626 GC heap after
Heap after GC invocations=12 (full 2):
 PSYoungGen      total 189440K, used 18420K [0x00000000eab00000, 0x00000000f8600000, 0x0000000100000000)
  eden space 171008K, 0% used [0x00000000eab00000,0x00000000eab00000,0x00000000f5200000)
  from space 18432K, 99% used [0x00000000f6980000,0x00000000f7b7d110,0x00000000f7b80000)
  to   space 24064K, 0% used [0x00000000f5200000,0x00000000f5200000,0x00000000f6980000)
 ParOldGen       total 94208K, used 34844K [0x00000000c0000000, 0x00000000c5c00000, 0x00000000eab00000)
  object space 94208K, 36% used [0x00000000c0000000,0x00000000c22073e0,0x00000000c5c00000)
 Metaspace       used 57484K, capacity 58754K, committed 59096K, reserved 1099776K
  class space    used 9239K, capacity 9625K, committed 9688K, reserved 1048576K
}
Event: 10,626 GC heap before
{Heap before GC invocations=13 (full 3):
 PSYoungGen      total 189440K, used 18420K [0x00000000eab00000, 0x00000000f8600000, 0x0000000100000000)
  eden space 171008K, 0% used [0x00000000eab00000,0x00000000eab00000,0x00000000f5200000)
  from space 18432K, 99% used [0x00000000f6980000,0x00000000f7b7d110,0x00000000f7b80000)
  to   space 24064K, 0% used [0x00000000f5200000,0x00000000f5200000,0x00000000f6980000)
 ParOldGen       total 94208K, used 34844K [0x00000000c0000000, 0x00000000c5c00000, 0x00000000eab00000)
  object space 94208K, 36% used [0x00000000c0000000,0x00000000c22073e0,0x00000000c5c00000)
 Metaspace       used 57484K, capacity 58754K, committed 59096K, reserved 1099776K
  class space    used 9239K, capacity 9625K, committed 9688K, reserved 1048576K
Event: 10,879 GC heap after
Heap after GC invocations=13 (full 3):
 PSYoungGen      total 189440K, used 0K [0x00000000eab00000, 0x00000000f8600000, 0x0000000100000000)
  eden space 171008K, 0% used [0x00000000eab00000,0x00000000eab00000,0x00000000f5200000)
  from space 18432K, 0% used [0x00000000f6980000,0x00000000f6980000,0x00000000f7b80000)
  to   space 24064K, 0% used [0x00000000f5200000,0x00000000f5200000,0x00000000f6980000)
 ParOldGen       total 146944K, used 43959K [0x00000000c0000000, 0x00000000c8f80000, 0x00000000eab00000)
  object space 146944K, 29% used [0x00000000c0000000,0x00000000c2aedec8,0x00000000c8f80000)
 Metaspace       used 57484K, capacity 58754K, committed 59096K, reserved 1099776K
  class space    used 9239K, capacity 9625K, committed 9688K, reserved 1048576K
}
Event: 25,489 GC heap before
{Heap before GC invocations=14 (full 3):
 PSYoungGen      total 189440K, used 171008K [0x00000000eab00000, 0x00000000f8600000, 0x0000000100000000)
  eden space 171008K, 100% used [0x00000000eab00000,0x00000000f5200000,0x00000000f5200000)
  from space 18432K, 0% used [0x00000000f6980000,0x00000000f6980000,0x00000000f7b80000)
  to   space 24064K, 0% used [0x00000000f5200000,0x00000000f5200000,0x00000000f6980000)
 ParOldGen       total 146944K, used 43959K [0x00000000c0000000, 0x00000000c8f80000, 0x00000000eab00000)
  object space 146944K, 29% used [0x00000000c0000000,0x00000000c2aedec8,0x00000000c8f80000)
 Metaspace       used 64478K, capacity 65950K, committed 66392K, reserved 1105920K
  class space    used 10117K, capacity 10579K, committed 10584K, reserved 1048576K
Event: 25,567 GC heap after
Heap after GC invocations=14 (full 3):
 PSYoungGen      total 195072K, used 23309K [0x00000000eab00000, 0x00000000fac00000, 0x0000000100000000)
  eden space 171008K, 0% used [0x00000000eab00000,0x00000000eab00000,0x00000000f5200000)
  from space 24064K, 96% used [0x00000000f5200000,0x00000000f68c35f0,0x00000000f6980000)
  to   space 27136K, 0% used [0x00000000f9180000,0x00000000f9180000,0x00000000fac00000)
 ParOldGen       total 146944K, used 43967K [0x00000000c0000000, 0x00000000c8f80000, 0x00000000eab00000)
  object space 146944K, 29% used [0x00000000c0000000,0x00000000c2aefec8,0x00000000c8f80000)
 Metaspace       used 64478K, capacity 65950K, committed 66392K, reserved 1105920K
  class space    used 10117K, capacity 10579K, committed 10584K, reserved 1048576K
}
Event: 27,670 GC heap before
{Heap before GC invocations=15 (full 3):
 PSYoungGen      total 195072K, used 194317K [0x00000000eab00000, 0x00000000fac00000, 0x0000000100000000)
  eden space 171008K, 100% used [0x00000000eab00000,0x00000000f5200000,0x00000000f5200000)
  from space 24064K, 96% used [0x00000000f5200000,0x00000000f68c35f0,0x00000000f6980000)
  to   space 27136K, 0% used [0x00000000f9180000,0x00000000f9180000,0x00000000fac00000)
 ParOldGen       total 146944K, used 43967K [0x00000000c0000000, 0x00000000c8f80000, 0x00000000eab00000)
  object space 146944K, 29% used [0x00000000c0000000,0x00000000c2aefec8,0x00000000c8f80000)
 Metaspace       used 67486K, capacity 69088K, committed 69464K, reserved 1107968K
  class space    used 10835K, capacity 11284K, committed 11352K, reserved 1048576K
Event: 27,731 GC heap after
Heap after GC invocations=15 (full 3):
 PSYoungGen      total 229376K, used 27114K [0x00000000eab00000, 0x00000000fb980000, 0x0000000100000000)
  eden space 202240K, 0% used [0x00000000eab00000,0x00000000eab00000,0x00000000f7080000)
  from space 27136K, 99% used [0x00000000f9180000,0x00000000fabfa8a8,0x00000000fac00000)
  to   space 33792K, 0% used [0x00000000f7080000,0x00000000f7080000,0x00000000f9180000)
 ParOldGen       total 146944K, used 50310K [0x00000000c0000000, 0x00000000c8f80000, 0x00000000eab00000)
  object space 146944K, 34% used [0x00000000c0000000,0x00000000c31218a8,0x00000000c8f80000)
 Metaspace       used 67486K, capacity 69088K, committed 69464K, reserved 1107968K
  class space    used 10835K, capacity 11284K, committed 11352K, reserved 1048576K
}
Event: 29,706 GC heap before
{Heap before GC invocations=16 (full 3):
 PSYoungGen      total 229376K, used 229354K [0x00000000eab00000, 0x00000000fb980000, 0x0000000100000000)
  eden space 202240K, 100% used [0x00000000eab00000,0x00000000f7080000,0x00000000f7080000)
  from space 27136K, 99% used [0x00000000f9180000,0x00000000fabfa8a8,0x00000000fac00000)
  to   space 33792K, 0% used [0x00000000f7080000,0x00000000f7080000,0x00000000f9180000)
 ParOldGen       total 146944K, used 50310K [0x00000000c0000000, 0x00000000c8f80000, 0x00000000eab00000)
  object space 146944K, 34% used [0x00000000c0000000,0x00000000c31218a8,0x00000000c8f80000)
 Metaspace       used 72617K, capacity 74184K, committed 74712K, reserved 1112064K
  class space    used 11890K, capacity 12383K, committed 12504K, reserved 1048576K
Event: 29,779 GC heap after
Heap after GC invocations=16 (full 3):
 PSYoungGen      total 236032K, used 21873K [0x00000000eab00000, 0x00000000fe280000, 0x0000000100000000)
  eden space 202240K, 0% used [0x00000000eab00000,0x00000000eab00000,0x00000000f7080000)
  from space 33792K, 64% used [0x00000000f7080000,0x00000000f85dc740,0x00000000f9180000)
  to   space 34304K, 0% used [0x00000000fc100000,0x00000000fc100000,0x00000000fe280000)
 ParOldGen       total 146944K, used 66262K [0x00000000c0000000, 0x00000000c8f80000, 0x00000000eab00000)
  object space 146944K, 45% used [0x00000000c0000000,0x00000000c40b5b68,0x00000000c8f80000)
 Metaspace       used 72617K, capacity 74184K, committed 74712K, reserved 1112064K
  class space    used 11890K, capacity 12383K, committed 12504K, reserved 1048576K
}
Event: 31,349 GC heap before
{Heap before GC invocations=17 (full 3):
 PSYoungGen      total 236032K, used 224113K [0x00000000eab00000, 0x00000000fe280000, 0x0000000100000000)
  eden space 202240K, 100% used [0x00000000eab00000,0x00000000f7080000,0x00000000f7080000)
  from space 33792K, 64% used [0x00000000f7080000,0x00000000f85dc740,0x00000000f9180000)
  to   space 34304K, 0% used [0x00000000fc100000,0x00000000fc100000,0x00000000fe280000)
 ParOldGen       total 146944K, used 66262K [0x00000000c0000000, 0x00000000c8f80000, 0x00000000eab00000)
  object space 146944K, 45% used [0x00000000c0000000,0x00000000c40b5b68,0x00000000c8f80000)
 Metaspace       used 73731K, capacity 75250K, committed 75608K, reserved 1112064K
  class space    used 12138K, capacity 12608K, committed 12632K, reserved 1048576K
Event: 31,416 GC heap after
Heap after GC invocations=17 (full 3):
 PSYoungGen      total 281088K, used 30164K [0x00000000eab00000, 0x00000000fec80000, 0x0000000100000000)
  eden space 246784K, 0% used [0x00000000eab00000,0x00000000eab00000,0x00000000f9c00000)
  from space 34304K, 87% used [0x00000000fc100000,0x00000000fde75278,0x00000000fe280000)
  to   space 37888K, 0% used [0x00000000f9c00000,0x00000000f9c00000,0x00000000fc100000)
 ParOldGen       total 146944K, used 66270K [0x00000000c0000000, 0x00000000c8f80000, 0x00000000eab00000)
  object space 146944K, 45% used [0x00000000c0000000,0x00000000c40b7b68,0x00000000c8f80000)
 Metaspace       used 73731K, capacity 75250K, committed 75608K, reserved 1112064K
  class space    used 12138K, capacity 12608K, committed 12632K, reserved 1048576K
}
Event: 34,590 GC heap before
{Heap before GC invocations=18 (full 3):
 PSYoungGen      total 281088K, used 276948K [0x00000000eab00000, 0x00000000fec80000, 0x0000000100000000)
  eden space 246784K, 100% used [0x00000000eab00000,0x00000000f9c00000,0x00000000f9c00000)
  from space 34304K, 87% used [0x00000000fc100000,0x00000000fde75278,0x00000000fe280000)
  to   space 37888K, 0% used [0x00000000f9c00000,0x00000000f9c00000,0x00000000fc100000)
 ParOldGen       total 146944K, used 66270K [0x00000000c0000000, 0x00000000c8f80000, 0x00000000eab00000)
  object space 146944K, 45% used [0x00000000c0000000,0x00000000c40b7b68,0x00000000c8f80000)
 Metaspace       used 75052K, capacity 76608K, committed 77272K, reserved 1114112K
  class space    used 12207K, capacity 12677K, committed 12760K, reserved 1048576K
Event: 34,691 GC heap after
Heap after GC invocations=18 (full 3):
 PSYoungGen      total 284672K, used 37878K [0x00000000eab00000, 0x0000000100000000, 0x0000000100000000)
  eden space 246784K, 0% used [0x00000000eab00000,0x00000000eab00000,0x00000000f9c00000)
  from space 37888K, 99% used [0x00000000f9c00000,0x00000000fc0fd8e0,0x00000000fc100000)
  to   space 51712K, 0% used [0x00000000fcd80000,0x00000000fcd80000,0x0000000100000000)
 ParOldGen       total 146944K, used 87385K [0x00000000c0000000, 0x00000000c8f80000, 0x00000000eab00000)
  object space 146944K, 59% used [0x00000000c0000000,0x00000000c5556538,0x00000000c8f80000)
 Metaspace       used 75052K, capacity 76608K, committed 77272K, reserved 1114112K
  class space    used 12207K, capacity 12677K, committed 12760K, reserved 1048576K
}
Event: 37,933 GC heap before
{Heap before GC invocations=19 (full 3):
 PSYoungGen      total 284672K, used 284662K [0x00000000eab00000, 0x0000000100000000, 0x0000000100000000)
  eden space 246784K, 100% used [0x00000000eab00000,0x00000000f9c00000,0x00000000f9c00000)
  from space 37888K, 99% used [0x00000000f9c00000,0x00000000fc0fd8e0,0x00000000fc100000)
  to   space 51712K, 0% used [0x00000000fcd80000,0x00000000fcd80000,0x0000000100000000)
 ParOldGen       total 146944K, used 87385K [0x00000000c0000000, 0x00000000c8f80000, 0x00000000eab00000)
  object space 146944K, 59% used [0x00000000c0000000,0x00000000c5556538,0x00000000c8f80000)
 Metaspace       used 75339K, capacity 76912K, committed 77528K, reserved 1114112K
  class space    used 12215K, capacity 12711K, committed 12760K, reserved 1048576K
Event: 38,056 GC heap after
Heap after GC invocations=19 (full 3):
 PSYoungGen      total 281088K, used 51660K [0x00000000eab00000, 0x0000000100000000, 0x0000000100000000)
  eden space 229376K, 0% used [0x00000000eab00000,0x00000000eab00000,0x00000000f8b00000)
  from space 51712K, 99% used [0x00000000fcd80000,0x00000000ffff3168,0x0000000100000000)
  to   space 59904K, 0% used [0x00000000f8b00000,0x00000000f8b00000,0x00000000fc580000)
 ParOldGen       total 146944K, used 100325K [0x00000000c0000000, 0x00000000c8f80000, 0x00000000eab00000)
  object space 146944K, 68% used [0x00000000c0000000,0x00000000c61f9648,0x00000000c8f80000)
 Metaspace       used 75339K, capacity 76912K, committed 77528K, reserved 1114112K
  class space    used 12215K, capacity 12711K, committed 12760K, reserved 1048576K
}
Event: 38,689 GC heap before
{Heap before GC invocations=20 (full 3):
 PSYoungGen      total 281088K, used 281036K [0x00000000eab00000, 0x0000000100000000, 0x0000000100000000)
  eden space 229376K, 100% used [0x00000000eab00000,0x00000000f8b00000,0x00000000f8b00000)
  from space 51712K, 99% used [0x00000000fcd80000,0x00000000ffff3168,0x0000000100000000)
  to   space 59904K, 0% used [0x00000000f8b00000,0x00000000f8b00000,0x00000000fc580000)
 ParOldGen       total 146944K, used 100325K [0x00000000c0000000, 0x00000000c8f80000, 0x00000000eab00000)
  object space 146944K, 68% used [0x00000000c0000000,0x00000000c61f9648,0x00000000c8f80000)
 Metaspace       used 75346K, capacity 76912K, committed 77528K, reserved 1114112K
  class space    used 12215K, capacity 12711K, committed 12760K, reserved 1048576K
Event: 38,726 GC heap after
Heap after GC invocations=20 (full 3):
 PSYoungGen      total 281088K, used 51500K [0x00000000eab00000, 0x0000000100000000, 0x0000000100000000)
  eden space 229376K, 0% used [0x00000000eab00000,0x00000000eab00000,0x00000000f8b00000)
  from space 51712K, 99% used [0x00000000f8b00000,0x00000000fbd4b168,0x00000000fbd80000)
  to   space 66560K, 0% used [0x00000000fbf00000,0x00000000fbf00000,0x0000000100000000)
 ParOldGen       total 146944K, used 100325K [0x00000000c0000000, 0x00000000c8f80000, 0x00000000eab00000)
  object space 146944K, 68% used [0x00000000c0000000,0x00000000c61f9648,0x00000000c8f80000)
 Metaspace       used 75346K, capacity 76912K, committed 77528K, reserved 1114112K
  class space    used 12215K, capacity 12711K, committed 12760K, reserved 1048576K
}
Event: 39,311 GC heap before
{Heap before GC invocations=21 (full 3):
 PSYoungGen      total 281088K, used 280876K [0x00000000eab00000, 0x0000000100000000, 0x0000000100000000)
  eden space 229376K, 100% used [0x00000000eab00000,0x00000000f8b00000,0x00000000f8b00000)
  from space 51712K, 99% used [0x00000000f8b00000,0x00000000fbd4b168,0x00000000fbd80000)
  to   space 66560K, 0% used [0x00000000fbf00000,0x00000000fbf00000,0x0000000100000000)
 ParOldGen       total 146944K, used 100325K [0x00000000c0000000, 0x00000000c8f80000, 0x00000000eab00000)
  object space 146944K, 68% used [0x00000000c0000000,0x00000000c61f9648,0x00000000c8f80000)
 Metaspace       used 75346K, capacity 76912K, committed 77528K, reserved 1114112K
  class space    used 12215K, capacity 12711K, committed 12760K, reserved 1048576K
Event: 39,347 GC heap after
Heap after GC invocations=21 (full 3):
 PSYoungGen      total 272384K, used 51564K [0x00000000eab00000, 0x0000000100000000, 0x0000000100000000)
  eden space 205824K, 0% used [0x00000000eab00000,0x00000000eab00000,0x00000000f7400000)
  from space 66560K, 77% used [0x00000000fbf00000,0x00000000ff15b168,0x0000000100000000)
  to   space 71680K, 0% used [0x00000000f7400000,0x00000000f7400000,0x00000000fba00000)
 ParOldGen       total 146944K, used 100325K [0x00000000c0000000, 0x00000000c8f80000, 0x00000000eab00000)
  object space 146944K, 68% used [0x00000000c0000000,0x00000000c61f9648,0x00000000c8f80000)
 Metaspace       used 75346K, capacity 76912K, committed 77528K, reserved 1114112K
  class space    used 12215K, capacity 12711K, committed 12760K, reserved 1048576K
}
Event: 39,879 GC heap before
{Heap before GC invocations=22 (full 3):
 PSYoungGen      total 272384K, used 257388K [0x00000000eab00000, 0x0000000100000000, 0x0000000100000000)
  eden space 205824K, 100% used [0x00000000eab00000,0x00000000f7400000,0x00000000f7400000)
  from space 66560K, 77% used [0x00000000fbf00000,0x00000000ff15b168,0x0000000100000000)
  to   space 71680K, 0% used [0x00000000f7400000,0x00000000f7400000,0x00000000fba00000)
 ParOldGen       total 146944K, used 100325K [0x00000000c0000000, 0x00000000c8f80000, 0x00000000eab00000)
  object space 146944K, 68% used [0x00000000c0000000,0x00000000c61f9648,0x00000000c8f80000)
 Metaspace       used 75346K, capacity 76912K, committed 77528K, reserved 1114112K
  class space    used 12215K, capacity 12711K, committed 12760K, reserved 1048576K
Event: 39,944 GC heap after
Heap after GC invocations=22 (full 3):
 PSYoungGen      total 249344K, used 43052K [0x00000000eab00000, 0x0000000100000000, 0x0000000100000000)
  eden space 205824K, 0% used [0x00000000eab00000,0x00000000eab00000,0x00000000f7400000)
  from space 43520K, 98% used [0x00000000f7400000,0x00000000f9e0b158,0x00000000f9e80000)
  to   space 72704K, 0% used [0x00000000fb900000,0x00000000fb900000,0x0000000100000000)
 ParOldGen       total 146944K, used 108877K [0x00000000c0000000, 0x00000000c8f80000, 0x00000000eab00000)
  object space 146944K, 74% used [0x00000000c0000000,0x00000000c6a536b8,0x00000000c8f80000)
 Metaspace       used 75346K, capacity 76912K, committed 77528K, reserved 1114112K
  class space    used 12215K, capacity 12711K, committed 12760K, reserved 1048576K
}
Event: 41,594 GC heap before
{Heap before GC invocations=23 (full 3):
 PSYoungGen      total 249344K, used 248876K [0x00000000eab00000, 0x0000000100000000, 0x0000000100000000)
  eden space 205824K, 100% used [0x00000000eab00000,0x00000000f7400000,0x00000000f7400000)
  from space 43520K, 98% used [0x00000000f7400000,0x00000000f9e0b158,0x00000000f9e80000)
  to   space 72704K, 0% used [0x00000000fb900000,0x00000000fb900000,0x0000000100000000)
 ParOldGen       total 146944K, used 108877K [0x00000000c0000000, 0x00000000c8f80000, 0x00000000eab00000)
  object space 146944K, 74% used [0x00000000c0000000,0x00000000c6a536b8,0x00000000c8f80000)
 Metaspace       used 75388K, capacity 76918K, committed 77528K, reserved 1114112K
  class space    used 12216K, capacity 12712K, committed 12760K, reserved 1048576K
Event: 41,658 GC heap after
Heap after GC invocations=23 (full 3):
 PSYoungGen      total 279040K, used 22370K [0x00000000eab00000, 0x0000000100000000, 0x0000000100000000)
  eden space 206336K, 0% used [0x00000000eab00000,0x00000000eab00000,0x00000000f7480000)
  from space 72704K, 30% used [0x00000000fb900000,0x00000000fced8bb8,0x0000000100000000)
  to   space 70144K, 0% used [0x00000000f7480000,0x00000000f7480000,0x00000000fb900000)
 ParOldGen       total 146944K, used 140264K [0x00000000c0000000, 0x00000000c8f80000, 0x00000000eab00000)
  object space 146944K, 95% used [0x00000000c0000000,0x00000000c88fa1d8,0x00000000c8f80000)
 Metaspace       used 75388K, capacity 76918K, committed 77528K, reserved 1114112K
  class space    used 12216K, capacity 12712K, committed 12760K, reserved 1048576K
}
Event: 41,658 GC heap before
{Heap before GC invocations=24 (full 4):
 PSYoungGen      total 279040K, used 22370K [0x00000000eab00000, 0x0000000100000000, 0x0000000100000000)
  eden space 206336K, 0% used [0x00000000eab00000,0x00000000eab00000,0x00000000f7480000)
  from space 72704K, 30% used [0x00000000fb900000,0x00000000fced8bb8,0x0000000100000000)
  to   space 70144K, 0% used [0x00000000f7480000,0x00000000f7480000,0x00000000fb900000)
 ParOldGen       total 146944K, used 140264K [0x00000000c0000000, 0x00000000c8f80000, 0x00000000eab00000)
  object space 146944K, 95% used [0x00000000c0000000,0x00000000c88fa1d8,0x00000000c8f80000)
 Metaspace       used 75388K, capacity 76918K, committed 77528K, reserved 1114112K
  class space    used 12216K, capacity 12712K, committed 12760K, reserved 1048576K
Event: 42,381 GC heap after
Heap after GC invocations=24 (full 4):
 PSYoungGen      total 279040K, used 0K [0x00000000eab00000, 0x0000000100000000, 0x0000000100000000)
  eden space 206336K, 0% used [0x00000000eab00000,0x00000000eab00000,0x00000000f7480000)
  from space 72704K, 0% used [0x00000000fb900000,0x00000000fb900000,0x0000000100000000)
  to   space 70144K, 0% used [0x00000000f7480000,0x00000000f7480000,0x00000000fb900000)
 ParOldGen       total 293376K, used 146917K [0x00000000c0000000, 0x00000000d1e80000, 0x00000000eab00000)
  object space 293376K, 50% used [0x00000000c0000000,0x00000000c8f79470,0x00000000d1e80000)
 Metaspace       used 75388K, capacity 76918K, committed 77528K, reserved 1114112K
  class space    used 12216K, capacity 12712K, committed 12760K, reserved 1048576K
}
Event: 44,683 GC heap before
{Heap before GC invocations=25 (full 4):
 PSYoungGen      total 279040K, used 206336K [0x00000000eab00000, 0x0000000100000000, 0x0000000100000000)
  eden space 206336K, 100% used [0x00000000eab00000,0x00000000f7480000,0x00000000f7480000)
  from space 72704K, 0% used [0x00000000fb900000,0x00000000fb900000,0x0000000100000000)
  to   space 70144K, 0% used [0x00000000f7480000,0x00000000f7480000,0x00000000fb900000)
 ParOldGen       total 293376K, used 146917K [0x00000000c0000000, 0x00000000d1e80000, 0x00000000eab00000)
  object space 293376K, 50% used [0x00000000c0000000,0x00000000c8f79470,0x00000000d1e80000)
 Metaspace       used 75436K, capacity 76986K, committed 77528K, reserved 1114112K
  class space    used 12219K, capacity 12712K, committed 12760K, reserved 1048576K
Event: 44,691 GC heap after
Heap after GC invocations=25 (full 4):
 PSYoungGen      total 276480K, used 5934K [0x00000000eab00000, 0x00000000ffd80000, 0x0000000100000000)
  eden space 206336K, 0% used [0x00000000eab00000,0x00000000eab00000,0x00000000f7480000)
  from space 70144K, 8% used [0x00000000f7480000,0x00000000f7a4ba00,0x00000000fb900000)
  to   space 70144K, 0% used [0x00000000fb900000,0x00000000fb900000,0x00000000ffd80000)
 ParOldGen       total 293376K, used 146925K [0x00000000c0000000, 0x00000000d1e80000, 0x00000000eab00000)
  object space 293376K, 50% used [0x00000000c0000000,0x00000000c8f7b470,0x00000000d1e80000)
 Metaspace       used 75436K, capacity 76986K, committed 77528K, reserved 1114112K
  class space    used 12219K, capacity 12712K, committed 12760K, reserved 1048576K
}
Event: 165,749 GC heap before
{Heap before GC invocations=26 (full 4):
 PSYoungGen      total 276480K, used 212270K [0x00000000eab00000, 0x00000000ffd80000, 0x0000000100000000)
  eden space 206336K, 100% used [0x00000000eab00000,0x00000000f7480000,0x00000000f7480000)
  from space 70144K, 8% used [0x00000000f7480000,0x00000000f7a4ba00,0x00000000fb900000)
  to   space 70144K, 0% used [0x00000000fb900000,0x00000000fb900000,0x00000000ffd80000)
 ParOldGen       total 293376K, used 146925K [0x00000000c0000000, 0x00000000d1e80000, 0x00000000eab00000)
  object space 293376K, 50% used [0x00000000c0000000,0x00000000c8f7b470,0x00000000d1e80000)
 Metaspace       used 96978K, capacity 98900K, committed 99160K, reserved 1132544K
  class space    used 16453K, capacity 16950K, committed 16984K, reserved 1048576K
Event: 165,820 GC heap after
Heap after GC invocations=26 (full 4):
 PSYoungGen      total 276992K, used 34152K [0x00000000eab00000, 0x00000000ffc00000, 0x0000000100000000)
  eden space 208384K, 0% used [0x00000000eab00000,0x00000000eab00000,0x00000000f7680000)
  from space 68608K, 49% used [0x00000000fb900000,0x00000000fda5a268,0x00000000ffc00000)
  to   space 68096K, 0% used [0x00000000f7680000,0x00000000f7680000,0x00000000fb900000)
 ParOldGen       total 293376K, used 146933K [0x00000000c0000000, 0x00000000d1e80000, 0x00000000eab00000)
  object space 293376K, 50% used [0x00000000c0000000,0x00000000c8f7d470,0x00000000d1e80000)
 Metaspace       used 96978K, capacity 98900K, committed 99160K, reserved 1132544K
  class space    used 16453K, capacity 16950K, committed 16984K, reserved 1048576K
}
Event: 168,873 GC heap before
{Heap before GC invocations=27 (full 4):
 PSYoungGen      total 276992K, used 242536K [0x00000000eab00000, 0x00000000ffc00000, 0x0000000100000000)
  eden space 208384K, 100% used [0x00000000eab00000,0x00000000f7680000,0x00000000f7680000)
  from space 68608K, 49% used [0x00000000fb900000,0x00000000fda5a268,0x00000000ffc00000)
  to   space 68096K, 0% used [0x00000000f7680000,0x00000000f7680000,0x00000000fb900000)
 ParOldGen       total 293376K, used 146933K [0x00000000c0000000, 0x00000000d1e80000, 0x00000000eab00000)
  object space 293376K, 50% used [0x00000000c0000000,0x00000000c8f7d470,0x00000000d1e80000)
 Metaspace       used 99974K, capacity 102048K, committed 102232K, reserved 1134592K
  class space    used 16844K, capacity 17393K, committed 17496K, reserved 1048576K
Event: 168,935 GC heap after
Heap after GC invocations=27 (full 4):
 PSYoungGen      total 276480K, used 38513K [0x00000000eab00000, 0x00000000fff80000, 0x0000000100000000)
  eden space 208384K, 0% used [0x00000000eab00000,0x00000000eab00000,0x00000000f7680000)
  from space 68096K, 56% used [0x00000000f7680000,0x00000000f9c1c4d0,0x00000000fb900000)
  to   space 68096K, 0% used [0x00000000fbd00000,0x00000000fbd00000,0x00000000fff80000)
 ParOldGen       total 293376K, used 146941K [0x00000000c0000000, 0x00000000d1e80000, 0x00000000eab00000)
  object space 293376K, 50% used [0x00000000c0000000,0x00000000c8f7f470,0x00000000d1e80000)
 Metaspace       used 99974K, capacity 102048K, committed 102232K, reserved 1134592K
  class space    used 16844K, capacity 17393K, committed 17496K, reserved 1048576K
}
Event: 170,963 GC heap before
{Heap before GC invocations=28 (full 4):
 PSYoungGen      total 276480K, used 246897K [0x00000000eab00000, 0x00000000fff80000, 0x0000000100000000)
  eden space 208384K, 100% used [0x00000000eab00000,0x00000000f7680000,0x00000000f7680000)
  from space 68096K, 56% used [0x00000000f7680000,0x00000000f9c1c4d0,0x00000000fb900000)
  to   space 68096K, 0% used [0x00000000fbd00000,0x00000000fbd00000,0x00000000fff80000)
 ParOldGen       total 293376K, used 146941K [0x00000000c0000000, 0x00000000d1e80000, 0x00000000eab00000)
  object space 293376K, 50% used [0x00000000c0000000,0x00000000c8f7f470,0x00000000d1e80000)
 Metaspace       used 105955K, capacity 108062K, committed 108248K, reserved 1138688K
  class space    used 18340K, capacity 18903K, committed 18904K, reserved 1048576K
Event: 171,026 GC heap after
Heap after GC invocations=28 (full 4):
 PSYoungGen      total 271872K, used 52391K [0x00000000eab00000, 0x0000000100000000, 0x0000000100000000)
  eden space 203776K, 0% used [0x00000000eab00000,0x00000000eab00000,0x00000000f7200000)
  from space 68096K, 76% used [0x00000000fbd00000,0x00000000ff029cf8,0x00000000fff80000)
  to   space 72704K, 0% used [0x00000000f7200000,0x00000000f7200000,0x00000000fb900000)
 ParOldGen       total 293376K, used 146949K [0x00000000c0000000, 0x00000000d1e80000, 0x00000000eab00000)
  object space 293376K, 50% used [0x00000000c0000000,0x00000000c8f81470,0x00000000d1e80000)
 Metaspace       used 105955K, capacity 108062K, committed 108248K, reserved 1138688K
  class space    used 18340K, capacity 18903K, committed 18904K, reserved 1048576K
}
Event: 171,988 GC heap before
{Heap before GC invocations=29 (full 4):
 PSYoungGen      total 271872K, used 256167K [0x00000000eab00000, 0x0000000100000000, 0x0000000100000000)
  eden space 203776K, 100% used [0x00000000eab00000,0x00000000f7200000,0x00000000f7200000)
  from space 68096K, 76% used [0x00000000fbd00000,0x00000000ff029cf8,0x00000000fff80000)
  to   space 72704K, 0% used [0x00000000f7200000,0x00000000f7200000,0x00000000fb900000)
 ParOldGen       total 293376K, used 146949K [0x00000000c0000000, 0x00000000d1e80000, 0x00000000eab00000)
  object space 293376K, 50% used [0x00000000c0000000,0x00000000c8f81470,0x00000000d1e80000)
 Metaspace       used 106749K, capacity 108834K, committed 109016K, reserved 1138688K
  class space    used 18541K, capacity 19095K, committed 19160K, reserved 1048576K
Event: 172,053 GC heap after
Heap after GC invocations=29 (full 4):
 PSYoungGen      total 258048K, used 53767K [0x00000000eab00000, 0x0000000100000000, 0x0000000100000000)
  eden space 203776K, 0% used [0x00000000eab00000,0x00000000eab00000,0x00000000f7200000)
  from space 54272K, 99% used [0x00000000f7200000,0x00000000fa681fa8,0x00000000fa700000)
  to   space 76800K, 0% used [0x00000000fb500000,0x00000000fb500000,0x0000000100000000)
 ParOldGen       total 293376K, used 146957K [0x00000000c0000000, 0x00000000d1e80000, 0x00000000eab00000)
  object space 293376K, 50% used [0x00000000c0000000,0x00000000c8f83470,0x00000000d1e80000)
 Metaspace       used 106749K, capacity 108834K, committed 109016K, reserved 1138688K
  class space    used 18541K, capacity 19095K, committed 19160K, reserved 1048576K
}
Event: 174,442 GC heap before
{Heap before GC invocations=30 (full 4):
 PSYoungGen      total 258048K, used 257543K [0x00000000eab00000, 0x0000000100000000, 0x0000000100000000)
  eden space 203776K, 100% used [0x00000000eab00000,0x00000000f7200000,0x00000000f7200000)
  from space 54272K, 99% used [0x00000000f7200000,0x00000000fa681fa8,0x00000000fa700000)
  to   space 76800K, 0% used [0x00000000fb500000,0x00000000fb500000,0x0000000100000000)
 ParOldGen       total 293376K, used 146957K [0x00000000c0000000, 0x00000000d1e80000, 0x00000000eab00000)
  object space 293376K, 50% used [0x00000000c0000000,0x00000000c8f83470,0x00000000d1e80000)
 Metaspace       used 108060K, capacity 110162K, committed 110424K, reserved 1140736K
  class space    used 18648K, capacity 19195K, committed 19288K, reserved 1048576K
Event: 174,535 GC heap after
Heap after GC invocations=30 (full 4):
 PSYoungGen      total 248832K, used 76121K [0x00000000eab00000, 0x0000000100000000, 0x0000000100000000)
  eden space 172032K, 0% used [0x00000000eab00000,0x00000000eab00000,0x00000000f5300000)
  from space 76800K, 99% used [0x00000000fb500000,0x00000000fff56478,0x0000000100000000)
  to   space 88576K, 0% used [0x00000000f5300000,0x00000000f5300000,0x00000000fa980000)
 ParOldGen       total 293376K, used 146957K [0x00000000c0000000, 0x00000000d1e80000, 0x00000000eab00000)
  object space 293376K, 50% used [0x00000000c0000000,0x00000000c8f83470,0x00000000d1e80000)
 Metaspace       used 108060K, capacity 110162K, committed 110424K, reserved 1140736K
  class space    used 18648K, capacity 19195K, committed 19288K, reserved 1048576K
}
Event: 176,657 GC heap before
{Heap before GC invocations=31 (full 4):
 PSYoungGen      total 248832K, used 248153K [0x00000000eab00000, 0x0000000100000000, 0x0000000100000000)
  eden space 172032K, 100% used [0x00000000eab00000,0x00000000f5300000,0x00000000f5300000)
  from space 76800K, 99% used [0x00000000fb500000,0x00000000fff56478,0x0000000100000000)
  to   space 88576K, 0% used [0x00000000f5300000,0x00000000f5300000,0x00000000fa980000)
 ParOldGen       total 293376K, used 146957K [0x00000000c0000000, 0x00000000d1e80000, 0x00000000eab00000)
  object space 293376K, 50% used [0x00000000c0000000,0x00000000c8f83470,0x00000000d1e80000)
 Metaspace       used 108269K, capacity 110370K, committed 110680K, reserved 1140736K
  class space    used 18651K, capacity 19197K, committed 19288K, reserved 1048576K
Event: 176,807 GC heap after
Heap after GC invocations=31 (full 4):
 PSYoungGen      total 252928K, used 80607K [0x00000000eab00000, 0x0000000100000000, 0x0000000100000000)
  eden space 172032K, 0% used [0x00000000eab00000,0x00000000eab00000,0x00000000f5300000)
  from space 80896K, 99% used [0x00000000f5300000,0x00000000fa1b7fa8,0x00000000fa200000)
  to   space 96256K, 0% used [0x00000000fa200000,0x00000000fa200000,0x0000000100000000)
 ParOldGen       total 293376K, used 152615K [0x00000000c0000000, 0x00000000d1e80000, 0x00000000eab00000)
  object space 293376K, 52% used [0x00000000c0000000,0x00000000c9509f10,0x00000000d1e80000)
 Metaspace       used 108269K, capacity 110370K, committed 110680K, reserved 1140736K
  class space    used 18651K, capacity 19197K, committed 19288K, reserved 1048576K
}
Event: 178,576 GC heap before
{Heap before GC invocations=32 (full 4):
 PSYoungGen      total 252928K, used 252639K [0x00000000eab00000, 0x0000000100000000, 0x0000000100000000)
  eden space 172032K, 100% used [0x00000000eab00000,0x00000000f5300000,0x00000000f5300000)
  from space 80896K, 99% used [0x00000000f5300000,0x00000000fa1b7fa8,0x00000000fa200000)
  to   space 96256K, 0% used [0x00000000fa200000,0x00000000fa200000,0x0000000100000000)
 ParOldGen       total 293376K, used 152615K [0x00000000c0000000, 0x00000000d1e80000, 0x00000000eab00000)
  object space 293376K, 52% used [0x00000000c0000000,0x00000000c9509f10,0x00000000d1e80000)
 Metaspace       used 108422K, capacity 110532K, committed 110936K, reserved 1140736K
  class space    used 18657K, capacity 19230K, committed 19288K, reserved 1048576K
Event: 178,684 GC heap after
Heap after GC invocations=32 (full 4):
 PSYoungGen      total 230400K, used 79424K [0x00000000eab00000, 0x0000000100000000, 0x0000000100000000)
  eden space 134144K, 0% used [0x00000000eab00000,0x00000000eab00000,0x00000000f2e00000)
  from space 96256K, 82% used [0x00000000fa200000,0x00000000fef90108,0x0000000100000000)
  to   space 107520K, 0% used [0x00000000f2e00000,0x00000000f2e00000,0x00000000f9700000)
 ParOldGen       total 293376K, used 177663K [0x00000000c0000000, 0x00000000d1e80000, 0x00000000eab00000)
  object space 293376K, 60% used [0x00000000c0000000,0x00000000cad7fc68,0x00000000d1e80000)
 Metaspace       used 108422K, capacity 110532K, committed 110936K, reserved 1140736K
  class space    used 18657K, capacity 19230K, committed 19288K, reserved 1048576K
}
Event: 179,104 GC heap before
{Heap before GC invocations=33 (full 4):
 PSYoungGen      total 230400K, used 213568K [0x00000000eab00000, 0x0000000100000000, 0x0000000100000000)
  eden space 134144K, 100% used [0x00000000eab00000,0x00000000f2e00000,0x00000000f2e00000)
  from space 96256K, 82% used [0x00000000fa200000,0x00000000fef90108,0x0000000100000000)
  to   space 107520K, 0% used [0x00000000f2e00000,0x00000000f2e00000,0x00000000f9700000)
 ParOldGen       total 293376K, used 177663K [0x00000000c0000000, 0x00000000d1e80000, 0x00000000eab00000)
  object space 293376K, 60% used [0x00000000c0000000,0x00000000cad7fc68,0x00000000d1e80000)
 Metaspace       used 108429K, capacity 110532K, committed 110936K, reserved 1140736K
  class space    used 18657K, capacity 19230K, committed 19288K, reserved 1048576K
Event: 179,178 GC heap after
Heap after GC invocations=33 (full 4):
 PSYoungGen      total 241664K, used 61395K [0x00000000eab00000, 0x0000000100000000, 0x0000000100000000)
  eden space 134144K, 0% used [0x00000000eab00000,0x00000000eab00000,0x00000000f2e00000)
  from space 107520K, 57% used [0x00000000f2e00000,0x00000000f69f4dc8,0x00000000f9700000)
  to   space 107008K, 0% used [0x00000000f9780000,0x00000000f9780000,0x0000000100000000)
 ParOldGen       total 293376K, used 195595K [0x00000000c0000000, 0x00000000d1e80000, 0x00000000eab00000)
  object space 293376K, 66% used [0x00000000c0000000,0x00000000cbf02f78,0x00000000d1e80000)
 Metaspace       used 108429K, capacity 110532K, committed 110936K, reserved 1140736K
  class space    used 18657K, capacity 19230K, committed 19288K, reserved 1048576K
}
Event: 179,587 GC heap before
{Heap before GC invocations=34 (full 4):
 PSYoungGen      total 241664K, used 195539K [0x00000000eab00000, 0x0000000100000000, 0x0000000100000000)
  eden space 134144K, 100% used [0x00000000eab00000,0x00000000f2e00000,0x00000000f2e00000)
  from space 107520K, 57% used [0x00000000f2e00000,0x00000000f69f4dc8,0x00000000f9700000)
  to   space 107008K, 0% used [0x00000000f9780000,0x00000000f9780000,0x0000000100000000)
 ParOldGen       total 293376K, used 195595K [0x00000000c0000000, 0x00000000d1e80000, 0x00000000eab00000)
  object space 293376K, 66% used [0x00000000c0000000,0x00000000cbf02f78,0x00000000d1e80000)
 Metaspace       used 108429K, capacity 110532K, committed 110936K, reserved 1140736K
  class space    used 18657K, capacity 19230K, committed 19288K, reserved 1048576K
Event: 179,663 GC heap after
Heap after GC invocations=34 (full 4):
 PSYoungGen      total 237056K, used 24102K [0x00000000eab00000, 0x00000000ffb80000, 0x0000000100000000)
  eden space 134656K, 0% used [0x00000000eab00000,0x00000000eab00000,0x00000000f2e80000)
  from space 102400K, 23% used [0x00000000f9780000,0x00000000faf09908,0x00000000ffb80000)
  to   space 104960K, 0% used [0x00000000f2e80000,0x00000000f2e80000,0x00000000f9500000)
 ParOldGen       total 293376K, used 233046K [0x00000000c0000000, 0x00000000d1e80000, 0x00000000eab00000)
  object space 293376K, 79% used [0x00000000c0000000,0x00000000ce395bb0,0x00000000d1e80000)
 Metaspace       used 108429K, capacity 110532K, committed 110936K, reserved 1140736K
  class space    used 18657K, capacity 19230K, committed 19288K, reserved 1048576K
}
Event: 180,105 GC heap before
{Heap before GC invocations=35 (full 4):
 PSYoungGen      total 237056K, used 158758K [0x00000000eab00000, 0x00000000ffb80000, 0x0000000100000000)
  eden space 134656K, 100% used [0x00000000eab00000,0x00000000f2e80000,0x00000000f2e80000)
  from space 102400K, 23% used [0x00000000f9780000,0x00000000faf09908,0x00000000ffb80000)
  to   space 104960K, 0% used [0x00000000f2e80000,0x00000000f2e80000,0x00000000f9500000)
 ParOldGen       total 293376K, used 233046K [0x00000000c0000000, 0x00000000d1e80000, 0x00000000eab00000)
  object space 293376K, 79% used [0x00000000c0000000,0x00000000ce395bb0,0x00000000d1e80000)
 Metaspace       used 108429K, capacity 110532K, committed 110936K, reserved 1140736K
  class space    used 18657K, capacity 19230K, committed 19288K, reserved 1048576K
Event: 180,172 GC heap after
Heap after GC invocations=35 (full 4):
 PSYoungGen      total 239616K, used 160K [0x00000000eab00000, 0x0000000100000000, 0x0000000100000000)
  eden space 134656K, 0% used [0x00000000eab00000,0x00000000eab00000,0x00000000f2e80000)
  from space 104960K, 0% used [0x00000000f2e80000,0x00000000f2ea8000,0x00000000f9500000)
  to   space 106496K, 0% used [0x00000000f9800000,0x00000000f9800000,0x0000000100000000)
 ParOldGen       total 293376K, used 268271K [0x00000000c0000000, 0x00000000d1e80000, 0x00000000eab00000)
  object space 293376K, 91% used [0x00000000c0000000,0x00000000d05fbcf8,0x00000000d1e80000)
 Metaspace       used 108429K, capacity 110532K, committed 110936K, reserved 1140736K
  class space    used 18657K, capacity 19230K, committed 19288K, reserved 1048576K
}
Event: 180,172 GC heap before
{Heap before GC invocations=36 (full 5):
 PSYoungGen      total 239616K, used 160K [0x00000000eab00000, 0x0000000100000000, 0x0000000100000000)
  eden space 134656K, 0% used [0x00000000eab00000,0x00000000eab00000,0x00000000f2e80000)
  from space 104960K, 0% used [0x00000000f2e80000,0x00000000f2ea8000,0x00000000f9500000)
  to   space 106496K, 0% used [0x00000000f9800000,0x00000000f9800000,0x0000000100000000)
 ParOldGen       total 293376K, used 268271K [0x00000000c0000000, 0x00000000d1e80000, 0x00000000eab00000)
  object space 293376K, 91% used [0x00000000c0000000,0x00000000d05fbcf8,0x00000000d1e80000)
 Metaspace       used 108429K, capacity 110532K, committed 110936K, reserved 1140736K
  class space    used 18657K, capacity 19230K, committed 19288K, reserved 1048576K
Event: 181,423 GC heap after
Heap after GC invocations=36 (full 5):
 PSYoungGen      total 239616K, used 0K [0x00000000eab00000, 0x0000000100000000, 0x0000000100000000)
  eden space 134656K, 0% used [0x00000000eab00000,0x00000000eab00000,0x00000000f2e80000)
  from space 104960K, 0% used [0x00000000f2e80000,0x00000000f2e80000,0x00000000f9500000)
  to   space 106496K, 0% used [0x00000000f9800000,0x00000000f9800000,0x0000000100000000)
 ParOldGen       total 372736K, used 197499K [0x00000000c0000000, 0x00000000d6c00000, 0x00000000eab00000)
  object space 372736K, 52% used [0x00000000c0000000,0x00000000cc0decb0,0x00000000d6c00000)
 Metaspace       used 108429K, capacity 110532K, committed 110936K, reserved 1140736K
  class space    used 18657K, capacity 19230K, committed 19288K, reserved 1048576K
}
Event: 181,830 GC heap before
{Heap before GC invocations=37 (full 5):
 PSYoungGen      total 239616K, used 134656K [0x00000000eab00000, 0x0000000100000000, 0x0000000100000000)
  eden space 134656K, 100% used [0x00000000eab00000,0x00000000f2e80000,0x00000000f2e80000)
  from space 104960K, 0% used [0x00000000f2e80000,0x00000000f2e80000,0x00000000f9500000)
  to   space 106496K, 0% used [0x00000000f9800000,0x00000000f9800000,0x0000000100000000)
 ParOldGen       total 372736K, used 197499K [0x00000000c0000000, 0x00000000d6c00000, 0x00000000eab00000)
  object space 372736K, 52% used [0x00000000c0000000,0x00000000cc0decb0,0x00000000d6c00000)
 Metaspace       used 108435K, capacity 110532K, committed 110936K, reserved 1140736K
  class space    used 18658K, capacity 19230K, committed 19288K, reserved 1048576K
Event: 181,834 GC heap after
Heap after GC invocations=37 (full 5):
 PSYoungGen      total 241664K, used 160K [0x00000000eab00000, 0x0000000100000000, 0x0000000100000000)
  eden space 135168K, 0% used [0x00000000eab00000,0x00000000eab00000,0x00000000f2f00000)
  from space 106496K, 0% used [0x00000000f9800000,0x00000000f9828000,0x0000000100000000)
  to   space 107008K, 0% used [0x00000000f2f00000,0x00000000f2f00000,0x00000000f9780000)
 ParOldGen       total 372736K, used 197499K [0x00000000c0000000, 0x00000000d6c00000, 0x00000000eab00000)
  object space 372736K, 52% used [0x00000000c0000000,0x00000000cc0decb0,0x00000000d6c00000)
 Metaspace       used 108435K, capacity 110532K, committed 110936K, reserved 1140736K
  class space    used 18658K, capacity 19230K, committed 19288K, reserved 1048576K
}
Event: 182,255 GC heap before
{Heap before GC invocations=38 (full 5):
 PSYoungGen      total 241664K, used 135328K [0x00000000eab00000, 0x0000000100000000, 0x0000000100000000)
  eden space 135168K, 100% used [0x00000000eab00000,0x00000000f2f00000,0x00000000f2f00000)
  from space 106496K, 0% used [0x00000000f9800000,0x00000000f9828000,0x0000000100000000)
  to   space 107008K, 0% used [0x00000000f2f00000,0x00000000f2f00000,0x00000000f9780000)
 ParOldGen       total 372736K, used 197499K [0x00000000c0000000, 0x00000000d6c00000, 0x00000000eab00000)
  object space 372736K, 52% used [0x00000000c0000000,0x00000000cc0decb0,0x00000000d6c00000)
 Metaspace       used 108435K, capacity 110532K, committed 110936K, reserved 1140736K
  class space    used 18658K, capacity 19230K, committed 19288K, reserved 1048576K
Event: 182,259 GC heap after
Heap after GC invocations=38 (full 5):
 PSYoungGen      total 135680K, used 64K [0x00000000eab00000, 0x00000000ffe80000, 0x0000000100000000)
  eden space 135168K, 0% used [0x00000000eab00000,0x00000000eab00000,0x00000000f2f00000)
  from space 512K, 12% used [0x00000000f2f00000,0x00000000f2f10000,0x00000000f2f80000)
  to   space 105984K, 0% used [0x00000000f9700000,0x00000000f9700000,0x00000000ffe80000)
 ParOldGen       total 372736K, used 197523K [0x00000000c0000000, 0x00000000d6c00000, 0x00000000eab00000)
  object space 372736K, 52% used [0x00000000c0000000,0x00000000cc0e4cb0,0x00000000d6c00000)
 Metaspace       used 108435K, capacity 110532K, committed 110936K, reserved 1140736K
  class space    used 18658K, capacity 19230K, committed 19288K, reserved 1048576K
}
Event: 183,069 GC heap before
{Heap before GC invocations=39 (full 5):
 PSYoungGen      total 135680K, used 135232K [0x00000000eab00000, 0x00000000ffe80000, 0x0000000100000000)
  eden space 135168K, 100% used [0x00000000eab00000,0x00000000f2f00000,0x00000000f2f00000)
  from space 512K, 12% used [0x00000000f2f00000,0x00000000f2f10000,0x00000000f2f80000)
  to   space 105984K, 0% used [0x00000000f9700000,0x00000000f9700000,0x00000000ffe80000)
 ParOldGen       total 372736K, used 197523K [0x00000000c0000000, 0x00000000d6c00000, 0x00000000eab00000)
  object space 372736K, 52% used [0x00000000c0000000,0x00000000cc0e4cb0,0x00000000d6c00000)
 Metaspace       used 108456K, capacity 110602K, committed 110936K, reserved 1140736K
  class space    used 18658K, capacity 19231K, committed 19288K, reserved 1048576K
Event: 183,090 GC heap after
Heap after GC invocations=39 (full 5):
 PSYoungGen      total 246784K, used 21730K [0x00000000eab00000, 0x0000000100000000, 0x0000000100000000)
  eden space 140800K, 0% used [0x00000000eab00000,0x00000000eab00000,0x00000000f3480000)
  from space 105984K, 20% used [0x00000000f9700000,0x00000000fac38bb8,0x00000000ffe80000)
  to   space 100864K, 0% used [0x00000000f3480000,0x00000000f3480000,0x00000000f9700000)
 ParOldGen       total 372736K, used 197523K [0x00000000c0000000, 0x00000000d6c00000, 0x00000000eab00000)
  object space 372736K, 52% used [0x00000000c0000000,0x00000000cc0e4cb0,0x00000000d6c00000)
 Metaspace       used 108456K, capacity 110602K, committed 110936K, reserved 1140736K
  class space    used 18658K, capacity 19231K, committed 19288K, reserved 1048576K
}
Event: 184,731 GC heap before
{Heap before GC invocations=40 (full 5):
 PSYoungGen      total 246784K, used 162530K [0x00000000eab00000, 0x0000000100000000, 0x0000000100000000)
  eden space 140800K, 100% used [0x00000000eab00000,0x00000000f3480000,0x00000000f3480000)
  from space 105984K, 20% used [0x00000000f9700000,0x00000000fac38bb8,0x00000000ffe80000)
  to   space 100864K, 0% used [0x00000000f3480000,0x00000000f3480000,0x00000000f9700000)
 ParOldGen       total 372736K, used 197523K [0x00000000c0000000, 0x00000000d6c00000, 0x00000000eab00000)
  object space 372736K, 52% used [0x00000000c0000000,0x00000000cc0e4cb0,0x00000000d6c00000)
 Metaspace       used 108494K, capacity 110634K, committed 110936K, reserved 1140736K
  class space    used 18660K, capacity 19263K, committed 19288K, reserved 1048576K
Event: 184,743 GC heap after
Heap after GC invocations=40 (full 5):
 PSYoungGen      total 146432K, used 5518K [0x00000000eab00000, 0x00000000ff600000, 0x0000000100000000)
  eden space 140800K, 0% used [0x00000000eab00000,0x00000000eab00000,0x00000000f3480000)
  from space 5632K, 97% used [0x00000000f3480000,0x00000000f39e3a10,0x00000000f3a00000)
  to   space 98304K, 0% used [0x00000000f9600000,0x00000000f9600000,0x00000000ff600000)
 ParOldGen       total 372736K, used 219132K [0x00000000c0000000, 0x00000000d6c00000, 0x00000000eab00000)
  object space 372736K, 58% used [0x00000000c0000000,0x00000000cd5ff038,0x00000000d6c00000)
 Metaspace       used 108494K, capacity 110634K, committed 110936K, reserved 1140736K
  class space    used 18660K, capacity 19263K, committed 19288K, reserved 1048576K
}
Event: 186,794 GC heap before
{Heap before GC invocations=41 (full 5):
 PSYoungGen      total 146432K, used 146318K [0x00000000eab00000, 0x00000000ff600000, 0x0000000100000000)
  eden space 140800K, 100% used [0x00000000eab00000,0x00000000f3480000,0x00000000f3480000)
  from space 5632K, 97% used [0x00000000f3480000,0x00000000f39e3a10,0x00000000f3a00000)
  to   space 98304K, 0% used [0x00000000f9600000,0x00000000f9600000,0x00000000ff600000)
 ParOldGen       total 372736K, used 219132K [0x00000000c0000000, 0x00000000d6c00000, 0x00000000eab00000)
  object space 372736K, 58% used [0x00000000c0000000,0x00000000cd5ff038,0x00000000d6c00000)
 Metaspace       used 108645K, capacity 110766K, committed 110936K, reserved 1140736K
  class space    used 18667K, capacity 19263K, committed 19288K, reserved 1048576K
Event: 186,806 GC heap after
Heap after GC invocations=41 (full 5):
 PSYoungGen      total 243200K, used 2842K [0x00000000eab00000, 0x0000000100000000, 0x0000000100000000)
  eden space 144896K, 0% used [0x00000000eab00000,0x00000000eab00000,0x00000000f3880000)
  from space 98304K, 2% used [0x00000000f9600000,0x00000000f98c6928,0x00000000ff600000)
  to   space 95744K, 0% used [0x00000000f3880000,0x00000000f3880000,0x00000000f9600000)
 ParOldGen       total 372736K, used 224370K [0x00000000c0000000, 0x00000000d6c00000, 0x00000000eab00000)
  object space 372736K, 60% used [0x00000000c0000000,0x00000000cdb1c880,0x00000000d6c00000)
 Metaspace       used 108645K, capacity 110766K, committed 110936K, reserved 1140736K
  class space    used 18667K, capacity 19263K, committed 19288K, reserved 1048576K
}
Event: 651,200 GC heap before
{Heap before GC invocations=42 (full 5):
 PSYoungGen      total 243200K, used 147738K [0x00000000eab00000, 0x0000000100000000, 0x0000000100000000)
  eden space 144896K, 100% used [0x00000000eab00000,0x00000000f3880000,0x00000000f3880000)
  from space 98304K, 2% used [0x00000000f9600000,0x00000000f98c6928,0x00000000ff600000)
  to   space 95744K, 0% used [0x00000000f3880000,0x00000000f3880000,0x00000000f9600000)
 ParOldGen       total 372736K, used 224370K [0x00000000c0000000, 0x00000000d6c00000, 0x00000000eab00000)
  object space 372736K, 60% used [0x00000000c0000000,0x00000000cdb1c880,0x00000000d6c00000)
 Metaspace       used 125991K, capacity 128162K, committed 128472K, reserved 1155072K
  class space    used 22332K, capacity 22949K, committed 23000K, reserved 1048576K
Event: 651,230 GC heap after
Heap after GC invocations=42 (full 5):
 PSYoungGen      total 240640K, used 19549K [0x00000000eab00000, 0x00000000ff280000, 0x0000000100000000)
  eden space 144896K, 0% used [0x00000000eab00000,0x00000000eab00000,0x00000000f3880000)
  from space 95744K, 20% used [0x00000000f3880000,0x00000000f4b977d0,0x00000000f9600000)
  to   space 90112K, 0% used [0x00000000f9a80000,0x00000000f9a80000,0x00000000ff280000)
 ParOldGen       total 372736K, used 227064K [0x00000000c0000000, 0x00000000d6c00000, 0x00000000eab00000)
  object space 372736K, 60% used [0x00000000c0000000,0x00000000cddbe3e0,0x00000000d6c00000)
 Metaspace       used 125991K, capacity 128162K, committed 128472K, reserved 1155072K
  class space    used 22332K, capacity 22949K, committed 23000K, reserved 1048576K
}
Event: 663,770 GC heap before
{Heap before GC invocations=43 (full 5):
 PSYoungGen      total 240640K, used 164445K [0x00000000eab00000, 0x00000000ff280000, 0x0000000100000000)
  eden space 144896K, 100% used [0x00000000eab00000,0x00000000f3880000,0x00000000f3880000)
  from space 95744K, 20% used [0x00000000f3880000,0x00000000f4b977d0,0x00000000f9600000)
  to   space 90112K, 0% used [0x00000000f9a80000,0x00000000f9a80000,0x00000000ff280000)
 ParOldGen       total 372736K, used 227064K [0x00000000c0000000, 0x00000000d6c00000, 0x00000000eab00000)
  object space 372736K, 60% used [0x00000000c0000000,0x00000000cddbe3e0,0x00000000d6c00000)
 Metaspace       used 131823K, capacity 134138K, committed 134360K, reserved 1159168K
  class space    used 23058K, capacity 23714K, committed 23768K, reserved 1048576K
Event: 663,803 GC heap after
Heap after GC invocations=43 (full 5):
 PSYoungGen      total 240128K, used 26106K [0x00000000eab00000, 0x00000000fea00000, 0x0000000100000000)
  eden space 158720K, 0% used [0x00000000eab00000,0x00000000eab00000,0x00000000f4600000)
  from space 81408K, 32% used [0x00000000f9a80000,0x00000000fb3feb58,0x00000000fea00000)
  to   space 83968K, 0% used [0x00000000f4600000,0x00000000f4600000,0x00000000f9800000)
 ParOldGen       total 372736K, used 227064K [0x00000000c0000000, 0x00000000d6c00000, 0x00000000eab00000)
  object space 372736K, 60% used [0x00000000c0000000,0x00000000cddbe3e0,0x00000000d6c00000)
 Metaspace       used 131823K, capacity 134138K, committed 134360K, reserved 1159168K
  class space    used 23058K, capacity 23714K, committed 23768K, reserved 1048576K
}
Event: 665,519 GC heap before
{Heap before GC invocations=44 (full 5):
 PSYoungGen      total 240128K, used 184826K [0x00000000eab00000, 0x00000000fea00000, 0x0000000100000000)
  eden space 158720K, 100% used [0x00000000eab00000,0x00000000f4600000,0x00000000f4600000)
  from space 81408K, 32% used [0x00000000f9a80000,0x00000000fb3feb58,0x00000000fea00000)
  to   space 83968K, 0% used [0x00000000f4600000,0x00000000f4600000,0x00000000f9800000)
 ParOldGen       total 372736K, used 227064K [0x00000000c0000000, 0x00000000d6c00000, 0x00000000eab00000)
  object space 372736K, 60% used [0x00000000c0000000,0x00000000cddbe3e0,0x00000000d6c00000)
 Metaspace       used 133678K, capacity 136092K, committed 136280K, reserved 1161216K
  class space    used 23469K, capacity 24131K, committed 24152K, reserved 1048576K
Event: 665,564 GC heap after
Heap after GC invocations=44 (full 5):
 PSYoungGen      total 242688K, used 33085K [0x00000000eab00000, 0x00000000ff400000, 0x0000000100000000)
  eden space 158720K, 0% used [0x00000000eab00000,0x00000000eab00000,0x00000000f4600000)
  from space 83968K, 39% used [0x00000000f4600000,0x00000000f664f428,0x00000000f9800000)
  to   space 80896K, 0% used [0x00000000fa500000,0x00000000fa500000,0x00000000ff400000)
 ParOldGen       total 372736K, used 227072K [0x00000000c0000000, 0x00000000d6c00000, 0x00000000eab00000)
  object space 372736K, 60% used [0x00000000c0000000,0x00000000cddc03e0,0x00000000d6c00000)
 Metaspace       used 133678K, capacity 136092K, committed 136280K, reserved 1161216K
  class space    used 23469K, capacity 24131K, committed 24152K, reserved 1048576K
}
Event: 667,016 GC heap before
{Heap before GC invocations=45 (full 5):
 PSYoungGen      total 242688K, used 191805K [0x00000000eab00000, 0x00000000ff400000, 0x0000000100000000)
  eden space 158720K, 100% used [0x00000000eab00000,0x00000000f4600000,0x00000000f4600000)
  from space 83968K, 39% used [0x00000000f4600000,0x00000000f664f428,0x00000000f9800000)
  to   space 80896K, 0% used [0x00000000fa500000,0x00000000fa500000,0x00000000ff400000)
 ParOldGen       total 372736K, used 227072K [0x00000000c0000000, 0x00000000d6c00000, 0x00000000eab00000)
  object space 372736K, 60% used [0x00000000c0000000,0x00000000cddc03e0,0x00000000d6c00000)
 Metaspace       used 138704K, capacity 141076K, committed 141400K, reserved 1165312K
  class space    used 24718K, capacity 25384K, committed 25432K, reserved 1048576K
Event: 667,088 GC heap after
Heap after GC invocations=45 (full 5):
 PSYoungGen      total 254976K, used 44020K [0x00000000eab00000, 0x00000000ff880000, 0x0000000100000000)
  eden space 174080K, 0% used [0x00000000eab00000,0x00000000eab00000,0x00000000f5500000)
  from space 80896K, 54% used [0x00000000fa500000,0x00000000fcffd020,0x00000000ff400000)
  to   space 81920K, 0% used [0x00000000f5500000,0x00000000f5500000,0x00000000fa500000)
 ParOldGen       total 372736K, used 227072K [0x00000000c0000000, 0x00000000d6c00000, 0x00000000eab00000)
  object space 372736K, 60% used [0x00000000c0000000,0x00000000cddc03e0,0x00000000d6c00000)
 Metaspace       used 138704K, capacity 141076K, committed 141400K, reserved 1165312K
  class space    used 24718K, capacity 25384K, committed 25432K, reserved 1048576K
}
Event: 667,850 GC heap before
{Heap before GC invocations=46 (full 5):
 PSYoungGen      total 254976K, used 218100K [0x00000000eab00000, 0x00000000ff880000, 0x0000000100000000)
  eden space 174080K, 100% used [0x00000000eab00000,0x00000000f5500000,0x00000000f5500000)
  from space 80896K, 54% used [0x00000000fa500000,0x00000000fcffd020,0x00000000ff400000)
  to   space 81920K, 0% used [0x00000000f5500000,0x00000000f5500000,0x00000000fa500000)
 ParOldGen       total 372736K, used 227072K [0x00000000c0000000, 0x00000000d6c00000, 0x00000000eab00000)
  object space 372736K, 60% used [0x00000000c0000000,0x00000000cddc03e0,0x00000000d6c00000)
 Metaspace       used 139219K, capacity 141656K, committed 141784K, reserved 1165312K
  class space    used 24828K, capacity 25512K, committed 25560K, reserved 1048576K
Event: 667,911 GC heap after
Heap after GC invocations=46 (full 5):
 PSYoungGen      total 256000K, used 45430K [0x00000000eab00000, 0x0000000100000000, 0x0000000100000000)
  eden space 174080K, 0% used [0x00000000eab00000,0x00000000eab00000,0x00000000f5500000)
  from space 81920K, 55% used [0x00000000f5500000,0x00000000f815db08,0x00000000fa500000)
  to   space 82944K, 0% used [0x00000000faf00000,0x00000000faf00000,0x0000000100000000)
 ParOldGen       total 372736K, used 227072K [0x00000000c0000000, 0x00000000d6c00000, 0x00000000eab00000)
  object space 372736K, 60% used [0x00000000c0000000,0x00000000cddc03e0,0x00000000d6c00000)
 Metaspace       used 139219K, capacity 141656K, committed 141784K, reserved 1165312K
  class space    used 24828K, capacity 25512K, committed 25560K, reserved 1048576K
}
Event: 669,933 GC heap before
{Heap before GC invocations=47 (full 5):
 PSYoungGen      total 256000K, used 219510K [0x00000000eab00000, 0x0000000100000000, 0x0000000100000000)
  eden space 174080K, 100% used [0x00000000eab00000,0x00000000f5500000,0x00000000f5500000)
  from space 81920K, 55% used [0x00000000f5500000,0x00000000f815db08,0x00000000fa500000)
  to   space 82944K, 0% used [0x00000000faf00000,0x00000000faf00000,0x0000000100000000)
 ParOldGen       total 372736K, used 227072K [0x00000000c0000000, 0x00000000d6c00000, 0x00000000eab00000)
  object space 372736K, 60% used [0x00000000c0000000,0x00000000cddc03e0,0x00000000d6c00000)
 Metaspace       used 140667K, capacity 143110K, committed 143448K, reserved 1167360K
  class space    used 25025K, capacity 25675K, committed 25688K, reserved 1048576K
Event: 670,010 GC heap after
Heap after GC invocations=47 (full 5):
 PSYoungGen      total 265216K, used 40763K [0x00000000eab00000, 0x00000000ffe00000, 0x0000000100000000)
  eden space 184320K, 0% used [0x00000000eab00000,0x00000000eab00000,0x00000000f5f00000)
  from space 80896K, 50% used [0x00000000faf00000,0x00000000fd6cec90,0x00000000ffe00000)
  to   space 81408K, 0% used [0x00000000f5f00000,0x00000000f5f00000,0x00000000fae80000)
 ParOldGen       total 372736K, used 245990K [0x00000000c0000000, 0x00000000d6c00000, 0x00000000eab00000)
  object space 372736K, 65% used [0x00000000c0000000,0x00000000cf0399f8,0x00000000d6c00000)
 Metaspace       used 140667K, capacity 143110K, committed 143448K, reserved 1167360K
  class space    used 25025K, capacity 25675K, committed 25688K, reserved 1048576K
}
Event: 672,053 GC heap before
{Heap before GC invocations=48 (full 5):
 PSYoungGen      total 265216K, used 225083K [0x00000000eab00000, 0x00000000ffe00000, 0x0000000100000000)
  eden space 184320K, 100% used [0x00000000eab00000,0x00000000f5f00000,0x00000000f5f00000)
  from space 80896K, 50% used [0x00000000faf00000,0x00000000fd6cec90,0x00000000ffe00000)
  to   space 81408K, 0% used [0x00000000f5f00000,0x00000000f5f00000,0x00000000fae80000)
 ParOldGen       total 372736K, used 245990K [0x00000000c0000000, 0x00000000d6c00000, 0x00000000eab00000)
  object space 372736K, 65% used [0x00000000c0000000,0x00000000cf0399f8,0x00000000d6c00000)
 Metaspace       used 140959K, capacity 143380K, committed 143704K, reserved 1167360K
  class space    used 25029K, capacity 25678K, committed 25688K, reserved 1048576K
Event: 672,119 GC heap after
Heap after GC invocations=48 (full 5):
 PSYoungGen      total 265728K, used 41805K [0x00000000eab00000, 0x00000000ffe80000, 0x0000000100000000)
  eden space 184320K, 0% used [0x00000000eab00000,0x00000000eab00000,0x00000000f5f00000)
  from space 81408K, 51% used [0x00000000f5f00000,0x00000000f87d34e0,0x00000000fae80000)
  to   space 80384K, 0% used [0x00000000fb000000,0x00000000fb000000,0x00000000ffe80000)
 ParOldGen       total 372736K, used 262995K [0x00000000c0000000, 0x00000000d6c00000, 0x00000000eab00000)
  object space 372736K, 70% used [0x00000000c0000000,0x00000000d00d4d20,0x00000000d6c00000)
 Metaspace       used 140959K, capacity 143380K, committed 143704K, reserved 1167360K
  class space    used 25029K, capacity 25678K, committed 25688K, reserved 1048576K
}
Event: 674,615 GC heap before
{Heap before GC invocations=49 (full 5):
 PSYoungGen      total 265728K, used 217333K [0x00000000eab00000, 0x00000000ffe80000, 0x0000000100000000)
  eden space 184320K, 95% used [0x00000000eab00000,0x00000000f566a270,0x00000000f5f00000)
  from space 81408K, 51% used [0x00000000f5f00000,0x00000000f87d34e0,0x00000000fae80000)
  to   space 80384K, 0% used [0x00000000fb000000,0x00000000fb000000,0x00000000ffe80000)
 ParOldGen       total 372736K, used 262995K [0x00000000c0000000, 0x00000000d6c00000, 0x00000000eab00000)
  object space 372736K, 70% used [0x00000000c0000000,0x00000000d00d4d20,0x00000000d6c00000)
 Metaspace       used 141193K, capacity 143610K, committed 144088K, reserved 1167360K
  class space    used 25035K, capacity 25711K, committed 25816K, reserved 1048576K
Event: 674,682 GC heap after
Heap after GC invocations=49 (full 5):
 PSYoungGen      total 265216K, used 41285K [0x00000000eab00000, 0x00000000ffc00000, 0x0000000100000000)
  eden space 187392K, 0% used [0x00000000eab00000,0x00000000eab00000,0x00000000f6200000)
  from space 77824K, 53% used [0x00000000fb000000,0x00000000fd8514b8,0x00000000ffc00000)
  to   space 78848K, 0% used [0x00000000f6200000,0x00000000f6200000,0x00000000faf00000)
 ParOldGen       total 372736K, used 284609K [0x00000000c0000000, 0x00000000d6c00000, 0x00000000eab00000)
  object space 372736K, 76% used [0x00000000c0000000,0x00000000d15f04c0,0x00000000d6c00000)
 Metaspace       used 141193K, capacity 143610K, committed 144088K, reserved 1167360K
  class space    used 25035K, capacity 25711K, committed 25816K, reserved 1048576K
}
Event: 675,210 GC heap before
{Heap before GC invocations=50 (full 5):
 PSYoungGen      total 265216K, used 228677K [0x00000000eab00000, 0x00000000ffc00000, 0x0000000100000000)
  eden space 187392K, 100% used [0x00000000eab00000,0x00000000f6200000,0x00000000f6200000)
  from space 77824K, 53% used [0x00000000fb000000,0x00000000fd8514b8,0x00000000ffc00000)
  to   space 78848K, 0% used [0x00000000f6200000,0x00000000f6200000,0x00000000faf00000)
 ParOldGen       total 372736K, used 284609K [0x00000000c0000000, 0x00000000d6c00000, 0x00000000eab00000)
  object space 372736K, 76% used [0x00000000c0000000,0x00000000d15f04c0,0x00000000d6c00000)
 Metaspace       used 141205K, capacity 143610K, committed 144088K, reserved 1167360K
  class space    used 25035K, capacity 25711K, committed 25816K, reserved 1048576K
Event: 675,240 GC heap after
Heap after GC invocations=50 (full 5):
 PSYoungGen      total 266240K, used 25606K [0x00000000eab00000, 0x00000000ffb00000, 0x0000000100000000)
  eden space 187392K, 0% used [0x00000000eab00000,0x00000000eab00000,0x00000000f6200000)
  from space 78848K, 32% used [0x00000000f6200000,0x00000000f7b01908,0x00000000faf00000)
  to   space 75776K, 0% used [0x00000000fb100000,0x00000000fb100000,0x00000000ffb00000)
 ParOldGen       total 372736K, used 304472K [0x00000000c0000000, 0x00000000d6c00000, 0x00000000eab00000)
  object space 372736K, 81% used [0x00000000c0000000,0x00000000d2956028,0x00000000d6c00000)
 Metaspace       used 141205K, capacity 143610K, committed 144088K, reserved 1167360K
  class space    used 25035K, capacity 25711K, committed 25816K, reserved 1048576K
}
Event: 675,757 GC heap before
{Heap before GC invocations=51 (full 5):
 PSYoungGen      total 266240K, used 212998K [0x00000000eab00000, 0x00000000ffb00000, 0x0000000100000000)
  eden space 187392K, 100% used [0x00000000eab00000,0x00000000f6200000,0x00000000f6200000)
  from space 78848K, 32% used [0x00000000f6200000,0x00000000f7b01908,0x00000000faf00000)
  to   space 75776K, 0% used [0x00000000fb100000,0x00000000fb100000,0x00000000ffb00000)
 ParOldGen       total 372736K, used 304472K [0x00000000c0000000, 0x00000000d6c00000, 0x00000000eab00000)
  object space 372736K, 81% used [0x00000000c0000000,0x00000000d2956028,0x00000000d6c00000)
 Metaspace       used 141205K, capacity 143610K, committed 144088K, reserved 1167360K
  class space    used 25035K, capacity 25711K, committed 25816K, reserved 1048576K
Event: 675,800 GC heap after
Heap after GC invocations=51 (full 5):
 PSYoungGen      total 267264K, used 128K [0x00000000eab00000, 0x00000000fff00000, 0x0000000100000000)
  eden space 191488K, 0% used [0x00000000eab00000,0x00000000eab00000,0x00000000f6600000)
  from space 75776K, 0% used [0x00000000fb100000,0x00000000fb120000,0x00000000ffb00000)
  to   space 76800K, 0% used [0x00000000f6600000,0x00000000f6600000,0x00000000fb100000)
 ParOldGen       total 372736K, used 341132K [0x00000000c0000000, 0x00000000d6c00000, 0x00000000eab00000)
  object space 372736K, 91% used [0x00000000c0000000,0x00000000d4d23278,0x00000000d6c00000)
 Metaspace       used 141205K, capacity 143610K, committed 144088K, reserved 1167360K
  class space    used 25035K, capacity 25711K, committed 25816K, reserved 1048576K
}
Event: 675,800 GC heap before
{Heap before GC invocations=52 (full 6):
 PSYoungGen      total 267264K, used 128K [0x00000000eab00000, 0x00000000fff00000, 0x0000000100000000)
  eden space 191488K, 0% used [0x00000000eab00000,0x00000000eab00000,0x00000000f6600000)
  from space 75776K, 0% used [0x00000000fb100000,0x00000000fb120000,0x00000000ffb00000)
  to   space 76800K, 0% used [0x00000000f6600000,0x00000000f6600000,0x00000000fb100000)
 ParOldGen       total 372736K, used 341132K [0x00000000c0000000, 0x00000000d6c00000, 0x00000000eab00000)
  object space 372736K, 91% used [0x00000000c0000000,0x00000000d4d23278,0x00000000d6c00000)
 Metaspace       used 141205K, capacity 143610K, committed 144088K, reserved 1167360K
  class space    used 25035K, capacity 25711K, committed 25816K, reserved 1048576K
Event: 676,715 GC heap after
Heap after GC invocations=52 (full 6):
 PSYoungGen      total 267264K, used 0K [0x00000000eab00000, 0x00000000fff00000, 0x0000000100000000)
  eden space 191488K, 0% used [0x00000000eab00000,0x00000000eab00000,0x00000000f6600000)
  from space 75776K, 0% used [0x00000000fb100000,0x00000000fb100000,0x00000000ffb00000)
  to   space 76800K, 0% used [0x00000000f6600000,0x00000000f6600000,0x00000000fb100000)
 ParOldGen       total 454144K, used 259400K [0x00000000c0000000, 0x00000000dbb80000, 0x00000000eab00000)
  object space 454144K, 57% used [0x00000000c0000000,0x00000000cfd52248,0x00000000dbb80000)
 Metaspace       used 141205K, capacity 143610K, committed 144088K, reserved 1167360K
  class space    used 25035K, capacity 25711K, committed 25816K, reserved 1048576K
}
Event: 677,282 GC heap before
{Heap before GC invocations=53 (full 6):
 PSYoungGen      total 267264K, used 191488K [0x00000000eab00000, 0x00000000fff00000, 0x0000000100000000)
  eden space 191488K, 100% used [0x00000000eab00000,0x00000000f6600000,0x00000000f6600000)
  from space 75776K, 0% used [0x00000000fb100000,0x00000000fb100000,0x00000000ffb00000)
  to   space 76800K, 0% used [0x00000000f6600000,0x00000000f6600000,0x00000000fb100000)
 ParOldGen       total 454144K, used 259400K [0x00000000c0000000, 0x00000000dbb80000, 0x00000000eab00000)
  object space 454144K, 57% used [0x00000000c0000000,0x00000000cfd52248,0x00000000dbb80000)
 Metaspace       used 141206K, capacity 143610K, committed 144088K, reserved 1167360K
  class space    used 25035K, capacity 25711K, committed 25816K, reserved 1048576K
Event: 677,287 GC heap after
Heap after GC invocations=53 (full 6):
 PSYoungGen      total 268288K, used 128K [0x00000000eab00000, 0x0000000100000000, 0x0000000100000000)
  eden space 191488K, 0% used [0x00000000eab00000,0x00000000eab00000,0x00000000f6600000)
  from space 76800K, 0% used [0x00000000f6600000,0x00000000f6620000,0x00000000fb100000)
  to   space 77312K, 0% used [0x00000000fb480000,0x00000000fb480000,0x0000000100000000)
 ParOldGen       total 454144K, used 259400K [0x00000000c0000000, 0x00000000dbb80000, 0x00000000eab00000)
  object space 454144K, 57% used [0x00000000c0000000,0x00000000cfd52248,0x00000000dbb80000)
 Metaspace       used 141206K, capacity 143610K, committed 144088K, reserved 1167360K
  class space    used 25035K, capacity 25711K, committed 25816K, reserved 1048576K
}
Event: 677,780 GC heap before
{Heap before GC invocations=54 (full 6):
 PSYoungGen      total 268288K, used 191616K [0x00000000eab00000, 0x0000000100000000, 0x0000000100000000)
  eden space 191488K, 100% used [0x00000000eab00000,0x00000000f6600000,0x00000000f6600000)
  from space 76800K, 0% used [0x00000000f6600000,0x00000000f6620000,0x00000000fb100000)
  to   space 77312K, 0% used [0x00000000fb480000,0x00000000fb480000,0x0000000100000000)
 ParOldGen       total 454144K, used 259400K [0x00000000c0000000, 0x00000000dbb80000, 0x00000000eab00000)
  object space 454144K, 57% used [0x00000000c0000000,0x00000000cfd52248,0x00000000dbb80000)
 Metaspace       used 141206K, capacity 143610K, committed 144088K, reserved 1167360K
  class space    used 25035K, capacity 25711K, committed 25816K, reserved 1048576K
Event: 677,785 GC heap after
Heap after GC invocations=54 (full 6):
 PSYoungGen      total 270848K, used 64K [0x00000000eab00000, 0x00000000ffe80000, 0x0000000100000000)
  eden space 195072K, 0% used [0x00000000eab00000,0x00000000eab00000,0x00000000f6980000)
  from space 75776K, 0% used [0x00000000fb480000,0x00000000fb490000,0x00000000ffe80000)
  to   space 76288K, 0% used [0x00000000f6980000,0x00000000f6980000,0x00000000fb400000)
 ParOldGen       total 454144K, used 259416K [0x00000000c0000000, 0x00000000dbb80000, 0x00000000eab00000)
  object space 454144K, 57% used [0x00000000c0000000,0x00000000cfd56248,0x00000000dbb80000)
 Metaspace       used 141206K, capacity 143610K, committed 144088K, reserved 1167360K
  class space    used 25035K, capacity 25711K, committed 25816K, reserved 1048576K
}
Event: 679,616 GC heap before
{Heap before GC invocations=55 (full 6):
 PSYoungGen      total 270848K, used 195136K [0x00000000eab00000, 0x00000000ffe80000, 0x0000000100000000)
  eden space 195072K, 100% used [0x00000000eab00000,0x00000000f6980000,0x00000000f6980000)
  from space 75776K, 0% used [0x00000000fb480000,0x00000000fb490000,0x00000000ffe80000)
  to   space 76288K, 0% used [0x00000000f6980000,0x00000000f6980000,0x00000000fb400000)
 ParOldGen       total 454144K, used 259416K [0x00000000c0000000, 0x00000000dbb80000, 0x00000000eab00000)
  object space 454144K, 57% used [0x00000000c0000000,0x00000000cfd56248,0x00000000dbb80000)
 Metaspace       used 141251K, capacity 143680K, committed 144088K, reserved 1167360K
  class space    used 25037K, capacity 25712K, committed 25816K, reserved 1048576K
Event: 679,634 GC heap after
Heap after GC invocations=55 (full 6):
 PSYoungGen      total 218112K, used 22562K [0x00000000eab00000, 0x00000000ff680000, 0x0000000100000000)
  eden space 195072K, 0% used [0x00000000eab00000,0x00000000eab00000,0x00000000f6980000)
  from space 23040K, 97% used [0x00000000f6980000,0x00000000f7f88bb8,0x00000000f8000000)
  to   space 71168K, 0% used [0x00000000fb100000,0x00000000fb100000,0x00000000ff680000)
 ParOldGen       total 454144K, used 259416K [0x00000000c0000000, 0x00000000dbb80000, 0x00000000eab00000)
  object space 454144K, 57% used [0x00000000c0000000,0x00000000cfd56248,0x00000000dbb80000)
 Metaspace       used 141251K, capacity 143680K, committed 144088K, reserved 1167360K
  class space    used 25037K, capacity 25712K, committed 25816K, reserved 1048576K
}
Event: 682,676 GC heap before
{Heap before GC invocations=56 (full 6):
 PSYoungGen      total 218112K, used 217634K [0x00000000eab00000, 0x00000000ff680000, 0x0000000100000000)
  eden space 195072K, 100% used [0x00000000eab00000,0x00000000f6980000,0x00000000f6980000)
  from space 23040K, 97% used [0x00000000f6980000,0x00000000f7f88bb8,0x00000000f8000000)
  to   space 71168K, 0% used [0x00000000fb100000,0x00000000fb100000,0x00000000ff680000)
 ParOldGen       total 454144K, used 259416K [0x00000000c0000000, 0x00000000dbb80000, 0x00000000eab00000)
  object space 454144K, 57% used [0x00000000c0000000,0x00000000cfd56248,0x00000000dbb80000)
 Metaspace       used 141409K, capacity 143812K, committed 144088K, reserved 1167360K
  class space    used 25043K, capacity 25712K, committed 25816K, reserved 1048576K
Event: 682,692 GC heap after
Heap after GC invocations=56 (full 6):
 PSYoungGen      total 269824K, used 7159K [0x00000000eab00000, 0x0000000100000000, 0x0000000100000000)
  eden space 198656K, 0% used [0x00000000eab00000,0x00000000eab00000,0x00000000f6d00000)
  from space 71168K, 10% used [0x00000000fb100000,0x00000000fb7fdf90,0x00000000ff680000)
  to   space 69632K, 0% used [0x00000000f6d00000,0x00000000f6d00000,0x00000000fb100000)
 ParOldGen       total 454144K, used 281639K [0x00000000c0000000, 0x00000000dbb80000, 0x00000000eab00000)
  object space 454144K, 62% used [0x00000000c0000000,0x00000000d1309c48,0x00000000dbb80000)
 Metaspace       used 141409K, capacity 143812K, committed 144088K, reserved 1167360K
  class space    used 25043K, capacity 25712K, committed 25816K, reserved 1048576K
}
Event: 963,163 GC heap before
{Heap before GC invocations=57 (full 6):
 PSYoungGen      total 269824K, used 205815K [0x00000000eab00000, 0x0000000100000000, 0x0000000100000000)
  eden space 198656K, 100% used [0x00000000eab00000,0x00000000f6d00000,0x00000000f6d00000)
  from space 71168K, 10% used [0x00000000fb100000,0x00000000fb7fdf90,0x00000000ff680000)
  to   space 69632K, 0% used [0x00000000f6d00000,0x00000000f6d00000,0x00000000fb100000)
 ParOldGen       total 454144K, used 281639K [0x00000000c0000000, 0x00000000dbb80000, 0x00000000eab00000)
  object space 454144K, 62% used [0x00000000c0000000,0x00000000d1309c48,0x00000000dbb80000)
 Metaspace       used 162512K, capacity 165132K, committed 165336K, reserved 1185792K
  class space    used 29216K, capacity 29898K, committed 29912K, reserved 1048576K
Event: 963,196 GC heap after
Heap after GC invocations=57 (full 6):
 PSYoungGen      total 268288K, used 34778K [0x00000000eab00000, 0x00000000ffe80000, 0x0000000100000000)
  eden space 198656K, 0% used [0x00000000eab00000,0x00000000eab00000,0x00000000f6d00000)
  from space 69632K, 49% used [0x00000000f6d00000,0x00000000f8ef6b20,0x00000000fb100000)
  to   space 69632K, 0% used [0x00000000fba80000,0x00000000fba80000,0x00000000ffe80000)
 ParOldGen       total 454144K, used 281756K [0x00000000c0000000, 0x00000000dbb80000, 0x00000000eab00000)
  object space 454144K, 62% used [0x00000000c0000000,0x00000000d1327048,0x00000000dbb80000)
 Metaspace       used 162512K, capacity 165132K, committed 165336K, reserved 1185792K
  class space    used 29216K, capacity 29898K, committed 29912K, reserved 1048576K
}
Event: 982,072 GC heap before
{Heap before GC invocations=58 (full 6):
 PSYoungGen      total 268288K, used 233434K [0x00000000eab00000, 0x00000000ffe80000, 0x0000000100000000)
  eden space 198656K, 100% used [0x00000000eab00000,0x00000000f6d00000,0x00000000f6d00000)
  from space 69632K, 49% used [0x00000000f6d00000,0x00000000f8ef6b20,0x00000000fb100000)
  to   space 69632K, 0% used [0x00000000fba80000,0x00000000fba80000,0x00000000ffe80000)
 ParOldGen       total 454144K, used 281756K [0x00000000c0000000, 0x00000000dbb80000, 0x00000000eab00000)
  object space 454144K, 62% used [0x00000000c0000000,0x00000000d1327048,0x00000000dbb80000)
 Metaspace       used 165452K, capacity 168216K, committed 168408K, reserved 1187840K
  class space    used 29607K, capacity 30341K, committed 30424K, reserved 1048576K
Event: 982,118 GC heap after
Heap after GC invocations=58 (full 6):
 PSYoungGen      total 276992K, used 38744K [0x00000000eab00000, 0x0000000100000000, 0x0000000100000000)
  eden space 207360K, 0% used [0x00000000eab00000,0x00000000eab00000,0x00000000f7580000)
  from space 69632K, 55% used [0x00000000fba80000,0x00000000fe056160,0x00000000ffe80000)
  to   space 70656K, 0% used [0x00000000f7580000,0x00000000f7580000,0x00000000fba80000)
 ParOldGen       total 454144K, used 281764K [0x00000000c0000000, 0x00000000dbb80000, 0x00000000eab00000)
  object space 454144K, 62% used [0x00000000c0000000,0x00000000d1329048,0x00000000dbb80000)
 Metaspace       used 165452K, capacity 168216K, committed 168408K, reserved 1187840K
  class space    used 29607K, capacity 30341K, committed 30424K, reserved 1048576K
}
Event: 983,977 GC heap before
{Heap before GC invocations=59 (full 6):
 PSYoungGen      total 276992K, used 246104K [0x00000000eab00000, 0x0000000100000000, 0x0000000100000000)
  eden space 207360K, 100% used [0x00000000eab00000,0x00000000f7580000,0x00000000f7580000)
  from space 69632K, 55% used [0x00000000fba80000,0x00000000fe056160,0x00000000ffe80000)
  to   space 70656K, 0% used [0x00000000f7580000,0x00000000f7580000,0x00000000fba80000)
 ParOldGen       total 454144K, used 281764K [0x00000000c0000000, 0x00000000dbb80000, 0x00000000eab00000)
  object space 454144K, 62% used [0x00000000c0000000,0x00000000d1329048,0x00000000dbb80000)
 Metaspace       used 171417K, capacity 174224K, committed 174552K, reserved 1191936K
  class space    used 31103K, capacity 31850K, committed 31960K, reserved 1048576K
Event: 984,038 GC heap after
Heap after GC invocations=59 (full 6):
 PSYoungGen      total 259584K, used 52004K [0x00000000eab00000, 0x0000000100000000, 0x0000000100000000)
  eden space 207360K, 0% used [0x00000000eab00000,0x00000000eab00000,0x00000000f7580000)
  from space 52224K, 99% used [0x00000000f7580000,0x00000000fa849218,0x00000000fa880000)
  to   space 76288K, 0% used [0x00000000fb580000,0x00000000fb580000,0x0000000100000000)
 ParOldGen       total 454144K, used 281772K [0x00000000c0000000, 0x00000000dbb80000, 0x00000000eab00000)
  object space 454144K, 62% used [0x00000000c0000000,0x00000000d132b048,0x00000000dbb80000)
 Metaspace       used 171417K, capacity 174224K, committed 174552K, reserved 1191936K
  class space    used 31103K, capacity 31850K, committed 31960K, reserved 1048576K
}
Event: 985,274 GC heap before
{Heap before GC invocations=60 (full 6):
 PSYoungGen      total 259584K, used 259364K [0x00000000eab00000, 0x0000000100000000, 0x0000000100000000)
  eden space 207360K, 100% used [0x00000000eab00000,0x00000000f7580000,0x00000000f7580000)
  from space 52224K, 99% used [0x00000000f7580000,0x00000000fa849218,0x00000000fa880000)
  to   space 76288K, 0% used [0x00000000fb580000,0x00000000fb580000,0x0000000100000000)
 ParOldGen       total 454144K, used 281772K [0x00000000c0000000, 0x00000000dbb80000, 0x00000000eab00000)
  object space 454144K, 62% used [0x00000000c0000000,0x00000000d132b048,0x00000000dbb80000)
 Metaspace       used 172270K, capacity 175062K, committed 175192K, reserved 1191936K
  class space    used 31305K, capacity 32043K, committed 32088K, reserved 1048576K
Event: 985,370 GC heap after
Heap after GC invocations=60 (full 6):
 PSYoungGen      total 262656K, used 54219K [0x00000000eab00000, 0x0000000100000000, 0x0000000100000000)
  eden space 186368K, 0% used [0x00000000eab00000,0x00000000eab00000,0x00000000f6100000)
  from space 76288K, 71% used [0x00000000fb580000,0x00000000fea72c98,0x0000000100000000)
  to   space 81408K, 0% used [0x00000000f6100000,0x00000000f6100000,0x00000000fb080000)
 ParOldGen       total 454144K, used 281772K [0x00000000c0000000, 0x00000000dbb80000, 0x00000000eab00000)
  object space 454144K, 62% used [0x00000000c0000000,0x00000000d132b048,0x00000000dbb80000)
 Metaspace       used 172270K, capacity 175062K, committed 175192K, reserved 1191936K
  class space    used 31305K, capacity 32043K, committed 32088K, reserved 1048576K
}
Event: 987,769 GC heap before
{Heap before GC invocations=61 (full 6):
 PSYoungGen      total 262656K, used 240587K [0x00000000eab00000, 0x0000000100000000, 0x0000000100000000)
  eden space 186368K, 100% used [0x00000000eab00000,0x00000000f6100000,0x00000000f6100000)
  from space 76288K, 71% used [0x00000000fb580000,0x00000000fea72c98,0x0000000100000000)
  to   space 81408K, 0% used [0x00000000f6100000,0x00000000f6100000,0x00000000fb080000)
 ParOldGen       total 454144K, used 281772K [0x00000000c0000000, 0x00000000dbb80000, 0x00000000eab00000)
  object space 454144K, 62% used [0x00000000c0000000,0x00000000d132b048,0x00000000dbb80000)
 Metaspace       used 173484K, capacity 176388K, committed 176600K, reserved 1193984K
  class space    used 31411K, capacity 32142K, committed 32216K, reserved 1048576K
Event: 987,888 GC heap after
Heap after GC invocations=61 (full 6):
 PSYoungGen      total 241664K, used 55141K [0x00000000eab00000, 0x0000000100000000, 0x0000000100000000)
  eden space 186368K, 0% used [0x00000000eab00000,0x00000000eab00000,0x00000000f6100000)
  from space 55296K, 99% used [0x00000000f6100000,0x00000000f96d9428,0x00000000f9700000)
  to   space 85504K, 0% used [0x00000000fac80000,0x00000000fac80000,0x0000000100000000)
 ParOldGen       total 454144K, used 299996K [0x00000000c0000000, 0x00000000dbb80000, 0x00000000eab00000)
  object space 454144K, 66% used [0x00000000c0000000,0x00000000d24f7298,0x00000000dbb80000)
 Metaspace       used 173484K, capacity 176388K, committed 176600K, reserved 1193984K
  class space    used 31411K, capacity 32142K, committed 32216K, reserved 1048576K
}
Event: 990,235 GC heap before
{Heap before GC invocations=62 (full 6):
 PSYoungGen      total 241664K, used 241509K [0x00000000eab00000, 0x0000000100000000, 0x0000000100000000)
  eden space 186368K, 100% used [0x00000000eab00000,0x00000000f6100000,0x00000000f6100000)
  from space 55296K, 99% used [0x00000000f6100000,0x00000000f96d9428,0x00000000f9700000)
  to   space 85504K, 0% used [0x00000000fac80000,0x00000000fac80000,0x0000000100000000)
 ParOldGen       total 454144K, used 299996K [0x00000000c0000000, 0x00000000dbb80000, 0x00000000eab00000)
  object space 454144K, 66% used [0x00000000c0000000,0x00000000d24f7298,0x00000000dbb80000)
 Metaspace       used 173797K, capacity 176724K, committed 177112K, reserved 1193984K
  class space    used 31414K, capacity 32144K, committed 32216K, reserved 1048576K
Event: 990,309 GC heap after
Heap after GC invocations=62 (full 6):
 PSYoungGen      total 265216K, used 43053K [0x00000000eab00000, 0x0000000100000000, 0x0000000100000000)
  eden space 179712K, 0% used [0x00000000eab00000,0x00000000eab00000,0x00000000f5a80000)
  from space 85504K, 50% used [0x00000000fac80000,0x00000000fd68b4e0,0x0000000100000000)
  to   space 83968K, 0% used [0x00000000f5a80000,0x00000000f5a80000,0x00000000fac80000)
 ParOldGen       total 454144K, used 324640K [0x00000000c0000000, 0x00000000dbb80000, 0x00000000eab00000)
  object space 454144K, 71% used [0x00000000c0000000,0x00000000d3d081d8,0x00000000dbb80000)
 Metaspace       used 173797K, capacity 176724K, committed 177112K, reserved 1193984K
  class space    used 31414K, capacity 32144K, committed 32216K, reserved 1048576K
}
Event: 991,983 GC heap before
{Heap before GC invocations=63 (full 6):
 PSYoungGen      total 265216K, used 222765K [0x00000000eab00000, 0x0000000100000000, 0x0000000100000000)
  eden space 179712K, 100% used [0x00000000eab00000,0x00000000f5a80000,0x00000000f5a80000)
  from space 85504K, 50% used [0x00000000fac80000,0x00000000fd68b4e0,0x0000000100000000)
  to   space 83968K, 0% used [0x00000000f5a80000,0x00000000f5a80000,0x00000000fac80000)
 ParOldGen       total 454144K, used 324640K [0x00000000c0000000, 0x00000000dbb80000, 0x00000000eab00000)
  object space 454144K, 71% used [0x00000000c0000000,0x00000000d3d081d8,0x00000000dbb80000)
 Metaspace       used 173944K, capacity 176952K, committed 177112K, reserved 1193984K
  class space    used 31420K, capacity 32178K, committed 32216K, reserved 1048576K
Event: 992,100 GC heap after
Heap after GC invocations=63 (full 6):
 PSYoungGen      total 217600K, used 37837K [0x00000000eab00000, 0x00000000ff780000, 0x0000000100000000)
  eden space 179712K, 0% used [0x00000000eab00000,0x00000000eab00000,0x00000000f5a80000)
  from space 37888K, 99% used [0x00000000f5a80000,0x00000000f7f73568,0x00000000f7f80000)
  to   space 80384K, 0% used [0x00000000fa900000,0x00000000fa900000,0x00000000ff780000)
 ParOldGen       total 454144K, used 353939K [0x00000000c0000000, 0x00000000dbb80000, 0x00000000eab00000)
  object space 454144K, 77% used [0x00000000c0000000,0x00000000d59a4e28,0x00000000dbb80000)
 Metaspace       used 173944K, capacity 176952K, committed 177112K, reserved 1193984K
  class space    used 31420K, capacity 32178K, committed 32216K, reserved 1048576K
}
Event: 992,828 GC heap before
{Heap before GC invocations=64 (full 6):
 PSYoungGen      total 217600K, used 217549K [0x00000000eab00000, 0x00000000ff780000, 0x0000000100000000)
  eden space 179712K, 100% used [0x00000000eab00000,0x00000000f5a80000,0x00000000f5a80000)
  from space 37888K, 99% used [0x00000000f5a80000,0x00000000f7f73568,0x00000000f7f80000)
  to   space 80384K, 0% used [0x00000000fa900000,0x00000000fa900000,0x00000000ff780000)
 ParOldGen       total 454144K, used 353939K [0x00000000c0000000, 0x00000000dbb80000, 0x00000000eab00000)
  object space 454144K, 77% used [0x00000000c0000000,0x00000000d59a4e28,0x00000000dbb80000)
 Metaspace       used 173951K, capacity 176952K, committed 177112K, reserved 1193984K
  class space    used 31420K, capacity 32178K, committed 32216K, reserved 1048576K
Event: 992,886 GC heap after
Heap after GC invocations=64 (full 6):
 PSYoungGen      total 258560K, used 64K [0x00000000eab00000, 0x0000000100000000, 0x0000000100000000)
  eden space 178176K, 0% used [0x00000000eab00000,0x00000000eab00000,0x00000000f5900000)
  from space 80384K, 0% used [0x00000000fa900000,0x00000000fa910000,0x00000000ff780000)
  to   space 81920K, 0% used [0x00000000f5900000,0x00000000f5900000,0x00000000fa900000)
 ParOldGen       total 454144K, used 391601K [0x00000000c0000000, 0x00000000dbb80000, 0x00000000eab00000)
  object space 454144K, 86% used [0x00000000c0000000,0x00000000d7e6c638,0x00000000dbb80000)
 Metaspace       used 173951K, capacity 176952K, committed 177112K, reserved 1193984K
  class space    used 31420K, capacity 32178K, committed 32216K, reserved 1048576K
}
Event: 993,357 GC heap before
{Heap before GC invocations=65 (full 6):
 PSYoungGen      total 258560K, used 178240K [0x00000000eab00000, 0x0000000100000000, 0x0000000100000000)
  eden space 178176K, 100% used [0x00000000eab00000,0x00000000f5900000,0x00000000f5900000)
  from space 80384K, 0% used [0x00000000fa900000,0x00000000fa910000,0x00000000ff780000)
  to   space 81920K, 0% used [0x00000000f5900000,0x00000000f5900000,0x00000000fa900000)
 ParOldGen       total 454144K, used 391601K [0x00000000c0000000, 0x00000000dbb80000, 0x00000000eab00000)
  object space 454144K, 86% used [0x00000000c0000000,0x00000000d7e6c638,0x00000000dbb80000)
 Metaspace       used 173951K, capacity 176952K, committed 177112K, reserved 1193984K
  class space    used 31420K, capacity 32178K, committed 32216K, reserved 1048576K
Event: 993,363 GC heap after
Heap after GC invocations=65 (full 6):
 PSYoungGen      total 260096K, used 96K [0x00000000eab00000, 0x0000000100000000, 0x0000000100000000)
  eden space 178176K, 0% used [0x00000000eab00000,0x00000000eab00000,0x00000000f5900000)
  from space 81920K, 0% used [0x00000000f5900000,0x00000000f5918000,0x00000000fa900000)
  to   space 81920K, 0% used [0x00000000fb000000,0x00000000fb000000,0x0000000100000000)
 ParOldGen       total 454144K, used 391601K [0x00000000c0000000, 0x00000000dbb80000, 0x00000000eab00000)
  object space 454144K, 86% used [0x00000000c0000000,0x00000000d7e6c638,0x00000000dbb80000)
 Metaspace       used 173951K, capacity 176952K, committed 177112K, reserved 1193984K
  class space    used 31420K, capacity 32178K, committed 32216K, reserved 1048576K
}
Event: 993,802 GC heap before
{Heap before GC invocations=66 (full 6):
 PSYoungGen      total 260096K, used 178272K [0x00000000eab00000, 0x0000000100000000, 0x0000000100000000)
  eden space 178176K, 100% used [0x00000000eab00000,0x00000000f5900000,0x00000000f5900000)
  from space 81920K, 0% used [0x00000000f5900000,0x00000000f5918000,0x00000000fa900000)
  to   space 81920K, 0% used [0x00000000fb000000,0x00000000fb000000,0x0000000100000000)
 ParOldGen       total 454144K, used 391601K [0x00000000c0000000, 0x00000000dbb80000, 0x00000000eab00000)
  object space 454144K, 86% used [0x00000000c0000000,0x00000000d7e6c638,0x00000000dbb80000)
 Metaspace       used 173951K, capacity 176952K, committed 177112K, reserved 1193984K
  class space    used 31420K, capacity 32178K, committed 32216K, reserved 1048576K
Event: 993,808 GC heap after
Heap after GC invocations=66 (full 6):
 PSYoungGen      total 265216K, used 64K [0x00000000eab00000, 0x00000000ffe00000, 0x0000000100000000)
  eden space 185344K, 0% used [0x00000000eab00000,0x00000000eab00000,0x00000000f6000000)
  from space 79872K, 0% used [0x00000000fb000000,0x00000000fb010000,0x00000000ffe00000)
  to   space 80896K, 0% used [0x00000000f6000000,0x00000000f6000000,0x00000000faf00000)
 ParOldGen       total 454144K, used 391601K [0x00000000c0000000, 0x00000000dbb80000, 0x00000000eab00000)
  object space 454144K, 86% used [0x00000000c0000000,0x00000000d7e6c638,0x00000000dbb80000)
 Metaspace       used 173951K, capacity 176952K, committed 177112K, reserved 1193984K
  class space    used 31420K, capacity 32178K, committed 32216K, reserved 1048576K
}
Event: 994,257 GC heap before
{Heap before GC invocations=67 (full 6):
 PSYoungGen      total 265216K, used 181254K [0x00000000eab00000, 0x00000000ffe00000, 0x0000000100000000)
  eden space 185344K, 97% used [0x00000000eab00000,0x00000000f5bf1bd0,0x00000000f6000000)
  from space 79872K, 0% used [0x00000000fb000000,0x00000000fb010000,0x00000000ffe00000)
  to   space 80896K, 0% used [0x00000000f6000000,0x00000000f6000000,0x00000000faf00000)
 ParOldGen       total 454144K, used 391601K [0x00000000c0000000, 0x00000000dbb80000, 0x00000000eab00000)
  object space 454144K, 86% used [0x00000000c0000000,0x00000000d7e6c638,0x00000000dbb80000)
 Metaspace       used 173951K, capacity 176952K, committed 177112K, reserved 1193984K
  class space    used 31420K, capacity 32178K, committed 32216K, reserved 1048576K
Event: 994,263 GC heap after
Heap after GC invocations=67 (full 6):
 PSYoungGen      total 266240K, used 96K [0x00000000eab00000, 0x00000000fff00000, 0x0000000100000000)
  eden space 185344K, 0% used [0x00000000eab00000,0x00000000eab00000,0x00000000f6000000)
  from space 80896K, 0% used [0x00000000f6000000,0x00000000f6018000,0x00000000faf00000)
  to   space 79872K, 0% used [0x00000000fb100000,0x00000000fb100000,0x00000000fff00000)
 ParOldGen       total 454144K, used 391601K [0x00000000c0000000, 0x00000000dbb80000, 0x00000000eab00000)
  object space 454144K, 86% used [0x00000000c0000000,0x00000000d7e6c638,0x00000000dbb80000)
 Metaspace       used 173951K, capacity 176952K, committed 177112K, reserved 1193984K
  class space    used 31420K, capacity 32178K, committed 32216K, reserved 1048576K
}
Event: 996,252 GC heap before
{Heap before GC invocations=68 (full 6):
 PSYoungGen      total 266240K, used 185440K [0x00000000eab00000, 0x00000000fff00000, 0x0000000100000000)
  eden space 185344K, 100% used [0x00000000eab00000,0x00000000f6000000,0x00000000f6000000)
  from space 80896K, 0% used [0x00000000f6000000,0x00000000f6018000,0x00000000faf00000)
  to   space 79872K, 0% used [0x00000000fb100000,0x00000000fb100000,0x00000000fff00000)
 ParOldGen       total 454144K, used 391601K [0x00000000c0000000, 0x00000000dbb80000, 0x00000000eab00000)
  object space 454144K, 86% used [0x00000000c0000000,0x00000000d7e6c638,0x00000000dbb80000)
 Metaspace       used 174005K, capacity 176958K, committed 177112K, reserved 1193984K
  class space    used 31422K, capacity 32179K, committed 32216K, reserved 1048576K
Event: 996,267 GC heap after
Heap after GC invocations=68 (full 6):
 PSYoungGen      total 257024K, used 22690K [0x00000000eab00000, 0x00000000ff400000, 0x0000000100000000)
  eden space 188416K, 0% used [0x00000000eab00000,0x00000000eab00000,0x00000000f6300000)
  from space 68608K, 33% used [0x00000000fb100000,0x00000000fc728bc8,0x00000000ff400000)
  to   space 74240K, 0% used [0x00000000f6300000,0x00000000f6300000,0x00000000fab80000)
 ParOldGen       total 454144K, used 391625K [0x00000000c0000000, 0x00000000dbb80000, 0x00000000eab00000)
  object space 454144K, 86% used [0x00000000c0000000,0x00000000d7e72638,0x00000000dbb80000)
 Metaspace       used 174005K, capacity 176958K, committed 177112K, reserved 1193984K
  class space    used 31422K, capacity 32179K, committed 32216K, reserved 1048576K
}
Event: 999,456 GC heap before
{Heap before GC invocations=69 (full 6):
 PSYoungGen      total 257024K, used 211106K [0x00000000eab00000, 0x00000000ff400000, 0x0000000100000000)
  eden space 188416K, 100% used [0x00000000eab00000,0x00000000f6300000,0x00000000f6300000)
  from space 68608K, 33% used [0x00000000fb100000,0x00000000fc728bc8,0x00000000ff400000)
  to   space 74240K, 0% used [0x00000000f6300000,0x00000000f6300000,0x00000000fab80000)
 ParOldGen       total 454144K, used 391625K [0x00000000c0000000, 0x00000000dbb80000, 0x00000000eab00000)
  object space 454144K, 86% used [0x00000000c0000000,0x00000000d7e72638,0x00000000dbb80000)
 Metaspace       used 174308K, capacity 177218K, committed 177368K, reserved 1193984K
  class space    used 31442K, capacity 32179K, committed 32216K, reserved 1048576K
Event: 999,485 GC heap after
Heap after GC invocations=69 (full 6):
 PSYoungGen      total 262656K, used 7473K [0x00000000eab00000, 0x0000000100000000, 0x0000000100000000)
  eden space 188416K, 0% used [0x00000000eab00000,0x00000000eab00000,0x00000000f6300000)
  from space 74240K, 10% used [0x00000000f6300000,0x00000000f6a4c568,0x00000000fab80000)
  to   space 71680K, 0% used [0x00000000fba00000,0x00000000fba00000,0x0000000100000000)
 ParOldGen       total 454144K, used 413976K [0x00000000c0000000, 0x00000000dbb80000, 0x00000000eab00000)
  object space 454144K, 91% used [0x00000000c0000000,0x00000000d9446048,0x00000000dbb80000)
 Metaspace       used 174308K, capacity 177218K, committed 177368K, reserved 1193984K
  class space    used 31442K, capacity 32179K, committed 32216K, reserved 1048576K
}
Event: 999,485 GC heap before
{Heap before GC invocations=70 (full 7):
 PSYoungGen      total 262656K, used 7473K [0x00000000eab00000, 0x0000000100000000, 0x0000000100000000)
  eden space 188416K, 0% used [0x00000000eab00000,0x00000000eab00000,0x00000000f6300000)
  from space 74240K, 10% used [0x00000000f6300000,0x00000000f6a4c568,0x00000000fab80000)
  to   space 71680K, 0% used [0x00000000fba00000,0x00000000fba00000,0x0000000100000000)
 ParOldGen       total 454144K, used 413976K [0x00000000c0000000, 0x00000000dbb80000, 0x00000000eab00000)
  object space 454144K, 91% used [0x00000000c0000000,0x00000000d9446048,0x00000000dbb80000)
 Metaspace       used 174308K, capacity 177218K, committed 177368K, reserved 1193984K
  class space    used 31442K, capacity 32179K, committed 32216K, reserved 1048576K
Event: 1000,732 GC heap after
Heap after GC invocations=70 (full 7):
 PSYoungGen      total 262656K, used 0K [0x00000000eab00000, 0x0000000100000000, 0x0000000100000000)
  eden space 188416K, 0% used [0x00000000eab00000,0x00000000eab00000,0x00000000f6300000)
  from space 74240K, 0% used [0x00000000f6300000,0x00000000f6300000,0x00000000fab80000)
  to   space 71680K, 0% used [0x00000000fba00000,0x00000000fba00000,0x0000000100000000)
 ParOldGen       total 556544K, used 338849K [0x00000000c0000000, 0x00000000e1f80000, 0x00000000eab00000)
  object space 556544K, 60% used [0x00000000c0000000,0x00000000d4ae8750,0x00000000e1f80000)
 Metaspace       used 174256K, capacity 177130K, committed 177368K, reserved 1193984K
  class space    used 31429K, capacity 32155K, committed 32216K, reserved 1048576K
}

