# JRE version: OpenJDK Runtime Environment (8.0_181-b15) (build 1.8.0_181-b15)
# Java VM: OpenJDK 64-Bit Server VM (25.181-b15 mixed mode linux-amd64 compressed oops)
Heap:
 PSYoungGen      total 286208K, used 4153K [0x00000000eab00000, 0x0000000100000000, 0x0000000100000000)
  eden space 220672K, 1% used [0x00000000eab00000,0x00000000eaf0e648,0x00000000f8280000)
  from space 65536K, 0% used [0x00000000fc000000,0x00000000fc000000,0x0000000100000000)
  to   space 62976K, 0% used [0x00000000f8280000,0x00000000f8280000,0x00000000fc000000)
 ParOldGen       total 555008K, used 323281K [0x00000000c0000000, 0x00000000e1e00000, 0x00000000eab00000)
  object space 555008K, 58% used [0x00000000c0000000,0x00000000d3bb4600,0x00000000e1e00000)
 Metaspace       used 173668K, capacity 176600K, committed 195328K, reserved 1206272K
  class space    used 31360K, capacity 32069K, committed 38656K, reserved 1048576K
GC Heap History (250 events):
Event: 19,352 GC heap before
{Heap before GC invocations=15 (full 3):
 PSYoungGen      total 210432K, used 210431K [0x00000000eab00000, 0x00000000fc300000, 0x0000000100000000)
  eden space 186368K, 100% used [0x00000000eab00000,0x00000000f6100000,0x00000000f6100000)
  from space 24064K, 99% used [0x00000000f6100000,0x00000000f787fee8,0x00000000f7880000)
  to   space 27648K, 0% used [0x00000000fa800000,0x00000000fa800000,0x00000000fc300000)
 ParOldGen       total 142336K, used 42471K [0x00000000c0000000, 0x00000000c8b00000, 0x00000000eab00000)
  object space 142336K, 29% used [0x00000000c0000000,0x00000000c2979dc8,0x00000000c8b00000)
 Metaspace       used 67877K, capacity 69506K, committed 69888K, reserved 1107968K
  class space    used 10972K, capacity 11441K, committed 11520K, reserved 1048576K
Event: 19,414 GC heap after
Heap after GC invocations=15 (full 3):
 PSYoungGen      total 259072K, used 16056K [0x00000000eab00000, 0x00000000fc400000, 0x0000000100000000)
  eden space 231424K, 0% used [0x00000000eab00000,0x00000000eab00000,0x00000000f8d00000)
  from space 27648K, 58% used [0x00000000fa800000,0x00000000fb7ae208,0x00000000fc300000)
  to   space 27648K, 0% used [0x00000000f8d00000,0x00000000f8d00000,0x00000000fa800000)
 ParOldGen       total 142336K, used 60490K [0x00000000c0000000, 0x00000000c8b00000, 0x00000000eab00000)
  object space 142336K, 42% used [0x00000000c0000000,0x00000000c3b12878,0x00000000c8b00000)
 Metaspace       used 67877K, capacity 69506K, committed 69888K, reserved 1107968K
  class space    used 10972K, capacity 11441K, committed 11520K, reserved 1048576K
}
Event: 21,838 GC heap before
{Heap before GC invocations=16 (full 3):
 PSYoungGen      total 259072K, used 247480K [0x00000000eab00000, 0x00000000fc400000, 0x0000000100000000)
  eden space 231424K, 100% used [0x00000000eab00000,0x00000000f8d00000,0x00000000f8d00000)
  from space 27648K, 58% used [0x00000000fa800000,0x00000000fb7ae208,0x00000000fc300000)
  to   space 27648K, 0% used [0x00000000f8d00000,0x00000000f8d00000,0x00000000fa800000)
 ParOldGen       total 142336K, used 60490K [0x00000000c0000000, 0x00000000c8b00000, 0x00000000eab00000)
  object space 142336K, 42% used [0x00000000c0000000,0x00000000c3b12878,0x00000000c8b00000)
 Metaspace       used 73079K, capacity 74692K, committed 75008K, reserved 1112064K
  class space    used 12003K, capacity 12507K, committed 12544K, reserved 1048576K
Event: 21,889 GC heap after
Heap after GC invocations=16 (full 3):
 PSYoungGen      total 259072K, used 24005K [0x00000000eab00000, 0x00000000ffe00000, 0x0000000100000000)
  eden space 231424K, 0% used [0x00000000eab00000,0x00000000eab00000,0x00000000f8d00000)
  from space 27648K, 86% used [0x00000000f8d00000,0x00000000fa471600,0x00000000fa800000)
  to   space 30208K, 0% used [0x00000000fe080000,0x00000000fe080000,0x00000000ffe00000)
 ParOldGen       total 142336K, used 60498K [0x00000000c0000000, 0x00000000c8b00000, 0x00000000eab00000)
  object space 142336K, 42% used [0x00000000c0000000,0x00000000c3b14878,0x00000000c8b00000)
 Metaspace       used 73079K, capacity 74692K, committed 75008K, reserved 1112064K
  class space    used 12003K, capacity 12507K, committed 12544K, reserved 1048576K
}
Event: 23,886 GC heap before
{Heap before GC invocations=17 (full 3):
 PSYoungGen      total 259072K, used 255429K [0x00000000eab00000, 0x00000000ffe00000, 0x0000000100000000)
  eden space 231424K, 100% used [0x00000000eab00000,0x00000000f8d00000,0x00000000f8d00000)
  from space 27648K, 86% used [0x00000000f8d00000,0x00000000fa471600,0x00000000fa800000)
  to   space 30208K, 0% used [0x00000000fe080000,0x00000000fe080000,0x00000000ffe00000)
 ParOldGen       total 142336K, used 60498K [0x00000000c0000000, 0x00000000c8b00000, 0x00000000eab00000)
  object space 142336K, 42% used [0x00000000c0000000,0x00000000c3b14878,0x00000000c8b00000)
 Metaspace       used 74109K, capacity 75658K, committed 76160K, reserved 1112064K
  class space    used 12170K, capacity 12636K, committed 12672K, reserved 1048576K
Event: 23,973 GC heap after
Heap after GC invocations=17 (full 3):
 PSYoungGen      total 305664K, used 30186K [0x00000000eab00000, 0x0000000100000000, 0x0000000100000000)
  eden space 275456K, 0% used [0x00000000eab00000,0x00000000eab00000,0x00000000fb800000)
  from space 30208K, 99% used [0x00000000fe080000,0x00000000ffdfaa60,0x00000000ffe00000)
  to   space 36864K, 0% used [0x00000000fb800000,0x00000000fb800000,0x00000000fdc00000)
 ParOldGen       total 142336K, used 66030K [0x00000000c0000000, 0x00000000c8b00000, 0x00000000eab00000)
  object space 142336K, 46% used [0x00000000c0000000,0x00000000c407baf0,0x00000000c8b00000)
 Metaspace       used 74109K, capacity 75658K, committed 76160K, reserved 1112064K
  class space    used 12170K, capacity 12636K, committed 12672K, reserved 1048576K
}
Event: 27,820 GC heap before
{Heap before GC invocations=18 (full 3):
 PSYoungGen      total 305664K, used 305642K [0x00000000eab00000, 0x0000000100000000, 0x0000000100000000)
  eden space 275456K, 100% used [0x00000000eab00000,0x00000000fb800000,0x00000000fb800000)
  from space 30208K, 99% used [0x00000000fe080000,0x00000000ffdfaa60,0x00000000ffe00000)
  to   space 36864K, 0% used [0x00000000fb800000,0x00000000fb800000,0x00000000fdc00000)
 ParOldGen       total 142336K, used 66030K [0x00000000c0000000, 0x00000000c8b00000, 0x00000000eab00000)
  object space 142336K, 46% used [0x00000000c0000000,0x00000000c407baf0,0x00000000c8b00000)
 Metaspace       used 75175K, capacity 76750K, committed 77312K, reserved 1114112K
  class space    used 12208K, capacity 12676K, committed 12800K, reserved 1048576K
Event: 27,946 GC heap after
Heap after GC invocations=18 (full 3):
 PSYoungGen      total 312320K, used 36835K [0x00000000eab00000, 0x0000000100000000, 0x0000000100000000)
  eden space 275456K, 0% used [0x00000000eab00000,0x00000000eab00000,0x00000000fb800000)
  from space 36864K, 99% used [0x00000000fb800000,0x00000000fdbf8cb0,0x00000000fdc00000)
  to   space 36864K, 0% used [0x00000000fdc00000,0x00000000fdc00000,0x0000000100000000)
 ParOldGen       total 142336K, used 87249K [0x00000000c0000000, 0x00000000c8b00000, 0x00000000eab00000)
  object space 142336K, 61% used [0x00000000c0000000,0x00000000c5534538,0x00000000c8b00000)
 Metaspace       used 75175K, capacity 76750K, committed 77312K, reserved 1114112K
  class space    used 12208K, capacity 12676K, committed 12800K, reserved 1048576K
}
Event: 30,573 GC heap before
{Heap before GC invocations=19 (full 3):
 PSYoungGen      total 312320K, used 312291K [0x00000000eab00000, 0x0000000100000000, 0x0000000100000000)
  eden space 275456K, 100% used [0x00000000eab00000,0x00000000fb800000,0x00000000fb800000)
  from space 36864K, 99% used [0x00000000fb800000,0x00000000fdbf8cb0,0x00000000fdc00000)
  to   space 36864K, 0% used [0x00000000fdc00000,0x00000000fdc00000,0x0000000100000000)
 ParOldGen       total 142336K, used 87249K [0x00000000c0000000, 0x00000000c8b00000, 0x00000000eab00000)
  object space 142336K, 61% used [0x00000000c0000000,0x00000000c5534538,0x00000000c8b00000)
 Metaspace       used 75329K, capacity 76914K, committed 77312K, reserved 1114112K
  class space    used 12213K, capacity 12708K, committed 12800K, reserved 1048576K
Event: 30,652 GC heap after
Heap after GC invocations=19 (full 3):
 PSYoungGen      total 288768K, used 24727K [0x00000000eab00000, 0x0000000100000000, 0x0000000100000000)
  eden space 251904K, 0% used [0x00000000eab00000,0x00000000eab00000,0x00000000fa100000)
  from space 36864K, 67% used [0x00000000fdc00000,0x00000000ff425c68,0x0000000100000000)
  to   space 48640K, 0% used [0x00000000fa100000,0x00000000fa100000,0x00000000fd080000)
 ParOldGen       total 142336K, used 123994K [0x00000000c0000000, 0x00000000c8b00000, 0x00000000eab00000)
  object space 142336K, 87% used [0x00000000c0000000,0x00000000c79169c8,0x00000000c8b00000)
 Metaspace       used 75329K, capacity 76914K, committed 77312K, reserved 1114112K
  class space    used 12213K, capacity 12708K, committed 12800K, reserved 1048576K
}
Event: 30,652 GC heap before
{Heap before GC invocations=20 (full 4):
 PSYoungGen      total 288768K, used 24727K [0x00000000eab00000, 0x0000000100000000, 0x0000000100000000)
  eden space 251904K, 0% used [0x00000000eab00000,0x00000000eab00000,0x00000000fa100000)
  from space 36864K, 67% used [0x00000000fdc00000,0x00000000ff425c68,0x0000000100000000)
  to   space 48640K, 0% used [0x00000000fa100000,0x00000000fa100000,0x00000000fd080000)
 ParOldGen       total 142336K, used 123994K [0x00000000c0000000, 0x00000000c8b00000, 0x00000000eab00000)
  object space 142336K, 87% used [0x00000000c0000000,0x00000000c79169c8,0x00000000c8b00000)
 Metaspace       used 75329K, capacity 76914K, committed 77312K, reserved 1114112K
  class space    used 12213K, capacity 12708K, committed 12800K, reserved 1048576K
Event: 31,374 GC heap after
Heap after GC invocations=20 (full 4):
 PSYoungGen      total 288768K, used 0K [0x00000000eab00000, 0x0000000100000000, 0x0000000100000000)
  eden space 251904K, 0% used [0x00000000eab00000,0x00000000eab00000,0x00000000fa100000)
  from space 36864K, 0% used [0x00000000fdc00000,0x00000000fdc00000,0x0000000100000000)
  to   space 48640K, 0% used [0x00000000fa100000,0x00000000fa100000,0x00000000fd080000)
 ParOldGen       total 289280K, used 136339K [0x00000000c0000000, 0x00000000d1a80000, 0x00000000eab00000)
  object space 289280K, 47% used [0x00000000c0000000,0x00000000c8524ee8,0x00000000d1a80000)
 Metaspace       used 75329K, capacity 76914K, committed 77312K, reserved 1114112K
  class space    used 12213K, capacity 12708K, committed 12800K, reserved 1048576K
}
Event: 32,057 GC heap before
{Heap before GC invocations=21 (full 4):
 PSYoungGen      total 288768K, used 251904K [0x00000000eab00000, 0x0000000100000000, 0x0000000100000000)
  eden space 251904K, 100% used [0x00000000eab00000,0x00000000fa100000,0x00000000fa100000)
  from space 36864K, 0% used [0x00000000fdc00000,0x00000000fdc00000,0x0000000100000000)
  to   space 48640K, 0% used [0x00000000fa100000,0x00000000fa100000,0x00000000fd080000)
 ParOldGen       total 289280K, used 136339K [0x00000000c0000000, 0x00000000d1a80000, 0x00000000eab00000)
  object space 289280K, 47% used [0x00000000c0000000,0x00000000c8524ee8,0x00000000d1a80000)
 Metaspace       used 75334K, capacity 76914K, committed 77312K, reserved 1114112K
  class space    used 12213K, capacity 12708K, committed 12800K, reserved 1048576K
Event: 32,061 GC heap after
Heap after GC invocations=21 (full 4):
 PSYoungGen      total 252416K, used 160K [0x00000000eab00000, 0x0000000100000000, 0x0000000100000000)
  eden space 251904K, 0% used [0x00000000eab00000,0x00000000eab00000,0x00000000fa100000)
  from space 512K, 31% used [0x00000000fa100000,0x00000000fa128000,0x00000000fa180000)
  to   space 49664K, 0% used [0x00000000fcf80000,0x00000000fcf80000,0x0000000100000000)
 ParOldGen       total 289280K, used 136339K [0x00000000c0000000, 0x00000000d1a80000, 0x00000000eab00000)
  object space 289280K, 47% used [0x00000000c0000000,0x00000000c8524ee8,0x00000000d1a80000)
 Metaspace       used 75334K, capacity 76914K, committed 77312K, reserved 1114112K
  class space    used 12213K, capacity 12708K, committed 12800K, reserved 1048576K
}
Event: 32,821 GC heap before
{Heap before GC invocations=22 (full 4):
 PSYoungGen      total 252416K, used 252064K [0x00000000eab00000, 0x0000000100000000, 0x0000000100000000)
  eden space 251904K, 100% used [0x00000000eab00000,0x00000000fa100000,0x00000000fa100000)
  from space 512K, 31% used [0x00000000fa100000,0x00000000fa128000,0x00000000fa180000)
  to   space 49664K, 0% used [0x00000000fcf80000,0x00000000fcf80000,0x0000000100000000)
 ParOldGen       total 289280K, used 136339K [0x00000000c0000000, 0x00000000d1a80000, 0x00000000eab00000)
  object space 289280K, 47% used [0x00000000c0000000,0x00000000c8524ee8,0x00000000d1a80000)
 Metaspace       used 75334K, capacity 76914K, committed 77312K, reserved 1114112K
  class space    used 12213K, capacity 12708K, committed 12800K, reserved 1048576K
Event: 32,825 GC heap after
Heap after GC invocations=22 (full 4):
 PSYoungGen      total 299520K, used 96K [0x00000000eab00000, 0x0000000100000000, 0x0000000100000000)
  eden space 249856K, 0% used [0x00000000eab00000,0x00000000eab00000,0x00000000f9f00000)
  from space 49664K, 0% used [0x00000000fcf80000,0x00000000fcf98000,0x0000000100000000)
  to   space 49664K, 0% used [0x00000000f9f00000,0x00000000f9f00000,0x00000000fcf80000)
 ParOldGen       total 289280K, used 136339K [0x00000000c0000000, 0x00000000d1a80000, 0x00000000eab00000)
  object space 289280K, 47% used [0x00000000c0000000,0x00000000c8524ee8,0x00000000d1a80000)
 Metaspace       used 75334K, capacity 76914K, committed 77312K, reserved 1114112K
  class space    used 12213K, capacity 12708K, committed 12800K, reserved 1048576K
}
Event: 33,620 GC heap before
{Heap before GC invocations=23 (full 4):
 PSYoungGen      total 299520K, used 240272K [0x00000000eab00000, 0x0000000100000000, 0x0000000100000000)
  eden space 249856K, 96% used [0x00000000eab00000,0x00000000f958c378,0x00000000f9f00000)
  from space 49664K, 0% used [0x00000000fcf80000,0x00000000fcf98000,0x0000000100000000)
  to   space 49664K, 0% used [0x00000000f9f00000,0x00000000f9f00000,0x00000000fcf80000)
 ParOldGen       total 289280K, used 136339K [0x00000000c0000000, 0x00000000d1a80000, 0x00000000eab00000)
  object space 289280K, 47% used [0x00000000c0000000,0x00000000c8524ee8,0x00000000d1a80000)
 Metaspace       used 75334K, capacity 76914K, committed 77312K, reserved 1114112K
  class space    used 12213K, capacity 12708K, committed 12800K, reserved 1048576K
Event: 33,630 GC heap after
Heap after GC invocations=23 (full 4):
 PSYoungGen      total 273920K, used 23854K [0x00000000eab00000, 0x00000000fff00000, 0x0000000100000000)
  eden space 249856K, 0% used [0x00000000eab00000,0x00000000eab00000,0x00000000f9f00000)
  from space 24064K, 99% used [0x00000000f9f00000,0x00000000fb64bae0,0x00000000fb680000)
  to   space 49152K, 0% used [0x00000000fcf00000,0x00000000fcf00000,0x00000000fff00000)
 ParOldGen       total 289280K, used 136339K [0x00000000c0000000, 0x00000000d1a80000, 0x00000000eab00000)
  object space 289280K, 47% used [0x00000000c0000000,0x00000000c8524ee8,0x00000000d1a80000)
 Metaspace       used 75334K, capacity 76914K, committed 77312K, reserved 1114112K
  class space    used 12213K, capacity 12708K, committed 12800K, reserved 1048576K
}
Event: 34,223 GC heap before
{Heap before GC invocations=24 (full 4):
 PSYoungGen      total 273920K, used 273710K [0x00000000eab00000, 0x00000000fff00000, 0x0000000100000000)
  eden space 249856K, 100% used [0x00000000eab00000,0x00000000f9f00000,0x00000000f9f00000)
  from space 24064K, 99% used [0x00000000f9f00000,0x00000000fb64bae0,0x00000000fb680000)
  to   space 49152K, 0% used [0x00000000fcf00000,0x00000000fcf00000,0x00000000fff00000)
 ParOldGen       total 289280K, used 136339K [0x00000000c0000000, 0x00000000d1a80000, 0x00000000eab00000)
  object space 289280K, 47% used [0x00000000c0000000,0x00000000c8524ee8,0x00000000d1a80000)
 Metaspace       used 75334K, capacity 76914K, committed 77312K, reserved 1114112K
  class space    used 12213K, capacity 12708K, committed 12800K, reserved 1048576K
Event: 34,238 GC heap after
Heap after GC invocations=24 (full 4):
 PSYoungGen      total 289792K, used 39638K [0x00000000eab00000, 0x0000000100000000, 0x0000000100000000)
  eden space 240640K, 0% used [0x00000000eab00000,0x00000000eab00000,0x00000000f9600000)
  from space 49152K, 80% used [0x00000000fcf00000,0x00000000ff5b58a0,0x00000000fff00000)
  to   space 54272K, 0% used [0x00000000f9600000,0x00000000f9600000,0x00000000fcb00000)
 ParOldGen       total 289280K, used 147463K [0x00000000c0000000, 0x00000000d1a80000, 0x00000000eab00000)
  object space 289280K, 50% used [0x00000000c0000000,0x00000000c9001ce8,0x00000000d1a80000)
 Metaspace       used 75334K, capacity 76914K, committed 77312K, reserved 1114112K
  class space    used 12213K, capacity 12708K, committed 12800K, reserved 1048576K
}
Event: 34,869 GC heap before
{Heap before GC invocations=25 (full 4):
 PSYoungGen      total 289792K, used 280278K [0x00000000eab00000, 0x0000000100000000, 0x0000000100000000)
  eden space 240640K, 100% used [0x00000000eab00000,0x00000000f9600000,0x00000000f9600000)
  from space 49152K, 80% used [0x00000000fcf00000,0x00000000ff5b58a0,0x00000000fff00000)
  to   space 54272K, 0% used [0x00000000f9600000,0x00000000f9600000,0x00000000fcb00000)
 ParOldGen       total 289280K, used 147463K [0x00000000c0000000, 0x00000000d1a80000, 0x00000000eab00000)
  object space 289280K, 50% used [0x00000000c0000000,0x00000000c9001ce8,0x00000000d1a80000)
 Metaspace       used 75334K, capacity 76914K, committed 77312K, reserved 1114112K
  class space    used 12213K, capacity 12708K, committed 12800K, reserved 1048576K
Event: 34,878 GC heap after
Heap after GC invocations=25 (full 4):
 PSYoungGen      total 280576K, used 39606K [0x00000000eab00000, 0x0000000100000000, 0x0000000100000000)
  eden space 240640K, 0% used [0x00000000eab00000,0x00000000eab00000,0x00000000f9600000)
  from space 39936K, 99% used [0x00000000f9600000,0x00000000fbcad8a0,0x00000000fbd00000)
  to   space 57856K, 0% used [0x00000000fc780000,0x00000000fc780000,0x0000000100000000)
 ParOldGen       total 289280K, used 147463K [0x00000000c0000000, 0x00000000d1a80000, 0x00000000eab00000)
  object space 289280K, 50% used [0x00000000c0000000,0x00000000c9001ce8,0x00000000d1a80000)
 Metaspace       used 75334K, capacity 76914K, committed 77312K, reserved 1114112K
  class space    used 12213K, capacity 12708K, committed 12800K, reserved 1048576K
}
Event: 35,551 GC heap before
{Heap before GC invocations=26 (full 4):
 PSYoungGen      total 280576K, used 280246K [0x00000000eab00000, 0x0000000100000000, 0x0000000100000000)
  eden space 240640K, 100% used [0x00000000eab00000,0x00000000f9600000,0x00000000f9600000)
  from space 39936K, 99% used [0x00000000f9600000,0x00000000fbcad8a0,0x00000000fbd00000)
  to   space 57856K, 0% used [0x00000000fc780000,0x00000000fc780000,0x0000000100000000)
 ParOldGen       total 289280K, used 147463K [0x00000000c0000000, 0x00000000d1a80000, 0x00000000eab00000)
  object space 289280K, 50% used [0x00000000c0000000,0x00000000c9001ce8,0x00000000d1a80000)
 Metaspace       used 75334K, capacity 76914K, committed 77312K, reserved 1114112K
  class space    used 12213K, capacity 12708K, committed 12800K, reserved 1048576K
Event: 35,559 GC heap after
Heap after GC invocations=26 (full 4):
 PSYoungGen      total 285184K, used 39638K [0x00000000eab00000, 0x0000000100000000, 0x0000000100000000)
  eden space 227328K, 0% used [0x00000000eab00000,0x00000000eab00000,0x00000000f8900000)
  from space 57856K, 68% used [0x00000000fc780000,0x00000000fee358a0,0x0000000100000000)
  to   space 60928K, 0% used [0x00000000f8900000,0x00000000f8900000,0x00000000fc480000)
 ParOldGen       total 289280K, used 147463K [0x00000000c0000000, 0x00000000d1a80000, 0x00000000eab00000)
  object space 289280K, 50% used [0x00000000c0000000,0x00000000c9001ce8,0x00000000d1a80000)
 Metaspace       used 75334K, capacity 76914K, committed 77312K, reserved 1114112K
  class space    used 12213K, capacity 12708K, committed 12800K, reserved 1048576K
}
Event: 37,394 GC heap before
{Heap before GC invocations=27 (full 4):
 PSYoungGen      total 285184K, used 266966K [0x00000000eab00000, 0x0000000100000000, 0x0000000100000000)
  eden space 227328K, 100% used [0x00000000eab00000,0x00000000f8900000,0x00000000f8900000)
  from space 57856K, 68% used [0x00000000fc780000,0x00000000fee358a0,0x0000000100000000)
  to   space 60928K, 0% used [0x00000000f8900000,0x00000000f8900000,0x00000000fc480000)
 ParOldGen       total 289280K, used 147463K [0x00000000c0000000, 0x00000000d1a80000, 0x00000000eab00000)
  object space 289280K, 50% used [0x00000000c0000000,0x00000000c9001ce8,0x00000000d1a80000)
 Metaspace       used 75368K, capacity 76914K, committed 77312K, reserved 1114112K
  class space    used 12213K, capacity 12708K, committed 12800K, reserved 1048576K
Event: 37,406 GC heap after
Heap after GC invocations=27 (full 4):
 PSYoungGen      total 275456K, used 47982K [0x00000000eab00000, 0x0000000100000000, 0x0000000100000000)
  eden space 227328K, 0% used [0x00000000eab00000,0x00000000eab00000,0x00000000f8900000)
  from space 48128K, 99% used [0x00000000f8900000,0x00000000fb7dba60,0x00000000fb800000)
  to   space 66560K, 0% used [0x00000000fbf00000,0x00000000fbf00000,0x0000000100000000)
 ParOldGen       total 289280K, used 147463K [0x00000000c0000000, 0x00000000d1a80000, 0x00000000eab00000)
  object space 289280K, 50% used [0x00000000c0000000,0x00000000c9001ce8,0x00000000d1a80000)
 Metaspace       used 75368K, capacity 76914K, committed 77312K, reserved 1114112K
  class space    used 12213K, capacity 12708K, committed 12800K, reserved 1048576K
}
Event: 39,660 GC heap before
{Heap before GC invocations=28 (full 4):
 PSYoungGen      total 275456K, used 275310K [0x00000000eab00000, 0x0000000100000000, 0x0000000100000000)
  eden space 227328K, 100% used [0x00000000eab00000,0x00000000f8900000,0x00000000f8900000)
  from space 48128K, 99% used [0x00000000f8900000,0x00000000fb7dba60,0x00000000fb800000)
  to   space 66560K, 0% used [0x00000000fbf00000,0x00000000fbf00000,0x0000000100000000)
 ParOldGen       total 289280K, used 147463K [0x00000000c0000000, 0x00000000d1a80000, 0x00000000eab00000)
  object space 289280K, 50% used [0x00000000c0000000,0x00000000c9001ce8,0x00000000d1a80000)
 Metaspace       used 75387K, capacity 76982K, committed 77568K, reserved 1114112K
  class space    used 12214K, capacity 12708K, committed 12800K, reserved 1048576K
Event: 39,676 GC heap after
Heap after GC invocations=28 (full 4):
 PSYoungGen      total 268288K, used 57195K [0x00000000eab00000, 0x0000000100000000, 0x0000000100000000)
  eden space 201728K, 0% used [0x00000000eab00000,0x00000000eab00000,0x00000000f7000000)
  from space 66560K, 85% used [0x00000000fbf00000,0x00000000ff6dae60,0x0000000100000000)
  to   space 73728K, 0% used [0x00000000f7000000,0x00000000f7000000,0x00000000fb800000)
 ParOldGen       total 289280K, used 147463K [0x00000000c0000000, 0x00000000d1a80000, 0x00000000eab00000)
  object space 289280K, 50% used [0x00000000c0000000,0x00000000c9001ce8,0x00000000d1a80000)
 Metaspace       used 75387K, capacity 76982K, committed 77568K, reserved 1114112K
  class space    used 12214K, capacity 12708K, committed 12800K, reserved 1048576K
}
Event: 257,678 GC heap before
{Heap before GC invocations=29 (full 4):
 PSYoungGen      total 268288K, used 258923K [0x00000000eab00000, 0x0000000100000000, 0x0000000100000000)
  eden space 201728K, 100% used [0x00000000eab00000,0x00000000f7000000,0x00000000f7000000)
  from space 66560K, 85% used [0x00000000fbf00000,0x00000000ff6dae60,0x0000000100000000)
  to   space 73728K, 0% used [0x00000000f7000000,0x00000000f7000000,0x00000000fb800000)
 ParOldGen       total 289280K, used 147463K [0x00000000c0000000, 0x00000000d1a80000, 0x00000000eab00000)
  object space 289280K, 50% used [0x00000000c0000000,0x00000000c9001ce8,0x00000000d1a80000)
 Metaspace       used 76492K, capacity 78274K, committed 78464K, reserved 1114112K
  class space    used 12313K, capacity 12803K, committed 12928K, reserved 1048576K
Event: 257,706 GC heap after
Heap after GC invocations=29 (full 4):
 PSYoungGen      total 264704K, used 62922K [0x00000000eab00000, 0x0000000100000000, 0x0000000100000000)
  eden space 201728K, 0% used [0x00000000eab00000,0x00000000eab00000,0x00000000f7000000)
  from space 62976K, 99% used [0x00000000f7000000,0x00000000fad72b50,0x00000000fad80000)
  to   space 81920K, 0% used [0x00000000fb000000,0x00000000fb000000,0x0000000100000000)
 ParOldGen       total 289280K, used 147471K [0x00000000c0000000, 0x00000000d1a80000, 0x00000000eab00000)
  object space 289280K, 50% used [0x00000000c0000000,0x00000000c9003ce8,0x00000000d1a80000)
 Metaspace       used 76492K, capacity 78274K, committed 78464K, reserved 1114112K
  class space    used 12313K, capacity 12803K, committed 12928K, reserved 1048576K
}
Event: 262,569 GC heap before
{Heap before GC invocations=30 (full 4):
 PSYoungGen      total 264704K, used 264650K [0x00000000eab00000, 0x0000000100000000, 0x0000000100000000)
  eden space 201728K, 100% used [0x00000000eab00000,0x00000000f7000000,0x00000000f7000000)
  from space 62976K, 99% used [0x00000000f7000000,0x00000000fad72b50,0x00000000fad80000)
  to   space 81920K, 0% used [0x00000000fb000000,0x00000000fb000000,0x0000000100000000)
 ParOldGen       total 289280K, used 147471K [0x00000000c0000000, 0x00000000d1a80000, 0x00000000eab00000)
  object space 289280K, 50% used [0x00000000c0000000,0x00000000c9003ce8,0x00000000d1a80000)
 Metaspace       used 98703K, capacity 100730K, committed 100864K, reserved 1132544K
  class space    used 16588K, capacity 17126K, committed 17152K, reserved 1048576K
Event: 262,691 GC heap after
Heap after GC invocations=30 (full 4):
 PSYoungGen      total 229376K, used 81908K [0x00000000eab00000, 0x0000000100000000, 0x0000000100000000)
  eden space 147456K, 0% used [0x00000000eab00000,0x00000000eab00000,0x00000000f3b00000)
  from space 81920K, 99% used [0x00000000fb000000,0x00000000ffffd260,0x0000000100000000)
  to   space 100864K, 0% used [0x00000000f3b00000,0x00000000f3b00000,0x00000000f9d80000)
 ParOldGen       total 289280K, used 162494K [0x00000000c0000000, 0x00000000d1a80000, 0x00000000eab00000)
  object space 289280K, 56% used [0x00000000c0000000,0x00000000c9eaf840,0x00000000d1a80000)
 Metaspace       used 98703K, capacity 100730K, committed 100864K, reserved 1132544K
  class space    used 16588K, capacity 17126K, committed 17152K, reserved 1048576K
}
Event: 274,435 GC heap before
{Heap before GC invocations=31 (full 4):
 PSYoungGen      total 229376K, used 229364K [0x00000000eab00000, 0x0000000100000000, 0x0000000100000000)
  eden space 147456K, 100% used [0x00000000eab00000,0x00000000f3b00000,0x00000000f3b00000)
  from space 81920K, 99% used [0x00000000fb000000,0x00000000ffffd260,0x0000000100000000)
  to   space 100864K, 0% used [0x00000000f3b00000,0x00000000f3b00000,0x00000000f9d80000)
 ParOldGen       total 289280K, used 162494K [0x00000000c0000000, 0x00000000d1a80000, 0x00000000eab00000)
  object space 289280K, 56% used [0x00000000c0000000,0x00000000c9eaf840,0x00000000d1a80000)
 Metaspace       used 100069K, capacity 102112K, committed 102400K, reserved 1134592K
  class space    used 16841K, capacity 17389K, committed 17408K, reserved 1048576K
Event: 274,519 GC heap after
Heap after GC invocations=31 (full 4):
 PSYoungGen      total 237056K, used 89163K [0x00000000eab00000, 0x0000000100000000, 0x0000000100000000)
  eden space 147456K, 0% used [0x00000000eab00000,0x00000000eab00000,0x00000000f3b00000)
  from space 89600K, 99% used [0x00000000f3b00000,0x00000000f9212c80,0x00000000f9280000)
  to   space 112128K, 0% used [0x00000000f9280000,0x00000000f9280000,0x0000000100000000)
 ParOldGen       total 289280K, used 162619K [0x00000000c0000000, 0x00000000d1a80000, 0x00000000eab00000)
  object space 289280K, 56% used [0x00000000c0000000,0x00000000c9ecec40,0x00000000d1a80000)
 Metaspace       used 100069K, capacity 102112K, committed 102400K, reserved 1134592K
  class space    used 16841K, capacity 17389K, committed 17408K, reserved 1048576K
}
Event: 276,575 GC heap before
{Heap before GC invocations=32 (full 4):
 PSYoungGen      total 237056K, used 236619K [0x00000000eab00000, 0x0000000100000000, 0x0000000100000000)
  eden space 147456K, 100% used [0x00000000eab00000,0x00000000f3b00000,0x00000000f3b00000)
  from space 89600K, 99% used [0x00000000f3b00000,0x00000000f9212c80,0x00000000f9280000)
  to   space 112128K, 0% used [0x00000000f9280000,0x00000000f9280000,0x0000000100000000)
 ParOldGen       total 289280K, used 162619K [0x00000000c0000000, 0x00000000d1a80000, 0x00000000eab00000)
  object space 289280K, 56% used [0x00000000c0000000,0x00000000c9ecec40,0x00000000d1a80000)
 Metaspace       used 106058K, capacity 108126K, committed 108288K, reserved 1138688K
  class space    used 18338K, capacity 18899K, committed 18944K, reserved 1048576K
Event: 276,658 GC heap after
Heap after GC invocations=32 (full 4):
 PSYoungGen      total 228864K, used 104542K [0x00000000eab00000, 0x0000000100000000, 0x0000000100000000)
  eden space 116736K, 0% used [0x00000000eab00000,0x00000000eab00000,0x00000000f1d00000)
  from space 112128K, 93% used [0x00000000f9280000,0x00000000ff897950,0x0000000100000000)
  to   space 116224K, 0% used [0x00000000f1d00000,0x00000000f1d00000,0x00000000f8e80000)
 ParOldGen       total 289280K, used 162627K [0x00000000c0000000, 0x00000000d1a80000, 0x00000000eab00000)
  object space 289280K, 56% used [0x00000000c0000000,0x00000000c9ed0c40,0x00000000d1a80000)
 Metaspace       used 106058K, capacity 108126K, committed 108288K, reserved 1138688K
  class space    used 18338K, capacity 18899K, committed 18944K, reserved 1048576K
}
Event: 276,936 GC heap before
{Heap before GC invocations=33 (full 4):
 PSYoungGen      total 228864K, used 221278K [0x00000000eab00000, 0x0000000100000000, 0x0000000100000000)
  eden space 116736K, 100% used [0x00000000eab00000,0x00000000f1d00000,0x00000000f1d00000)
  from space 112128K, 93% used [0x00000000f9280000,0x00000000ff897950,0x0000000100000000)
  to   space 116224K, 0% used [0x00000000f1d00000,0x00000000f1d00000,0x00000000f8e80000)
 ParOldGen       total 289280K, used 162627K [0x00000000c0000000, 0x00000000d1a80000, 0x00000000eab00000)
  object space 289280K, 56% used [0x00000000c0000000,0x00000000c9ed0c40,0x00000000d1a80000)
 Metaspace       used 106435K, capacity 108478K, committed 108672K, reserved 1138688K
  class space    used 18440K, capacity 18995K, committed 19072K, reserved 1048576K
Event: 277,008 GC heap after
Heap after GC invocations=33 (full 4):
 PSYoungGen      total 232960K, used 83055K [0x00000000eab00000, 0x0000000100000000, 0x0000000100000000)
  eden space 116736K, 0% used [0x00000000eab00000,0x00000000eab00000,0x00000000f1d00000)
  from space 116224K, 71% used [0x00000000f1d00000,0x00000000f6e1bc48,0x00000000f8e80000)
  to   space 116224K, 0% used [0x00000000f8e80000,0x00000000f8e80000,0x0000000100000000)
 ParOldGen       total 289280K, used 179450K [0x00000000c0000000, 0x00000000d1a80000, 0x00000000eab00000)
  object space 289280K, 62% used [0x00000000c0000000,0x00000000caf3ebd8,0x00000000d1a80000)
 Metaspace       used 106435K, capacity 108478K, committed 108672K, reserved 1138688K
  class space    used 18440K, capacity 18995K, committed 19072K, reserved 1048576K
}
Event: 277,768 GC heap before
{Heap before GC invocations=34 (full 4):
 PSYoungGen      total 232960K, used 199791K [0x00000000eab00000, 0x0000000100000000, 0x0000000100000000)
  eden space 116736K, 100% used [0x00000000eab00000,0x00000000f1d00000,0x00000000f1d00000)
  from space 116224K, 71% used [0x00000000f1d00000,0x00000000f6e1bc48,0x00000000f8e80000)
  to   space 116224K, 0% used [0x00000000f8e80000,0x00000000f8e80000,0x0000000100000000)
 ParOldGen       total 289280K, used 179450K [0x00000000c0000000, 0x00000000d1a80000, 0x00000000eab00000)
  object space 289280K, 62% used [0x00000000c0000000,0x00000000caf3ebd8,0x00000000d1a80000)
 Metaspace       used 106752K, capacity 108802K, committed 108928K, reserved 1138688K
  class space    used 18493K, capacity 19059K, committed 19072K, reserved 1048576K
Event: 277,859 GC heap after
Heap after GC invocations=34 (full 4):
 PSYoungGen      total 232960K, used 77516K [0x00000000eab00000, 0x0000000100000000, 0x0000000100000000)
  eden space 116736K, 0% used [0x00000000eab00000,0x00000000eab00000,0x00000000f1d00000)
  from space 116224K, 66% used [0x00000000f8e80000,0x00000000fda330e0,0x0000000100000000)
  to   space 116224K, 0% used [0x00000000f1d00000,0x00000000f1d00000,0x00000000f8e80000)
 ParOldGen       total 289280K, used 190600K [0x00000000c0000000, 0x00000000d1a80000, 0x00000000eab00000)
  object space 289280K, 65% used [0x00000000c0000000,0x00000000cba220f8,0x00000000d1a80000)
 Metaspace       used 106752K, capacity 108802K, committed 108928K, reserved 1138688K
  class space    used 18493K, capacity 19059K, committed 19072K, reserved 1048576K
}
Event: 279,898 GC heap before
{Heap before GC invocations=35 (full 4):
 PSYoungGen      total 232960K, used 194252K [0x00000000eab00000, 0x0000000100000000, 0x0000000100000000)
  eden space 116736K, 100% used [0x00000000eab00000,0x00000000f1d00000,0x00000000f1d00000)
  from space 116224K, 66% used [0x00000000f8e80000,0x00000000fda330e0,0x0000000100000000)
  to   space 116224K, 0% used [0x00000000f1d00000,0x00000000f1d00000,0x00000000f8e80000)
 ParOldGen       total 289280K, used 190600K [0x00000000c0000000, 0x00000000d1a80000, 0x00000000eab00000)
  object space 289280K, 65% used [0x00000000c0000000,0x00000000cba220f8,0x00000000d1a80000)
 Metaspace       used 107981K, capacity 110040K, committed 110336K, reserved 1140736K
  class space    used 18645K, capacity 19192K, committed 19200K, reserved 1048576K
Event: 280,032 GC heap after
Heap after GC invocations=35 (full 4):
 PSYoungGen      total 232960K, used 67984K [0x00000000eab00000, 0x0000000100000000, 0x0000000100000000)
  eden space 116736K, 0% used [0x00000000eab00000,0x00000000eab00000,0x00000000f1d00000)
  from space 116224K, 58% used [0x00000000f1d00000,0x00000000f5f64060,0x00000000f8e80000)
  to   space 116224K, 0% used [0x00000000f8e80000,0x00000000f8e80000,0x0000000100000000)
 ParOldGen       total 289280K, used 210267K [0x00000000c0000000, 0x00000000d1a80000, 0x00000000eab00000)
  object space 289280K, 72% used [0x00000000c0000000,0x00000000ccd56cf8,0x00000000d1a80000)
 Metaspace       used 107981K, capacity 110040K, committed 110336K, reserved 1140736K
  class space    used 18645K, capacity 19192K, committed 19200K, reserved 1048576K
}
Event: 281,817 GC heap before
{Heap before GC invocations=36 (full 4):
 PSYoungGen      total 232960K, used 184720K [0x00000000eab00000, 0x0000000100000000, 0x0000000100000000)
  eden space 116736K, 100% used [0x00000000eab00000,0x00000000f1d00000,0x00000000f1d00000)
  from space 116224K, 58% used [0x00000000f1d00000,0x00000000f5f64060,0x00000000f8e80000)
  to   space 116224K, 0% used [0x00000000f8e80000,0x00000000f8e80000,0x0000000100000000)
 ParOldGen       total 289280K, used 210267K [0x00000000c0000000, 0x00000000d1a80000, 0x00000000eab00000)
  object space 289280K, 72% used [0x00000000c0000000,0x00000000ccd56cf8,0x00000000d1a80000)
 Metaspace       used 108283K, capacity 110372K, committed 110592K, reserved 1140736K
  class space    used 18649K, capacity 19196K, committed 19200K, reserved 1048576K
Event: 281,931 GC heap after
Heap after GC invocations=36 (full 4):
 PSYoungGen      total 232960K, used 66043K [0x00000000eab00000, 0x0000000100000000, 0x0000000100000000)
  eden space 116736K, 0% used [0x00000000eab00000,0x00000000eab00000,0x00000000f1d00000)
  from space 116224K, 56% used [0x00000000f8e80000,0x00000000fcefec18,0x0000000100000000)
  to   space 116224K, 0% used [0x00000000f1d00000,0x00000000f1d00000,0x00000000f8e80000)
 ParOldGen       total 289280K, used 224845K [0x00000000c0000000, 0x00000000d1a80000, 0x00000000eab00000)
  object space 289280K, 77% used [0x00000000c0000000,0x00000000cdb934f8,0x00000000d1a80000)
 Metaspace       used 108283K, capacity 110372K, committed 110592K, reserved 1140736K
  class space    used 18649K, capacity 19196K, committed 19200K, reserved 1048576K
}
Event: 283,497 GC heap before
{Heap before GC invocations=37 (full 4):
 PSYoungGen      total 232960K, used 182779K [0x00000000eab00000, 0x0000000100000000, 0x0000000100000000)
  eden space 116736K, 100% used [0x00000000eab00000,0x00000000f1d00000,0x00000000f1d00000)
  from space 116224K, 56% used [0x00000000f8e80000,0x00000000fcefec18,0x0000000100000000)
  to   space 116224K, 0% used [0x00000000f1d00000,0x00000000f1d00000,0x00000000f8e80000)
 ParOldGen       total 289280K, used 224845K [0x00000000c0000000, 0x00000000d1a80000, 0x00000000eab00000)
  object space 289280K, 77% used [0x00000000c0000000,0x00000000cdb934f8,0x00000000d1a80000)
 Metaspace       used 108423K, capacity 110504K, committed 110848K, reserved 1140736K
  class space    used 18651K, capacity 19196K, committed 19200K, reserved 1048576K
Event: 283,600 GC heap after
Heap after GC invocations=37 (full 4):
 PSYoungGen      total 232960K, used 54777K [0x00000000eab00000, 0x0000000100000000, 0x0000000100000000)
  eden space 116736K, 0% used [0x00000000eab00000,0x00000000eab00000,0x00000000f1d00000)
  from space 116224K, 47% used [0x00000000f1d00000,0x00000000f527e7d0,0x00000000f8e80000)
  to   space 116224K, 0% used [0x00000000f8e80000,0x00000000f8e80000,0x0000000100000000)
 ParOldGen       total 289280K, used 246525K [0x00000000c0000000, 0x00000000d1a80000, 0x00000000eab00000)
  object space 289280K, 85% used [0x00000000c0000000,0x00000000cf0bf460,0x00000000d1a80000)
 Metaspace       used 108423K, capacity 110504K, committed 110848K, reserved 1140736K
  class space    used 18651K, capacity 19196K, committed 19200K, reserved 1048576K
}
Event: 285,215 GC heap before
{Heap before GC invocations=38 (full 4):
 PSYoungGen      total 232960K, used 171513K [0x00000000eab00000, 0x0000000100000000, 0x0000000100000000)
  eden space 116736K, 100% used [0x00000000eab00000,0x00000000f1d00000,0x00000000f1d00000)
  from space 116224K, 47% used [0x00000000f1d00000,0x00000000f527e7d0,0x00000000f8e80000)
  to   space 116224K, 0% used [0x00000000f8e80000,0x00000000f8e80000,0x0000000100000000)
 ParOldGen       total 289280K, used 246525K [0x00000000c0000000, 0x00000000d1a80000, 0x00000000eab00000)
  object space 289280K, 85% used [0x00000000c0000000,0x00000000cf0bf460,0x00000000d1a80000)
 Metaspace       used 108482K, capacity 110508K, committed 110848K, reserved 1140736K
  class space    used 18651K, capacity 19196K, committed 19200K, reserved 1048576K
Event: 285,303 GC heap after
Heap after GC invocations=38 (full 4):
 PSYoungGen      total 232960K, used 43725K [0x00000000eab00000, 0x0000000100000000, 0x0000000100000000)
  eden space 116736K, 0% used [0x00000000eab00000,0x00000000eab00000,0x00000000f1d00000)
  from space 116224K, 37% used [0x00000000f8e80000,0x00000000fb9334d0,0x0000000100000000)
  to   space 116224K, 0% used [0x00000000f1d00000,0x00000000f1d00000,0x00000000f8e80000)
 ParOldGen       total 289280K, used 258882K [0x00000000c0000000, 0x00000000d1a80000, 0x00000000eab00000)
  object space 289280K, 89% used [0x00000000c0000000,0x00000000cfcd0ab0,0x00000000d1a80000)
 Metaspace       used 108482K, capacity 110508K, committed 110848K, reserved 1140736K
  class space    used 18651K, capacity 19196K, committed 19200K, reserved 1048576K
}
Event: 285,303 GC heap before
{Heap before GC invocations=39 (full 5):
 PSYoungGen      total 232960K, used 43725K [0x00000000eab00000, 0x0000000100000000, 0x0000000100000000)
  eden space 116736K, 0% used [0x00000000eab00000,0x00000000eab00000,0x00000000f1d00000)
  from space 116224K, 37% used [0x00000000f8e80000,0x00000000fb9334d0,0x0000000100000000)
  to   space 116224K, 0% used [0x00000000f1d00000,0x00000000f1d00000,0x00000000f8e80000)
 ParOldGen       total 289280K, used 258882K [0x00000000c0000000, 0x00000000d1a80000, 0x00000000eab00000)
  object space 289280K, 89% used [0x00000000c0000000,0x00000000cfcd0ab0,0x00000000d1a80000)
 Metaspace       used 108482K, capacity 110508K, committed 110848K, reserved 1140736K
  class space    used 18651K, capacity 19196K, committed 19200K, reserved 1048576K
Event: 286,170 GC heap after
Heap after GC invocations=39 (full 5):
 PSYoungGen      total 232960K, used 0K [0x00000000eab00000, 0x0000000100000000, 0x0000000100000000)
  eden space 116736K, 0% used [0x00000000eab00000,0x00000000eab00000,0x00000000f1d00000)
  from space 116224K, 0% used [0x00000000f8e80000,0x00000000f8e80000,0x0000000100000000)
  to   space 116224K, 0% used [0x00000000f1d00000,0x00000000f1d00000,0x00000000f8e80000)
 ParOldGen       total 347136K, used 175326K [0x00000000c0000000, 0x00000000d5300000, 0x00000000eab00000)
  object space 347136K, 50% used [0x00000000c0000000,0x00000000cab37bb0,0x00000000d5300000)
 Metaspace       used 108482K, capacity 110508K, committed 110848K, reserved 1140736K
  class space    used 18651K, capacity 19196K, committed 19200K, reserved 1048576K
}
Event: 287,220 GC heap before
{Heap before GC invocations=40 (full 5):
 PSYoungGen      total 232960K, used 116736K [0x00000000eab00000, 0x0000000100000000, 0x0000000100000000)
  eden space 116736K, 100% used [0x00000000eab00000,0x00000000f1d00000,0x00000000f1d00000)
  from space 116224K, 0% used [0x00000000f8e80000,0x00000000f8e80000,0x0000000100000000)
  to   space 116224K, 0% used [0x00000000f1d00000,0x00000000f1d00000,0x00000000f8e80000)
 ParOldGen       total 347136K, used 175326K [0x00000000c0000000, 0x00000000d5300000, 0x00000000eab00000)
  object space 347136K, 50% used [0x00000000c0000000,0x00000000cab37bb0,0x00000000d5300000)
 Metaspace       used 108592K, capacity 110700K, committed 110976K, reserved 1140736K
  class space    used 18657K, capacity 19260K, committed 19328K, reserved 1048576K
Event: 287,227 GC heap after
Heap after GC invocations=40 (full 5):
 PSYoungGen      total 232960K, used 23398K [0x00000000eab00000, 0x0000000100000000, 0x0000000100000000)
  eden space 116736K, 0% used [0x00000000eab00000,0x00000000eab00000,0x00000000f1d00000)
  from space 116224K, 20% used [0x00000000f1d00000,0x00000000f33d9908,0x00000000f8e80000)
  to   space 116224K, 0% used [0x00000000f8e80000,0x00000000f8e80000,0x0000000100000000)
 ParOldGen       total 347136K, used 175334K [0x00000000c0000000, 0x00000000d5300000, 0x00000000eab00000)
  object space 347136K, 50% used [0x00000000c0000000,0x00000000cab39bb0,0x00000000d5300000)
 Metaspace       used 108592K, capacity 110700K, committed 110976K, reserved 1140736K
  class space    used 18657K, capacity 19260K, committed 19328K, reserved 1048576K
}
Event: 287,559 GC heap before
{Heap before GC invocations=41 (full 5):
 PSYoungGen      total 232960K, used 140134K [0x00000000eab00000, 0x0000000100000000, 0x0000000100000000)
  eden space 116736K, 100% used [0x00000000eab00000,0x00000000f1d00000,0x00000000f1d00000)
  from space 116224K, 20% used [0x00000000f1d00000,0x00000000f33d9908,0x00000000f8e80000)
  to   space 116224K, 0% used [0x00000000f8e80000,0x00000000f8e80000,0x0000000100000000)
 ParOldGen       total 347136K, used 175334K [0x00000000c0000000, 0x00000000d5300000, 0x00000000eab00000)
  object space 347136K, 50% used [0x00000000c0000000,0x00000000cab39bb0,0x00000000d5300000)
 Metaspace       used 108599K, capacity 110700K, committed 110976K, reserved 1140736K
  class space    used 18657K, capacity 19260K, committed 19328K, reserved 1048576K
Event: 287,567 GC heap after
Heap after GC invocations=41 (full 5):
 PSYoungGen      total 229888K, used 23302K [0x00000000eab00000, 0x00000000ffd00000, 0x0000000100000000)
  eden space 116736K, 0% used [0x00000000eab00000,0x00000000eab00000,0x00000000f1d00000)
  from space 113152K, 20% used [0x00000000f8e80000,0x00000000fa541908,0x00000000ffd00000)
  to   space 114688K, 0% used [0x00000000f1d00000,0x00000000f1d00000,0x00000000f8d00000)
 ParOldGen       total 347136K, used 175334K [0x00000000c0000000, 0x00000000d5300000, 0x00000000eab00000)
  object space 347136K, 50% used [0x00000000c0000000,0x00000000cab39bb0,0x00000000d5300000)
 Metaspace       used 108599K, capacity 110700K, committed 110976K, reserved 1140736K
  class space    used 18657K, capacity 19260K, committed 19328K, reserved 1048576K
}
Event: 287,870 GC heap before
{Heap before GC invocations=42 (full 5):
 PSYoungGen      total 229888K, used 140038K [0x00000000eab00000, 0x00000000ffd00000, 0x0000000100000000)
  eden space 116736K, 100% used [0x00000000eab00000,0x00000000f1d00000,0x00000000f1d00000)
  from space 113152K, 20% used [0x00000000f8e80000,0x00000000fa541908,0x00000000ffd00000)
  to   space 114688K, 0% used [0x00000000f1d00000,0x00000000f1d00000,0x00000000f8d00000)
 ParOldGen       total 347136K, used 175334K [0x00000000c0000000, 0x00000000d5300000, 0x00000000eab00000)
  object space 347136K, 50% used [0x00000000c0000000,0x00000000cab39bb0,0x00000000d5300000)
 Metaspace       used 108599K, capacity 110700K, committed 110976K, reserved 1140736K
  class space    used 18657K, capacity 19260K, committed 19328K, reserved 1048576K
Event: 287,877 GC heap after
Heap after GC invocations=42 (full 5):
 PSYoungGen      total 231424K, used 64K [0x00000000eab00000, 0x0000000100000000, 0x0000000100000000)
  eden space 116736K, 0% used [0x00000000eab00000,0x00000000eab00000,0x00000000f1d00000)
  from space 114688K, 0% used [0x00000000f1d00000,0x00000000f1d10000,0x00000000f8d00000)
  to   space 116224K, 0% used [0x00000000f8e80000,0x00000000f8e80000,0x0000000100000000)
 ParOldGen       total 347136K, used 198571K [0x00000000c0000000, 0x00000000d5300000, 0x00000000eab00000)
  object space 347136K, 57% used [0x00000000c0000000,0x00000000cc1eac30,0x00000000d5300000)
 Metaspace       used 108599K, capacity 110700K, committed 110976K, reserved 1140736K
  class space    used 18657K, capacity 19260K, committed 19328K, reserved 1048576K
}
Event: 288,198 GC heap before
{Heap before GC invocations=43 (full 5):
 PSYoungGen      total 231424K, used 116800K [0x00000000eab00000, 0x0000000100000000, 0x0000000100000000)
  eden space 116736K, 100% used [0x00000000eab00000,0x00000000f1d00000,0x00000000f1d00000)
  from space 114688K, 0% used [0x00000000f1d00000,0x00000000f1d10000,0x00000000f8d00000)
  to   space 116224K, 0% used [0x00000000f8e80000,0x00000000f8e80000,0x0000000100000000)
 ParOldGen       total 347136K, used 198571K [0x00000000c0000000, 0x00000000d5300000, 0x00000000eab00000)
  object space 347136K, 57% used [0x00000000c0000000,0x00000000cc1eac30,0x00000000d5300000)
 Metaspace       used 108599K, capacity 110700K, committed 110976K, reserved 1140736K
  class space    used 18657K, capacity 19260K, committed 19328K, reserved 1048576K
Event: 288,205 GC heap after
Heap after GC invocations=43 (full 5):
 PSYoungGen      total 232960K, used 64K [0x00000000eab00000, 0x0000000100000000, 0x0000000100000000)
  eden space 116736K, 0% used [0x00000000eab00000,0x00000000eab00000,0x00000000f1d00000)
  from space 116224K, 0% used [0x00000000f8e80000,0x00000000f8e90000,0x0000000100000000)
  to   space 116224K, 0% used [0x00000000f1d00000,0x00000000f1d00000,0x00000000f8e80000)
 ParOldGen       total 347136K, used 198587K [0x00000000c0000000, 0x00000000d5300000, 0x00000000eab00000)
  object space 347136K, 57% used [0x00000000c0000000,0x00000000cc1eec30,0x00000000d5300000)
 Metaspace       used 108599K, capacity 110700K, committed 110976K, reserved 1140736K
  class space    used 18657K, capacity 19260K, committed 19328K, reserved 1048576K
}
Event: 288,523 GC heap before
{Heap before GC invocations=44 (full 5):
 PSYoungGen      total 232960K, used 116800K [0x00000000eab00000, 0x0000000100000000, 0x0000000100000000)
  eden space 116736K, 100% used [0x00000000eab00000,0x00000000f1d00000,0x00000000f1d00000)
  from space 116224K, 0% used [0x00000000f8e80000,0x00000000f8e90000,0x0000000100000000)
  to   space 116224K, 0% used [0x00000000f1d00000,0x00000000f1d00000,0x00000000f8e80000)
 ParOldGen       total 347136K, used 198587K [0x00000000c0000000, 0x00000000d5300000, 0x00000000eab00000)
  object space 347136K, 57% used [0x00000000c0000000,0x00000000cc1eec30,0x00000000d5300000)
 Metaspace       used 108599K, capacity 110700K, committed 110976K, reserved 1140736K
  class space    used 18657K, capacity 19260K, committed 19328K, reserved 1048576K
Event: 288,527 GC heap after
Heap after GC invocations=44 (full 5):
 PSYoungGen      total 232960K, used 64K [0x00000000eab00000, 0x0000000100000000, 0x0000000100000000)
  eden space 116736K, 0% used [0x00000000eab00000,0x00000000eab00000,0x00000000f1d00000)
  from space 116224K, 0% used [0x00000000f1d00000,0x00000000f1d10000,0x00000000f8e80000)
  to   space 116224K, 0% used [0x00000000f8e80000,0x00000000f8e80000,0x0000000100000000)
 ParOldGen       total 347136K, used 198587K [0x00000000c0000000, 0x00000000d5300000, 0x00000000eab00000)
  object space 347136K, 57% used [0x00000000c0000000,0x00000000cc1eec30,0x00000000d5300000)
 Metaspace       used 108599K, capacity 110700K, committed 110976K, reserved 1140736K
  class space    used 18657K, capacity 19260K, committed 19328K, reserved 1048576K
}
Event: 288,833 GC heap before
{Heap before GC invocations=45 (full 5):
 PSYoungGen      total 232960K, used 116800K [0x00000000eab00000, 0x0000000100000000, 0x0000000100000000)
  eden space 116736K, 100% used [0x00000000eab00000,0x00000000f1d00000,0x00000000f1d00000)
  from space 116224K, 0% used [0x00000000f1d00000,0x00000000f1d10000,0x00000000f8e80000)
  to   space 116224K, 0% used [0x00000000f8e80000,0x00000000f8e80000,0x0000000100000000)
 ParOldGen       total 347136K, used 198587K [0x00000000c0000000, 0x00000000d5300000, 0x00000000eab00000)
  object space 347136K, 57% used [0x00000000c0000000,0x00000000cc1eec30,0x00000000d5300000)
 Metaspace       used 108599K, capacity 110700K, committed 110976K, reserved 1140736K
  class space    used 18657K, capacity 19260K, committed 19328K, reserved 1048576K
Event: 288,837 GC heap after
Heap after GC invocations=45 (full 5):
 PSYoungGen      total 229888K, used 96K [0x00000000eab00000, 0x00000000ffd00000, 0x0000000100000000)
  eden space 116736K, 0% used [0x00000000eab00000,0x00000000eab00000,0x00000000f1d00000)
  from space 113152K, 0% used [0x00000000f8e80000,0x00000000f8e98000,0x00000000ffd00000)
  to   space 114688K, 0% used [0x00000000f1d00000,0x00000000f1d00000,0x00000000f8d00000)
 ParOldGen       total 347136K, used 198587K [0x00000000c0000000, 0x00000000d5300000, 0x00000000eab00000)
  object space 347136K, 57% used [0x00000000c0000000,0x00000000cc1eec30,0x00000000d5300000)
 Metaspace       used 108599K, capacity 110700K, committed 110976K, reserved 1140736K
  class space    used 18657K, capacity 19260K, committed 19328K, reserved 1048576K
}
Event: 289,139 GC heap before
{Heap before GC invocations=46 (full 5):
 PSYoungGen      total 229888K, used 116832K [0x00000000eab00000, 0x00000000ffd00000, 0x0000000100000000)
  eden space 116736K, 100% used [0x00000000eab00000,0x00000000f1d00000,0x00000000f1d00000)
  from space 113152K, 0% used [0x00000000f8e80000,0x00000000f8e98000,0x00000000ffd00000)
  to   space 114688K, 0% used [0x00000000f1d00000,0x00000000f1d00000,0x00000000f8d00000)
 ParOldGen       total 347136K, used 198587K [0x00000000c0000000, 0x00000000d5300000, 0x00000000eab00000)
  object space 347136K, 57% used [0x00000000c0000000,0x00000000cc1eec30,0x00000000d5300000)
 Metaspace       used 108599K, capacity 110700K, committed 110976K, reserved 1140736K
  class space    used 18657K, capacity 19260K, committed 19328K, reserved 1048576K
Event: 289,143 GC heap after
Heap after GC invocations=46 (full 5):
 PSYoungGen      total 231424K, used 64K [0x00000000eab00000, 0x00000000ffc80000, 0x0000000100000000)
  eden space 116736K, 0% used [0x00000000eab00000,0x00000000eab00000,0x00000000f1d00000)
  from space 114688K, 0% used [0x00000000f1d00000,0x00000000f1d10000,0x00000000f8d00000)
  to   space 112128K, 0% used [0x00000000f8f00000,0x00000000f8f00000,0x00000000ffc80000)
 ParOldGen       total 347136K, used 198587K [0x00000000c0000000, 0x00000000d5300000, 0x00000000eab00000)
  object space 347136K, 57% used [0x00000000c0000000,0x00000000cc1eec30,0x00000000d5300000)
 Metaspace       used 108599K, capacity 110700K, committed 110976K, reserved 1140736K
  class space    used 18657K, capacity 19260K, committed 19328K, reserved 1048576K
}
Event: 289,560 GC heap before
{Heap before GC invocations=47 (full 5):
 PSYoungGen      total 231424K, used 114232K [0x00000000eab00000, 0x00000000ffc80000, 0x0000000100000000)
  eden space 116736K, 97% used [0x00000000eab00000,0x00000000f1a7e210,0x00000000f1d00000)
  from space 114688K, 0% used [0x00000000f1d00000,0x00000000f1d10000,0x00000000f8d00000)
  to   space 112128K, 0% used [0x00000000f8f00000,0x00000000f8f00000,0x00000000ffc80000)
 ParOldGen       total 347136K, used 198587K [0x00000000c0000000, 0x00000000d5300000, 0x00000000eab00000)
  object space 347136K, 57% used [0x00000000c0000000,0x00000000cc1eec30,0x00000000d5300000)
 Metaspace       used 108599K, capacity 110700K, committed 110976K, reserved 1140736K
  class space    used 18657K, capacity 19260K, committed 19328K, reserved 1048576K
Event: 289,571 GC heap after
Heap after GC invocations=47 (full 5):
 PSYoungGen      total 219136K, used 28480K [0x00000000eab00000, 0x00000000fed80000, 0x0000000100000000)
  eden space 122368K, 0% used [0x00000000eab00000,0x00000000eab00000,0x00000000f2280000)
  from space 96768K, 29% used [0x00000000f8f00000,0x00000000faad0380,0x00000000fed80000)
  to   space 103936K, 0% used [0x00000000f2280000,0x00000000f2280000,0x00000000f8800000)
 ParOldGen       total 347136K, used 198587K [0x00000000c0000000, 0x00000000d5300000, 0x00000000eab00000)
  object space 347136K, 57% used [0x00000000c0000000,0x00000000cc1eec30,0x00000000d5300000)
 Metaspace       used 108599K, capacity 110700K, committed 110976K, reserved 1140736K
  class space    used 18657K, capacity 19260K, committed 19328K, reserved 1048576K
}
Event: 289,880 GC heap before
{Heap before GC invocations=48 (full 5):
 PSYoungGen      total 219136K, used 150848K [0x00000000eab00000, 0x00000000fed80000, 0x0000000100000000)
  eden space 122368K, 100% used [0x00000000eab00000,0x00000000f2280000,0x00000000f2280000)
  from space 96768K, 29% used [0x00000000f8f00000,0x00000000faad0380,0x00000000fed80000)
  to   space 103936K, 0% used [0x00000000f2280000,0x00000000f2280000,0x00000000f8800000)
 ParOldGen       total 347136K, used 198587K [0x00000000c0000000, 0x00000000d5300000, 0x00000000eab00000)
  object space 347136K, 57% used [0x00000000c0000000,0x00000000cc1eec30,0x00000000d5300000)
 Metaspace       used 108599K, capacity 110700K, committed 110976K, reserved 1140736K
  class space    used 18657K, capacity 19260K, committed 19328K, reserved 1048576K
Event: 289,889 GC heap after
Heap after GC invocations=48 (full 5):
 PSYoungGen      total 226304K, used 39606K [0x00000000eab00000, 0x00000000ff280000, 0x0000000100000000)
  eden space 122368K, 0% used [0x00000000eab00000,0x00000000eab00000,0x00000000f2280000)
  from space 103936K, 38% used [0x00000000f2280000,0x00000000f492d8a0,0x00000000f8800000)
  to   space 100352K, 0% used [0x00000000f9080000,0x00000000f9080000,0x00000000ff280000)
 ParOldGen       total 347136K, used 198587K [0x00000000c0000000, 0x00000000d5300000, 0x00000000eab00000)
  object space 347136K, 57% used [0x00000000c0000000,0x00000000cc1eec30,0x00000000d5300000)
 Metaspace       used 108599K, capacity 110700K, committed 110976K, reserved 1140736K
  class space    used 18657K, capacity 19260K, committed 19328K, reserved 1048576K
}
Event: 290,228 GC heap before
{Heap before GC invocations=49 (full 5):
 PSYoungGen      total 226304K, used 161974K [0x00000000eab00000, 0x00000000ff280000, 0x0000000100000000)
  eden space 122368K, 100% used [0x00000000eab00000,0x00000000f2280000,0x00000000f2280000)
  from space 103936K, 38% used [0x00000000f2280000,0x00000000f492d8a0,0x00000000f8800000)
  to   space 100352K, 0% used [0x00000000f9080000,0x00000000f9080000,0x00000000ff280000)
 ParOldGen       total 347136K, used 198587K [0x00000000c0000000, 0x00000000d5300000, 0x00000000eab00000)
  object space 347136K, 57% used [0x00000000c0000000,0x00000000cc1eec30,0x00000000d5300000)
 Metaspace       used 108599K, capacity 110700K, committed 110976K, reserved 1140736K
  class space    used 18657K, capacity 19260K, committed 19328K, reserved 1048576K
Event: 290,238 GC heap after
Heap after GC invocations=49 (full 5):
 PSYoungGen      total 234496K, used 50761K [0x00000000eab00000, 0x00000000ff380000, 0x0000000100000000)
  eden space 134144K, 0% used [0x00000000eab00000,0x00000000eab00000,0x00000000f2e00000)
  from space 100352K, 50% used [0x00000000f9080000,0x00000000fc2126a0,0x00000000ff280000)
  to   space 100864K, 0% used [0x00000000f2e00000,0x00000000f2e00000,0x00000000f9080000)
 ParOldGen       total 347136K, used 198587K [0x00000000c0000000, 0x00000000d5300000, 0x00000000eab00000)
  object space 347136K, 57% used [0x00000000c0000000,0x00000000cc1eec30,0x00000000d5300000)
 Metaspace       used 108599K, capacity 110700K, committed 110976K, reserved 1140736K
  class space    used 18657K, capacity 19260K, committed 19328K, reserved 1048576K
}
Event: 290,618 GC heap before
{Heap before GC invocations=50 (full 5):
 PSYoungGen      total 234496K, used 184905K [0x00000000eab00000, 0x00000000ff380000, 0x0000000100000000)
  eden space 134144K, 100% used [0x00000000eab00000,0x00000000f2e00000,0x00000000f2e00000)
  from space 100352K, 50% used [0x00000000f9080000,0x00000000fc2126a0,0x00000000ff280000)
  to   space 100864K, 0% used [0x00000000f2e00000,0x00000000f2e00000,0x00000000f9080000)
 ParOldGen       total 347136K, used 198587K [0x00000000c0000000, 0x00000000d5300000, 0x00000000eab00000)
  object space 347136K, 57% used [0x00000000c0000000,0x00000000cc1eec30,0x00000000d5300000)
 Metaspace       used 108599K, capacity 110700K, committed 110976K, reserved 1140736K
  class space    used 18657K, capacity 19260K, committed 19328K, reserved 1048576K
Event: 290,629 GC heap after
Heap after GC invocations=50 (full 5):
 PSYoungGen      total 235008K, used 39638K [0x00000000eab00000, 0x00000000ff880000, 0x0000000100000000)
  eden space 134144K, 0% used [0x00000000eab00000,0x00000000eab00000,0x00000000f2e00000)
  from space 100864K, 39% used [0x00000000f2e00000,0x00000000f54b58a0,0x00000000f9080000)
  to   space 96768K, 0% used [0x00000000f9a00000,0x00000000f9a00000,0x00000000ff880000)
 ParOldGen       total 347136K, used 198587K [0x00000000c0000000, 0x00000000d5300000, 0x00000000eab00000)
  object space 347136K, 57% used [0x00000000c0000000,0x00000000cc1eec30,0x00000000d5300000)
 Metaspace       used 108599K, capacity 110700K, committed 110976K, reserved 1140736K
  class space    used 18657K, capacity 19260K, committed 19328K, reserved 1048576K
}
Event: 291,010 GC heap before
{Heap before GC invocations=51 (full 5):
 PSYoungGen      total 235008K, used 173782K [0x00000000eab00000, 0x00000000ff880000, 0x0000000100000000)
  eden space 134144K, 100% used [0x00000000eab00000,0x00000000f2e00000,0x00000000f2e00000)
  from space 100864K, 39% used [0x00000000f2e00000,0x00000000f54b58a0,0x00000000f9080000)
  to   space 96768K, 0% used [0x00000000f9a00000,0x00000000f9a00000,0x00000000ff880000)
 ParOldGen       total 347136K, used 198587K [0x00000000c0000000, 0x00000000d5300000, 0x00000000eab00000)
  object space 347136K, 57% used [0x00000000c0000000,0x00000000cc1eec30,0x00000000d5300000)
 Metaspace       used 108599K, capacity 110700K, committed 110976K, reserved 1140736K
  class space    used 18657K, capacity 19260K, committed 19328K, reserved 1048576K
Event: 291,022 GC heap after
Heap after GC invocations=51 (full 5):
 PSYoungGen      total 244736K, used 50761K [0x00000000eab00000, 0x00000000ff900000, 0x0000000100000000)
  eden space 147968K, 0% used [0x00000000eab00000,0x00000000eab00000,0x00000000f3b80000)
  from space 96768K, 52% used [0x00000000f9a00000,0x00000000fcb926a0,0x00000000ff880000)
  to   space 96768K, 0% used [0x00000000f3b80000,0x00000000f3b80000,0x00000000f9a00000)
 ParOldGen       total 347136K, used 198587K [0x00000000c0000000, 0x00000000d5300000, 0x00000000eab00000)
  object space 347136K, 57% used [0x00000000c0000000,0x00000000cc1eec30,0x00000000d5300000)
 Metaspace       used 108599K, capacity 110700K, committed 110976K, reserved 1140736K
  class space    used 18657K, capacity 19260K, committed 19328K, reserved 1048576K
}
Event: 291,420 GC heap before
{Heap before GC invocations=52 (full 5):
 PSYoungGen      total 244736K, used 198729K [0x00000000eab00000, 0x00000000ff900000, 0x0000000100000000)
  eden space 147968K, 100% used [0x00000000eab00000,0x00000000f3b80000,0x00000000f3b80000)
  from space 96768K, 52% used [0x00000000f9a00000,0x00000000fcb926a0,0x00000000ff880000)
  to   space 96768K, 0% used [0x00000000f3b80000,0x00000000f3b80000,0x00000000f9a00000)
 ParOldGen       total 347136K, used 198587K [0x00000000c0000000, 0x00000000d5300000, 0x00000000eab00000)
  object space 347136K, 57% used [0x00000000c0000000,0x00000000cc1eec30,0x00000000d5300000)
 Metaspace       used 108599K, capacity 110700K, committed 110976K, reserved 1140736K
  class space    used 18657K, capacity 19260K, committed 19328K, reserved 1048576K
Event: 291,430 GC heap after
Heap after GC invocations=52 (full 5):
 PSYoungGen      total 244736K, used 39670K [0x00000000eab00000, 0x00000000ff800000, 0x0000000100000000)
  eden space 147968K, 0% used [0x00000000eab00000,0x00000000eab00000,0x00000000f3b80000)
  from space 96768K, 40% used [0x00000000f3b80000,0x00000000f623d8a0,0x00000000f9a00000)
  to   space 92672K, 0% used [0x00000000f9d80000,0x00000000f9d80000,0x00000000ff800000)
 ParOldGen       total 347136K, used 198587K [0x00000000c0000000, 0x00000000d5300000, 0x00000000eab00000)
  object space 347136K, 57% used [0x00000000c0000000,0x00000000cc1eec30,0x00000000d5300000)
 Metaspace       used 108599K, capacity 110700K, committed 110976K, reserved 1140736K
  class space    used 18657K, capacity 19260K, committed 19328K, reserved 1048576K
}
Event: 292,058 GC heap before
{Heap before GC invocations=53 (full 5):
 PSYoungGen      total 244736K, used 187638K [0x00000000eab00000, 0x00000000ff800000, 0x0000000100000000)
  eden space 147968K, 100% used [0x00000000eab00000,0x00000000f3b80000,0x00000000f3b80000)
  from space 96768K, 40% used [0x00000000f3b80000,0x00000000f623d8a0,0x00000000f9a00000)
  to   space 92672K, 0% used [0x00000000f9d80000,0x00000000f9d80000,0x00000000ff800000)
 ParOldGen       total 347136K, used 198587K [0x00000000c0000000, 0x00000000d5300000, 0x00000000eab00000)
  object space 347136K, 57% used [0x00000000c0000000,0x00000000cc1eec30,0x00000000d5300000)
 Metaspace       used 108614K, capacity 110700K, committed 110976K, reserved 1140736K
  class space    used 18657K, capacity 19260K, committed 19328K, reserved 1048576K
Event: 292,069 GC heap after
Heap after GC invocations=53 (full 5):
 PSYoungGen      total 249856K, used 44917K [0x00000000eab00000, 0x00000000ff700000, 0x0000000100000000)
  eden space 158208K, 0% used [0x00000000eab00000,0x00000000eab00000,0x00000000f4580000)
  from space 91648K, 49% used [0x00000000f9d80000,0x00000000fc95d450,0x00000000ff700000)
  to   space 90112K, 0% used [0x00000000f4580000,0x00000000f4580000,0x00000000f9d80000)
 ParOldGen       total 347136K, used 198587K [0x00000000c0000000, 0x00000000d5300000, 0x00000000eab00000)
  object space 347136K, 57% used [0x00000000c0000000,0x00000000cc1eec30,0x00000000d5300000)
 Metaspace       used 108614K, capacity 110700K, committed 110976K, reserved 1140736K
  class space    used 18657K, capacity 19260K, committed 19328K, reserved 1048576K
}
Event: 294,562 GC heap before
{Heap before GC invocations=54 (full 5):
 PSYoungGen      total 249856K, used 203125K [0x00000000eab00000, 0x00000000ff700000, 0x0000000100000000)
  eden space 158208K, 100% used [0x00000000eab00000,0x00000000f4580000,0x00000000f4580000)
  from space 91648K, 49% used [0x00000000f9d80000,0x00000000fc95d450,0x00000000ff700000)
  to   space 90112K, 0% used [0x00000000f4580000,0x00000000f4580000,0x00000000f9d80000)
 ParOldGen       total 347136K, used 198587K [0x00000000c0000000, 0x00000000d5300000, 0x00000000eab00000)
  object space 347136K, 57% used [0x00000000c0000000,0x00000000cc1eec30,0x00000000d5300000)
 Metaspace       used 108637K, capacity 110764K, committed 110976K, reserved 1140736K
  class space    used 18659K, capacity 19260K, committed 19328K, reserved 1048576K
Event: 294,586 GC heap after
Heap after GC invocations=54 (full 5):
 PSYoungGen      total 248320K, used 48206K [0x00000000eab00000, 0x00000000ffd80000, 0x0000000100000000)
  eden space 158208K, 0% used [0x00000000eab00000,0x00000000eab00000,0x00000000f4580000)
  from space 90112K, 53% used [0x00000000f4580000,0x00000000f7493a60,0x00000000f9d80000)
  to   space 89600K, 0% used [0x00000000fa600000,0x00000000fa600000,0x00000000ffd80000)
 ParOldGen       total 347136K, used 198587K [0x00000000c0000000, 0x00000000d5300000, 0x00000000eab00000)
  object space 347136K, 57% used [0x00000000c0000000,0x00000000cc1eec30,0x00000000d5300000)
 Metaspace       used 108637K, capacity 110764K, committed 110976K, reserved 1140736K
  class space    used 18659K, capacity 19260K, committed 19328K, reserved 1048576K
}
Event: 296,330 GC heap before
{Heap before GC invocations=55 (full 5):
 PSYoungGen      total 248320K, used 206414K [0x00000000eab00000, 0x00000000ffd80000, 0x0000000100000000)
  eden space 158208K, 100% used [0x00000000eab00000,0x00000000f4580000,0x00000000f4580000)
  from space 90112K, 53% used [0x00000000f4580000,0x00000000f7493a60,0x00000000f9d80000)
  to   space 89600K, 0% used [0x00000000fa600000,0x00000000fa600000,0x00000000ffd80000)
 ParOldGen       total 347136K, used 198587K [0x00000000c0000000, 0x00000000d5300000, 0x00000000eab00000)
  object space 347136K, 57% used [0x00000000c0000000,0x00000000cc1eec30,0x00000000d5300000)
 Metaspace       used 108646K, capacity 110768K, committed 110976K, reserved 1140736K
  class space    used 18659K, capacity 19260K, committed 19328K, reserved 1048576K
Event: 296,344 GC heap after
Heap after GC invocations=55 (full 5):
 PSYoungGen      total 254976K, used 57195K [0x00000000eab00000, 0x0000000100000000, 0x0000000100000000)
  eden space 165376K, 0% used [0x00000000eab00000,0x00000000eab00000,0x00000000f4c80000)
  from space 89600K, 63% used [0x00000000fa600000,0x00000000fdddae60,0x00000000ffd80000)
  to   space 91648K, 0% used [0x00000000f4c80000,0x00000000f4c80000,0x00000000fa600000)
 ParOldGen       total 347136K, used 198587K [0x00000000c0000000, 0x00000000d5300000, 0x00000000eab00000)
  object space 347136K, 57% used [0x00000000c0000000,0x00000000cc1eec30,0x00000000d5300000)
 Metaspace       used 108646K, capacity 110768K, committed 110976K, reserved 1140736K
  class space    used 18659K, capacity 19260K, committed 19328K, reserved 1048576K
}
Event: 298,668 GC heap before
{Heap before GC invocations=56 (full 5):
 PSYoungGen      total 254976K, used 222571K [0x00000000eab00000, 0x0000000100000000, 0x0000000100000000)
  eden space 165376K, 100% used [0x00000000eab00000,0x00000000f4c80000,0x00000000f4c80000)
  from space 89600K, 63% used [0x00000000fa600000,0x00000000fdddae60,0x00000000ffd80000)
  to   space 91648K, 0% used [0x00000000f4c80000,0x00000000f4c80000,0x00000000fa600000)
 ParOldGen       total 347136K, used 198587K [0x00000000c0000000, 0x00000000d5300000, 0x00000000eab00000)
  object space 347136K, 57% used [0x00000000c0000000,0x00000000cc1eec30,0x00000000d5300000)
 Metaspace       used 108800K, capacity 110896K, committed 111232K, reserved 1140736K
  class space    used 18665K, capacity 19260K, committed 19328K, reserved 1048576K
Event: 298,697 GC heap after
Heap after GC invocations=56 (full 5):
 PSYoungGen      total 225280K, used 59671K [0x00000000eab00000, 0x0000000100000000, 0x0000000100000000)
  eden space 165376K, 0% used [0x00000000eab00000,0x00000000eab00000,0x00000000f4c80000)
  from space 59904K, 99% used [0x00000000f4c80000,0x00000000f86c5c20,0x00000000f8700000)
  to   space 93696K, 0% used [0x00000000fa480000,0x00000000fa480000,0x0000000100000000)
 ParOldGen       total 347136K, used 198587K [0x00000000c0000000, 0x00000000d5300000, 0x00000000eab00000)
  object space 347136K, 57% used [0x00000000c0000000,0x00000000cc1eec30,0x00000000d5300000)
 Metaspace       used 108800K, capacity 110896K, committed 111232K, reserved 1140736K
  class space    used 18665K, capacity 19260K, committed 19328K, reserved 1048576K
}
Event: 501,254 GC heap before
{Heap before GC invocations=57 (full 5):
 PSYoungGen      total 225280K, used 225047K [0x00000000eab00000, 0x0000000100000000, 0x0000000100000000)
  eden space 165376K, 100% used [0x00000000eab00000,0x00000000f4c80000,0x00000000f4c80000)
  from space 59904K, 99% used [0x00000000f4c80000,0x00000000f86c5c20,0x00000000f8700000)
  to   space 93696K, 0% used [0x00000000fa480000,0x00000000fa480000,0x0000000100000000)
 ParOldGen       total 347136K, used 198587K [0x00000000c0000000, 0x00000000d5300000, 0x00000000eab00000)
  object space 347136K, 57% used [0x00000000c0000000,0x00000000cc1eec30,0x00000000d5300000)
 Metaspace       used 128628K, capacity 130968K, committed 131200K, reserved 1157120K
  class space    used 22677K, capacity 23302K, committed 23424K, reserved 1048576K
Event: 501,292 GC heap after
Heap after GC invocations=57 (full 5):
 PSYoungGen      total 235008K, used 83578K [0x00000000eab00000, 0x0000000100000000, 0x0000000100000000)
  eden space 141312K, 0% used [0x00000000eab00000,0x00000000eab00000,0x00000000f3500000)
  from space 93696K, 89% used [0x00000000fa480000,0x00000000ff61eb28,0x0000000100000000)
  to   space 103936K, 0% used [0x00000000f3500000,0x00000000f3500000,0x00000000f9a80000)
 ParOldGen       total 347136K, used 198595K [0x00000000c0000000, 0x00000000d5300000, 0x00000000eab00000)
  object space 347136K, 57% used [0x00000000c0000000,0x00000000cc1f0c30,0x00000000d5300000)
 Metaspace       used 128628K, capacity 130968K, committed 131200K, reserved 1157120K
  class space    used 22677K, capacity 23302K, committed 23424K, reserved 1048576K
}
Event: 514,233 GC heap before
{Heap before GC invocations=58 (full 5):
 PSYoungGen      total 235008K, used 224890K [0x00000000eab00000, 0x0000000100000000, 0x0000000100000000)
  eden space 141312K, 100% used [0x00000000eab00000,0x00000000f3500000,0x00000000f3500000)
  from space 93696K, 89% used [0x00000000fa480000,0x00000000ff61eb28,0x0000000100000000)
  to   space 103936K, 0% used [0x00000000f3500000,0x00000000f3500000,0x00000000f9a80000)
 ParOldGen       total 347136K, used 198595K [0x00000000c0000000, 0x00000000d5300000, 0x00000000eab00000)
  object space 347136K, 57% used [0x00000000c0000000,0x00000000cc1f0c30,0x00000000d5300000)
 Metaspace       used 132154K, capacity 134620K, committed 134912K, reserved 1161216K
  class space    used 23091K, capacity 23743K, committed 23808K, reserved 1048576K
Event: 514,292 GC heap after
Heap after GC invocations=58 (full 5):
 PSYoungGen      total 227328K, used 85603K [0x00000000eab00000, 0x0000000100000000, 0x0000000100000000)
  eden space 141312K, 0% used [0x00000000eab00000,0x00000000eab00000,0x00000000f3500000)
  from space 86016K, 99% used [0x00000000f3500000,0x00000000f8898f08,0x00000000f8900000)
  to   space 113152K, 0% used [0x00000000f9180000,0x00000000f9180000,0x0000000100000000)
 ParOldGen       total 347136K, used 198603K [0x00000000c0000000, 0x00000000d5300000, 0x00000000eab00000)
  object space 347136K, 57% used [0x00000000c0000000,0x00000000cc1f2c30,0x00000000d5300000)
 Metaspace       used 132154K, capacity 134620K, committed 134912K, reserved 1161216K
  class space    used 23091K, capacity 23743K, committed 23808K, reserved 1048576K
}
Event: 516,522 GC heap before
{Heap before GC invocations=59 (full 5):
 PSYoungGen      total 227328K, used 226915K [0x00000000eab00000, 0x0000000100000000, 0x0000000100000000)
  eden space 141312K, 100% used [0x00000000eab00000,0x00000000f3500000,0x00000000f3500000)
  from space 86016K, 99% used [0x00000000f3500000,0x00000000f8898f08,0x00000000f8900000)
  to   space 113152K, 0% used [0x00000000f9180000,0x00000000f9180000,0x0000000100000000)
 ParOldGen       total 347136K, used 198603K [0x00000000c0000000, 0x00000000d5300000, 0x00000000eab00000)
  object space 347136K, 57% used [0x00000000c0000000,0x00000000cc1f2c30,0x00000000d5300000)
 Metaspace       used 134245K, capacity 136766K, committed 136832K, reserved 1161216K
  class space    used 23501K, capacity 24160K, committed 24192K, reserved 1048576K
Event: 516,578 GC heap after
Heap after GC invocations=59 (full 5):
 PSYoungGen      total 229888K, used 95056K [0x00000000eab00000, 0x0000000100000000, 0x0000000100000000)
  eden space 116736K, 0% used [0x00000000eab00000,0x00000000eab00000,0x00000000f1d00000)
  from space 113152K, 84% used [0x00000000f9180000,0x00000000fee541a8,0x0000000100000000)
  to   space 116224K, 0% used [0x00000000f1d00000,0x00000000f1d00000,0x00000000f8e80000)
 ParOldGen       total 347136K, used 198603K [0x00000000c0000000, 0x00000000d5300000, 0x00000000eab00000)
  object space 347136K, 57% used [0x00000000c0000000,0x00000000cc1f2c30,0x00000000d5300000)
 Metaspace       used 134245K, capacity 136766K, committed 136832K, reserved 1161216K
  class space    used 23501K, capacity 24160K, committed 24192K, reserved 1048576K
}
Event: 517,899 GC heap before
{Heap before GC invocations=60 (full 5):
 PSYoungGen      total 229888K, used 211792K [0x00000000eab00000, 0x0000000100000000, 0x0000000100000000)
  eden space 116736K, 100% used [0x00000000eab00000,0x00000000f1d00000,0x00000000f1d00000)
  from space 113152K, 84% used [0x00000000f9180000,0x00000000fee541a8,0x0000000100000000)
  to   space 116224K, 0% used [0x00000000f1d00000,0x00000000f1d00000,0x00000000f8e80000)
 ParOldGen       total 347136K, used 198603K [0x00000000c0000000, 0x00000000d5300000, 0x00000000eab00000)
  object space 347136K, 57% used [0x00000000c0000000,0x00000000cc1f2c30,0x00000000d5300000)
 Metaspace       used 138857K, capacity 141398K, committed 141696K, reserved 1165312K
  class space    used 24716K, capacity 25381K, committed 25472K, reserved 1048576K
Event: 517,982 GC heap after
Heap after GC invocations=60 (full 5):
 PSYoungGen      total 232960K, used 102948K [0x00000000eab00000, 0x0000000100000000, 0x0000000100000000)
  eden space 116736K, 0% used [0x00000000eab00000,0x00000000eab00000,0x00000000f1d00000)
  from space 116224K, 88% used [0x00000000f1d00000,0x00000000f81893a0,0x00000000f8e80000)
  to   space 116224K, 0% used [0x00000000f8e80000,0x00000000f8e80000,0x0000000100000000)
 ParOldGen       total 347136K, used 198611K [0x00000000c0000000, 0x00000000d5300000, 0x00000000eab00000)
  object space 347136K, 57% used [0x00000000c0000000,0x00000000cc1f4c30,0x00000000d5300000)
 Metaspace       used 138857K, capacity 141398K, committed 141696K, reserved 1165312K
  class space    used 24716K, capacity 25381K, committed 25472K, reserved 1048576K
}
Event: 518,373 GC heap before
{Heap before GC invocations=61 (full 5):
 PSYoungGen      total 232960K, used 219684K [0x00000000eab00000, 0x0000000100000000, 0x0000000100000000)
  eden space 116736K, 100% used [0x00000000eab00000,0x00000000f1d00000,0x00000000f1d00000)
  from space 116224K, 88% used [0x00000000f1d00000,0x00000000f81893a0,0x00000000f8e80000)
  to   space 116224K, 0% used [0x00000000f8e80000,0x00000000f8e80000,0x0000000100000000)
 ParOldGen       total 347136K, used 198611K [0x00000000c0000000, 0x00000000d5300000, 0x00000000eab00000)
  object space 347136K, 57% used [0x00000000c0000000,0x00000000cc1f4c30,0x00000000d5300000)
 Metaspace       used 139288K, capacity 141910K, committed 142080K, reserved 1165312K
  class space    used 24825K, capacity 25509K, committed 25600K, reserved 1048576K
Event: 518,516 GC heap after
Heap after GC invocations=61 (full 5):
 PSYoungGen      total 232960K, used 72913K [0x00000000eab00000, 0x0000000100000000, 0x0000000100000000)
  eden space 116736K, 0% used [0x00000000eab00000,0x00000000eab00000,0x00000000f1d00000)
  from space 116224K, 62% used [0x00000000f8e80000,0x00000000fd5b45d8,0x0000000100000000)
  to   space 116224K, 0% used [0x00000000f1d00000,0x00000000f1d00000,0x00000000f8e80000)
 ParOldGen       total 347136K, used 226568K [0x00000000c0000000, 0x00000000d5300000, 0x00000000eab00000)
  object space 347136K, 65% used [0x00000000c0000000,0x00000000cdd420e8,0x00000000d5300000)
 Metaspace       used 139288K, capacity 141910K, committed 142080K, reserved 1165312K
  class space    used 24825K, capacity 25509K, committed 25600K, reserved 1048576K
}
Event: 519,110 GC heap before
{Heap before GC invocations=62 (full 5):
 PSYoungGen      total 232960K, used 189649K [0x00000000eab00000, 0x0000000100000000, 0x0000000100000000)
  eden space 116736K, 100% used [0x00000000eab00000,0x00000000f1d00000,0x00000000f1d00000)
  from space 116224K, 62% used [0x00000000f8e80000,0x00000000fd5b45d8,0x0000000100000000)
  to   space 116224K, 0% used [0x00000000f1d00000,0x00000000f1d00000,0x00000000f8e80000)
 ParOldGen       total 347136K, used 226568K [0x00000000c0000000, 0x00000000d5300000, 0x00000000eab00000)
  object space 347136K, 65% used [0x00000000c0000000,0x00000000cdd420e8,0x00000000d5300000)
 Metaspace       used 139649K, capacity 142172K, committed 142336K, reserved 1165312K
  class space    used 24919K, capacity 25574K, committed 25600K, reserved 1048576K
Event: 519,206 GC heap after
Heap after GC invocations=62 (full 5):
 PSYoungGen      total 232960K, used 78017K [0x00000000eab00000, 0x0000000100000000, 0x0000000100000000)
  eden space 116736K, 0% used [0x00000000eab00000,0x00000000eab00000,0x00000000f1d00000)
  from space 116224K, 67% used [0x00000000f1d00000,0x00000000f69304d8,0x00000000f8e80000)
  to   space 116224K, 0% used [0x00000000f8e80000,0x00000000f8e80000,0x0000000100000000)
 ParOldGen       total 347136K, used 226576K [0x00000000c0000000, 0x00000000d5300000, 0x00000000eab00000)
  object space 347136K, 65% used [0x00000000c0000000,0x00000000cdd440e8,0x00000000d5300000)
 Metaspace       used 139649K, capacity 142172K, committed 142336K, reserved 1165312K
  class space    used 24919K, capacity 25574K, committed 25600K, reserved 1048576K
}
Event: 520,706 GC heap before
{Heap before GC invocations=63 (full 5):
 PSYoungGen      total 232960K, used 194753K [0x00000000eab00000, 0x0000000100000000, 0x0000000100000000)
  eden space 116736K, 100% used [0x00000000eab00000,0x00000000f1d00000,0x00000000f1d00000)
  from space 116224K, 67% used [0x00000000f1d00000,0x00000000f69304d8,0x00000000f8e80000)
  to   space 116224K, 0% used [0x00000000f8e80000,0x00000000f8e80000,0x0000000100000000)
 ParOldGen       total 347136K, used 226576K [0x00000000c0000000, 0x00000000d5300000, 0x00000000eab00000)
  object space 347136K, 65% used [0x00000000c0000000,0x00000000cdd440e8,0x00000000d5300000)
 Metaspace       used 140747K, capacity 143310K, committed 143488K, reserved 1167360K
  class space    used 25023K, capacity 25673K, committed 25728K, reserved 1048576K
Event: 520,789 GC heap after
Heap after GC invocations=63 (full 5):
 PSYoungGen      total 232960K, used 90189K [0x00000000eab00000, 0x0000000100000000, 0x0000000100000000)
  eden space 116736K, 0% used [0x00000000eab00000,0x00000000eab00000,0x00000000f1d00000)
  from space 116224K, 77% used [0x00000000f8e80000,0x00000000fe6937f8,0x0000000100000000)
  to   space 116224K, 0% used [0x00000000f1d00000,0x00000000f1d00000,0x00000000f8e80000)
 ParOldGen       total 347136K, used 226592K [0x00000000c0000000, 0x00000000d5300000, 0x00000000eab00000)
  object space 347136K, 65% used [0x00000000c0000000,0x00000000cdd480e8,0x00000000d5300000)
 Metaspace       used 140747K, capacity 143310K, committed 143488K, reserved 1167360K
  class space    used 25023K, capacity 25673K, committed 25728K, reserved 1048576K
}
Event: 522,289 GC heap before
{Heap before GC invocations=64 (full 5):
 PSYoungGen      total 232960K, used 206925K [0x00000000eab00000, 0x0000000100000000, 0x0000000100000000)
  eden space 116736K, 100% used [0x00000000eab00000,0x00000000f1d00000,0x00000000f1d00000)
  from space 116224K, 77% used [0x00000000f8e80000,0x00000000fe6937f8,0x0000000100000000)
  to   space 116224K, 0% used [0x00000000f1d00000,0x00000000f1d00000,0x00000000f8e80000)
 ParOldGen       total 347136K, used 226592K [0x00000000c0000000, 0x00000000d5300000, 0x00000000eab00000)
  object space 347136K, 65% used [0x00000000c0000000,0x00000000cdd480e8,0x00000000d5300000)
 Metaspace       used 141003K, capacity 143580K, committed 143744K, reserved 1167360K
  class space    used 25027K, capacity 25678K, committed 25728K, reserved 1048576K
Event: 522,391 GC heap after
Heap after GC invocations=64 (full 5):
 PSYoungGen      total 232960K, used 80942K [0x00000000eab00000, 0x0000000100000000, 0x0000000100000000)
  eden space 116736K, 0% used [0x00000000eab00000,0x00000000eab00000,0x00000000f1d00000)
  from space 116224K, 69% used [0x00000000f1d00000,0x00000000f6c0bbf8,0x00000000f8e80000)
  to   space 116224K, 0% used [0x00000000f8e80000,0x00000000f8e80000,0x0000000100000000)
 ParOldGen       total 347136K, used 246540K [0x00000000c0000000, 0x00000000d5300000, 0x00000000eab00000)
  object space 347136K, 71% used [0x00000000c0000000,0x00000000cf0c3248,0x00000000d5300000)
 Metaspace       used 141003K, capacity 143580K, committed 143744K, reserved 1167360K
  class space    used 25027K, capacity 25678K, committed 25728K, reserved 1048576K
}
Event: 523,795 GC heap before
{Heap before GC invocations=65 (full 5):
 PSYoungGen      total 232960K, used 197678K [0x00000000eab00000, 0x0000000100000000, 0x0000000100000000)
  eden space 116736K, 100% used [0x00000000eab00000,0x00000000f1d00000,0x00000000f1d00000)
  from space 116224K, 69% used [0x00000000f1d00000,0x00000000f6c0bbf8,0x00000000f8e80000)
  to   space 116224K, 0% used [0x00000000f8e80000,0x00000000f8e80000,0x0000000100000000)
 ParOldGen       total 347136K, used 246540K [0x00000000c0000000, 0x00000000d5300000, 0x00000000eab00000)
  object space 347136K, 71% used [0x00000000c0000000,0x00000000cf0c3248,0x00000000d5300000)
 Metaspace       used 141134K, capacity 143712K, committed 144000K, reserved 1167360K
  class space    used 25029K, capacity 25678K, committed 25728K, reserved 1048576K
Event: 523,916 GC heap after
Heap after GC invocations=65 (full 5):
 PSYoungGen      total 232960K, used 79053K [0x00000000eab00000, 0x0000000100000000, 0x0000000100000000)
  eden space 116736K, 0% used [0x00000000eab00000,0x00000000eab00000,0x00000000f1d00000)
  from space 116224K, 68% used [0x00000000f8e80000,0x00000000fdbb3420,0x0000000100000000)
  to   space 116224K, 0% used [0x00000000f1d00000,0x00000000f1d00000,0x00000000f8e80000)
 ParOldGen       total 347136K, used 258228K [0x00000000c0000000, 0x00000000d5300000, 0x00000000eab00000)
  object space 347136K, 74% used [0x00000000c0000000,0x00000000cfc2d350,0x00000000d5300000)
 Metaspace       used 141134K, capacity 143712K, committed 144000K, reserved 1167360K
  class space    used 25029K, capacity 25678K, committed 25728K, reserved 1048576K
}
Event: 525,516 GC heap before
{Heap before GC invocations=66 (full 5):
 PSYoungGen      total 232960K, used 195789K [0x00000000eab00000, 0x0000000100000000, 0x0000000100000000)
  eden space 116736K, 100% used [0x00000000eab00000,0x00000000f1d00000,0x00000000f1d00000)
  from space 116224K, 68% used [0x00000000f8e80000,0x00000000fdbb3420,0x0000000100000000)
  to   space 116224K, 0% used [0x00000000f1d00000,0x00000000f1d00000,0x00000000f8e80000)
 ParOldGen       total 347136K, used 258228K [0x00000000c0000000, 0x00000000d5300000, 0x00000000eab00000)
  object space 347136K, 74% used [0x00000000c0000000,0x00000000cfc2d350,0x00000000d5300000)
 Metaspace       used 141190K, capacity 143716K, committed 144000K, reserved 1167360K
  class space    used 25029K, capacity 25678K, committed 25728K, reserved 1048576K
Event: 525,635 GC heap after
Heap after GC invocations=66 (full 5):
 PSYoungGen      total 232960K, used 60602K [0x00000000eab00000, 0x0000000100000000, 0x0000000100000000)
  eden space 116736K, 0% used [0x00000000eab00000,0x00000000eab00000,0x00000000f1d00000)
  from space 116224K, 52% used [0x00000000f1d00000,0x00000000f582e820,0x00000000f8e80000)
  to   space 116224K, 0% used [0x00000000f8e80000,0x00000000f8e80000,0x0000000100000000)
 ParOldGen       total 347136K, used 277874K [0x00000000c0000000, 0x00000000d5300000, 0x00000000eab00000)
  object space 347136K, 80% used [0x00000000c0000000,0x00000000d0f5cbc8,0x00000000d5300000)
 Metaspace       used 141190K, capacity 143716K, committed 144000K, reserved 1167360K
  class space    used 25029K, capacity 25678K, committed 25728K, reserved 1048576K
}
Event: 526,634 GC heap before
{Heap before GC invocations=67 (full 5):
 PSYoungGen      total 232960K, used 177338K [0x00000000eab00000, 0x0000000100000000, 0x0000000100000000)
  eden space 116736K, 100% used [0x00000000eab00000,0x00000000f1d00000,0x00000000f1d00000)
  from space 116224K, 52% used [0x00000000f1d00000,0x00000000f582e820,0x00000000f8e80000)
  to   space 116224K, 0% used [0x00000000f8e80000,0x00000000f8e80000,0x0000000100000000)
 ParOldGen       total 347136K, used 277874K [0x00000000c0000000, 0x00000000d5300000, 0x00000000eab00000)
  object space 347136K, 80% used [0x00000000c0000000,0x00000000d0f5cbc8,0x00000000d5300000)
 Metaspace       used 141297K, capacity 143876K, committed 144000K, reserved 1167360K
  class space    used 25034K, capacity 25710K, committed 25728K, reserved 1048576K
Event: 526,720 GC heap after
Heap after GC invocations=67 (full 5):
 PSYoungGen      total 232960K, used 67571K [0x00000000eab00000, 0x0000000100000000, 0x0000000100000000)
  eden space 116736K, 0% used [0x00000000eab00000,0x00000000eab00000,0x00000000f1d00000)
  from space 116224K, 58% used [0x00000000f8e80000,0x00000000fd07cde8,0x0000000100000000)
  to   space 116224K, 0% used [0x00000000f1d00000,0x00000000f1d00000,0x00000000f8e80000)
 ParOldGen       total 347136K, used 293987K [0x00000000c0000000, 0x00000000d5300000, 0x00000000eab00000)
  object space 347136K, 84% used [0x00000000c0000000,0x00000000d1f18ee0,0x00000000d5300000)
 Metaspace       used 141297K, capacity 143876K, committed 144000K, reserved 1167360K
  class space    used 25034K, capacity 25710K, committed 25728K, reserved 1048576K
}
Event: 527,012 GC heap before
{Heap before GC invocations=68 (full 5):
 PSYoungGen      total 232960K, used 184307K [0x00000000eab00000, 0x0000000100000000, 0x0000000100000000)
  eden space 116736K, 100% used [0x00000000eab00000,0x00000000f1d00000,0x00000000f1d00000)
  from space 116224K, 58% used [0x00000000f8e80000,0x00000000fd07cde8,0x0000000100000000)
  to   space 116224K, 0% used [0x00000000f1d00000,0x00000000f1d00000,0x00000000f8e80000)
 ParOldGen       total 347136K, used 293987K [0x00000000c0000000, 0x00000000d5300000, 0x00000000eab00000)
  object space 347136K, 84% used [0x00000000c0000000,0x00000000d1f18ee0,0x00000000d5300000)
 Metaspace       used 141304K, capacity 143876K, committed 144000K, reserved 1167360K
  class space    used 25034K, capacity 25710K, committed 25728K, reserved 1048576K
Event: 527,063 GC heap after
Heap after GC invocations=68 (full 5):
 PSYoungGen      total 232960K, used 61587K [0x00000000eab00000, 0x0000000100000000, 0x0000000100000000)
  eden space 116736K, 0% used [0x00000000eab00000,0x00000000eab00000,0x00000000f1d00000)
  from space 116224K, 52% used [0x00000000f1d00000,0x00000000f5924dc8,0x00000000f8e80000)
  to   space 116224K, 0% used [0x00000000f8e80000,0x00000000f8e80000,0x0000000100000000)
 ParOldGen       total 347136K, used 299915K [0x00000000c0000000, 0x00000000d5300000, 0x00000000eab00000)
  object space 347136K, 86% used [0x00000000c0000000,0x00000000d24e2f40,0x00000000d5300000)
 Metaspace       used 141304K, capacity 143876K, committed 144000K, reserved 1167360K
  class space    used 25034K, capacity 25710K, committed 25728K, reserved 1048576K
}
Event: 527,352 GC heap before
{Heap before GC invocations=69 (full 5):
 PSYoungGen      total 232960K, used 178323K [0x00000000eab00000, 0x0000000100000000, 0x0000000100000000)
  eden space 116736K, 100% used [0x00000000eab00000,0x00000000f1d00000,0x00000000f1d00000)
  from space 116224K, 52% used [0x00000000f1d00000,0x00000000f5924dc8,0x00000000f8e80000)
  to   space 116224K, 0% used [0x00000000f8e80000,0x00000000f8e80000,0x0000000100000000)
 ParOldGen       total 347136K, used 299915K [0x00000000c0000000, 0x00000000d5300000, 0x00000000eab00000)
  object space 347136K, 86% used [0x00000000c0000000,0x00000000d24e2f40,0x00000000d5300000)
 Metaspace       used 141304K, capacity 143876K, committed 144000K, reserved 1167360K
  class space    used 25034K, capacity 25710K, committed 25728K, reserved 1048576K
Event: 527,408 GC heap after
Heap after GC invocations=69 (full 5):
 PSYoungGen      total 232960K, used 34515K [0x00000000eab00000, 0x0000000100000000, 0x0000000100000000)
  eden space 116736K, 0% used [0x00000000eab00000,0x00000000eab00000,0x00000000f1d00000)
  from space 116224K, 29% used [0x00000000f8e80000,0x00000000fb034f58,0x0000000100000000)
  to   space 116224K, 0% used [0x00000000f1d00000,0x00000000f1d00000,0x00000000f8e80000)
 ParOldGen       total 347136K, used 327070K [0x00000000c0000000, 0x00000000d5300000, 0x00000000eab00000)
  object space 347136K, 94% used [0x00000000c0000000,0x00000000d3f67940,0x00000000d5300000)
 Metaspace       used 141304K, capacity 143876K, committed 144000K, reserved 1167360K
  class space    used 25034K, capacity 25710K, committed 25728K, reserved 1048576K
}
Event: 527,408 GC heap before
{Heap before GC invocations=70 (full 6):
 PSYoungGen      total 232960K, used 34515K [0x00000000eab00000, 0x0000000100000000, 0x0000000100000000)
  eden space 116736K, 0% used [0x00000000eab00000,0x00000000eab00000,0x00000000f1d00000)
  from space 116224K, 29% used [0x00000000f8e80000,0x00000000fb034f58,0x0000000100000000)
  to   space 116224K, 0% used [0x00000000f1d00000,0x00000000f1d00000,0x00000000f8e80000)
 ParOldGen       total 347136K, used 327070K [0x00000000c0000000, 0x00000000d5300000, 0x00000000eab00000)
  object space 347136K, 94% used [0x00000000c0000000,0x00000000d3f67940,0x00000000d5300000)
 Metaspace       used 141304K, capacity 143876K, committed 144000K, reserved 1167360K
  class space    used 25034K, capacity 25710K, committed 25728K, reserved 1048576K
Event: 528,303 GC heap after
Heap after GC invocations=70 (full 6):
 PSYoungGen      total 232960K, used 0K [0x00000000eab00000, 0x0000000100000000, 0x0000000100000000)
  eden space 116736K, 0% used [0x00000000eab00000,0x00000000eab00000,0x00000000f1d00000)
  from space 116224K, 0% used [0x00000000f8e80000,0x00000000f8e80000,0x0000000100000000)
  to   space 116224K, 0% used [0x00000000f1d00000,0x00000000f1d00000,0x00000000f8e80000)
 ParOldGen       total 446464K, used 260279K [0x00000000c0000000, 0x00000000db400000, 0x00000000eab00000)
  object space 446464K, 58% used [0x00000000c0000000,0x00000000cfe2de10,0x00000000db400000)
 Metaspace       used 141304K, capacity 143876K, committed 144000K, reserved 1167360K
  class space    used 25034K, capacity 25710K, committed 25728K, reserved 1048576K
}
Event: 528,608 GC heap before
{Heap before GC invocations=71 (full 6):
 PSYoungGen      total 232960K, used 116736K [0x00000000eab00000, 0x0000000100000000, 0x0000000100000000)
  eden space 116736K, 100% used [0x00000000eab00000,0x00000000f1d00000,0x00000000f1d00000)
  from space 116224K, 0% used [0x00000000f8e80000,0x00000000f8e80000,0x0000000100000000)
  to   space 116224K, 0% used [0x00000000f1d00000,0x00000000f1d00000,0x00000000f8e80000)
 ParOldGen       total 446464K, used 260279K [0x00000000c0000000, 0x00000000db400000, 0x00000000eab00000)
  object space 446464K, 58% used [0x00000000c0000000,0x00000000cfe2de10,0x00000000db400000)
 Metaspace       used 141304K, capacity 143876K, committed 144000K, reserved 1167360K
  class space    used 25034K, capacity 25710K, committed 25728K, reserved 1048576K
Event: 528,613 GC heap after
Heap after GC invocations=71 (full 6):
 PSYoungGen      total 232960K, used 128K [0x00000000eab00000, 0x0000000100000000, 0x0000000100000000)
  eden space 116736K, 0% used [0x00000000eab00000,0x00000000eab00000,0x00000000f1d00000)
  from space 116224K, 0% used [0x00000000f1d00000,0x00000000f1d20000,0x00000000f8e80000)
  to   space 116224K, 0% used [0x00000000f8e80000,0x00000000f8e80000,0x0000000100000000)
 ParOldGen       total 446464K, used 260279K [0x00000000c0000000, 0x00000000db400000, 0x00000000eab00000)
  object space 446464K, 58% used [0x00000000c0000000,0x00000000cfe2de10,0x00000000db400000)
 Metaspace       used 141304K, capacity 143876K, committed 144000K, reserved 1167360K
  class space    used 25034K, capacity 25710K, committed 25728K, reserved 1048576K
}
Event: 528,900 GC heap before
{Heap before GC invocations=72 (full 6):
 PSYoungGen      total 232960K, used 116864K [0x00000000eab00000, 0x0000000100000000, 0x0000000100000000)
  eden space 116736K, 100% used [0x00000000eab00000,0x00000000f1d00000,0x00000000f1d00000)
  from space 116224K, 0% used [0x00000000f1d00000,0x00000000f1d20000,0x00000000f8e80000)
  to   space 116224K, 0% used [0x00000000f8e80000,0x00000000f8e80000,0x0000000100000000)
 ParOldGen       total 446464K, used 260279K [0x00000000c0000000, 0x00000000db400000, 0x00000000eab00000)
  object space 446464K, 58% used [0x00000000c0000000,0x00000000cfe2de10,0x00000000db400000)
 Metaspace       used 141304K, capacity 143876K, committed 144000K, reserved 1167360K
  class space    used 25034K, capacity 25710K, committed 25728K, reserved 1048576K
Event: 528,906 GC heap after
Heap after GC invocations=72 (full 6):
 PSYoungGen      total 232960K, used 96K [0x00000000eab00000, 0x0000000100000000, 0x0000000100000000)
  eden space 116736K, 0% used [0x00000000eab00000,0x00000000eab00000,0x00000000f1d00000)
  from space 116224K, 0% used [0x00000000f8e80000,0x00000000f8e98000,0x0000000100000000)
  to   space 116224K, 0% used [0x00000000f1d00000,0x00000000f1d00000,0x00000000f8e80000)
 ParOldGen       total 446464K, used 260279K [0x00000000c0000000, 0x00000000db400000, 0x00000000eab00000)
  object space 446464K, 58% used [0x00000000c0000000,0x00000000cfe2de10,0x00000000db400000)
 Metaspace       used 141304K, capacity 143876K, committed 144000K, reserved 1167360K
  class space    used 25034K, capacity 25710K, committed 25728K, reserved 1048576K
}
Event: 529,196 GC heap before
{Heap before GC invocations=73 (full 6):
 PSYoungGen      total 232960K, used 116832K [0x00000000eab00000, 0x0000000100000000, 0x0000000100000000)
  eden space 116736K, 100% used [0x00000000eab00000,0x00000000f1d00000,0x00000000f1d00000)
  from space 116224K, 0% used [0x00000000f8e80000,0x00000000f8e98000,0x0000000100000000)
  to   space 116224K, 0% used [0x00000000f1d00000,0x00000000f1d00000,0x00000000f8e80000)
 ParOldGen       total 446464K, used 260279K [0x00000000c0000000, 0x00000000db400000, 0x00000000eab00000)
  object space 446464K, 58% used [0x00000000c0000000,0x00000000cfe2de10,0x00000000db400000)
 Metaspace       used 141304K, capacity 143876K, committed 144000K, reserved 1167360K
  class space    used 25034K, capacity 25710K, committed 25728K, reserved 1048576K
Event: 529,201 GC heap after
Heap after GC invocations=73 (full 6):
 PSYoungGen      total 232960K, used 96K [0x00000000eab00000, 0x0000000100000000, 0x0000000100000000)
  eden space 116736K, 0% used [0x00000000eab00000,0x00000000eab00000,0x00000000f1d00000)
  from space 116224K, 0% used [0x00000000f1d00000,0x00000000f1d18000,0x00000000f8e80000)
  to   space 116224K, 0% used [0x00000000f8e80000,0x00000000f8e80000,0x0000000100000000)
 ParOldGen       total 446464K, used 260295K [0x00000000c0000000, 0x00000000db400000, 0x00000000eab00000)
  object space 446464K, 58% used [0x00000000c0000000,0x00000000cfe31e10,0x00000000db400000)
 Metaspace       used 141304K, capacity 143876K, committed 144000K, reserved 1167360K
  class space    used 25034K, capacity 25710K, committed 25728K, reserved 1048576K
}
Event: 529,501 GC heap before
{Heap before GC invocations=74 (full 6):
 PSYoungGen      total 232960K, used 116832K [0x00000000eab00000, 0x0000000100000000, 0x0000000100000000)
  eden space 116736K, 100% used [0x00000000eab00000,0x00000000f1d00000,0x00000000f1d00000)
  from space 116224K, 0% used [0x00000000f1d00000,0x00000000f1d18000,0x00000000f8e80000)
  to   space 116224K, 0% used [0x00000000f8e80000,0x00000000f8e80000,0x0000000100000000)
 ParOldGen       total 446464K, used 260295K [0x00000000c0000000, 0x00000000db400000, 0x00000000eab00000)
  object space 446464K, 58% used [0x00000000c0000000,0x00000000cfe31e10,0x00000000db400000)
 Metaspace       used 141304K, capacity 143876K, committed 144000K, reserved 1167360K
  class space    used 25034K, capacity 25710K, committed 25728K, reserved 1048576K
Event: 529,506 GC heap after
Heap after GC invocations=74 (full 6):
 PSYoungGen      total 232960K, used 96K [0x00000000eab00000, 0x0000000100000000, 0x0000000100000000)
  eden space 116736K, 0% used [0x00000000eab00000,0x00000000eab00000,0x00000000f1d00000)
  from space 116224K, 0% used [0x00000000f8e80000,0x00000000f8e98000,0x0000000100000000)
  to   space 116224K, 0% used [0x00000000f1d00000,0x00000000f1d00000,0x00000000f8e80000)
 ParOldGen       total 446464K, used 260295K [0x00000000c0000000, 0x00000000db400000, 0x00000000eab00000)
  object space 446464K, 58% used [0x00000000c0000000,0x00000000cfe31e10,0x00000000db400000)
 Metaspace       used 141304K, capacity 143876K, committed 144000K, reserved 1167360K
  class space    used 25034K, capacity 25710K, committed 25728K, reserved 1048576K
}
Event: 529,859 GC heap before
{Heap before GC invocations=75 (full 6):
 PSYoungGen      total 232960K, used 115783K [0x00000000eab00000, 0x0000000100000000, 0x0000000100000000)
  eden space 116736K, 99% used [0x00000000eab00000,0x00000000f1bf9d18,0x00000000f1d00000)
  from space 116224K, 0% used [0x00000000f8e80000,0x00000000f8e98000,0x0000000100000000)
  to   space 116224K, 0% used [0x00000000f1d00000,0x00000000f1d00000,0x00000000f8e80000)
 ParOldGen       total 446464K, used 260295K [0x00000000c0000000, 0x00000000db400000, 0x00000000eab00000)
  object space 446464K, 58% used [0x00000000c0000000,0x00000000cfe31e10,0x00000000db400000)
 Metaspace       used 141304K, capacity 143876K, committed 144000K, reserved 1167360K
  class space    used 25034K, capacity 25710K, committed 25728K, reserved 1048576K
Event: 529,870 GC heap after
Heap after GC invocations=75 (full 6):
 PSYoungGen      total 232960K, used 36823K [0x00000000eab00000, 0x0000000100000000, 0x0000000100000000)
  eden space 116736K, 0% used [0x00000000eab00000,0x00000000eab00000,0x00000000f1d00000)
  from space 116224K, 31% used [0x00000000f1d00000,0x00000000f40f5fc8,0x00000000f8e80000)
  to   space 116224K, 0% used [0x00000000f8e80000,0x00000000f8e80000,0x0000000100000000)
 ParOldGen       total 446464K, used 260295K [0x00000000c0000000, 0x00000000db400000, 0x00000000eab00000)
  object space 446464K, 58% used [0x00000000c0000000,0x00000000cfe31e10,0x00000000db400000)
 Metaspace       used 141304K, capacity 143876K, committed 144000K, reserved 1167360K
  class space    used 25034K, capacity 25710K, committed 25728K, reserved 1048576K
}
Event: 530,162 GC heap before
{Heap before GC invocations=76 (full 6):
 PSYoungGen      total 232960K, used 153559K [0x00000000eab00000, 0x0000000100000000, 0x0000000100000000)
  eden space 116736K, 100% used [0x00000000eab00000,0x00000000f1d00000,0x00000000f1d00000)
  from space 116224K, 31% used [0x00000000f1d00000,0x00000000f40f5fc8,0x00000000f8e80000)
  to   space 116224K, 0% used [0x00000000f8e80000,0x00000000f8e80000,0x0000000100000000)
 ParOldGen       total 446464K, used 260295K [0x00000000c0000000, 0x00000000db400000, 0x00000000eab00000)
  object space 446464K, 58% used [0x00000000c0000000,0x00000000cfe31e10,0x00000000db400000)
 Metaspace       used 141304K, capacity 143876K, committed 144000K, reserved 1167360K
  class space    used 25034K, capacity 25710K, committed 25728K, reserved 1048576K
Event: 530,174 GC heap after
Heap after GC invocations=76 (full 6):
 PSYoungGen      total 232960K, used 2910K [0x00000000eab00000, 0x0000000100000000, 0x0000000100000000)
  eden space 116736K, 0% used [0x00000000eab00000,0x00000000eab00000,0x00000000f1d00000)
  from space 116224K, 2% used [0x00000000f8e80000,0x00000000f91578d8,0x0000000100000000)
  to   space 116224K, 0% used [0x00000000f1d00000,0x00000000f1d00000,0x00000000f8e80000)
 ParOldGen       total 446464K, used 308207K [0x00000000c0000000, 0x00000000db400000, 0x00000000eab00000)
  object space 446464K, 69% used [0x00000000c0000000,0x00000000d2cfbd00,0x00000000db400000)
 Metaspace       used 141304K, capacity 143876K, committed 144000K, reserved 1167360K
  class space    used 25034K, capacity 25710K, committed 25728K, reserved 1048576K
}
Event: 530,479 GC heap before
{Heap before GC invocations=77 (full 6):
 PSYoungGen      total 232960K, used 119646K [0x00000000eab00000, 0x0000000100000000, 0x0000000100000000)
  eden space 116736K, 100% used [0x00000000eab00000,0x00000000f1d00000,0x00000000f1d00000)
  from space 116224K, 2% used [0x00000000f8e80000,0x00000000f91578d8,0x0000000100000000)
  to   space 116224K, 0% used [0x00000000f1d00000,0x00000000f1d00000,0x00000000f8e80000)
 ParOldGen       total 446464K, used 308207K [0x00000000c0000000, 0x00000000db400000, 0x00000000eab00000)
  object space 446464K, 69% used [0x00000000c0000000,0x00000000d2cfbd00,0x00000000db400000)
 Metaspace       used 141304K, capacity 143876K, committed 144000K, reserved 1167360K
  class space    used 25034K, capacity 25710K, committed 25728K, reserved 1048576K
Event: 530,490 GC heap after
Heap after GC invocations=77 (full 6):
 PSYoungGen      total 232960K, used 64K [0x00000000eab00000, 0x0000000100000000, 0x0000000100000000)
  eden space 116736K, 0% used [0x00000000eab00000,0x00000000eab00000,0x00000000f1d00000)
  from space 116224K, 0% used [0x00000000f1d00000,0x00000000f1d10000,0x00000000f8e80000)
  to   space 116224K, 0% used [0x00000000f8e80000,0x00000000f8e80000,0x0000000100000000)
 ParOldGen       total 446464K, used 311005K [0x00000000c0000000, 0x00000000db400000, 0x00000000eab00000)
  object space 446464K, 69% used [0x00000000c0000000,0x00000000d2fb75d8,0x00000000db400000)
 Metaspace       used 141304K, capacity 143876K, committed 144000K, reserved 1167360K
  class space    used 25034K, capacity 25710K, committed 25728K, reserved 1048576K
}
Event: 530,782 GC heap before
{Heap before GC invocations=78 (full 6):
 PSYoungGen      total 232960K, used 116800K [0x00000000eab00000, 0x0000000100000000, 0x0000000100000000)
  eden space 116736K, 100% used [0x00000000eab00000,0x00000000f1d00000,0x00000000f1d00000)
  from space 116224K, 0% used [0x00000000f1d00000,0x00000000f1d10000,0x00000000f8e80000)
  to   space 116224K, 0% used [0x00000000f8e80000,0x00000000f8e80000,0x0000000100000000)
 ParOldGen       total 446464K, used 311005K [0x00000000c0000000, 0x00000000db400000, 0x00000000eab00000)
  object space 446464K, 69% used [0x00000000c0000000,0x00000000d2fb75d8,0x00000000db400000)
 Metaspace       used 141304K, capacity 143876K, committed 144000K, reserved 1167360K
  class space    used 25034K, capacity 25710K, committed 25728K, reserved 1048576K
Event: 530,787 GC heap after
Heap after GC invocations=78 (full 6):
 PSYoungGen      total 227840K, used 64K [0x00000000eab00000, 0x00000000ffb00000, 0x0000000100000000)
  eden space 116736K, 0% used [0x00000000eab00000,0x00000000eab00000,0x00000000f1d00000)
  from space 111104K, 0% used [0x00000000f8e80000,0x00000000f8e90000,0x00000000ffb00000)
  to   space 113664K, 0% used [0x00000000f1d00000,0x00000000f1d00000,0x00000000f8c00000)
 ParOldGen       total 446464K, used 311005K [0x00000000c0000000, 0x00000000db400000, 0x00000000eab00000)
  object space 446464K, 69% used [0x00000000c0000000,0x00000000d2fb75d8,0x00000000db400000)
 Metaspace       used 141304K, capacity 143876K, committed 144000K, reserved 1167360K
  class space    used 25034K, capacity 25710K, committed 25728K, reserved 1048576K
}
Event: 531,075 GC heap before
{Heap before GC invocations=79 (full 6):
 PSYoungGen      total 227840K, used 116800K [0x00000000eab00000, 0x00000000ffb00000, 0x0000000100000000)
  eden space 116736K, 100% used [0x00000000eab00000,0x00000000f1d00000,0x00000000f1d00000)
  from space 111104K, 0% used [0x00000000f8e80000,0x00000000f8e90000,0x00000000ffb00000)
  to   space 113664K, 0% used [0x00000000f1d00000,0x00000000f1d00000,0x00000000f8c00000)
 ParOldGen       total 446464K, used 311005K [0x00000000c0000000, 0x00000000db400000, 0x00000000eab00000)
  object space 446464K, 69% used [0x00000000c0000000,0x00000000d2fb75d8,0x00000000db400000)
 Metaspace       used 141304K, capacity 143876K, committed 144000K, reserved 1167360K
  class space    used 25034K, capacity 25710K, committed 25728K, reserved 1048576K
Event: 531,080 GC heap after
Heap after GC invocations=79 (full 6):
 PSYoungGen      total 230400K, used 96K [0x00000000eab00000, 0x00000000ffc80000, 0x0000000100000000)
  eden space 116736K, 0% used [0x00000000eab00000,0x00000000eab00000,0x00000000f1d00000)
  from space 113664K, 0% used [0x00000000f1d00000,0x00000000f1d18000,0x00000000f8c00000)
  to   space 110592K, 0% used [0x00000000f9080000,0x00000000f9080000,0x00000000ffc80000)
 ParOldGen       total 446464K, used 311005K [0x00000000c0000000, 0x00000000db400000, 0x00000000eab00000)
  object space 446464K, 69% used [0x00000000c0000000,0x00000000d2fb75d8,0x00000000db400000)
 Metaspace       used 141304K, capacity 143876K, committed 144000K, reserved 1167360K
  class space    used 25034K, capacity 25710K, committed 25728K, reserved 1048576K
}
Event: 531,370 GC heap before
{Heap before GC invocations=80 (full 6):
 PSYoungGen      total 230400K, used 116832K [0x00000000eab00000, 0x00000000ffc80000, 0x0000000100000000)
  eden space 116736K, 100% used [0x00000000eab00000,0x00000000f1d00000,0x00000000f1d00000)
  from space 113664K, 0% used [0x00000000f1d00000,0x00000000f1d18000,0x00000000f8c00000)
  to   space 110592K, 0% used [0x00000000f9080000,0x00000000f9080000,0x00000000ffc80000)
 ParOldGen       total 446464K, used 311005K [0x00000000c0000000, 0x00000000db400000, 0x00000000eab00000)
  object space 446464K, 69% used [0x00000000c0000000,0x00000000d2fb75d8,0x00000000db400000)
 Metaspace       used 141304K, capacity 143876K, committed 144000K, reserved 1167360K
  class space    used 25034K, capacity 25710K, committed 25728K, reserved 1048576K
Event: 531,376 GC heap after
Heap after GC invocations=80 (full 6):
 PSYoungGen      total 227840K, used 160K [0x00000000eab00000, 0x00000000ff500000, 0x0000000100000000)
  eden space 124928K, 0% used [0x00000000eab00000,0x00000000eab00000,0x00000000f2500000)
  from space 102912K, 0% used [0x00000000f9080000,0x00000000f90a8000,0x00000000ff500000)
  to   space 106496K, 0% used [0x00000000f2500000,0x00000000f2500000,0x00000000f8d00000)
 ParOldGen       total 446464K, used 311005K [0x00000000c0000000, 0x00000000db400000, 0x00000000eab00000)
  object space 446464K, 69% used [0x00000000c0000000,0x00000000d2fb75d8,0x00000000db400000)
 Metaspace       used 141304K, capacity 143876K, committed 144000K, reserved 1167360K
  class space    used 25034K, capacity 25710K, committed 25728K, reserved 1048576K
}
Event: 531,698 GC heap before
{Heap before GC invocations=81 (full 6):
 PSYoungGen      total 227840K, used 125088K [0x00000000eab00000, 0x00000000ff500000, 0x0000000100000000)
  eden space 124928K, 100% used [0x00000000eab00000,0x00000000f2500000,0x00000000f2500000)
  from space 102912K, 0% used [0x00000000f9080000,0x00000000f90a8000,0x00000000ff500000)
  to   space 106496K, 0% used [0x00000000f2500000,0x00000000f2500000,0x00000000f8d00000)
 ParOldGen       total 446464K, used 311005K [0x00000000c0000000, 0x00000000db400000, 0x00000000eab00000)
  object space 446464K, 69% used [0x00000000c0000000,0x00000000d2fb75d8,0x00000000db400000)
 Metaspace       used 141304K, capacity 143876K, committed 144000K, reserved 1167360K
  class space    used 25034K, capacity 25710K, committed 25728K, reserved 1048576K
Event: 531,703 GC heap after
Heap after GC invocations=81 (full 6):
 PSYoungGen      total 231424K, used 96K [0x00000000eab00000, 0x00000000ffb00000, 0x0000000100000000)
  eden space 124928K, 0% used [0x00000000eab00000,0x00000000eab00000,0x00000000f2500000)
  from space 106496K, 0% used [0x00000000f2500000,0x00000000f2518000,0x00000000f8d00000)
  to   space 102912K, 0% used [0x00000000f9680000,0x00000000f9680000,0x00000000ffb00000)
 ParOldGen       total 446464K, used 311021K [0x00000000c0000000, 0x00000000db400000, 0x00000000eab00000)
  object space 446464K, 69% used [0x00000000c0000000,0x00000000d2fbb5d8,0x00000000db400000)
 Metaspace       used 141304K, capacity 143876K, committed 144000K, reserved 1167360K
  class space    used 25034K, capacity 25710K, committed 25728K, reserved 1048576K
}
Event: 532,444 GC heap before
{Heap before GC invocations=82 (full 6):
 PSYoungGen      total 231424K, used 125024K [0x00000000eab00000, 0x00000000ffb00000, 0x0000000100000000)
  eden space 124928K, 100% used [0x00000000eab00000,0x00000000f2500000,0x00000000f2500000)
  from space 106496K, 0% used [0x00000000f2500000,0x00000000f2518000,0x00000000f8d00000)
  to   space 102912K, 0% used [0x00000000f9680000,0x00000000f9680000,0x00000000ffb00000)
 ParOldGen       total 446464K, used 311021K [0x00000000c0000000, 0x00000000db400000, 0x00000000eab00000)
  object space 446464K, 69% used [0x00000000c0000000,0x00000000d2fbb5d8,0x00000000db400000)
 Metaspace       used 141324K, capacity 143876K, committed 144000K, reserved 1167360K
  class space    used 25034K, capacity 25710K, committed 25728K, reserved 1048576K
Event: 532,461 GC heap after
Heap after GC invocations=82 (full 6):
 PSYoungGen      total 224768K, used 19433K [0x00000000eab00000, 0x00000000feb80000, 0x0000000100000000)
  eden space 137728K, 0% used [0x00000000eab00000,0x00000000eab00000,0x00000000f3180000)
  from space 87040K, 22% used [0x00000000f9680000,0x00000000fa97a5a8,0x00000000feb80000)
  to   space 95232K, 0% used [0x00000000f3180000,0x00000000f3180000,0x00000000f8e80000)
 ParOldGen       total 446464K, used 311037K [0x00000000c0000000, 0x00000000db400000, 0x00000000eab00000)
  object space 446464K, 69% used [0x00000000c0000000,0x00000000d2fbf5d8,0x00000000db400000)
 Metaspace       used 141324K, capacity 143876K, committed 144000K, reserved 1167360K
  class space    used 25034K, capacity 25710K, committed 25728K, reserved 1048576K
}
Event: 534,160 GC heap before
{Heap before GC invocations=83 (full 6):
 PSYoungGen      total 224768K, used 157161K [0x00000000eab00000, 0x00000000feb80000, 0x0000000100000000)
  eden space 137728K, 100% used [0x00000000eab00000,0x00000000f3180000,0x00000000f3180000)
  from space 87040K, 22% used [0x00000000f9680000,0x00000000fa97a5a8,0x00000000feb80000)
  to   space 95232K, 0% used [0x00000000f3180000,0x00000000f3180000,0x00000000f8e80000)
 ParOldGen       total 446464K, used 311037K [0x00000000c0000000, 0x00000000db400000, 0x00000000eab00000)
  object space 446464K, 69% used [0x00000000c0000000,0x00000000d2fbf5d8,0x00000000db400000)
 Metaspace       used 141347K, capacity 143940K, committed 144256K, reserved 1167360K
  class space    used 25036K, capacity 25710K, committed 25728K, reserved 1048576K
Event: 534,170 GC heap after
Heap after GC invocations=83 (full 6):
 PSYoungGen      total 232960K, used 1024K [0x00000000eab00000, 0x00000000ff000000, 0x0000000100000000)
  eden space 137728K, 0% used [0x00000000eab00000,0x00000000eab00000,0x00000000f3180000)
  from space 95232K, 1% used [0x00000000f3180000,0x00000000f3280000,0x00000000f8e80000)
  to   space 91136K, 0% used [0x00000000f9700000,0x00000000f9700000,0x00000000ff000000)
 ParOldGen       total 446464K, used 330326K [0x00000000c0000000, 0x00000000db400000, 0x00000000eab00000)
  object space 446464K, 73% used [0x00000000c0000000,0x00000000d4295b70,0x00000000db400000)
 Metaspace       used 141347K, capacity 143940K, committed 144256K, reserved 1167360K
  class space    used 25036K, capacity 25710K, committed 25728K, reserved 1048576K
}
Event: 535,578 GC heap before
{Heap before GC invocations=84 (full 6):
 PSYoungGen      total 232960K, used 138752K [0x00000000eab00000, 0x00000000ff000000, 0x0000000100000000)
  eden space 137728K, 100% used [0x00000000eab00000,0x00000000f3180000,0x00000000f3180000)
  from space 95232K, 1% used [0x00000000f3180000,0x00000000f3280000,0x00000000f8e80000)
  to   space 91136K, 0% used [0x00000000f9700000,0x00000000f9700000,0x00000000ff000000)
 ParOldGen       total 446464K, used 330326K [0x00000000c0000000, 0x00000000db400000, 0x00000000eab00000)
  object space 446464K, 73% used [0x00000000c0000000,0x00000000d4295b70,0x00000000db400000)
 Metaspace       used 141356K, capacity 143944K, committed 144256K, reserved 1167360K
  class space    used 25036K, capacity 25710K, committed 25728K, reserved 1048576K
Event: 535,589 GC heap after
Heap after GC invocations=84 (full 6):
 PSYoungGen      total 229376K, used 9949K [0x00000000eab00000, 0x00000000fe500000, 0x0000000100000000)
  eden space 149504K, 0% used [0x00000000eab00000,0x00000000eab00000,0x00000000f3d00000)
  from space 79872K, 12% used [0x00000000f9700000,0x00000000fa0b7400,0x00000000fe500000)
  to   space 86016K, 0% used [0x00000000f3d00000,0x00000000f3d00000,0x00000000f9100000)
 ParOldGen       total 446464K, used 330326K [0x00000000c0000000, 0x00000000db400000, 0x00000000eab00000)
  object space 446464K, 73% used [0x00000000c0000000,0x00000000d4295b70,0x00000000db400000)
 Metaspace       used 141356K, capacity 143944K, committed 144256K, reserved 1167360K
  class space    used 25036K, capacity 25710K, committed 25728K, reserved 1048576K
}
Event: 537,098 GC heap before
{Heap before GC invocations=85 (full 6):
 PSYoungGen      total 229376K, used 159453K [0x00000000eab00000, 0x00000000fe500000, 0x0000000100000000)
  eden space 149504K, 100% used [0x00000000eab00000,0x00000000f3d00000,0x00000000f3d00000)
  from space 79872K, 12% used [0x00000000f9700000,0x00000000fa0b7400,0x00000000fe500000)
  to   space 86016K, 0% used [0x00000000f3d00000,0x00000000f3d00000,0x00000000f9100000)
 ParOldGen       total 446464K, used 330326K [0x00000000c0000000, 0x00000000db400000, 0x00000000eab00000)
  object space 446464K, 73% used [0x00000000c0000000,0x00000000d4295b70,0x00000000db400000)
 Metaspace       used 141399K, capacity 143948K, committed 144256K, reserved 1167360K
  class space    used 25039K, capacity 25710K, committed 25728K, reserved 1048576K
Event: 537,118 GC heap after
Heap after GC invocations=85 (full 6):
 PSYoungGen      total 235520K, used 11284K [0x00000000eab00000, 0x00000000fe600000, 0x0000000100000000)
  eden space 149504K, 0% used [0x00000000eab00000,0x00000000eab00000,0x00000000f3d00000)
  from space 86016K, 13% used [0x00000000f3d00000,0x00000000f4805100,0x00000000f9100000)
  to   space 80384K, 0% used [0x00000000f9780000,0x00000000f9780000,0x00000000fe600000)
 ParOldGen       total 446464K, used 330326K [0x00000000c0000000, 0x00000000db400000, 0x00000000eab00000)
  object space 446464K, 73% used [0x00000000c0000000,0x00000000d4295b70,0x00000000db400000)
 Metaspace       used 141399K, capacity 143948K, committed 144256K, reserved 1167360K
  class space    used 25039K, capacity 25710K, committed 25728K, reserved 1048576K
}
Event: 1598,129 GC heap before
{Heap before GC invocations=86 (full 6):
 PSYoungGen      total 235520K, used 160788K [0x00000000eab00000, 0x00000000fe600000, 0x0000000100000000)
  eden space 149504K, 100% used [0x00000000eab00000,0x00000000f3d00000,0x00000000f3d00000)
  from space 86016K, 13% used [0x00000000f3d00000,0x00000000f4805100,0x00000000f9100000)
  to   space 80384K, 0% used [0x00000000f9780000,0x00000000f9780000,0x00000000fe600000)
 ParOldGen       total 446464K, used 330326K [0x00000000c0000000, 0x00000000db400000, 0x00000000eab00000)
  object space 446464K, 73% used [0x00000000c0000000,0x00000000d4295b70,0x00000000db400000)
 Metaspace       used 151599K, capacity 154214K, committed 154368K, reserved 1175552K
  class space    used 27398K, capacity 28093K, committed 28160K, reserved 1048576K
Event: 1598,149 GC heap after
Heap after GC invocations=86 (full 6):
 PSYoungGen      total 230912K, used 24526K [0x00000000eab00000, 0x00000000fdd00000, 0x0000000100000000)
  eden space 159744K, 0% used [0x00000000eab00000,0x00000000eab00000,0x00000000f4700000)
  from space 71168K, 34% used [0x00000000f9780000,0x00000000faf73a88,0x00000000fdd00000)
  to   space 76800K, 0% used [0x00000000f4700000,0x00000000f4700000,0x00000000f9200000)
 ParOldGen       total 446464K, used 330334K [0x00000000c0000000, 0x00000000db400000, 0x00000000eab00000)
  object space 446464K, 73% used [0x00000000c0000000,0x00000000d4297b70,0x00000000db400000)
 Metaspace       used 151599K, capacity 154214K, committed 154368K, reserved 1175552K
  class space    used 27398K, capacity 28093K, committed 28160K, reserved 1048576K
}
Event: 1611,318 GC heap before
{Heap before GC invocations=87 (full 6):
 PSYoungGen      total 230912K, used 184270K [0x00000000eab00000, 0x00000000fdd00000, 0x0000000100000000)
  eden space 159744K, 100% used [0x00000000eab00000,0x00000000f4700000,0x00000000f4700000)
  from space 71168K, 34% used [0x00000000f9780000,0x00000000faf73a88,0x00000000fdd00000)
  to   space 76800K, 0% used [0x00000000f4700000,0x00000000f4700000,0x00000000f9200000)
 ParOldGen       total 446464K, used 330334K [0x00000000c0000000, 0x00000000db400000, 0x00000000eab00000)
  object space 446464K, 73% used [0x00000000c0000000,0x00000000d4297b70,0x00000000db400000)
 Metaspace       used 164644K, capacity 167574K, committed 167680K, reserved 1187840K
  class space    used 29421K, capacity 30143K, committed 30208K, reserved 1048576K
Event: 1611,368 GC heap after
Heap after GC invocations=87 (full 6):
 PSYoungGen      total 236544K, used 43111K [0x00000000eab00000, 0x00000000fec80000, 0x0000000100000000)
  eden space 159744K, 0% used [0x00000000eab00000,0x00000000eab00000,0x00000000f4700000)
  from space 76800K, 56% used [0x00000000f4700000,0x00000000f7119ce8,0x00000000f9200000)
  to   space 79872K, 0% used [0x00000000f9e80000,0x00000000f9e80000,0x00000000fec80000)
 ParOldGen       total 446464K, used 330350K [0x00000000c0000000, 0x00000000db400000, 0x00000000eab00000)
  object space 446464K, 73% used [0x00000000c0000000,0x00000000d429bb70,0x00000000db400000)
 Metaspace       used 164644K, capacity 167574K, committed 167680K, reserved 1187840K
  class space    used 29421K, capacity 30143K, committed 30208K, reserved 1048576K
}
Event: 1613,413 GC heap before
{Heap before GC invocations=88 (full 6):
 PSYoungGen      total 236544K, used 202855K [0x00000000eab00000, 0x00000000fec80000, 0x0000000100000000)
  eden space 159744K, 100% used [0x00000000eab00000,0x00000000f4700000,0x00000000f4700000)
  from space 76800K, 56% used [0x00000000f4700000,0x00000000f7119ce8,0x00000000f9200000)
  to   space 79872K, 0% used [0x00000000f9e80000,0x00000000f9e80000,0x00000000fec80000)
 ParOldGen       total 446464K, used 330350K [0x00000000c0000000, 0x00000000db400000, 0x00000000eab00000)
  object space 446464K, 73% used [0x00000000c0000000,0x00000000d429bb70,0x00000000db400000)
 Metaspace       used 166310K, capacity 169312K, committed 169600K, reserved 1187840K
  class space    used 29732K, capacity 30467K, committed 30592K, reserved 1048576K
Event: 1613,503 GC heap after
Heap after GC invocations=88 (full 6):
 PSYoungGen      total 246272K, used 45165K [0x00000000eab00000, 0x00000000ff700000, 0x0000000100000000)
  eden space 166400K, 0% used [0x00000000eab00000,0x00000000eab00000,0x00000000f4d80000)
  from space 79872K, 56% used [0x00000000f9e80000,0x00000000fca9b7d0,0x00000000fec80000)
  to   space 82944K, 0% used [0x00000000f4d80000,0x00000000f4d80000,0x00000000f9e80000)
 ParOldGen       total 446464K, used 330358K [0x00000000c0000000, 0x00000000db400000, 0x00000000eab00000)
  object space 446464K, 73% used [0x00000000c0000000,0x00000000d429db70,0x00000000db400000)
 Metaspace       used 166310K, capacity 169312K, committed 169600K, reserved 1187840K
  class space    used 29732K, capacity 30467K, committed 30592K, reserved 1048576K
}
Event: 1615,049 GC heap before
{Heap before GC invocations=89 (full 6):
 PSYoungGen      total 246272K, used 211565K [0x00000000eab00000, 0x00000000ff700000, 0x0000000100000000)
  eden space 166400K, 100% used [0x00000000eab00000,0x00000000f4d80000,0x00000000f4d80000)
  from space 79872K, 56% used [0x00000000f9e80000,0x00000000fca9b7d0,0x00000000fec80000)
  to   space 82944K, 0% used [0x00000000f4d80000,0x00000000f4d80000,0x00000000f9e80000)
 ParOldGen       total 446464K, used 330358K [0x00000000c0000000, 0x00000000db400000, 0x00000000eab00000)
  object space 446464K, 73% used [0x00000000c0000000,0x00000000d429db70,0x00000000db400000)
 Metaspace       used 171624K, capacity 174546K, committed 174720K, reserved 1191936K
  class space    used 31102K, capacity 31847K, committed 31872K, reserved 1048576K
Event: 1615,112 GC heap after
Heap after GC invocations=89 (full 6):
 PSYoungGen      total 249344K, used 56879K [0x00000000eab00000, 0x0000000100000000, 0x0000000100000000)
  eden space 166400K, 0% used [0x00000000eab00000,0x00000000eab00000,0x00000000f4d80000)
  from space 82944K, 68% used [0x00000000f4d80000,0x00000000f850bda0,0x00000000f9e80000)
  to   space 89600K, 0% used [0x00000000fa880000,0x00000000fa880000,0x0000000100000000)
 ParOldGen       total 446464K, used 330366K [0x00000000c0000000, 0x00000000db400000, 0x00000000eab00000)
  object space 446464K, 73% used [0x00000000c0000000,0x00000000d429fb70,0x00000000db400000)
 Metaspace       used 171624K, capacity 174546K, committed 174720K, reserved 1191936K
  class space    used 31102K, capacity 31847K, committed 31872K, reserved 1048576K
}
Event: 1615,818 GC heap before
{Heap before GC invocations=90 (full 6):
 PSYoungGen      total 249344K, used 223279K [0x00000000eab00000, 0x0000000100000000, 0x0000000100000000)
  eden space 166400K, 100% used [0x00000000eab00000,0x00000000f4d80000,0x00000000f4d80000)
  from space 82944K, 68% used [0x00000000f4d80000,0x00000000f850bda0,0x00000000f9e80000)
  to   space 89600K, 0% used [0x00000000fa880000,0x00000000fa880000,0x0000000100000000)
 ParOldGen       total 446464K, used 330366K [0x00000000c0000000, 0x00000000db400000, 0x00000000eab00000)
  object space 446464K, 73% used [0x00000000c0000000,0x00000000d429fb70,0x00000000db400000)
 Metaspace       used 172139K, capacity 175126K, committed 175360K, reserved 1191936K
  class space    used 31211K, capacity 31975K, committed 32000K, reserved 1048576K
Event: 1615,883 GC heap after
Heap after GC invocations=90 (full 6):
 PSYoungGen      total 250368K, used 57079K [0x00000000eab00000, 0x0000000100000000, 0x0000000100000000)
  eden space 160768K, 0% used [0x00000000eab00000,0x00000000eab00000,0x00000000f4800000)
  from space 89600K, 63% used [0x00000000fa880000,0x00000000fe03dc20,0x0000000100000000)
  to   space 94208K, 0% used [0x00000000f4800000,0x00000000f4800000,0x00000000fa400000)
 ParOldGen       total 446464K, used 331123K [0x00000000c0000000, 0x00000000db400000, 0x00000000eab00000)
  object space 446464K, 74% used [0x00000000c0000000,0x00000000d435cfb8,0x00000000db400000)
 Metaspace       used 172139K, capacity 175126K, committed 175360K, reserved 1191936K
  class space    used 31211K, capacity 31975K, committed 32000K, reserved 1048576K
}
Event: 1617,891 GC heap before
{Heap before GC invocations=91 (full 6):
 PSYoungGen      total 250368K, used 217847K [0x00000000eab00000, 0x0000000100000000, 0x0000000100000000)
  eden space 160768K, 100% used [0x00000000eab00000,0x00000000f4800000,0x00000000f4800000)
  from space 89600K, 63% used [0x00000000fa880000,0x00000000fe03dc20,0x0000000100000000)
  to   space 94208K, 0% used [0x00000000f4800000,0x00000000f4800000,0x00000000fa400000)
 ParOldGen       total 446464K, used 331123K [0x00000000c0000000, 0x00000000db400000, 0x00000000eab00000)
  object space 446464K, 74% used [0x00000000c0000000,0x00000000d435cfb8,0x00000000db400000)
 Metaspace       used 173587K, capacity 176586K, committed 176896K, reserved 1193984K
  class space    used 31408K, capacity 32139K, committed 32256K, reserved 1048576K
Event: 1618,014 GC heap after
Heap after GC invocations=91 (full 6):
 PSYoungGen      total 220672K, used 59777K [0x00000000eab00000, 0x0000000100000000, 0x0000000100000000)
  eden space 160768K, 0% used [0x00000000eab00000,0x00000000eab00000,0x00000000f4800000)
  from space 59904K, 99% used [0x00000000f4800000,0x00000000f82605f8,0x00000000f8280000)
  to   space 98816K, 0% used [0x00000000f9f80000,0x00000000f9f80000,0x0000000100000000)
 ParOldGen       total 446464K, used 341455K [0x00000000c0000000, 0x00000000db400000, 0x00000000eab00000)
  object space 446464K, 76% used [0x00000000c0000000,0x00000000d4d73fc0,0x00000000db400000)
 Metaspace       used 173587K, capacity 176586K, committed 176896K, reserved 1193984K
  class space    used 31408K, capacity 32139K, committed 32256K, reserved 1048576K
}
Event: 1619,816 GC heap before
{Heap before GC invocations=92 (full 6):
 PSYoungGen      total 220672K, used 220545K [0x00000000eab00000, 0x0000000100000000, 0x0000000100000000)
  eden space 160768K, 100% used [0x00000000eab00000,0x00000000f4800000,0x00000000f4800000)
  from space 59904K, 99% used [0x00000000f4800000,0x00000000f82605f8,0x00000000f8280000)
  to   space 98816K, 0% used [0x00000000f9f80000,0x00000000f9f80000,0x0000000100000000)
 ParOldGen       total 446464K, used 341455K [0x00000000c0000000, 0x00000000db400000, 0x00000000eab00000)
  object space 446464K, 76% used [0x00000000c0000000,0x00000000d4d73fc0,0x00000000db400000)
 Metaspace       used 173878K, capacity 176856K, committed 177152K, reserved 1193984K
  class space    used 31412K, capacity 32144K, committed 32256K, reserved 1048576K
Event: 1619,952 GC heap after
Heap after GC invocations=92 (full 6):
 PSYoungGen      total 245248K, used 57392K [0x00000000eab00000, 0x0000000100000000, 0x0000000100000000)
  eden space 146432K, 0% used [0x00000000eab00000,0x00000000eab00000,0x00000000f3a00000)
  from space 98816K, 58% used [0x00000000f9f80000,0x00000000fd78c020,0x0000000100000000)
  to   space 101376K, 0% used [0x00000000f3a00000,0x00000000f3a00000,0x00000000f9d00000)
 ParOldGen       total 446464K, used 360664K [0x00000000c0000000, 0x00000000db400000, 0x00000000eab00000)
  object space 446464K, 80% used [0x00000000c0000000,0x00000000d60362e8,0x00000000db400000)
 Metaspace       used 173878K, capacity 176856K, committed 177152K, reserved 1193984K
  class space    used 31412K, capacity 32144K, committed 32256K, reserved 1048576K
}
Event: 1622,115 GC heap before
{Heap before GC invocations=93 (full 6):
 PSYoungGen      total 245248K, used 203824K [0x00000000eab00000, 0x0000000100000000, 0x0000000100000000)
  eden space 146432K, 100% used [0x00000000eab00000,0x00000000f3a00000,0x00000000f3a00000)
  from space 98816K, 58% used [0x00000000f9f80000,0x00000000fd78c020,0x0000000100000000)
  to   space 101376K, 0% used [0x00000000f3a00000,0x00000000f3a00000,0x00000000f9d00000)
 ParOldGen       total 446464K, used 360664K [0x00000000c0000000, 0x00000000db400000, 0x00000000eab00000)
  object space 446464K, 80% used [0x00000000c0000000,0x00000000d60362e8,0x00000000db400000)
 Metaspace       used 174027K, capacity 176988K, committed 177408K, reserved 1193984K
  class space    used 31414K, capacity 32144K, committed 32256K, reserved 1048576K
Event: 1622,199 GC heap after
Heap after GC invocations=93 (full 6):
 PSYoungGen      total 190976K, used 44237K [0x00000000eab00000, 0x00000000ffc80000, 0x0000000100000000)
  eden space 146432K, 0% used [0x00000000eab00000,0x00000000eab00000,0x00000000f3a00000)
  from space 44544K, 99% used [0x00000000f3a00000,0x00000000f65334e0,0x00000000f6580000)
  to   space 98304K, 0% used [0x00000000f9c80000,0x00000000f9c80000,0x00000000ffc80000)
 ParOldGen       total 446464K, used 378724K [0x00000000c0000000, 0x00000000db400000, 0x00000000eab00000)
  object space 446464K, 84% used [0x00000000c0000000,0x00000000d71d93f8,0x00000000db400000)
 Metaspace       used 174027K, capacity 176988K, committed 177408K, reserved 1193984K
  class space    used 31414K, capacity 32144K, committed 32256K, reserved 1048576K
}
Event: 1623,818 GC heap before
{Heap before GC invocations=94 (full 6):
 PSYoungGen      total 190976K, used 190669K [0x00000000eab00000, 0x00000000ffc80000, 0x0000000100000000)
  eden space 146432K, 100% used [0x00000000eab00000,0x00000000f3a00000,0x00000000f3a00000)
  from space 44544K, 99% used [0x00000000f3a00000,0x00000000f65334e0,0x00000000f6580000)
  to   space 98304K, 0% used [0x00000000f9c80000,0x00000000f9c80000,0x00000000ffc80000)
 ParOldGen       total 446464K, used 378724K [0x00000000c0000000, 0x00000000db400000, 0x00000000eab00000)
  object space 446464K, 84% used [0x00000000c0000000,0x00000000d71d93f8,0x00000000db400000)
 Metaspace       used 174137K, capacity 177088K, committed 177408K, reserved 1193984K
  class space    used 31420K, capacity 32176K, committed 32256K, reserved 1048576K
Event: 1623,889 GC heap after
Heap after GC invocations=94 (full 6):
 PSYoungGen      total 249856K, used 46649K [0x00000000eab00000, 0x0000000100000000, 0x0000000100000000)
  eden space 151552K, 0% used [0x00000000eab00000,0x00000000eab00000,0x00000000f3f00000)
  from space 98304K, 47% used [0x00000000f9c80000,0x00000000fca0e798,0x00000000ffc80000)
  to   space 95744K, 0% used [0x00000000f3f00000,0x00000000f3f00000,0x00000000f9c80000)
 ParOldGen       total 446464K, used 399521K [0x00000000c0000000, 0x00000000db400000, 0x00000000eab00000)
  object space 446464K, 89% used [0x00000000c0000000,0x00000000d8628430,0x00000000db400000)
 Metaspace       used 174137K, capacity 177088K, committed 177408K, reserved 1193984K
  class space    used 31420K, capacity 32176K, committed 32256K, reserved 1048576K
}
Event: 1624,349 GC heap before
{Heap before GC invocations=95 (full 6):
 PSYoungGen      total 249856K, used 198201K [0x00000000eab00000, 0x0000000100000000, 0x0000000100000000)
  eden space 151552K, 100% used [0x00000000eab00000,0x00000000f3f00000,0x00000000f3f00000)
  from space 98304K, 47% used [0x00000000f9c80000,0x00000000fca0e798,0x00000000ffc80000)
  to   space 95744K, 0% used [0x00000000f3f00000,0x00000000f3f00000,0x00000000f9c80000)
 ParOldGen       total 446464K, used 399521K [0x00000000c0000000, 0x00000000db400000, 0x00000000eab00000)
  object space 446464K, 89% used [0x00000000c0000000,0x00000000d8628430,0x00000000db400000)
 Metaspace       used 174144K, capacity 177152K, committed 177408K, reserved 1193984K
  class space    used 31420K, capacity 32176K, committed 32256K, reserved 1048576K
Event: 1624,390 GC heap after
Heap after GC invocations=95 (full 6):
 PSYoungGen      total 247296K, used 23430K [0x00000000eab00000, 0x00000000ff680000, 0x0000000100000000)
  eden space 151552K, 0% used [0x00000000eab00000,0x00000000eab00000,0x00000000f3f00000)
  from space 95744K, 24% used [0x00000000f3f00000,0x00000000f55e1908,0x00000000f9c80000)
  to   space 92160K, 0% used [0x00000000f9c80000,0x00000000f9c80000,0x00000000ff680000)
 ParOldGen       total 446464K, used 422787K [0x00000000c0000000, 0x00000000db400000, 0x00000000eab00000)
  object space 446464K, 94% used [0x00000000c0000000,0x00000000d9ce0dc0,0x00000000db400000)
 Metaspace       used 174144K, capacity 177152K, committed 177408K, reserved 1193984K
  class space    used 31420K, capacity 32176K, committed 32256K, reserved 1048576K
}
Event: 1624,390 GC heap before
{Heap before GC invocations=96 (full 7):
 PSYoungGen      total 247296K, used 23430K [0x00000000eab00000, 0x00000000ff680000, 0x0000000100000000)
  eden space 151552K, 0% used [0x00000000eab00000,0x00000000eab00000,0x00000000f3f00000)
  from space 95744K, 24% used [0x00000000f3f00000,0x00000000f55e1908,0x00000000f9c80000)
  to   space 92160K, 0% used [0x00000000f9c80000,0x00000000f9c80000,0x00000000ff680000)
 ParOldGen       total 446464K, used 422787K [0x00000000c0000000, 0x00000000db400000, 0x00000000eab00000)
  object space 446464K, 94% used [0x00000000c0000000,0x00000000d9ce0dc0,0x00000000db400000)
 Metaspace       used 174144K, capacity 177152K, committed 177408K, reserved 1193984K
  class space    used 31420K, capacity 32176K, committed 32256K, reserved 1048576K
Event: 1625,698 GC heap after
Heap after GC invocations=96 (full 7):
 PSYoungGen      total 247296K, used 0K [0x00000000eab00000, 0x00000000ff680000, 0x0000000100000000)
  eden space 151552K, 0% used [0x00000000eab00000,0x00000000eab00000,0x00000000f3f00000)
  from space 95744K, 0% used [0x00000000f3f00000,0x00000000f3f00000,0x00000000f9c80000)
  to   space 92160K, 0% used [0x00000000f9c80000,0x00000000f9c80000,0x00000000ff680000)
 ParOldGen       total 519680K, used 320335K [0x00000000c0000000, 0x00000000dfb80000, 0x00000000eab00000)
  object space 519680K, 61% used [0x00000000c0000000,0x00000000d38d3f50,0x00000000dfb80000)
 Metaspace       used 173746K, capacity 176484K, committed 177408K, reserved 1193984K
  class space    used 31329K, capacity 32022K, committed 32256K, reserved 1048576K
}
Event: 1626,074 GC heap before
{Heap before GC invocations=97 (full 7):
 PSYoungGen      total 247296K, used 151552K [0x00000000eab00000, 0x00000000ff680000, 0x0000000100000000)
  eden space 151552K, 100% used [0x00000000eab00000,0x00000000f3f00000,0x00000000f3f00000)
  from space 95744K, 0% used [0x00000000f3f00000,0x00000000f3f00000,0x00000000f9c80000)
  to   space 92160K, 0% used [0x00000000f9c80000,0x00000000f9c80000,0x00000000ff680000)
 ParOldGen       total 519680K, used 320335K [0x00000000c0000000, 0x00000000dfb80000, 0x00000000eab00000)
  object space 519680K, 61% used [0x00000000c0000000,0x00000000d38d3f50,0x00000000dfb80000)
 Metaspace       used 173748K, capacity 176484K, committed 177408K, reserved 1193984K
  class space    used 31329K, capacity 32022K, committed 32256K, reserved 1048576K
Event: 1626,082 GC heap after
Heap after GC invocations=97 (full 7):
 PSYoungGen      total 246784K, used 128K [0x00000000eab00000, 0x00000000ffd80000, 0x0000000100000000)
  eden space 154624K, 0% used [0x00000000eab00000,0x00000000eab00000,0x00000000f4200000)
  from space 92160K, 0% used [0x00000000f9c80000,0x00000000f9ca0000,0x00000000ff680000)
  to   space 92672K, 0% used [0x00000000f4200000,0x00000000f4200000,0x00000000f9c80000)
 ParOldGen       total 519680K, used 320335K [0x00000000c0000000, 0x00000000dfb80000, 0x00000000eab00000)
  object space 519680K, 61% used [0x00000000c0000000,0x00000000d38d3f50,0x00000000dfb80000)
 Metaspace       used 173748K, capacity 176484K, committed 177408K, reserved 1193984K
  class space    used 31329K, capacity 32022K, committed 32256K, reserved 1048576K
}
Event: 1626,460 GC heap before
{Heap before GC invocations=98 (full 7):
 PSYoungGen      total 246784K, used 154752K [0x00000000eab00000, 0x00000000ffd80000, 0x0000000100000000)
  eden space 154624K, 100% used [0x00000000eab00000,0x00000000f4200000,0x00000000f4200000)
  from space 92160K, 0% used [0x00000000f9c80000,0x00000000f9ca0000,0x00000000ff680000)
  to   space 92672K, 0% used [0x00000000f4200000,0x00000000f4200000,0x00000000f9c80000)
 ParOldGen       total 519680K, used 320335K [0x00000000c0000000, 0x00000000dfb80000, 0x00000000eab00000)
  object space 519680K, 61% used [0x00000000c0000000,0x00000000d38d3f50,0x00000000dfb80000)
 Metaspace       used 173748K, capacity 176484K, committed 177408K, reserved 1193984K
  class space    used 31329K, capacity 32022K, committed 32256K, reserved 1048576K
Event: 1626,480 GC heap after
Heap after GC invocations=98 (full 7):
 PSYoungGen      total 247296K, used 96K [0x00000000eab00000, 0x00000000fff80000, 0x0000000100000000)
  eden space 154624K, 0% used [0x00000000eab00000,0x00000000eab00000,0x00000000f4200000)
  from space 92672K, 0% used [0x00000000f4200000,0x00000000f4218000,0x00000000f9c80000)
  to   space 92160K, 0% used [0x00000000fa580000,0x00000000fa580000,0x00000000fff80000)
 ParOldGen       total 519680K, used 320351K [0x00000000c0000000, 0x00000000dfb80000, 0x00000000eab00000)
  object space 519680K, 61% used [0x00000000c0000000,0x00000000d38d7f50,0x00000000dfb80000)
 Metaspace       used 173748K, capacity 176484K, committed 177408K, reserved 1193984K
  class space    used 31329K, capacity 32022K, committed 32256K, reserved 1048576K
}
Event: 1626,868 GC heap before
{Heap before GC invocations=99 (full 7):
 PSYoungGen      total 247296K, used 154720K [0x00000000eab00000, 0x00000000fff80000, 0x0000000100000000)
  eden space 154624K, 100% used [0x00000000eab00000,0x00000000f4200000,0x00000000f4200000)
  from space 92672K, 0% used [0x00000000f4200000,0x00000000f4218000,0x00000000f9c80000)
  to   space 92160K, 0% used [0x00000000fa580000,0x00000000fa580000,0x00000000fff80000)
 ParOldGen       total 519680K, used 320351K [0x00000000c0000000, 0x00000000dfb80000, 0x00000000eab00000)
  object space 519680K, 61% used [0x00000000c0000000,0x00000000d38d7f50,0x00000000dfb80000)
 Metaspace       used 173748K, capacity 176484K, committed 177408K, reserved 1193984K
  class space    used 31329K, capacity 32022K, committed 32256K, reserved 1048576K
Event: 1626,874 GC heap after
Heap after GC invocations=99 (full 7):
 PSYoungGen      total 254464K, used 64K [0x00000000eab00000, 0x00000000ffd80000, 0x0000000100000000)
  eden space 164352K, 0% used [0x00000000eab00000,0x00000000eab00000,0x00000000f4b80000)
  from space 90112K, 0% used [0x00000000fa580000,0x00000000fa590000,0x00000000ffd80000)
  to   space 91136K, 0% used [0x00000000f4b80000,0x00000000f4b80000,0x00000000fa480000)
 ParOldGen       total 519680K, used 320367K [0x00000000c0000000, 0x00000000dfb80000, 0x00000000eab00000)
  object space 519680K, 61% used [0x00000000c0000000,0x00000000d38dbf50,0x00000000dfb80000)
 Metaspace       used 173748K, capacity 176484K, committed 177408K, reserved 1193984K
  class space    used 31329K, capacity 32022K, committed 32256K, reserved 1048576K
}
Event: 1627,422 GC heap before
{Heap before GC invocations=100 (full 7):
 PSYoungGen      total 254464K, used 164416K [0x00000000eab00000, 0x00000000ffd80000, 0x0000000100000000)
  eden space 164352K, 100% used [0x00000000eab00000,0x00000000f4b80000,0x00000000f4b80000)
  from space 90112K, 0% used [0x00000000fa580000,0x00000000fa590000,0x00000000ffd80000)
  to   space 91136K, 0% used [0x00000000f4b80000,0x00000000f4b80000,0x00000000fa480000)
 ParOldGen       total 519680K, used 320367K [0x00000000c0000000, 0x00000000dfb80000, 0x00000000eab00000)
  object space 519680K, 61% used [0x00000000c0000000,0x00000000d38dbf50,0x00000000dfb80000)
 Metaspace       used 173748K, capacity 176484K, committed 177408K, reserved 1193984K
  class space    used 31329K, capacity 32022K, committed 32256K, reserved 1048576K
Event: 1627,433 GC heap after
Heap after GC invocations=100 (full 7):
 PSYoungGen      total 182784K, used 18269K [0x00000000eab00000, 0x00000000ff700000, 0x0000000100000000)
  eden space 164352K, 0% used [0x00000000eab00000,0x00000000eab00000,0x00000000f4b80000)
  from space 18432K, 99% used [0x00000000f4b80000,0x00000000f5d57728,0x00000000f5d80000)
  to   space 86016K, 0% used [0x00000000fa300000,0x00000000fa300000,0x00000000ff700000)
 ParOldGen       total 519680K, used 320367K [0x00000000c0000000, 0x00000000dfb80000, 0x00000000eab00000)
  object space 519680K, 61% used [0x00000000c0000000,0x00000000d38dbf50,0x00000000dfb80000)
 Metaspace       used 173748K, capacity 176484K, committed 177408K, reserved 1193984K
  class space    used 31329K, capacity 32022K, committed 32256K, reserved 1048576K
}
Event: 1627,855 GC heap before
{Heap before GC invocations=101 (full 7):
 PSYoungGen      total 182784K, used 182621K [0x00000000eab00000, 0x00000000ff700000, 0x0000000100000000)
  eden space 164352K, 100% used [0x00000000eab00000,0x00000000f4b80000,0x00000000f4b80000)
  from space 18432K, 99% used [0x00000000f4b80000,0x00000000f5d57728,0x00000000f5d80000)
  to   space 86016K, 0% used [0x00000000fa300000,0x00000000fa300000,0x00000000ff700000)
 ParOldGen       total 519680K, used 320367K [0x00000000c0000000, 0x00000000dfb80000, 0x00000000eab00000)
  object space 519680K, 61% used [0x00000000c0000000,0x00000000d38dbf50,0x00000000dfb80000)
 Metaspace       used 173748K, capacity 176484K, committed 177408K, reserved 1193984K
  class space    used 31329K, capacity 32022K, committed 32256K, reserved 1048576K
Event: 1627,865 GC heap after
Heap after GC invocations=101 (full 7):
 PSYoungGen      total 259584K, used 22344K [0x00000000eab00000, 0x00000000ffd00000, 0x0000000100000000)
  eden space 173568K, 0% used [0x00000000eab00000,0x00000000eab00000,0x00000000f5480000)
  from space 86016K, 25% used [0x00000000fa300000,0x00000000fb8d2320,0x00000000ff700000)
  to   space 80384K, 0% used [0x00000000f5480000,0x00000000f5480000,0x00000000fa300000)
 ParOldGen       total 519680K, used 337693K [0x00000000c0000000, 0x00000000dfb80000, 0x00000000eab00000)
  object space 519680K, 64% used [0x00000000c0000000,0x00000000d49c74d0,0x00000000dfb80000)
 Metaspace       used 173748K, capacity 176484K, committed 177408K, reserved 1193984K
  class space    used 31329K, capacity 32022K, committed 32256K, reserved 1048576K
}
Event: 1628,300 GC heap before
{Heap before GC invocations=102 (full 7):
 PSYoungGen      total 259584K, used 195912K [0x00000000eab00000, 0x00000000ffd00000, 0x0000000100000000)
  eden space 173568K, 100% used [0x00000000eab00000,0x00000000f5480000,0x00000000f5480000)
  from space 86016K, 25% used [0x00000000fa300000,0x00000000fb8d2320,0x00000000ff700000)
  to   space 80384K, 0% used [0x00000000f5480000,0x00000000f5480000,0x00000000fa300000)
 ParOldGen       total 519680K, used 337693K [0x00000000c0000000, 0x00000000dfb80000, 0x00000000eab00000)
  object space 519680K, 64% used [0x00000000c0000000,0x00000000d49c74d0,0x00000000dfb80000)
 Metaspace       used 173748K, capacity 176484K, committed 177408K, reserved 1193984K
  class space    used 31329K, capacity 32022K, committed 32256K, reserved 1048576K
Event: 1628,308 GC heap after
Heap after GC invocations=102 (full 7):
 PSYoungGen      total 253952K, used 64K [0x00000000eab00000, 0x00000000ff780000, 0x0000000100000000)
  eden space 173568K, 0% used [0x00000000eab00000,0x00000000eab00000,0x00000000f5480000)
  from space 80384K, 0% used [0x00000000f5480000,0x00000000f5490000,0x00000000fa300000)
  to   space 78848K, 0% used [0x00000000faa80000,0x00000000faa80000,0x00000000ff780000)
 ParOldGen       total 519680K, used 371089K [0x00000000c0000000, 0x00000000dfb80000, 0x00000000eab00000)
  object space 519680K, 71% used [0x00000000c0000000,0x00000000d6a645f0,0x00000000dfb80000)
 Metaspace       used 173748K, capacity 176484K, committed 177408K, reserved 1193984K
  class space    used 31329K, capacity 32022K, committed 32256K, reserved 1048576K
}
Event: 1628,761 GC heap before
{Heap before GC invocations=103 (full 7):
 PSYoungGen      total 253952K, used 173632K [0x00000000eab00000, 0x00000000ff780000, 0x0000000100000000)
  eden space 173568K, 100% used [0x00000000eab00000,0x00000000f5480000,0x00000000f5480000)
  from space 80384K, 0% used [0x00000000f5480000,0x00000000f5490000,0x00000000fa300000)
  to   space 78848K, 0% used [0x00000000faa80000,0x00000000faa80000,0x00000000ff780000)
 ParOldGen       total 519680K, used 371089K [0x00000000c0000000, 0x00000000dfb80000, 0x00000000eab00000)
  object space 519680K, 71% used [0x00000000c0000000,0x00000000d6a645f0,0x00000000dfb80000)
 Metaspace       used 173748K, capacity 176484K, committed 177408K, reserved 1193984K
  class space    used 31329K, capacity 32022K, committed 32256K, reserved 1048576K
Event: 1628,767 GC heap after
Heap after GC invocations=103 (full 7):
 PSYoungGen      total 263168K, used 96K [0x00000000eab00000, 0x00000000ffb80000, 0x0000000100000000)
  eden space 184320K, 0% used [0x00000000eab00000,0x00000000eab00000,0x00000000f5f00000)
  from space 78848K, 0% used [0x00000000faa80000,0x00000000faa98000,0x00000000ff780000)
  to   space 77312K, 0% used [0x00000000f5f00000,0x00000000f5f00000,0x00000000faa80000)
 ParOldGen       total 519680K, used 371089K [0x00000000c0000000, 0x00000000dfb80000, 0x00000000eab00000)
  object space 519680K, 71% used [0x00000000c0000000,0x00000000d6a645f0,0x00000000dfb80000)
 Metaspace       used 173748K, capacity 176484K, committed 177408K, reserved 1193984K
  class space    used 31329K, capacity 32022K, committed 32256K, reserved 1048576K
}
Event: 1629,225 GC heap before
{Heap before GC invocations=104 (full 7):
 PSYoungGen      total 263168K, used 184416K [0x00000000eab00000, 0x00000000ffb80000, 0x0000000100000000)
  eden space 184320K, 100% used [0x00000000eab00000,0x00000000f5f00000,0x00000000f5f00000)
  from space 78848K, 0% used [0x00000000faa80000,0x00000000faa98000,0x00000000ff780000)
  to   space 77312K, 0% used [0x00000000f5f00000,0x00000000f5f00000,0x00000000faa80000)
 ParOldGen       total 519680K, used 371089K [0x00000000c0000000, 0x00000000dfb80000, 0x00000000eab00000)
  object space 519680K, 71% used [0x00000000c0000000,0x00000000d6a645f0,0x00000000dfb80000)
 Metaspace       used 173748K, capacity 176484K, committed 177408K, reserved 1193984K
  class space    used 31329K, capacity 32022K, committed 32256K, reserved 1048576K
Event: 1629,230 GC heap after
Heap after GC invocations=104 (full 7):
 PSYoungGen      total 261632K, used 64K [0x00000000eab00000, 0x00000000ffa80000, 0x0000000100000000)
  eden space 184320K, 0% used [0x00000000eab00000,0x00000000eab00000,0x00000000f5f00000)
  from space 77312K, 0% used [0x00000000f5f00000,0x00000000f5f10000,0x00000000faa80000)
  to   space 75264K, 0% used [0x00000000fb100000,0x00000000fb100000,0x00000000ffa80000)
 ParOldGen       total 519680K, used 371089K [0x00000000c0000000, 0x00000000dfb80000, 0x00000000eab00000)
  object space 519680K, 71% used [0x00000000c0000000,0x00000000d6a645f0,0x00000000dfb80000)
 Metaspace       used 173748K, capacity 176484K, committed 177408K, reserved 1193984K
  class space    used 31329K, capacity 32022K, committed 32256K, reserved 1048576K
}
Event: 1630,158 GC heap before
{Heap before GC invocations=105 (full 7):
 PSYoungGen      total 261632K, used 184384K [0x00000000eab00000, 0x00000000ffa80000, 0x0000000100000000)
  eden space 184320K, 100% used [0x00000000eab00000,0x00000000f5f00000,0x00000000f5f00000)
  from space 77312K, 0% used [0x00000000f5f00000,0x00000000f5f10000,0x00000000faa80000)
  to   space 75264K, 0% used [0x00000000fb100000,0x00000000fb100000,0x00000000ffa80000)
 ParOldGen       total 519680K, used 371089K [0x00000000c0000000, 0x00000000dfb80000, 0x00000000eab00000)
  object space 519680K, 71% used [0x00000000c0000000,0x00000000d6a645f0,0x00000000dfb80000)
 Metaspace       used 173768K, capacity 176484K, committed 177408K, reserved 1193984K
  class space    used 31329K, capacity 32022K, committed 32256K, reserved 1048576K
Event: 1630,169 GC heap after
Heap after GC invocations=105 (full 7):
 PSYoungGen      total 264192K, used 19433K [0x00000000eab00000, 0x00000000ff300000, 0x0000000100000000)
  eden space 196608K, 0% used [0x00000000eab00000,0x00000000eab00000,0x00000000f6b00000)
  from space 67584K, 28% used [0x00000000fb100000,0x00000000fc3fa5a8,0x00000000ff300000)
  to   space 69632K, 0% used [0x00000000f6b00000,0x00000000f6b00000,0x00000000faf00000)
 ParOldGen       total 519680K, used 371089K [0x00000000c0000000, 0x00000000dfb80000, 0x00000000eab00000)
  object space 519680K, 71% used [0x00000000c0000000,0x00000000d6a645f0,0x00000000dfb80000)
 Metaspace       used 173768K, capacity 176484K, committed 177408K, reserved 1193984K
  class space    used 31329K, capacity 32022K, committed 32256K, reserved 1048576K
}
Event: 1632,361 GC heap before
{Heap before GC invocations=106 (full 7):
 PSYoungGen      total 264192K, used 216041K [0x00000000eab00000, 0x00000000ff300000, 0x0000000100000000)
  eden space 196608K, 100% used [0x00000000eab00000,0x00000000f6b00000,0x00000000f6b00000)
  from space 67584K, 28% used [0x00000000fb100000,0x00000000fc3fa5a8,0x00000000ff300000)
  to   space 69632K, 0% used [0x00000000f6b00000,0x00000000f6b00000,0x00000000faf00000)
 ParOldGen       total 519680K, used 371089K [0x00000000c0000000, 0x00000000dfb80000, 0x00000000eab00000)
  object space 519680K, 71% used [0x00000000c0000000,0x00000000d6a645f0,0x00000000dfb80000)
 Metaspace       used 173798K, capacity 176488K, committed 177408K, reserved 1193984K
  class space    used 31330K, capacity 32022K, committed 32256K, reserved 1048576K
Event: 1632,372 GC heap after
Heap after GC invocations=106 (full 7):
 PSYoungGen      total 266240K, used 5614K [0x00000000eab00000, 0x00000000ffd00000, 0x0000000100000000)
  eden space 196608K, 0% used [0x00000000eab00000,0x00000000eab00000,0x00000000f6b00000)
  from space 69632K, 8% used [0x00000000f6b00000,0x00000000f707ba00,0x00000000faf00000)
  to   space 67072K, 0% used [0x00000000fbb80000,0x00000000fbb80000,0x00000000ffd00000)
 ParOldGen       total 519680K, used 390354K [0x00000000c0000000, 0x00000000dfb80000, 0x00000000eab00000)
  object space 519680K, 75% used [0x00000000c0000000,0x00000000d7d34b88,0x00000000dfb80000)
 Metaspace       used 173798K, capacity 176488K, committed 177408K, reserved 1193984K
  class space    used 31330K, capacity 32022K, committed 32256K, reserved 1048576K
}
Event: 1634,220 GC heap before
{Heap before GC invocations=107 (full 7):
 PSYoungGen      total 266240K, used 202222K [0x00000000eab00000, 0x00000000ffd00000, 0x0000000100000000)
  eden space 196608K, 100% used [0x00000000eab00000,0x00000000f6b00000,0x00000000f6b00000)
  from space 69632K, 8% used [0x00000000f6b00000,0x00000000f707ba00,0x00000000faf00000)
  to   space 67072K, 0% used [0x00000000fbb80000,0x00000000fbb80000,0x00000000ffd00000)
 ParOldGen       total 519680K, used 390354K [0x00000000c0000000, 0x00000000dfb80000, 0x00000000eab00000)
  object space 519680K, 75% used [0x00000000c0000000,0x00000000d7d34b88,0x00000000dfb80000)
 Metaspace       used 173831K, capacity 176556K, committed 177408K, reserved 1193984K
  class space    used 31332K, capacity 32022K, committed 32256K, reserved 1048576K
Event: 1634,233 GC heap after
Heap after GC invocations=107 (full 7):
 PSYoungGen      total 271872K, used 10917K [0x00000000eab00000, 0x00000000ff580000, 0x0000000100000000)
  eden space 212480K, 0% used [0x00000000eab00000,0x00000000eab00000,0x00000000f7a80000)
  from space 59392K, 18% used [0x00000000fbb80000,0x00000000fc629488,0x00000000ff580000)
  to   space 62976K, 0% used [0x00000000f7a80000,0x00000000f7a80000,0x00000000fb800000)
 ParOldGen       total 519680K, used 390354K [0x00000000c0000000, 0x00000000dfb80000, 0x00000000eab00000)
  object space 519680K, 75% used [0x00000000c0000000,0x00000000d7d34b88,0x00000000dfb80000)
 Metaspace       used 173831K, capacity 176556K, committed 177408K, reserved 1193984K
  class space    used 31332K, capacity 32022K, committed 32256K, reserved 1048576K
}
Event: 5968,127 GC heap before
{Heap before GC invocations=108 (full 7):
 PSYoungGen      total 271872K, used 223397K [0x00000000eab00000, 0x00000000ff580000, 0x0000000100000000)
  eden space 212480K, 100% used [0x00000000eab00000,0x00000000f7a80000,0x00000000f7a80000)
  from space 59392K, 18% used [0x00000000fbb80000,0x00000000fc629488,0x00000000ff580000)
  to   space 62976K, 0% used [0x00000000f7a80000,0x00000000f7a80000,0x00000000fb800000)
 ParOldGen       total 519680K, used 390354K [0x00000000c0000000, 0x00000000dfb80000, 0x00000000eab00000)
  object space 519680K, 75% used [0x00000000c0000000,0x00000000d7d34b88,0x00000000dfb80000)
 Metaspace       used 174702K, capacity 177448K, committed 177920K, reserved 1196032K
  class space    used 31405K, capacity 32110K, committed 32256K, reserved 1048576K
Event: 5968,165 GC heap after
Heap after GC invocations=108 (full 7):
 PSYoungGen      total 275456K, used 18220K [0x00000000eab00000, 0x00000000ffb80000, 0x0000000100000000)
  eden space 212480K, 0% used [0x00000000eab00000,0x00000000eab00000,0x00000000f7a80000)
  from space 62976K, 28% used [0x00000000f7a80000,0x00000000f8c4b1e0,0x00000000fb800000)
  to   space 58880K, 0% used [0x00000000fc200000,0x00000000fc200000,0x00000000ffb80000)
 ParOldGen       total 519680K, used 390362K [0x00000000c0000000, 0x00000000dfb80000, 0x00000000eab00000)
  object space 519680K, 75% used [0x00000000c0000000,0x00000000d7d36b88,0x00000000dfb80000)
 Metaspace       used 174702K, capacity 177448K, committed 177920K, reserved 1196032K
  class space    used 31405K, capacity 32110K, committed 32256K, reserved 1048576K
}
Event: 5973,060 GC heap before
{Heap before GC invocations=109 (full 7):
 PSYoungGen      total 275456K, used 230700K [0x00000000eab00000, 0x00000000ffb80000, 0x0000000100000000)
  eden space 212480K, 100% used [0x00000000eab00000,0x00000000f7a80000,0x00000000f7a80000)
  from space 62976K, 28% used [0x00000000f7a80000,0x00000000f8c4b1e0,0x00000000fb800000)
  to   space 58880K, 0% used [0x00000000fc200000,0x00000000fc200000,0x00000000ffb80000)
 ParOldGen       total 519680K, used 390362K [0x00000000c0000000, 0x00000000dfb80000, 0x00000000eab00000)
  object space 519680K, 75% used [0x00000000c0000000,0x00000000d7d36b88,0x00000000dfb80000)
 Metaspace       used 196856K, capacity 199862K, committed 200320K, reserved 1212416K
  class space    used 35651K, capacity 36415K, committed 36480K, reserved 1048576K
Event: 5973,117 GC heap after
Heap after GC invocations=109 (full 7):
 PSYoungGen      total 272896K, used 50598K [0x00000000eab00000, 0x0000000100000000, 0x0000000100000000)
  eden space 214016K, 0% used [0x00000000eab00000,0x00000000eab00000,0x00000000f7c00000)
  from space 58880K, 85% used [0x00000000fc200000,0x00000000ff369b30,0x00000000ffb80000)
  to   space 67584K, 0% used [0x00000000f7c00000,0x00000000f7c00000,0x00000000fbe00000)
 ParOldGen       total 519680K, used 390370K [0x00000000c0000000, 0x00000000dfb80000, 0x00000000eab00000)
  object space 519680K, 75% used [0x00000000c0000000,0x00000000d7d38b88,0x00000000dfb80000)
 Metaspace       used 196856K, capacity 199862K, committed 200320K, reserved 1212416K
  class space    used 35651K, capacity 36415K, committed 36480K, reserved 1048576K
}
Event: 5985,986 GC heap before
{Heap before GC invocations=110 (full 7):
 PSYoungGen      total 272896K, used 264614K [0x00000000eab00000, 0x0000000100000000, 0x0000000100000000)
  eden space 214016K, 100% used [0x00000000eab00000,0x00000000f7c00000,0x00000000f7c00000)
  from space 58880K, 85% used [0x00000000fc200000,0x00000000ff369b30,0x00000000ffb80000)
  to   space 67584K, 0% used [0x00000000f7c00000,0x00000000f7c00000,0x00000000fbe00000)
 ParOldGen       total 519680K, used 390370K [0x00000000c0000000, 0x00000000dfb80000, 0x00000000eab00000)
  object space 519680K, 75% used [0x00000000c0000000,0x00000000d7d38b88,0x00000000dfb80000)
 Metaspace       used 201043K, capacity 204194K, committed 204416K, reserved 1216512K
  class space    used 36664K, capacity 37448K, committed 37504K, reserved 1048576K
Event: 5986,065 GC heap after
Heap after GC invocations=110 (full 7):
 PSYoungGen      total 266752K, used 52344K [0x00000000eab00000, 0x0000000100000000, 0x0000000100000000)
  eden space 214016K, 0% used [0x00000000eab00000,0x00000000eab00000,0x00000000f7c00000)
  from space 52736K, 99% used [0x00000000f7c00000,0x00000000faf1e098,0x00000000faf80000)
  to   space 74752K, 0% used [0x00000000fb700000,0x00000000fb700000,0x0000000100000000)
 ParOldGen       total 519680K, used 390378K [0x00000000c0000000, 0x00000000dfb80000, 0x00000000eab00000)
  object space 519680K, 75% used [0x00000000c0000000,0x00000000d7d3ab88,0x00000000dfb80000)
 Metaspace       used 201043K, capacity 204194K, committed 204416K, reserved 1216512K
  class space    used 36664K, capacity 37448K, committed 37504K, reserved 1048576K
}
Event: 5987,428 GC heap before
{Heap before GC invocations=111 (full 7):
 PSYoungGen      total 266752K, used 266360K [0x00000000eab00000, 0x0000000100000000, 0x0000000100000000)
  eden space 214016K, 100% used [0x00000000eab00000,0x00000000f7c00000,0x00000000f7c00000)
  from space 52736K, 99% used [0x00000000f7c00000,0x00000000faf1e098,0x00000000faf80000)
  to   space 74752K, 0% used [0x00000000fb700000,0x00000000fb700000,0x0000000100000000)
 ParOldGen       total 519680K, used 390378K [0x00000000c0000000, 0x00000000dfb80000, 0x00000000eab00000)
  object space 519680K, 75% used [0x00000000c0000000,0x00000000d7d3ab88,0x00000000dfb80000)
 Metaspace       used 204773K, capacity 207992K, committed 208384K, reserved 1218560K
  class space    used 37545K, capacity 38348K, committed 38400K, reserved 1048576K
Event: 5987,543 GC heap after
Heap after GC invocations=111 (full 7):
 PSYoungGen      total 259072K, used 58135K [0x00000000eab00000, 0x0000000100000000, 0x0000000100000000)
  eden space 184320K, 0% used [0x00000000eab00000,0x00000000eab00000,0x00000000f5f00000)
  from space 74752K, 77% used [0x00000000fb700000,0x00000000fefc5ca0,0x0000000100000000)
  to   space 82432K, 0% used [0x00000000f5f00000,0x00000000f5f00000,0x00000000faf80000)
 ParOldGen       total 519680K, used 390378K [0x00000000c0000000, 0x00000000dfb80000, 0x00000000eab00000)
  object space 519680K, 75% used [0x00000000c0000000,0x00000000d7d3ab88,0x00000000dfb80000)
 Metaspace       used 204773K, capacity 207992K, committed 208384K, reserved 1218560K
  class space    used 37545K, capacity 38348K, committed 38400K, reserved 1048576K
}
Event: 5989,780 GC heap before
{Heap before GC invocations=112 (full 7):
 PSYoungGen      total 259072K, used 242455K [0x00000000eab00000, 0x0000000100000000, 0x0000000100000000)
  eden space 184320K, 100% used [0x00000000eab00000,0x00000000f5f00000,0x00000000f5f00000)
  from space 74752K, 77% used [0x00000000fb700000,0x00000000fefc5ca0,0x0000000100000000)
  to   space 82432K, 0% used [0x00000000f5f00000,0x00000000f5f00000,0x00000000faf80000)
 ParOldGen       total 519680K, used 390378K [0x00000000c0000000, 0x00000000dfb80000, 0x00000000eab00000)
  object space 519680K, 75% used [0x00000000c0000000,0x00000000d7d3ab88,0x00000000dfb80000)
 Metaspace       used 205667K, capacity 208834K, committed 209024K, reserved 1220608K
  class space    used 37706K, capacity 38477K, committed 38528K, reserved 1048576K
Event: 5989,906 GC heap after
Heap after GC invocations=112 (full 7):
 PSYoungGen      total 240640K, used 56213K [0x00000000eab00000, 0x0000000100000000, 0x0000000100000000)
  eden space 184320K, 0% used [0x00000000eab00000,0x00000000eab00000,0x00000000f5f00000)
  from space 56320K, 99% used [0x00000000f5f00000,0x00000000f95e57c8,0x00000000f9600000)
  to   space 87552K, 0% used [0x00000000faa80000,0x00000000faa80000,0x0000000100000000)
 ParOldGen       total 519680K, used 401064K [0x00000000c0000000, 0x00000000dfb80000, 0x00000000eab00000)
  object space 519680K, 77% used [0x00000000c0000000,0x00000000d87aa210,0x00000000dfb80000)
 Metaspace       used 205667K, capacity 208834K, committed 209024K, reserved 1220608K
  class space    used 37706K, capacity 38477K, committed 38528K, reserved 1048576K
}
Event: 5993,385 GC heap before
{Heap before GC invocations=113 (full 7):
 PSYoungGen      total 240640K, used 240533K [0x00000000eab00000, 0x0000000100000000, 0x0000000100000000)
  eden space 184320K, 100% used [0x00000000eab00000,0x00000000f5f00000,0x00000000f5f00000)
  from space 56320K, 99% used [0x00000000f5f00000,0x00000000f95e57c8,0x00000000f9600000)
  to   space 87552K, 0% used [0x00000000faa80000,0x00000000faa80000,0x0000000100000000)
 ParOldGen       total 519680K, used 401064K [0x00000000c0000000, 0x00000000dfb80000, 0x00000000eab00000)
  object space 519680K, 77% used [0x00000000c0000000,0x00000000d87aa210,0x00000000dfb80000)
 Metaspace       used 206543K, capacity 209644K, committed 209920K, reserved 1220608K
  class space    used 37745K, capacity 38512K, committed 38656K, reserved 1048576K
Event: 5993,527 GC heap after
Heap after GC invocations=113 (full 7):
 PSYoungGen      total 252416K, used 57412K [0x00000000eab00000, 0x0000000100000000, 0x0000000100000000)
  eden space 164864K, 0% used [0x00000000eab00000,0x00000000eab00000,0x00000000f4c00000)
  from space 87552K, 65% used [0x00000000faa80000,0x00000000fe291330,0x0000000100000000)
  to   space 92160K, 0% used [0x00000000f4c00000,0x00000000f4c00000,0x00000000fa600000)
 ParOldGen       total 519680K, used 421295K [0x00000000c0000000, 0x00000000dfb80000, 0x00000000eab00000)
  object space 519680K, 81% used [0x00000000c0000000,0x00000000d9b6bc78,0x00000000dfb80000)
 Metaspace       used 206543K, capacity 209644K, committed 209920K, reserved 1220608K
  class space    used 37745K, capacity 38512K, committed 38656K, reserved 1048576K
}
Event: 5996,665 GC heap before
{Heap before GC invocations=114 (full 7):
 PSYoungGen      total 252416K, used 222276K [0x00000000eab00000, 0x0000000100000000, 0x0000000100000000)
  eden space 164864K, 100% used [0x00000000eab00000,0x00000000f4c00000,0x00000000f4c00000)
  from space 87552K, 65% used [0x00000000faa80000,0x00000000fe291330,0x0000000100000000)
  to   space 92160K, 0% used [0x00000000f4c00000,0x00000000f4c00000,0x00000000fa600000)
 ParOldGen       total 519680K, used 421295K [0x00000000c0000000, 0x00000000dfb80000, 0x00000000eab00000)
  object space 519680K, 81% used [0x00000000c0000000,0x00000000d9b6bc78,0x00000000dfb80000)
 Metaspace       used 206715K, capacity 209848K, committed 210176K, reserved 1220608K
  class space    used 37748K, capacity 38514K, committed 38656K, reserved 1048576K
Event: 5996,735 GC heap after
Heap after GC invocations=114 (full 7):
 PSYoungGen      total 257024K, used 42029K [0x00000000eab00000, 0x00000000fff80000, 0x0000000100000000)
  eden space 164864K, 0% used [0x00000000eab00000,0x00000000eab00000,0x00000000f4c00000)
  from space 92160K, 45% used [0x00000000f4c00000,0x00000000f750b4d0,0x00000000fa600000)
  to   space 89600K, 0% used [0x00000000fa800000,0x00000000fa800000,0x00000000fff80000)
 ParOldGen       total 519680K, used 441743K [0x00000000c0000000, 0x00000000dfb80000, 0x00000000eab00000)
  object space 519680K, 85% used [0x00000000c0000000,0x00000000daf63db8,0x00000000dfb80000)
 Metaspace       used 206715K, capacity 209848K, committed 210176K, reserved 1220608K
  class space    used 37748K, capacity 38514K, committed 38656K, reserved 1048576K
}
Event: 5997,893 GC heap before
{Heap before GC invocations=115 (full 7):
 PSYoungGen      total 257024K, used 206893K [0x00000000eab00000, 0x00000000fff80000, 0x0000000100000000)
  eden space 164864K, 100% used [0x00000000eab00000,0x00000000f4c00000,0x00000000f4c00000)
  from space 92160K, 45% used [0x00000000f4c00000,0x00000000f750b4d0,0x00000000fa600000)
  to   space 89600K, 0% used [0x00000000fa800000,0x00000000fa800000,0x00000000fff80000)
 ParOldGen       total 519680K, used 441743K [0x00000000c0000000, 0x00000000dfb80000, 0x00000000eab00000)
  object space 519680K, 85% used [0x00000000c0000000,0x00000000daf63db8,0x00000000dfb80000)
 Metaspace       used 206835K, capacity 210010K, committed 210432K, reserved 1220608K
  class space    used 37754K, capacity 38547K, committed 38656K, reserved 1048576K
Event: 5997,967 GC heap after
Heap after GC invocations=115 (full 7):
 PSYoungGen      total 244736K, used 30416K [0x00000000eab00000, 0x00000000ff380000, 0x0000000100000000)
  eden space 167424K, 0% used [0x00000000eab00000,0x00000000eab00000,0x00000000f4e80000)
  from space 77312K, 39% used [0x00000000fa800000,0x00000000fc5b4128,0x00000000ff380000)
  to   space 84480K, 0% used [0x00000000f4e80000,0x00000000f4e80000,0x00000000fa100000)
 ParOldGen       total 519680K, used 476753K [0x00000000c0000000, 0x00000000dfb80000, 0x00000000eab00000)
  object space 519680K, 91% used [0x00000000c0000000,0x00000000dd194678,0x00000000dfb80000)
 Metaspace       used 206835K, capacity 210010K, committed 210432K, reserved 1220608K
  class space    used 37754K, capacity 38547K, committed 38656K, reserved 1048576K
}
Event: 5997,967 GC heap before
{Heap before GC invocations=116 (full 8):
 PSYoungGen      total 244736K, used 30416K [0x00000000eab00000, 0x00000000ff380000, 0x0000000100000000)
  eden space 167424K, 0% used [0x00000000eab00000,0x00000000eab00000,0x00000000f4e80000)
  from space 77312K, 39% used [0x00000000fa800000,0x00000000fc5b4128,0x00000000ff380000)
  to   space 84480K, 0% used [0x00000000f4e80000,0x00000000f4e80000,0x00000000fa100000)
 ParOldGen       total 519680K, used 476753K [0x00000000c0000000, 0x00000000dfb80000, 0x00000000eab00000)
  object space 519680K, 91% used [0x00000000c0000000,0x00000000dd194678,0x00000000dfb80000)
 Metaspace       used 206835K, capacity 210010K, committed 210432K, reserved 1220608K
  class space    used 37754K, capacity 38547K, committed 38656K, reserved 1048576K
Event: 5999,571 GC heap after
Heap after GC invocations=116 (full 8):
 PSYoungGen      total 244736K, used 0K [0x00000000eab00000, 0x00000000ff380000, 0x0000000100000000)
  eden space 167424K, 0% used [0x00000000eab00000,0x00000000eab00000,0x00000000f4e80000)
  from space 77312K, 0% used [0x00000000fa800000,0x00000000fa800000,0x00000000ff380000)
  to   space 84480K, 0% used [0x00000000f4e80000,0x00000000f4e80000,0x00000000fa100000)
 ParOldGen       total 465920K, used 247079K [0x00000000c0000000, 0x00000000dc700000, 0x00000000eab00000)
  object space 465920K, 53% used [0x00000000c0000000,0x00000000cf149c28,0x00000000dc700000)
 Metaspace       used 141733K, capacity 144170K, committed 194048K, reserved 1204224K
  class space    used 24966K, capacity 25598K, committed 38656K, reserved 1048576K
}
Event: 6000,015 GC heap before
{Heap before GC invocations=117 (full 8):
 PSYoungGen      total 244736K, used 167424K [0x00000000eab00000, 0x00000000ff380000, 0x0000000100000000)
  eden space 167424K, 100% used [0x00000000eab00000,0x00000000f4e80000,0x00000000f4e80000)
  from space 77312K, 0% used [0x00000000fa800000,0x00000000fa800000,0x00000000ff380000)
  to   space 84480K, 0% used [0x00000000f4e80000,0x00000000f4e80000,0x00000000fa100000)
 ParOldGen       total 465920K, used 247079K [0x00000000c0000000, 0x00000000dc700000, 0x00000000eab00000)
  object space 465920K, 53% used [0x00000000c0000000,0x00000000cf149c28,0x00000000dc700000)
 Metaspace       used 141736K, capacity 144170K, committed 194048K, reserved 1204224K
  class space    used 24966K, capacity 25598K, committed 38656K, reserved 1048576K
Event: 6000,021 GC heap after
Heap after GC invocations=117 (full 8):
 PSYoungGen      total 251904K, used 128K [0x00000000eab00000, 0x0000000100000000, 0x0000000100000000)
  eden space 167424K, 0% used [0x00000000eab00000,0x00000000eab00000,0x00000000f4e80000)
  from space 84480K, 0% used [0x00000000f4e80000,0x00000000f4ea0000,0x00000000fa100000)
  to   space 84992K, 0% used [0x00000000fad00000,0x00000000fad00000,0x0000000100000000)
 ParOldGen       total 465920K, used 247079K [0x00000000c0000000, 0x00000000dc700000, 0x00000000eab00000)
  object space 465920K, 53% used [0x00000000c0000000,0x00000000cf149c28,0x00000000dc700000)
 Metaspace       used 141736K, capacity 144170K, committed 194048K, reserved 1204224K
  class space    used 24966K, capacity 25598K, committed 38656K, reserved 1048576K
}
Event: 6000,455 GC heap before
{Heap before GC invocations=118 (full 8):
 PSYoungGen      total 251904K, used 167552K [0x00000000eab00000, 0x0000000100000000, 0x0000000100000000)
  eden space 167424K, 100% used [0x00000000eab00000,0x00000000f4e80000,0x00000000f4e80000)
  from space 84480K, 0% used [0x00000000f4e80000,0x00000000f4ea0000,0x00000000fa100000)
  to   space 84992K, 0% used [0x00000000fad00000,0x00000000fad00000,0x0000000100000000)
 ParOldGen       total 465920K, used 247079K [0x00000000c0000000, 0x00000000dc700000, 0x00000000eab00000)
  object space 465920K, 53% used [0x00000000c0000000,0x00000000cf149c28,0x00000000dc700000)
 Metaspace       used 141736K, capacity 144170K, committed 194048K, reserved 1204224K
  class space    used 24966K, capacity 25598K, committed 38656K, reserved 1048576K
Event: 6000,460 GC heap after
Heap after GC invocations=118 (full 8):
 PSYoungGen      total 264192K, used 96K [0x00000000eab00000, 0x00000000fff80000, 0x0000000100000000)
  eden space 179712K, 0% used [0x00000000eab00000,0x00000000eab00000,0x00000000f5a80000)
  from space 84480K, 0% used [0x00000000fad00000,0x00000000fad18000,0x00000000fff80000)
  to   space 84480K, 0% used [0x00000000f5a80000,0x00000000f5a80000,0x00000000fad00000)
 ParOldGen       total 465920K, used 247087K [0x00000000c0000000, 0x00000000dc700000, 0x00000000eab00000)
  object space 465920K, 53% used [0x00000000c0000000,0x00000000cf14bc28,0x00000000dc700000)
 Metaspace       used 141736K, capacity 144170K, committed 194048K, reserved 1204224K
  class space    used 24966K, capacity 25598K, committed 38656K, reserved 1048576K
}
Event: 6000,942 GC heap before
{Heap before GC invocations=119 (full 8):
 PSYoungGen      total 264192K, used 179808K [0x00000000eab00000, 0x00000000fff80000, 0x0000000100000000)
  eden space 179712K, 100% used [0x00000000eab00000,0x00000000f5a80000,0x00000000f5a80000)
  from space 84480K, 0% used [0x00000000fad00000,0x00000000fad18000,0x00000000fff80000)
  to   space 84480K, 0% used [0x00000000f5a80000,0x00000000f5a80000,0x00000000fad00000)
 ParOldGen       total 465920K, used 247087K [0x00000000c0000000, 0x00000000dc700000, 0x00000000eab00000)
  object space 465920K, 53% used [0x00000000c0000000,0x00000000cf14bc28,0x00000000dc700000)
 Metaspace       used 141736K, capacity 144170K, committed 194048K, reserved 1204224K
  class space    used 24966K, capacity 25598K, committed 38656K, reserved 1048576K
Event: 6000,947 GC heap after
Heap after GC invocations=119 (full 8):
 PSYoungGen      total 180224K, used 64K [0x00000000eab00000, 0x00000000ffe00000, 0x0000000100000000)
  eden space 179712K, 0% used [0x00000000eab00000,0x00000000eab00000,0x00000000f5a80000)
  from space 512K, 12% used [0x00000000f5a80000,0x00000000f5a90000,0x00000000f5b00000)
  to   space 83456K, 0% used [0x00000000fac80000,0x00000000fac80000,0x00000000ffe00000)
 ParOldGen       total 465920K, used 247087K [0x00000000c0000000, 0x00000000dc700000, 0x00000000eab00000)
  object space 465920K, 53% used [0x00000000c0000000,0x00000000cf14bc28,0x00000000dc700000)
 Metaspace       used 141736K, capacity 144170K, committed 194048K, reserved 1204224K
  class space    used 24966K, capacity 25598K, committed 38656K, reserved 1048576K
}
Event: 6001,421 GC heap before
{Heap before GC invocations=120 (full 8):
 PSYoungGen      total 180224K, used 172375K [0x00000000eab00000, 0x00000000ffe00000, 0x0000000100000000)
  eden space 179712K, 95% used [0x00000000eab00000,0x00000000f5345d08,0x00000000f5a80000)
  from space 512K, 12% used [0x00000000f5a80000,0x00000000f5a90000,0x00000000f5b00000)
  to   space 83456K, 0% used [0x00000000fac80000,0x00000000fac80000,0x00000000ffe00000)
 ParOldGen       total 465920K, used 247087K [0x00000000c0000000, 0x00000000dc700000, 0x00000000eab00000)
  object space 465920K, 53% used [0x00000000c0000000,0x00000000cf14bc28,0x00000000dc700000)
 Metaspace       used 141736K, capacity 144170K, committed 194048K, reserved 1204224K
  class space    used 24966K, capacity 25598K, committed 38656K, reserved 1048576K
Event: 6001,426 GC heap after
Heap after GC invocations=120 (full 8):
 PSYoungGen      total 265216K, used 160K [0x00000000eab00000, 0x0000000100000000, 0x0000000100000000)
  eden space 181760K, 0% used [0x00000000eab00000,0x00000000eab00000,0x00000000f5c80000)
  from space 83456K, 0% used [0x00000000fac80000,0x00000000faca8000,0x00000000ffe00000)
  to   space 81920K, 0% used [0x00000000f5c80000,0x00000000f5c80000,0x00000000fac80000)
 ParOldGen       total 465920K, used 247087K [0x00000000c0000000, 0x00000000dc700000, 0x00000000eab00000)
  object space 465920K, 53% used [0x00000000c0000000,0x00000000cf14bc28,0x00000000dc700000)
 Metaspace       used 141736K, capacity 144170K, committed 194048K, reserved 1204224K
  class space    used 24966K, capacity 25598K, committed 38656K, reserved 1048576K
}
Event: 6003,350 GC heap before
{Heap before GC invocations=121 (full 8):
 PSYoungGen      total 265216K, used 181920K [0x00000000eab00000, 0x0000000100000000, 0x0000000100000000)
  eden space 181760K, 100% used [0x00000000eab00000,0x00000000f5c80000,0x00000000f5c80000)
  from space 83456K, 0% used [0x00000000fac80000,0x00000000faca8000,0x00000000ffe00000)
  to   space 81920K, 0% used [0x00000000f5c80000,0x00000000f5c80000,0x00000000fac80000)
 ParOldGen       total 465920K, used 247087K [0x00000000c0000000, 0x00000000dc700000, 0x00000000eab00000)
  object space 465920K, 53% used [0x00000000c0000000,0x00000000cf14bc28,0x00000000dc700000)
 Metaspace       used 141784K, capacity 144176K, committed 194048K, reserved 1204224K
  class space    used 24968K, capacity 25599K, committed 38656K, reserved 1048576K
Event: 6003,376 GC heap after
Heap after GC invocations=121 (full 8):
 PSYoungGen      total 204800K, used 22594K [0x00000000eab00000, 0x00000000ff280000, 0x0000000100000000)
  eden space 181760K, 0% used [0x00000000eab00000,0x00000000eab00000,0x00000000f5c80000)
  from space 23040K, 98% used [0x00000000f5c80000,0x00000000f7290bb8,0x00000000f7300000)
  to   space 75776K, 0% used [0x00000000fa880000,0x00000000fa880000,0x00000000ff280000)
 ParOldGen       total 465920K, used 247119K [0x00000000c0000000, 0x00000000dc700000, 0x00000000eab00000)
  object space 465920K, 53% used [0x00000000c0000000,0x00000000cf153c28,0x00000000dc700000)
 Metaspace       used 141784K, capacity 144176K, committed 194048K, reserved 1204224K
  class space    used 24968K, capacity 25599K, committed 38656K, reserved 1048576K
}
Event: 6005,858 GC heap before
{Heap before GC invocations=122 (full 8):
 PSYoungGen      total 204800K, used 204354K [0x00000000eab00000, 0x00000000ff280000, 0x0000000100000000)
  eden space 181760K, 100% used [0x00000000eab00000,0x00000000f5c80000,0x00000000f5c80000)
  from space 23040K, 98% used [0x00000000f5c80000,0x00000000f7290bb8,0x00000000f7300000)
  to   space 75776K, 0% used [0x00000000fa880000,0x00000000fa880000,0x00000000ff280000)
 ParOldGen       total 465920K, used 247119K [0x00000000c0000000, 0x00000000dc700000, 0x00000000eab00000)
  object space 465920K, 53% used [0x00000000c0000000,0x00000000cf153c28,0x00000000dc700000)
 Metaspace       used 141867K, capacity 144244K, committed 194048K, reserved 1204224K
  class space    used 24971K, capacity 25599K, committed 38656K, reserved 1048576K
Event: 6005,878 GC heap after
Heap after GC invocations=122 (full 8):
 PSYoungGen      total 262144K, used 6933K [0x00000000eab00000, 0x00000000ffe80000, 0x0000000100000000)
  eden space 186368K, 0% used [0x00000000eab00000,0x00000000eab00000,0x00000000f6100000)
  from space 75776K, 9% used [0x00000000fa880000,0x00000000faf45700,0x00000000ff280000)
  to   space 73216K, 0% used [0x00000000f6100000,0x00000000f6100000,0x00000000fa880000)
 ParOldGen       total 465920K, used 269389K [0x00000000c0000000, 0x00000000dc700000, 0x00000000eab00000)
  object space 465920K, 57% used [0x00000000c0000000,0x00000000d0713628,0x00000000dc700000)
 Metaspace       used 141867K, capacity 144244K, committed 194048K, reserved 1204224K
  class space    used 24971K, capacity 25599K, committed 38656K, reserved 1048576K
}
Event: 6463,148 GC heap before
{Heap before GC invocations=123 (full 8):
 PSYoungGen      total 262144K, used 193301K [0x00000000eab00000, 0x00000000ffe80000, 0x0000000100000000)
  eden space 186368K, 100% used [0x00000000eab00000,0x00000000f6100000,0x00000000f6100000)
  from space 75776K, 9% used [0x00000000fa880000,0x00000000faf45700,0x00000000ff280000)
  to   space 73216K, 0% used [0x00000000f6100000,0x00000000f6100000,0x00000000fa880000)
 ParOldGen       total 465920K, used 269389K [0x00000000c0000000, 0x00000000dc700000, 0x00000000eab00000)
  object space 465920K, 57% used [0x00000000c0000000,0x00000000d0713628,0x00000000dc700000)
 Metaspace       used 161104K, capacity 163824K, committed 194048K, reserved 1204224K
  class space    used 28903K, capacity 29583K, committed 38656K, reserved 1048576K
Event: 6463,177 GC heap after
Heap after GC invocations=123 (full 8):
 PSYoungGen      total 259584K, used 24521K [0x00000000eab00000, 0x00000000ff680000, 0x0000000100000000)
  eden space 186368K, 0% used [0x00000000eab00000,0x00000000eab00000,0x00000000f6100000)
  from space 73216K, 33% used [0x00000000f6100000,0x00000000f78f27f8,0x00000000fa880000)
  to   space 69632K, 0% used [0x00000000fb280000,0x00000000fb280000,0x00000000ff680000)
 ParOldGen       total 465920K, used 276265K [0x00000000c0000000, 0x00000000dc700000, 0x00000000eab00000)
  object space 465920K, 59% used [0x00000000c0000000,0x00000000d0dca630,0x00000000dc700000)
 Metaspace       used 161104K, capacity 163824K, committed 194048K, reserved 1204224K
  class space    used 28903K, capacity 29583K, committed 38656K, reserved 1048576K
}
Event: 6476,847 GC heap before
{Heap before GC invocations=124 (full 8):
 PSYoungGen      total 259584K, used 210889K [0x00000000eab00000, 0x00000000ff680000, 0x0000000100000000)
  eden space 186368K, 100% used [0x00000000eab00000,0x00000000f6100000,0x00000000f6100000)
  from space 73216K, 33% used [0x00000000f6100000,0x00000000f78f27f8,0x00000000fa880000)
  to   space 69632K, 0% used [0x00000000fb280000,0x00000000fb280000,0x00000000ff680000)
 ParOldGen       total 465920K, used 276265K [0x00000000c0000000, 0x00000000dc700000, 0x00000000eab00000)
  object space 465920K, 59% used [0x00000000c0000000,0x00000000d0dca630,0x00000000dc700000)
 Metaspace       used 165940K, capacity 168766K, committed 194048K, reserved 1204224K
  class space    used 29574K, capacity 30282K, committed 38656K, reserved 1048576K
Event: 6476,910 GC heap after
Heap after GC invocations=124 (full 8):
 PSYoungGen      total 269824K, used 33846K [0x00000000eab00000, 0x00000000ff880000, 0x0000000100000000)
  eden space 200192K, 0% used [0x00000000eab00000,0x00000000eab00000,0x00000000f6e80000)
  from space 69632K, 48% used [0x00000000fb280000,0x00000000fd38dbc8,0x00000000ff680000)
  to   space 69632K, 0% used [0x00000000f6e80000,0x00000000f6e80000,0x00000000fb280000)
 ParOldGen       total 465920K, used 276273K [0x00000000c0000000, 0x00000000dc700000, 0x00000000eab00000)
  object space 465920K, 59% used [0x00000000c0000000,0x00000000d0dcc630,0x00000000dc700000)
 Metaspace       used 165940K, capacity 168766K, committed 194048K, reserved 1204224K
  class space    used 29574K, capacity 30282K, committed 38656K, reserved 1048576K
}
Event: 6479,128 GC heap before
{Heap before GC invocations=125 (full 8):
 PSYoungGen      total 269824K, used 234038K [0x00000000eab00000, 0x00000000ff880000, 0x0000000100000000)
  eden space 200192K, 100% used [0x00000000eab00000,0x00000000f6e80000,0x00000000f6e80000)
  from space 69632K, 48% used [0x00000000fb280000,0x00000000fd38dbc8,0x00000000ff680000)
  to   space 69632K, 0% used [0x00000000f6e80000,0x00000000f6e80000,0x00000000fb280000)
 ParOldGen       total 465920K, used 276273K [0x00000000c0000000, 0x00000000dc700000, 0x00000000eab00000)
  object space 465920K, 59% used [0x00000000c0000000,0x00000000d0dcc630,0x00000000dc700000)
 Metaspace       used 172083K, capacity 174968K, committed 194048K, reserved 1204224K
  class space    used 31071K, capacity 31792K, committed 38656K, reserved 1048576K
Event: 6479,188 GC heap after
Heap after GC invocations=125 (full 8):
 PSYoungGen      total 269824K, used 48513K [0x00000000eab00000, 0x0000000100000000, 0x0000000100000000)
  eden space 200192K, 0% used [0x00000000eab00000,0x00000000eab00000,0x00000000f6e80000)
  from space 69632K, 69% used [0x00000000f6e80000,0x00000000f9de04d8,0x00000000fb280000)
  to   space 74752K, 0% used [0x00000000fb700000,0x00000000fb700000,0x0000000100000000)
 ParOldGen       total 465920K, used 276273K [0x00000000c0000000, 0x00000000dc700000, 0x00000000eab00000)
  object space 465920K, 59% used [0x00000000c0000000,0x00000000d0dcc630,0x00000000dc700000)
 Metaspace       used 172083K, capacity 174968K, committed 194048K, reserved 1204224K
  class space    used 31071K, capacity 31792K, committed 38656K, reserved 1048576K
}
Event: 6480,091 GC heap before
{Heap before GC invocations=126 (full 8):
 PSYoungGen      total 269824K, used 248705K [0x00000000eab00000, 0x0000000100000000, 0x0000000100000000)
  eden space 200192K, 100% used [0x00000000eab00000,0x00000000f6e80000,0x00000000f6e80000)
  from space 69632K, 69% used [0x00000000f6e80000,0x00000000f9de04d8,0x00000000fb280000)
  to   space 74752K, 0% used [0x00000000fb700000,0x00000000fb700000,0x0000000100000000)
 ParOldGen       total 465920K, used 276273K [0x00000000c0000000, 0x00000000dc700000, 0x00000000eab00000)
  object space 465920K, 59% used [0x00000000c0000000,0x00000000d0dcc630,0x00000000dc700000)
 Metaspace       used 172621K, capacity 175548K, committed 194048K, reserved 1204224K
  class space    used 31180K, capacity 31920K, committed 38656K, reserved 1048576K
Event: 6480,157 GC heap after
Heap after GC invocations=126 (full 8):
 PSYoungGen      total 274432K, used 39204K [0x00000000eab00000, 0x0000000100000000, 0x0000000100000000)
  eden space 199680K, 0% used [0x00000000eab00000,0x00000000eab00000,0x00000000f6e00000)
  from space 74752K, 52% used [0x00000000fb700000,0x00000000fdd49370,0x0000000100000000)
  to   space 74752K, 0% used [0x00000000f6e00000,0x00000000f6e00000,0x00000000fb700000)
 ParOldGen       total 465920K, used 285927K [0x00000000c0000000, 0x00000000dc700000, 0x00000000eab00000)
  object space 465920K, 61% used [0x00000000c0000000,0x00000000d1739c18,0x00000000dc700000)
 Metaspace       used 172621K, capacity 175548K, committed 194048K, reserved 1204224K
  class space    used 31180K, capacity 31920K, committed 38656K, reserved 1048576K
}
Event: 6482,429 GC heap before
{Heap before GC invocations=127 (full 8):
 PSYoungGen      total 274432K, used 238884K [0x00000000eab00000, 0x0000000100000000, 0x0000000100000000)
  eden space 199680K, 100% used [0x00000000eab00000,0x00000000f6e00000,0x00000000f6e00000)
  from space 74752K, 52% used [0x00000000fb700000,0x00000000fdd49370,0x0000000100000000)
  to   space 74752K, 0% used [0x00000000f6e00000,0x00000000f6e00000,0x00000000fb700000)
 ParOldGen       total 465920K, used 285927K [0x00000000c0000000, 0x00000000dc700000, 0x00000000eab00000)
  object space 465920K, 61% used [0x00000000c0000000,0x00000000d1739c18,0x00000000dc700000)
 Metaspace       used 174079K, capacity 177002K, committed 194048K, reserved 1204224K
  class space    used 31377K, capacity 32083K, committed 38656K, reserved 1048576K
Event: 6482,510 GC heap after
Heap after GC invocations=127 (full 8):
 PSYoungGen      total 225792K, used 26019K [0x00000000eab00000, 0x00000000ff700000, 0x0000000100000000)
  eden space 199680K, 0% used [0x00000000eab00000,0x00000000eab00000,0x00000000f6e00000)
  from space 26112K, 99% used [0x00000000f6e00000,0x00000000f8768c08,0x00000000f8780000)
  to   space 70144K, 0% used [0x00000000fb280000,0x00000000fb280000,0x00000000ff700000)
 ParOldGen       total 465920K, used 315376K [0x00000000c0000000, 0x00000000dc700000, 0x00000000eab00000)
  object space 465920K, 67% used [0x00000000c0000000,0x00000000d33fc0a0,0x00000000dc700000)
 Metaspace       used 174079K, capacity 177002K, committed 194048K, reserved 1204224K
  class space    used 31377K, capacity 32083K, committed 38656K, reserved 1048576K
}
Event: 6485,044 GC heap before
{Heap before GC invocations=128 (full 8):
 PSYoungGen      total 225792K, used 225699K [0x00000000eab00000, 0x00000000ff700000, 0x0000000100000000)
  eden space 199680K, 100% used [0x00000000eab00000,0x00000000f6e00000,0x00000000f6e00000)
  from space 26112K, 99% used [0x00000000f6e00000,0x00000000f8768c08,0x00000000f8780000)
  to   space 70144K, 0% used [0x00000000fb280000,0x00000000fb280000,0x00000000ff700000)
 ParOldGen       total 465920K, used 315376K [0x00000000c0000000, 0x00000000dc700000, 0x00000000eab00000)
  object space 465920K, 67% used [0x00000000c0000000,0x00000000d33fc0a0,0x00000000dc700000)
 Metaspace       used 174409K, capacity 177276K, committed 194048K, reserved 1204224K
  class space    used 31382K, capacity 32086K, committed 38656K, reserved 1048576K
Event: 6485,111 GC heap after
Heap after GC invocations=128 (full 8):
 PSYoungGen      total 272896K, used 19098K [0x00000000eab00000, 0x0000000100000000, 0x0000000100000000)
  eden space 202752K, 0% used [0x00000000eab00000,0x00000000eab00000,0x00000000f7100000)
  from space 70144K, 27% used [0x00000000fb280000,0x00000000fc526880,0x00000000ff700000)
  to   space 67072K, 0% used [0x00000000f7100000,0x00000000f7100000,0x00000000fb280000)
 ParOldGen       total 465920K, used 339632K [0x00000000c0000000, 0x00000000dc700000, 0x00000000eab00000)
  object space 465920K, 72% used [0x00000000c0000000,0x00000000d4bac0f8,0x00000000dc700000)
 Metaspace       used 174409K, capacity 177276K, committed 194048K, reserved 1204224K
  class space    used 31382K, capacity 32086K, committed 38656K, reserved 1048576K
}
Event: 6486,952 GC heap before
{Heap before GC invocations=129 (full 8):
 PSYoungGen      total 272896K, used 221850K [0x00000000eab00000, 0x0000000100000000, 0x0000000100000000)
  eden space 202752K, 100% used [0x00000000eab00000,0x00000000f7100000,0x00000000f7100000)
  from space 70144K, 27% used [0x00000000fb280000,0x00000000fc526880,0x00000000ff700000)
  to   space 67072K, 0% used [0x00000000f7100000,0x00000000f7100000,0x00000000fb280000)
 ParOldGen       total 465920K, used 339632K [0x00000000c0000000, 0x00000000dc700000, 0x00000000eab00000)
  object space 465920K, 72% used [0x00000000c0000000,0x00000000d4bac0f8,0x00000000dc700000)
 Metaspace       used 174571K, capacity 177502K, committed 194048K, reserved 1204224K
  class space    used 31388K, capacity 32119K, committed 38656K, reserved 1048576K
Event: 6486,981 GC heap after
Heap after GC invocations=129 (full 8):
 PSYoungGen      total 269824K, used 24406K [0x00000000eab00000, 0x00000000ff500000, 0x0000000100000000)
  eden space 202752K, 0% used [0x00000000eab00000,0x00000000eab00000,0x00000000f7100000)
  from space 67072K, 36% used [0x00000000f7100000,0x00000000f88d5980,0x00000000fb280000)
  to   space 62976K, 0% used [0x00000000fb780000,0x00000000fb780000,0x00000000ff500000)
 ParOldGen       total 465920K, used 358546K [0x00000000c0000000, 0x00000000dc700000, 0x00000000eab00000)
  object space 465920K, 76% used [0x00000000c0000000,0x00000000d5e24a10,0x00000000dc700000)
 Metaspace       used 174571K, capacity 177502K, committed 194048K, reserved 1204224K
  class space    used 31388K, capacity 32119K, committed 38656K, reserved 1048576K
}
Event: 6487,534 GC heap before
{Heap before GC invocations=130 (full 8):
 PSYoungGen      total 269824K, used 227158K [0x00000000eab00000, 0x00000000ff500000, 0x0000000100000000)
  eden space 202752K, 100% used [0x00000000eab00000,0x00000000f7100000,0x00000000f7100000)
  from space 67072K, 36% used [0x00000000f7100000,0x00000000f88d5980,0x00000000fb280000)
  to   space 62976K, 0% used [0x00000000fb780000,0x00000000fb780000,0x00000000ff500000)
 ParOldGen       total 465920K, used 358546K [0x00000000c0000000, 0x00000000dc700000, 0x00000000eab00000)
  object space 465920K, 76% used [0x00000000c0000000,0x00000000d5e24a10,0x00000000dc700000)
 Metaspace       used 174578K, capacity 177502K, committed 194048K, reserved 1204224K
  class space    used 31388K, capacity 32119K, committed 38656K, reserved 1048576K
Event: 6487,544 GC heap after
Heap after GC invocations=130 (full 8):
 PSYoungGen      total 274432K, used 96K [0x00000000eab00000, 0x00000000ffd00000, 0x0000000100000000)
  eden space 211456K, 0% used [0x00000000eab00000,0x00000000eab00000,0x00000000f7980000)
  from space 62976K, 0% used [0x00000000fb780000,0x00000000fb798000,0x00000000ff500000)
  to   space 63488K, 0% used [0x00000000f7980000,0x00000000f7980000,0x00000000fb780000)
 ParOldGen       total 465920K, used 382875K [0x00000000c0000000, 0x00000000dc700000, 0x00000000eab00000)
  object space 465920K, 82% used [0x00000000c0000000,0x00000000d75e6cd0,0x00000000dc700000)
 Metaspace       used 174578K, capacity 177502K, committed 194048K, reserved 1204224K
  class space    used 31388K, capacity 32119K, committed 38656K, reserved 1048576K
}
Event: 6488,054 GC heap before
{Heap before GC invocations=131 (full 8):
 PSYoungGen      total 274432K, used 211552K [0x00000000eab00000, 0x00000000ffd00000, 0x0000000100000000)
  eden space 211456K, 100% used [0x00000000eab00000,0x00000000f7980000,0x00000000f7980000)
  from space 62976K, 0% used [0x00000000fb780000,0x00000000fb798000,0x00000000ff500000)
  to   space 63488K, 0% used [0x00000000f7980000,0x00000000f7980000,0x00000000fb780000)
 ParOldGen       total 465920K, used 382875K [0x00000000c0000000, 0x00000000dc700000, 0x00000000eab00000)
  object space 465920K, 82% used [0x00000000c0000000,0x00000000d75e6cd0,0x00000000dc700000)
 Metaspace       used 174578K, capacity 177502K, committed 194048K, reserved 1204224K
  class space    used 31388K, capacity 32119K, committed 38656K, reserved 1048576K
Event: 6488,061 GC heap after
Heap after GC invocations=131 (full 8):
 PSYoungGen      total 274944K, used 96K [0x00000000eab00000, 0x0000000100000000, 0x0000000100000000)
  eden space 211456K, 0% used [0x00000000eab00000,0x00000000eab00000,0x00000000f7980000)
  from space 63488K, 0% used [0x00000000f7980000,0x00000000f7998000,0x00000000fb780000)
  to   space 63488K, 0% used [0x00000000fc200000,0x00000000fc200000,0x0000000100000000)
 ParOldGen       total 465920K, used 382875K [0x00000000c0000000, 0x00000000dc700000, 0x00000000eab00000)
  object space 465920K, 82% used [0x00000000c0000000,0x00000000d75e6cd0,0x00000000dc700000)
 Metaspace       used 174578K, capacity 177502K, committed 194048K, reserved 1204224K
  class space    used 31388K, capacity 32119K, committed 38656K, reserved 1048576K
}
Event: 6488,584 GC heap before
{Heap before GC invocations=132 (full 8):
 PSYoungGen      total 274944K, used 211552K [0x00000000eab00000, 0x0000000100000000, 0x0000000100000000)
  eden space 211456K, 100% used [0x00000000eab00000,0x00000000f7980000,0x00000000f7980000)
  from space 63488K, 0% used [0x00000000f7980000,0x00000000f7998000,0x00000000fb780000)
  to   space 63488K, 0% used [0x00000000fc200000,0x00000000fc200000,0x0000000100000000)
 ParOldGen       total 465920K, used 382875K [0x00000000c0000000, 0x00000000dc700000, 0x00000000eab00000)
  object space 465920K, 82% used [0x00000000c0000000,0x00000000d75e6cd0,0x00000000dc700000)
 Metaspace       used 174578K, capacity 177502K, committed 194048K, reserved 1204224K
  class space    used 31388K, capacity 32119K, committed 38656K, reserved 1048576K
Event: 6488,592 GC heap after
Heap after GC invocations=132 (full 8):
 PSYoungGen      total 283648K, used 96K [0x00000000eab00000, 0x00000000ffe00000, 0x0000000100000000)
  eden space 222208K, 0% used [0x00000000eab00000,0x00000000eab00000,0x00000000f8400000)
  from space 61440K, 0% used [0x00000000fc200000,0x00000000fc218000,0x00000000ffe00000)
  to   space 62464K, 0% used [0x00000000f8400000,0x00000000f8400000,0x00000000fc100000)
 ParOldGen       total 465920K, used 382875K [0x00000000c0000000, 0x00000000dc700000, 0x00000000eab00000)
  object space 465920K, 82% used [0x00000000c0000000,0x00000000d75e6cd0,0x00000000dc700000)
 Metaspace       used 174578K, capacity 177502K, committed 194048K, reserved 1204224K
  class space    used 31388K, capacity 32119K, committed 38656K, reserved 1048576K
}
Event: 6490,673 GC heap before
{Heap before GC invocations=133 (full 8):
 PSYoungGen      total 283648K, used 222304K [0x00000000eab00000, 0x00000000ffe00000, 0x0000000100000000)
  eden space 222208K, 100% used [0x00000000eab00000,0x00000000f8400000,0x00000000f8400000)
  from space 61440K, 0% used [0x00000000fc200000,0x00000000fc218000,0x00000000ffe00000)
  to   space 62464K, 0% used [0x00000000f8400000,0x00000000f8400000,0x00000000fc100000)
 ParOldGen       total 465920K, used 382875K [0x00000000c0000000, 0x00000000dc700000, 0x00000000eab00000)
  object space 465920K, 82% used [0x00000000c0000000,0x00000000d75e6cd0,0x00000000dc700000)
 Metaspace       used 174608K, capacity 177504K, committed 194048K, reserved 1204224K
  class space    used 31388K, capacity 32120K, committed 38656K, reserved 1048576K
Event: 6490,693 GC heap after
Heap after GC invocations=133 (full 8):
 PSYoungGen      total 284672K, used 22402K [0x00000000eab00000, 0x00000000ffb00000, 0x0000000100000000)
  eden space 222208K, 0% used [0x00000000eab00000,0x00000000eab00000,0x00000000f8400000)
  from space 62464K, 35% used [0x00000000f8400000,0x00000000f99e0bc8,0x00000000fc100000)
  to   space 59392K, 0% used [0x00000000fc100000,0x00000000fc100000,0x00000000ffb00000)
 ParOldGen       total 465920K, used 382875K [0x00000000c0000000, 0x00000000dc700000, 0x00000000eab00000)
  object space 465920K, 82% used [0x00000000c0000000,0x00000000d75e6cd0,0x00000000dc700000)
 Metaspace       used 174608K, capacity 177504K, committed 194048K, reserved 1204224K
  class space    used 31388K, capacity 32120K, committed 38656K, reserved 1048576K
}
Event: 6493,845 GC heap before
{Heap before GC invocations=134 (full 8):
 PSYoungGen      total 284672K, used 244610K [0x00000000eab00000, 0x00000000ffb00000, 0x0000000100000000)
  eden space 222208K, 100% used [0x00000000eab00000,0x00000000f8400000,0x00000000f8400000)
  from space 62464K, 35% used [0x00000000f8400000,0x00000000f99e0bc8,0x00000000fc100000)
  to   space 59392K, 0% used [0x00000000fc100000,0x00000000fc100000,0x00000000ffb00000)
 ParOldGen       total 465920K, used 382875K [0x00000000c0000000, 0x00000000dc700000, 0x00000000eab00000)
  object space 465920K, 82% used [0x00000000c0000000,0x00000000d75e6cd0,0x00000000dc700000)
 Metaspace       used 174686K, capacity 177576K, committed 194048K, reserved 1204224K
  class space    used 31392K, capacity 32120K, committed 38656K, reserved 1048576K
Event: 6493,866 GC heap after
Heap after GC invocations=134 (full 8):
 PSYoungGen      total 284672K, used 7167K [0x00000000eab00000, 0x00000000ff900000, 0x0000000100000000)
  eden space 227328K, 0% used [0x00000000eab00000,0x00000000eab00000,0x00000000f8900000)
  from space 57344K, 12% used [0x00000000fc100000,0x00000000fc7ffd98,0x00000000ff900000)
  to   space 57344K, 0% used [0x00000000f8900000,0x00000000f8900000,0x00000000fc100000)
 ParOldGen       total 465920K, used 404998K [0x00000000c0000000, 0x00000000dc700000, 0x00000000eab00000)
  object space 465920K, 86% used [0x00000000c0000000,0x00000000d8b81908,0x00000000dc700000)
 Metaspace       used 174686K, capacity 177576K, committed 194048K, reserved 1204224K
  class space    used 31392K, capacity 32120K, committed 38656K, reserved 1048576K
}
Event: 7094,659 GC heap before
{Heap before GC invocations=135 (full 8):
 PSYoungGen      total 284672K, used 234495K [0x00000000eab00000, 0x00000000ff900000, 0x0000000100000000)
  eden space 227328K, 100% used [0x00000000eab00000,0x00000000f8900000,0x00000000f8900000)
  from space 57344K, 12% used [0x00000000fc100000,0x00000000fc7ffd98,0x00000000ff900000)
  to   space 57344K, 0% used [0x00000000f8900000,0x00000000f8900000,0x00000000fc100000)
 ParOldGen       total 465920K, used 404998K [0x00000000c0000000, 0x00000000dc700000, 0x00000000eab00000)
  object space 465920K, 86% used [0x00000000c0000000,0x00000000d8b81908,0x00000000dc700000)
 Metaspace       used 195943K, capacity 199112K, committed 201728K, reserved 1212416K
  class space    used 35573K, capacity 36329K, committed 38656K, reserved 1048576K
Event: 7094,694 GC heap after
Heap after GC invocations=135 (full 8):
 PSYoungGen      total 284672K, used 29255K [0x00000000eab00000, 0x0000000100000000, 0x0000000100000000)
  eden space 227328K, 0% used [0x00000000eab00000,0x00000000eab00000,0x00000000f8900000)
  from space 57344K, 51% used [0x00000000f8900000,0x00000000fa591fd8,0x00000000fc100000)
  to   space 57856K, 0% used [0x00000000fc780000,0x00000000fc780000,0x0000000100000000)
 ParOldGen       total 465920K, used 411891K [0x00000000c0000000, 0x00000000dc700000, 0x00000000eab00000)
  object space 465920K, 88% used [0x00000000c0000000,0x00000000d923cc70,0x00000000dc700000)
 Metaspace       used 195943K, capacity 199112K, committed 201728K, reserved 1212416K
  class space    used 35573K, capacity 36329K, committed 38656K, reserved 1048576K
}
Event: 7107,981 GC heap before
{Heap before GC invocations=136 (full 8):
 PSYoungGen      total 284672K, used 256583K [0x00000000eab00000, 0x0000000100000000, 0x0000000100000000)
  eden space 227328K, 100% used [0x00000000eab00000,0x00000000f8900000,0x00000000f8900000)
  from space 57344K, 51% used [0x00000000f8900000,0x00000000fa591fd8,0x00000000fc100000)
  to   space 57856K, 0% used [0x00000000fc780000,0x00000000fc780000,0x0000000100000000)
 ParOldGen       total 465920K, used 411891K [0x00000000c0000000, 0x00000000dc700000, 0x00000000eab00000)
  object space 465920K, 88% used [0x00000000c0000000,0x00000000d923cc70,0x00000000dc700000)
 Metaspace       used 199422K, capacity 202766K, committed 204544K, reserved 1214464K
  class space    used 36114K, capacity 36896K, committed 38656K, reserved 1048576K
Event: 7108,058 GC heap after
Heap after GC invocations=136 (full 8):
 PSYoungGen      total 286208K, used 36095K [0x00000000eab00000, 0x0000000100000000, 0x0000000100000000)
  eden space 228352K, 0% used [0x00000000eab00000,0x00000000eab00000,0x00000000f8a00000)
  from space 57856K, 62% used [0x00000000fc780000,0x00000000feabff70,0x0000000100000000)
  to   space 60416K, 0% used [0x00000000f8a00000,0x00000000f8a00000,0x00000000fc500000)
 ParOldGen       total 465920K, used 411899K [0x00000000c0000000, 0x00000000dc700000, 0x00000000eab00000)
  object space 465920K, 88% used [0x00000000c0000000,0x00000000d923ec70,0x00000000dc700000)
 Metaspace       used 199422K, capacity 202766K, committed 204544K, reserved 1214464K
  class space    used 36114K, capacity 36896K, committed 38656K, reserved 1048576K
}
Event: 7109,872 GC heap before
{Heap before GC invocations=137 (full 8):
 PSYoungGen      total 286208K, used 264447K [0x00000000eab00000, 0x0000000100000000, 0x0000000100000000)
  eden space 228352K, 100% used [0x00000000eab00000,0x00000000f8a00000,0x00000000f8a00000)
  from space 57856K, 62% used [0x00000000fc780000,0x00000000feabff70,0x0000000100000000)
  to   space 60416K, 0% used [0x00000000f8a00000,0x00000000f8a00000,0x00000000fc500000)
 ParOldGen       total 465920K, used 411899K [0x00000000c0000000, 0x00000000dc700000, 0x00000000eab00000)
  object space 465920K, 88% used [0x00000000c0000000,0x00000000d923ec70,0x00000000dc700000)
 Metaspace       used 204648K, capacity 207910K, committed 208384K, reserved 1218560K
  class space    used 37451K, capacity 38245K, committed 38656K, reserved 1048576K
Event: 7109,935 GC heap after
Heap after GC invocations=137 (full 8):
 PSYoungGen      total 273920K, used 45166K [0x00000000eab00000, 0x0000000100000000, 0x0000000100000000)
  eden space 228352K, 0% used [0x00000000eab00000,0x00000000eab00000,0x00000000f8a00000)
  from space 45568K, 99% used [0x00000000f8a00000,0x00000000fb61bb60,0x00000000fb680000)
  to   space 65536K, 0% used [0x00000000fc000000,0x00000000fc000000,0x0000000100000000)
 ParOldGen       total 465920K, used 411907K [0x00000000c0000000, 0x00000000dc700000, 0x00000000eab00000)
  object space 465920K, 88% used [0x00000000c0000000,0x00000000d9240c70,0x00000000dc700000)
 Metaspace       used 204648K, capacity 207910K, committed 208384K, reserved 1218560K
  class space    used 37451K, capacity 38245K, committed 38656K, reserved 1048576K
}
Event: 7111,763 GC heap before
{Heap before GC invocations=138 (full 8):
 PSYoungGen      total 273920K, used 273518K [0x00000000eab00000, 0x0000000100000000, 0x0000000100000000)
  eden space 228352K, 100% used [0x00000000eab00000,0x00000000f8a00000,0x00000000f8a00000)
  from space 45568K, 99% used [0x00000000f8a00000,0x00000000fb61bb60,0x00000000fb680000)
  to   space 65536K, 0% used [0x00000000fc000000,0x00000000fc000000,0x0000000100000000)
 ParOldGen       total 465920K, used 411907K [0x00000000c0000000, 0x00000000dc700000, 0x00000000eab00000)
  object space 465920K, 88% used [0x00000000c0000000,0x00000000d9240c70,0x00000000dc700000)
 Metaspace       used 206133K, capacity 209394K, committed 209664K, reserved 1220608K
  class space    used 37727K, capacity 38503K, committed 38656K, reserved 1048576K
Event: 7111,834 GC heap after
Heap after GC invocations=138 (full 8):
 PSYoungGen      total 286208K, used 27431K [0x00000000eab00000, 0x0000000100000000, 0x0000000100000000)
  eden space 220672K, 0% used [0x00000000eab00000,0x00000000eab00000,0x00000000f8280000)
  from space 65536K, 41% used [0x00000000fc000000,0x00000000fdac9cc8,0x0000000100000000)
  to   space 62976K, 0% used [0x00000000f8280000,0x00000000f8280000,0x00000000fc000000)
 ParOldGen       total 465920K, used 440171K [0x00000000c0000000, 0x00000000dc700000, 0x00000000eab00000)
  object space 465920K, 94% used [0x00000000c0000000,0x00000000daddafe0,0x00000000dc700000)
 Metaspace       used 206133K, capacity 209394K, committed 209664K, reserved 1220608K
  class space    used 37727K, capacity 38503K, committed 38656K, reserved 1048576K
}
Event: 7111,834 GC heap before
{Heap before GC invocations=139 (full 9):
 PSYoungGen      total 286208K, used 27431K [0x00000000eab00000, 0x0000000100000000, 0x0000000100000000)
  eden space 220672K, 0% used [0x00000000eab00000,0x00000000eab00000,0x00000000f8280000)
  from space 65536K, 41% used [0x00000000fc000000,0x00000000fdac9cc8,0x0000000100000000)
  to   space 62976K, 0% used [0x00000000f8280000,0x00000000f8280000,0x00000000fc000000)
 ParOldGen       total 465920K, used 440171K [0x00000000c0000000, 0x00000000dc700000, 0x00000000eab00000)
  object space 465920K, 94% used [0x00000000c0000000,0x00000000daddafe0,0x00000000dc700000)
 Metaspace       used 206133K, capacity 209394K, committed 209664K, reserved 1220608K
  class space    used 37727K, capacity 38503K, committed 38656K, reserved 1048576K
Event: 7113,527 GC heap after
Heap after GC invocations=139 (full 9):
 PSYoungGen      total 286208K, used 0K [0x00000000eab00000, 0x0000000100000000, 0x0000000100000000)
  eden space 220672K, 0% used [0x00000000eab00000,0x00000000eab00000,0x00000000f8280000)
  from space 65536K, 0% used [0x00000000fc000000,0x00000000fc000000,0x0000000100000000)
  to   space 62976K, 0% used [0x00000000f8280000,0x00000000f8280000,0x00000000fc000000)
 ParOldGen       total 555008K, used 323281K [0x00000000c0000000, 0x00000000e1e00000, 0x00000000eab00000)
  object space 555008K, 58% used [0x00000000c0000000,0x00000000d3bb4600,0x00000000e1e00000)
 Metaspace       used 173668K, capacity 176600K, committed 195328K, reserved 1206272K
  class space    used 31360K, capacity 32069K, committed 38656K, reserved 1048576K
}

