# JRE version: OpenJDK Runtime Environment (8.0_181-b15) (build 1.8.0_181-b15)
# Java VM: OpenJDK 64-Bit Server VM (25.181-b15 mixed mode linux-amd64 compressed oops)
Heap:
 PSYoungGen      total 210944K, used 17348K [0x00000000eab00000, 0x00000000ffa80000, 0x0000000100000000)
  eden space 198656K, 8% used [0x00000000eab00000,0x00000000ebbf1068,0x00000000f6d00000)
  from space 12288K, 0% used [0x00000000f6d00000,0x00000000f6d00000,0x00000000f7900000)
  to   space 72192K, 0% used [0x00000000fb400000,0x00000000fb400000,0x00000000ffa80000)
 ParOldGen       total 585216K, used 336245K [0x00000000c0000000, 0x00000000e3b80000, 0x00000000eab00000)
  object space 585216K, 57% used [0x00000000c0000000,0x00000000d485d548,0x00000000e3b80000)
 Metaspace       used 241348K, capacity 245904K, committed 264920K, reserved 1263616K
  class space    used 43376K, capacity 44407K, committed 50944K, reserved 1048576K
GC Heap History (186 events):
Event: 0,608 GC heap before
{Heap before GC invocations=1 (full 0):
 PSYoungGen      total 36864K, used 31744K [0x00000000eab00000, 0x00000000ed400000, 0x0000000100000000)
  eden space 31744K, 100% used [0x00000000eab00000,0x00000000eca00000,0x00000000eca00000)
  from space 5120K, 0% used [0x00000000ecf00000,0x00000000ecf00000,0x00000000ed400000)
  to   space 5120K, 0% used [0x00000000eca00000,0x00000000eca00000,0x00000000ecf00000)
 ParOldGen       total 84992K, used 0K [0x00000000c0000000, 0x00000000c5300000, 0x00000000eab00000)
  object space 84992K, 0% used [0x00000000c0000000,0x00000000c0000000,0x00000000c5300000)
 Metaspace       used 7273K, capacity 7504K, committed 7680K, reserved 1056768K
  class space    used 833K, capacity 912K, committed 1024K, reserved 1048576K
Event: 0,614 GC heap after
Heap after GC invocations=1 (full 0):
 PSYoungGen      total 36864K, used 4124K [0x00000000eab00000, 0x00000000ed400000, 0x0000000100000000)
  eden space 31744K, 0% used [0x00000000eab00000,0x00000000eab00000,0x00000000eca00000)
  from space 5120K, 80% used [0x00000000eca00000,0x00000000ece073a8,0x00000000ecf00000)
  to   space 5120K, 0% used [0x00000000ecf00000,0x00000000ecf00000,0x00000000ed400000)
 ParOldGen       total 84992K, used 8K [0x00000000c0000000, 0x00000000c5300000, 0x00000000eab00000)
  object space 84992K, 0% used [0x00000000c0000000,0x00000000c0002000,0x00000000c5300000)
 Metaspace       used 7273K, capacity 7504K, committed 7680K, reserved 1056768K
  class space    used 833K, capacity 912K, committed 1024K, reserved 1048576K
}
Event: 1,226 GC heap before
{Heap before GC invocations=2 (full 0):
 PSYoungGen      total 36864K, used 35868K [0x00000000eab00000, 0x00000000ed400000, 0x0000000100000000)
  eden space 31744K, 100% used [0x00000000eab00000,0x00000000eca00000,0x00000000eca00000)
  from space 5120K, 80% used [0x00000000eca00000,0x00000000ece073a8,0x00000000ecf00000)
  to   space 5120K, 0% used [0x00000000ecf00000,0x00000000ecf00000,0x00000000ed400000)
 ParOldGen       total 84992K, used 8K [0x00000000c0000000, 0x00000000c5300000, 0x00000000eab00000)
  object space 84992K, 0% used [0x00000000c0000000,0x00000000c0002000,0x00000000c5300000)
 Metaspace       used 11883K, capacity 12180K, committed 12416K, reserved 1060864K
  class space    used 1485K, capacity 1608K, committed 1664K, reserved 1048576K
Event: 1,235 GC heap after
Heap after GC invocations=2 (full 0):
 PSYoungGen      total 36864K, used 5116K [0x00000000eab00000, 0x00000000ef300000, 0x0000000100000000)
  eden space 31744K, 0% used [0x00000000eab00000,0x00000000eab00000,0x00000000eca00000)
  from space 5120K, 99% used [0x00000000ecf00000,0x00000000ed3ff218,0x00000000ed400000)
  to   space 5120K, 0% used [0x00000000eca00000,0x00000000eca00000,0x00000000ecf00000)
 ParOldGen       total 84992K, used 332K [0x00000000c0000000, 0x00000000c5300000, 0x00000000eab00000)
  object space 84992K, 0% used [0x00000000c0000000,0x00000000c0053090,0x00000000c5300000)
 Metaspace       used 11883K, capacity 12180K, committed 12416K, reserved 1060864K
  class space    used 1485K, capacity 1608K, committed 1664K, reserved 1048576K
}
Event: 1,642 GC heap before
{Heap before GC invocations=3 (full 0):
 PSYoungGen      total 36864K, used 36860K [0x00000000eab00000, 0x00000000ef300000, 0x0000000100000000)
  eden space 31744K, 100% used [0x00000000eab00000,0x00000000eca00000,0x00000000eca00000)
  from space 5120K, 99% used [0x00000000ecf00000,0x00000000ed3ff218,0x00000000ed400000)
  to   space 5120K, 0% used [0x00000000eca00000,0x00000000eca00000,0x00000000ecf00000)
 ParOldGen       total 84992K, used 332K [0x00000000c0000000, 0x00000000c5300000, 0x00000000eab00000)
  object space 84992K, 0% used [0x00000000c0000000,0x00000000c0053090,0x00000000c5300000)
 Metaspace       used 14728K, capacity 15096K, committed 15232K, reserved 1062912K
  class space    used 1971K, capacity 2116K, committed 2176K, reserved 1048576K
Event: 1,652 GC heap after
Heap after GC invocations=3 (full 0):
 PSYoungGen      total 36864K, used 5092K [0x00000000eab00000, 0x00000000ef300000, 0x0000000100000000)
  eden space 31744K, 0% used [0x00000000eab00000,0x00000000eab00000,0x00000000eca00000)
  from space 5120K, 99% used [0x00000000eca00000,0x00000000ecef93f8,0x00000000ecf00000)
  to   space 5120K, 0% used [0x00000000eee00000,0x00000000eee00000,0x00000000ef300000)
 ParOldGen       total 84992K, used 2087K [0x00000000c0000000, 0x00000000c5300000, 0x00000000eab00000)
  object space 84992K, 2% used [0x00000000c0000000,0x00000000c0209c78,0x00000000c5300000)
 Metaspace       used 14728K, capacity 15096K, committed 15232K, reserved 1062912K
  class space    used 1971K, capacity 2116K, committed 2176K, reserved 1048576K
}
Event: 2,296 GC heap before
{Heap before GC invocations=4 (full 0):
 PSYoungGen      total 36864K, used 36836K [0x00000000eab00000, 0x00000000ef300000, 0x0000000100000000)
  eden space 31744K, 100% used [0x00000000eab00000,0x00000000eca00000,0x00000000eca00000)
  from space 5120K, 99% used [0x00000000eca00000,0x00000000ecef93f8,0x00000000ecf00000)
  to   space 5120K, 0% used [0x00000000eee00000,0x00000000eee00000,0x00000000ef300000)
 ParOldGen       total 84992K, used 2087K [0x00000000c0000000, 0x00000000c5300000, 0x00000000eab00000)
  object space 84992K, 2% used [0x00000000c0000000,0x00000000c0209c78,0x00000000c5300000)
 Metaspace       used 18139K, capacity 18558K, committed 18816K, reserved 1064960K
  class space    used 2493K, capacity 2629K, committed 2688K, reserved 1048576K
Event: 2,312 GC heap after
Heap after GC invocations=4 (full 0):
 PSYoungGen      total 68608K, used 5088K [0x00000000eab00000, 0x00000000ef300000, 0x0000000100000000)
  eden space 63488K, 0% used [0x00000000eab00000,0x00000000eab00000,0x00000000ee900000)
  from space 5120K, 99% used [0x00000000eee00000,0x00000000ef2f8040,0x00000000ef300000)
  to   space 5120K, 0% used [0x00000000ee900000,0x00000000ee900000,0x00000000eee00000)
 ParOldGen       total 84992K, used 5449K [0x00000000c0000000, 0x00000000c5300000, 0x00000000eab00000)
  object space 84992K, 6% used [0x00000000c0000000,0x00000000c05525b0,0x00000000c5300000)
 Metaspace       used 18139K, capacity 18558K, committed 18816K, reserved 1064960K
  class space    used 2493K, capacity 2629K, committed 2688K, reserved 1048576K
}
Event: 2,631 GC heap before
{Heap before GC invocations=5 (full 0):
 PSYoungGen      total 68608K, used 13453K [0x00000000eab00000, 0x00000000ef300000, 0x0000000100000000)
  eden space 63488K, 13% used [0x00000000eab00000,0x00000000eb32b700,0x00000000ee900000)
  from space 5120K, 99% used [0x00000000eee00000,0x00000000ef2f8040,0x00000000ef300000)
  to   space 5120K, 0% used [0x00000000ee900000,0x00000000ee900000,0x00000000eee00000)
 ParOldGen       total 84992K, used 5449K [0x00000000c0000000, 0x00000000c5300000, 0x00000000eab00000)
  object space 84992K, 6% used [0x00000000c0000000,0x00000000c05525b0,0x00000000c5300000)
 Metaspace       used 20765K, capacity 21118K, committed 21296K, reserved 1067008K
  class space    used 2767K, capacity 2885K, committed 2944K, reserved 1048576K
Event: 2,649 GC heap after
Heap after GC invocations=5 (full 0):
 PSYoungGen      total 68608K, used 5088K [0x00000000eab00000, 0x00000000f3900000, 0x0000000100000000)
  eden space 63488K, 0% used [0x00000000eab00000,0x00000000eab00000,0x00000000ee900000)
  from space 5120K, 99% used [0x00000000ee900000,0x00000000eedf8050,0x00000000eee00000)
  to   space 9216K, 0% used [0x00000000f3000000,0x00000000f3000000,0x00000000f3900000)
 ParOldGen       total 84992K, used 7213K [0x00000000c0000000, 0x00000000c5300000, 0x00000000eab00000)
  object space 84992K, 8% used [0x00000000c0000000,0x00000000c070b498,0x00000000c5300000)
 Metaspace       used 20765K, capacity 21118K, committed 21296K, reserved 1067008K
  class space    used 2767K, capacity 2885K, committed 2944K, reserved 1048576K
}
Event: 2,649 GC heap before
{Heap before GC invocations=6 (full 1):
 PSYoungGen      total 68608K, used 5088K [0x00000000eab00000, 0x00000000f3900000, 0x0000000100000000)
  eden space 63488K, 0% used [0x00000000eab00000,0x00000000eab00000,0x00000000ee900000)
  from space 5120K, 99% used [0x00000000ee900000,0x00000000eedf8050,0x00000000eee00000)
  to   space 9216K, 0% used [0x00000000f3000000,0x00000000f3000000,0x00000000f3900000)
 ParOldGen       total 84992K, used 7213K [0x00000000c0000000, 0x00000000c5300000, 0x00000000eab00000)
  object space 84992K, 8% used [0x00000000c0000000,0x00000000c070b498,0x00000000c5300000)
 Metaspace       used 20765K, capacity 21118K, committed 21296K, reserved 1067008K
  class space    used 2767K, capacity 2885K, committed 2944K, reserved 1048576K
Event: 2,734 GC heap after
Heap after GC invocations=6 (full 1):
 PSYoungGen      total 68608K, used 0K [0x00000000eab00000, 0x00000000f3900000, 0x0000000100000000)
  eden space 63488K, 0% used [0x00000000eab00000,0x00000000eab00000,0x00000000ee900000)
  from space 5120K, 0% used [0x00000000ee900000,0x00000000ee900000,0x00000000eee00000)
  to   space 9216K, 0% used [0x00000000f3000000,0x00000000f3000000,0x00000000f3900000)
 ParOldGen       total 60416K, used 7210K [0x00000000c0000000, 0x00000000c3b00000, 0x00000000eab00000)
  object space 60416K, 11% used [0x00000000c0000000,0x00000000c070a930,0x00000000c3b00000)
 Metaspace       used 20765K, capacity 21118K, committed 21296K, reserved 1067008K
  class space    used 2767K, capacity 2885K, committed 2944K, reserved 1048576K
}
Event: 3,819 GC heap before
{Heap before GC invocations=7 (full 1):
 PSYoungGen      total 68608K, used 63488K [0x00000000eab00000, 0x00000000f3900000, 0x0000000100000000)
  eden space 63488K, 100% used [0x00000000eab00000,0x00000000ee900000,0x00000000ee900000)
  from space 5120K, 0% used [0x00000000ee900000,0x00000000ee900000,0x00000000eee00000)
  to   space 9216K, 0% used [0x00000000f3000000,0x00000000f3000000,0x00000000f3900000)
 ParOldGen       total 60416K, used 7210K [0x00000000c0000000, 0x00000000c3b00000, 0x00000000eab00000)
  object space 60416K, 11% used [0x00000000c0000000,0x00000000c070a930,0x00000000c3b00000)
 Metaspace       used 26985K, capacity 27412K, committed 27520K, reserved 1073152K
  class space    used 3553K, capacity 3700K, committed 3712K, reserved 1048576K
Event: 3,832 GC heap after
Heap after GC invocations=7 (full 1):
 PSYoungGen      total 98304K, used 7168K [0x00000000eab00000, 0x00000000f3780000, 0x0000000100000000)
  eden space 90624K, 0% used [0x00000000eab00000,0x00000000eab00000,0x00000000f0380000)
  from space 7680K, 93% used [0x00000000f3000000,0x00000000f3700390,0x00000000f3780000)
  to   space 9728K, 0% used [0x00000000f2480000,0x00000000f2480000,0x00000000f2e00000)
 ParOldGen       total 60416K, used 7218K [0x00000000c0000000, 0x00000000c3b00000, 0x00000000eab00000)
  object space 60416K, 11% used [0x00000000c0000000,0x00000000c070c930,0x00000000c3b00000)
 Metaspace       used 26985K, capacity 27412K, committed 27520K, reserved 1073152K
  class space    used 3553K, capacity 3700K, committed 3712K, reserved 1048576K
}
Event: 5,041 GC heap before
{Heap before GC invocations=8 (full 1):
 PSYoungGen      total 98304K, used 97792K [0x00000000eab00000, 0x00000000f3780000, 0x0000000100000000)
  eden space 90624K, 100% used [0x00000000eab00000,0x00000000f0380000,0x00000000f0380000)
  from space 7680K, 93% used [0x00000000f3000000,0x00000000f3700390,0x00000000f3780000)
  to   space 9728K, 0% used [0x00000000f2480000,0x00000000f2480000,0x00000000f2e00000)
 ParOldGen       total 60416K, used 7218K [0x00000000c0000000, 0x00000000c3b00000, 0x00000000eab00000)
  object space 60416K, 11% used [0x00000000c0000000,0x00000000c070c930,0x00000000c3b00000)
 Metaspace       used 32014K, capacity 32494K, committed 32768K, reserved 1077248K
  class space    used 4330K, capacity 4494K, committed 4608K, reserved 1048576K
Event: 5,072 GC heap after
Heap after GC invocations=8 (full 1):
 PSYoungGen      total 134144K, used 9719K [0x00000000eab00000, 0x00000000f3f00000, 0x0000000100000000)
  eden space 124416K, 0% used [0x00000000eab00000,0x00000000eab00000,0x00000000f2480000)
  from space 9728K, 99% used [0x00000000f2480000,0x00000000f2dfdd30,0x00000000f2e00000)
  to   space 10752K, 0% used [0x00000000f3480000,0x00000000f3480000,0x00000000f3f00000)
 ParOldGen       total 60416K, used 7353K [0x00000000c0000000, 0x00000000c3b00000, 0x00000000eab00000)
  object space 60416K, 12% used [0x00000000c0000000,0x00000000c072e400,0x00000000c3b00000)
 Metaspace       used 32014K, capacity 32494K, committed 32768K, reserved 1077248K
  class space    used 4330K, capacity 4494K, committed 4608K, reserved 1048576K
}
Event: 5,870 GC heap before
{Heap before GC invocations=9 (full 1):
 PSYoungGen      total 134144K, used 70217K [0x00000000eab00000, 0x00000000f3f00000, 0x0000000100000000)
  eden space 124416K, 48% used [0x00000000eab00000,0x00000000ee6149d8,0x00000000f2480000)
  from space 9728K, 99% used [0x00000000f2480000,0x00000000f2dfdd30,0x00000000f2e00000)
  to   space 10752K, 0% used [0x00000000f3480000,0x00000000f3480000,0x00000000f3f00000)
 ParOldGen       total 60416K, used 7353K [0x00000000c0000000, 0x00000000c3b00000, 0x00000000eab00000)
  object space 60416K, 12% used [0x00000000c0000000,0x00000000c072e400,0x00000000c3b00000)
 Metaspace       used 34867K, capacity 35398K, committed 35456K, reserved 1079296K
  class space    used 4800K, capacity 4988K, committed 4992K, reserved 1048576K
Event: 5,891 GC heap after
Heap after GC invocations=9 (full 1):
 PSYoungGen      total 139264K, used 10733K [0x00000000eab00000, 0x00000000f7180000, 0x0000000100000000)
  eden space 128512K, 0% used [0x00000000eab00000,0x00000000eab00000,0x00000000f2880000)
  from space 10752K, 99% used [0x00000000f3480000,0x00000000f3efb6a0,0x00000000f3f00000)
  to   space 12288K, 0% used [0x00000000f2880000,0x00000000f2880000,0x00000000f3480000)
 ParOldGen       total 60416K, used 8090K [0x00000000c0000000, 0x00000000c3b00000, 0x00000000eab00000)
  object space 60416K, 13% used [0x00000000c0000000,0x00000000c07e6980,0x00000000c3b00000)
 Metaspace       used 34867K, capacity 35398K, committed 35456K, reserved 1079296K
  class space    used 4800K, capacity 4988K, committed 4992K, reserved 1048576K
}
Event: 5,891 GC heap before
{Heap before GC invocations=10 (full 2):
 PSYoungGen      total 139264K, used 10733K [0x00000000eab00000, 0x00000000f7180000, 0x0000000100000000)
  eden space 128512K, 0% used [0x00000000eab00000,0x00000000eab00000,0x00000000f2880000)
  from space 10752K, 99% used [0x00000000f3480000,0x00000000f3efb6a0,0x00000000f3f00000)
  to   space 12288K, 0% used [0x00000000f2880000,0x00000000f2880000,0x00000000f3480000)
 ParOldGen       total 60416K, used 8090K [0x00000000c0000000, 0x00000000c3b00000, 0x00000000eab00000)
  object space 60416K, 13% used [0x00000000c0000000,0x00000000c07e6980,0x00000000c3b00000)
 Metaspace       used 34867K, capacity 35398K, committed 35456K, reserved 1079296K
  class space    used 4800K, capacity 4988K, committed 4992K, reserved 1048576K
Event: 6,014 GC heap after
Heap after GC invocations=10 (full 2):
 PSYoungGen      total 139264K, used 0K [0x00000000eab00000, 0x00000000f7180000, 0x0000000100000000)
  eden space 128512K, 0% used [0x00000000eab00000,0x00000000eab00000,0x00000000f2880000)
  from space 10752K, 0% used [0x00000000f3480000,0x00000000f3480000,0x00000000f3f00000)
  to   space 12288K, 0% used [0x00000000f2880000,0x00000000f2880000,0x00000000f3480000)
 ParOldGen       total 99840K, used 17788K [0x00000000c0000000, 0x00000000c6180000, 0x00000000eab00000)
  object space 99840K, 17% used [0x00000000c0000000,0x00000000c115f000,0x00000000c6180000)
 Metaspace       used 34867K, capacity 35398K, committed 35456K, reserved 1079296K
  class space    used 4800K, capacity 4988K, committed 4992K, reserved 1048576K
}
Event: 1666,794 GC heap before
{Heap before GC invocations=11 (full 2):
 PSYoungGen      total 139264K, used 128512K [0x00000000eab00000, 0x00000000f7180000, 0x0000000100000000)
  eden space 128512K, 100% used [0x00000000eab00000,0x00000000f2880000,0x00000000f2880000)
  from space 10752K, 0% used [0x00000000f3480000,0x00000000f3480000,0x00000000f3f00000)
  to   space 12288K, 0% used [0x00000000f2880000,0x00000000f2880000,0x00000000f3480000)
 ParOldGen       total 99840K, used 17788K [0x00000000c0000000, 0x00000000c6180000, 0x00000000eab00000)
  object space 99840K, 17% used [0x00000000c0000000,0x00000000c115f000,0x00000000c6180000)
 Metaspace       used 41276K, capacity 42038K, committed 42112K, reserved 1085440K
  class space    used 5502K, capacity 5723K, committed 5760K, reserved 1048576K
Event: 1666,818 GC heap after
Heap after GC invocations=11 (full 2):
 PSYoungGen      total 140800K, used 9853K [0x00000000eab00000, 0x00000000f5b80000, 0x0000000100000000)
  eden space 128512K, 0% used [0x00000000eab00000,0x00000000eab00000,0x00000000f2880000)
  from space 12288K, 80% used [0x00000000f2880000,0x00000000f321f688,0x00000000f3480000)
  to   space 12800K, 0% used [0x00000000f4f00000,0x00000000f4f00000,0x00000000f5b80000)
 ParOldGen       total 99840K, used 17796K [0x00000000c0000000, 0x00000000c6180000, 0x00000000eab00000)
  object space 99840K, 17% used [0x00000000c0000000,0x00000000c1161000,0x00000000c6180000)
 Metaspace       used 41276K, capacity 42038K, committed 42112K, reserved 1085440K
  class space    used 5502K, capacity 5723K, committed 5760K, reserved 1048576K
}
Event: 1670,747 GC heap before
{Heap before GC invocations=12 (full 2):
 PSYoungGen      total 140800K, used 138363K [0x00000000eab00000, 0x00000000f5b80000, 0x0000000100000000)
  eden space 128512K, 99% used [0x00000000eab00000,0x00000000f287f5d0,0x00000000f2880000)
  from space 12288K, 80% used [0x00000000f2880000,0x00000000f321f688,0x00000000f3480000)
  to   space 12800K, 0% used [0x00000000f4f00000,0x00000000f4f00000,0x00000000f5b80000)
 ParOldGen       total 99840K, used 17796K [0x00000000c0000000, 0x00000000c6180000, 0x00000000eab00000)
  object space 99840K, 17% used [0x00000000c0000000,0x00000000c1161000,0x00000000c6180000)
 Metaspace       used 50594K, capacity 52034K, committed 52352K, reserved 1093632K
  class space    used 6770K, capacity 7220K, committed 7296K, reserved 1048576K
Event: 1670,790 GC heap after
Heap after GC invocations=12 (full 2):
 PSYoungGen      total 161792K, used 12781K [0x00000000eab00000, 0x00000000f6600000, 0x0000000100000000)
  eden space 148992K, 0% used [0x00000000eab00000,0x00000000eab00000,0x00000000f3c80000)
  from space 12800K, 99% used [0x00000000f4f00000,0x00000000f5b7b5c8,0x00000000f5b80000)
  to   space 18944K, 0% used [0x00000000f3c80000,0x00000000f3c80000,0x00000000f4f00000)
 ParOldGen       total 99840K, used 30585K [0x00000000c0000000, 0x00000000c6180000, 0x00000000eab00000)
  object space 99840K, 30% used [0x00000000c0000000,0x00000000c1dde640,0x00000000c6180000)
 Metaspace       used 50594K, capacity 52034K, committed 52352K, reserved 1093632K
  class space    used 6770K, capacity 7220K, committed 7296K, reserved 1048576K
}
Event: 1671,723 GC heap before
{Heap before GC invocations=13 (full 2):
 PSYoungGen      total 161792K, used 59758K [0x00000000eab00000, 0x00000000f6600000, 0x0000000100000000)
  eden space 148992K, 31% used [0x00000000eab00000,0x00000000ed8e0590,0x00000000f3c80000)
  from space 12800K, 99% used [0x00000000f4f00000,0x00000000f5b7b5c8,0x00000000f5b80000)
  to   space 18944K, 0% used [0x00000000f3c80000,0x00000000f3c80000,0x00000000f4f00000)
 ParOldGen       total 99840K, used 30585K [0x00000000c0000000, 0x00000000c6180000, 0x00000000eab00000)
  object space 99840K, 30% used [0x00000000c0000000,0x00000000c1dde640,0x00000000c6180000)
 Metaspace       used 57296K, capacity 58856K, committed 59096K, reserved 1099776K
  class space    used 8724K, capacity 9215K, committed 9216K, reserved 1048576K
Event: 1671,774 GC heap after
Heap after GC invocations=13 (full 2):
 PSYoungGen      total 167936K, used 18927K [0x00000000eab00000, 0x00000000f8c80000, 0x0000000100000000)
  eden space 148992K, 0% used [0x00000000eab00000,0x00000000eab00000,0x00000000f3c80000)
  from space 18944K, 99% used [0x00000000f3c80000,0x00000000f4efbc08,0x00000000f4f00000)
  to   space 22016K, 0% used [0x00000000f7700000,0x00000000f7700000,0x00000000f8c80000)
 ParOldGen       total 99840K, used 32257K [0x00000000c0000000, 0x00000000c6180000, 0x00000000eab00000)
  object space 99840K, 32% used [0x00000000c0000000,0x00000000c1f80618,0x00000000c6180000)
 Metaspace       used 57296K, capacity 58856K, committed 59096K, reserved 1099776K
  class space    used 8724K, capacity 9215K, committed 9216K, reserved 1048576K
}
Event: 1671,774 GC heap before
{Heap before GC invocations=14 (full 3):
 PSYoungGen      total 167936K, used 18927K [0x00000000eab00000, 0x00000000f8c80000, 0x0000000100000000)
  eden space 148992K, 0% used [0x00000000eab00000,0x00000000eab00000,0x00000000f3c80000)
  from space 18944K, 99% used [0x00000000f3c80000,0x00000000f4efbc08,0x00000000f4f00000)
  to   space 22016K, 0% used [0x00000000f7700000,0x00000000f7700000,0x00000000f8c80000)
 ParOldGen       total 99840K, used 32257K [0x00000000c0000000, 0x00000000c6180000, 0x00000000eab00000)
  object space 99840K, 32% used [0x00000000c0000000,0x00000000c1f80618,0x00000000c6180000)
 Metaspace       used 57296K, capacity 58856K, committed 59096K, reserved 1099776K
  class space    used 8724K, capacity 9215K, committed 9216K, reserved 1048576K
Event: 1672,167 GC heap after
Heap after GC invocations=14 (full 3):
 PSYoungGen      total 167936K, used 0K [0x00000000eab00000, 0x00000000f8c80000, 0x0000000100000000)
  eden space 148992K, 0% used [0x00000000eab00000,0x00000000eab00000,0x00000000f3c80000)
  from space 18944K, 0% used [0x00000000f3c80000,0x00000000f3c80000,0x00000000f4f00000)
  to   space 22016K, 0% used [0x00000000f7700000,0x00000000f7700000,0x00000000f8c80000)
 ParOldGen       total 146944K, used 38219K [0x00000000c0000000, 0x00000000c8f80000, 0x00000000eab00000)
  object space 146944K, 26% used [0x00000000c0000000,0x00000000c2552fa8,0x00000000c8f80000)
 Metaspace       used 56986K, capacity 58360K, committed 59096K, reserved 1099776K
  class space    used 8662K, capacity 9111K, committed 9216K, reserved 1048576K
}
Event: 1675,612 GC heap before
{Heap before GC invocations=15 (full 3):
 PSYoungGen      total 167936K, used 148992K [0x00000000eab00000, 0x00000000f8c80000, 0x0000000100000000)
  eden space 148992K, 100% used [0x00000000eab00000,0x00000000f3c80000,0x00000000f3c80000)
  from space 18944K, 0% used [0x00000000f3c80000,0x00000000f3c80000,0x00000000f4f00000)
  to   space 22016K, 0% used [0x00000000f7700000,0x00000000f7700000,0x00000000f8c80000)
 ParOldGen       total 146944K, used 38219K [0x00000000c0000000, 0x00000000c8f80000, 0x00000000eab00000)
  object space 146944K, 26% used [0x00000000c0000000,0x00000000c2552fa8,0x00000000c8f80000)
 Metaspace       used 68663K, capacity 70138K, committed 70872K, reserved 1110016K
  class space    used 10442K, capacity 10894K, committed 11008K, reserved 1048576K
Event: 1675,661 GC heap after
Heap after GC invocations=15 (full 3):
 PSYoungGen      total 205312K, used 21985K [0x00000000eab00000, 0x00000000f9900000, 0x0000000100000000)
  eden space 183296K, 0% used [0x00000000eab00000,0x00000000eab00000,0x00000000f5e00000)
  from space 22016K, 99% used [0x00000000f7700000,0x00000000f8c784a0,0x00000000f8c80000)
  to   space 25600K, 0% used [0x00000000f5e00000,0x00000000f5e00000,0x00000000f7700000)
 ParOldGen       total 146944K, used 39626K [0x00000000c0000000, 0x00000000c8f80000, 0x00000000eab00000)
  object space 146944K, 26% used [0x00000000c0000000,0x00000000c26b2b98,0x00000000c8f80000)
 Metaspace       used 68663K, capacity 70138K, committed 70872K, reserved 1110016K
  class space    used 10442K, capacity 10894K, committed 11008K, reserved 1048576K
}
Event: 2224,157 GC heap before
{Heap before GC invocations=16 (full 3):
 PSYoungGen      total 205312K, used 205281K [0x00000000eab00000, 0x00000000f9900000, 0x0000000100000000)
  eden space 183296K, 100% used [0x00000000eab00000,0x00000000f5e00000,0x00000000f5e00000)
  from space 22016K, 99% used [0x00000000f7700000,0x00000000f8c784a0,0x00000000f8c80000)
  to   space 25600K, 0% used [0x00000000f5e00000,0x00000000f5e00000,0x00000000f7700000)
 ParOldGen       total 146944K, used 39626K [0x00000000c0000000, 0x00000000c8f80000, 0x00000000eab00000)
  object space 146944K, 26% used [0x00000000c0000000,0x00000000c26b2b98,0x00000000c8f80000)
 Metaspace       used 76145K, capacity 78152K, committed 78424K, reserved 1116160K
  class space    used 11488K, capacity 12061K, committed 12160K, reserved 1048576K
Event: 2224,258 GC heap after
Heap after GC invocations=16 (full 3):
 PSYoungGen      total 208896K, used 25586K [0x00000000eab00000, 0x00000000fcb00000, 0x0000000100000000)
  eden space 183296K, 0% used [0x00000000eab00000,0x00000000eab00000,0x00000000f5e00000)
  from space 25600K, 99% used [0x00000000f5e00000,0x00000000f76fca58,0x00000000f7700000)
  to   space 32768K, 0% used [0x00000000fab00000,0x00000000fab00000,0x00000000fcb00000)
 ParOldGen       total 146944K, used 48309K [0x00000000c0000000, 0x00000000c8f80000, 0x00000000eab00000)
  object space 146944K, 32% used [0x00000000c0000000,0x00000000c2f2d4a0,0x00000000c8f80000)
 Metaspace       used 76145K, capacity 78152K, committed 78424K, reserved 1116160K
  class space    used 11488K, capacity 12061K, committed 12160K, reserved 1048576K
}
Event: 2229,199 GC heap before
{Heap before GC invocations=17 (full 3):
 PSYoungGen      total 208896K, used 208882K [0x00000000eab00000, 0x00000000fcb00000, 0x0000000100000000)
  eden space 183296K, 100% used [0x00000000eab00000,0x00000000f5e00000,0x00000000f5e00000)
  from space 25600K, 99% used [0x00000000f5e00000,0x00000000f76fca58,0x00000000f7700000)
  to   space 32768K, 0% used [0x00000000fab00000,0x00000000fab00000,0x00000000fcb00000)
 ParOldGen       total 146944K, used 48309K [0x00000000c0000000, 0x00000000c8f80000, 0x00000000eab00000)
  object space 146944K, 32% used [0x00000000c0000000,0x00000000c2f2d4a0,0x00000000c8f80000)
 Metaspace       used 93879K, capacity 96124K, committed 96344K, reserved 1130496K
  class space    used 15082K, capacity 15676K, committed 15744K, reserved 1048576K
Event: 2229,368 GC heap after
Heap after GC invocations=17 (full 3):
 PSYoungGen      total 248320K, used 32761K [0x00000000eab00000, 0x00000000feb80000, 0x0000000100000000)
  eden space 215552K, 0% used [0x00000000eab00000,0x00000000eab00000,0x00000000f7d80000)
  from space 32768K, 99% used [0x00000000fab00000,0x00000000fcafe6b8,0x00000000fcb00000)
  to   space 46592K, 0% used [0x00000000f7d80000,0x00000000f7d80000,0x00000000fab00000)
 ParOldGen       total 146944K, used 72270K [0x00000000c0000000, 0x00000000c8f80000, 0x00000000eab00000)
  object space 146944K, 49% used [0x00000000c0000000,0x00000000c4693a90,0x00000000c8f80000)
 Metaspace       used 93879K, capacity 96124K, committed 96344K, reserved 1130496K
  class space    used 15082K, capacity 15676K, committed 15744K, reserved 1048576K
}
Event: 2275,210 GC heap before
{Heap before GC invocations=18 (full 3):
 PSYoungGen      total 248320K, used 157689K [0x00000000eab00000, 0x00000000feb80000, 0x0000000100000000)
  eden space 215552K, 57% used [0x00000000eab00000,0x00000000f2500048,0x00000000f7d80000)
  from space 32768K, 99% used [0x00000000fab00000,0x00000000fcafe6b8,0x00000000fcb00000)
  to   space 46592K, 0% used [0x00000000f7d80000,0x00000000f7d80000,0x00000000fab00000)
 ParOldGen       total 146944K, used 72270K [0x00000000c0000000, 0x00000000c8f80000, 0x00000000eab00000)
  object space 146944K, 49% used [0x00000000c0000000,0x00000000c4693a90,0x00000000c8f80000)
 Metaspace       used 95931K, capacity 98432K, committed 98496K, reserved 1132544K
  class space    used 15312K, capacity 15983K, committed 16000K, reserved 1048576K
Event: 2275,267 GC heap after
Heap after GC invocations=18 (full 3):
 PSYoungGen      total 262144K, used 12077K [0x00000000eab00000, 0x0000000100000000, 0x0000000100000000)
  eden space 215552K, 0% used [0x00000000eab00000,0x00000000eab00000,0x00000000f7d80000)
  from space 46592K, 25% used [0x00000000f7d80000,0x00000000f894b528,0x00000000fab00000)
  to   space 45056K, 0% used [0x00000000fd400000,0x00000000fd400000,0x0000000100000000)
 ParOldGen       total 146944K, used 100377K [0x00000000c0000000, 0x00000000c8f80000, 0x00000000eab00000)
  object space 146944K, 68% used [0x00000000c0000000,0x00000000c6206628,0x00000000c8f80000)
 Metaspace       used 95931K, capacity 98432K, committed 98496K, reserved 1132544K
  class space    used 15312K, capacity 15983K, committed 16000K, reserved 1048576K
}
Event: 2275,267 GC heap before
{Heap before GC invocations=19 (full 4):
 PSYoungGen      total 262144K, used 12077K [0x00000000eab00000, 0x0000000100000000, 0x0000000100000000)
  eden space 215552K, 0% used [0x00000000eab00000,0x00000000eab00000,0x00000000f7d80000)
  from space 46592K, 25% used [0x00000000f7d80000,0x00000000f894b528,0x00000000fab00000)
  to   space 45056K, 0% used [0x00000000fd400000,0x00000000fd400000,0x0000000100000000)
 ParOldGen       total 146944K, used 100377K [0x00000000c0000000, 0x00000000c8f80000, 0x00000000eab00000)
  object space 146944K, 68% used [0x00000000c0000000,0x00000000c6206628,0x00000000c8f80000)
 Metaspace       used 95931K, capacity 98432K, committed 98496K, reserved 1132544K
  class space    used 15312K, capacity 15983K, committed 16000K, reserved 1048576K
Event: 2275,751 GC heap after
Heap after GC invocations=19 (full 4):
 PSYoungGen      total 262144K, used 0K [0x00000000eab00000, 0x0000000100000000, 0x0000000100000000)
  eden space 215552K, 0% used [0x00000000eab00000,0x00000000eab00000,0x00000000f7d80000)
  from space 46592K, 0% used [0x00000000f7d80000,0x00000000f7d80000,0x00000000fab00000)
  to   space 45056K, 0% used [0x00000000fd400000,0x00000000fd400000,0x0000000100000000)
 ParOldGen       total 242688K, used 85213K [0x00000000c0000000, 0x00000000ced00000, 0x00000000eab00000)
  object space 242688K, 35% used [0x00000000c0000000,0x00000000c53377f0,0x00000000ced00000)
 Metaspace       used 95931K, capacity 98432K, committed 98496K, reserved 1132544K
  class space    used 15312K, capacity 15983K, committed 16000K, reserved 1048576K
}
Event: 2281,032 GC heap before
{Heap before GC invocations=20 (full 4):
 PSYoungGen      total 262144K, used 215552K [0x00000000eab00000, 0x0000000100000000, 0x0000000100000000)
  eden space 215552K, 100% used [0x00000000eab00000,0x00000000f7d80000,0x00000000f7d80000)
  from space 46592K, 0% used [0x00000000f7d80000,0x00000000f7d80000,0x00000000fab00000)
  to   space 45056K, 0% used [0x00000000fd400000,0x00000000fd400000,0x0000000100000000)
 ParOldGen       total 242688K, used 85213K [0x00000000c0000000, 0x00000000ced00000, 0x00000000eab00000)
  object space 242688K, 35% used [0x00000000c0000000,0x00000000c53377f0,0x00000000ced00000)
 Metaspace       used 118142K, capacity 120816K, committed 120920K, reserved 1150976K
  class space    used 19619K, capacity 20337K, committed 20352K, reserved 1048576K
Event: 2281,109 GC heap after
Heap after GC invocations=20 (full 4):
 PSYoungGen      total 296960K, used 34898K [0x00000000eab00000, 0x0000000100000000, 0x0000000100000000)
  eden space 251904K, 0% used [0x00000000eab00000,0x00000000eab00000,0x00000000fa100000)
  from space 45056K, 77% used [0x00000000fd400000,0x00000000ff6148d0,0x0000000100000000)
  to   space 48640K, 0% used [0x00000000fa100000,0x00000000fa100000,0x00000000fd080000)
 ParOldGen       total 242688K, used 85221K [0x00000000c0000000, 0x00000000ced00000, 0x00000000eab00000)
  object space 242688K, 35% used [0x00000000c0000000,0x00000000c53397f0,0x00000000ced00000)
 Metaspace       used 118142K, capacity 120816K, committed 120920K, reserved 1150976K
  class space    used 19619K, capacity 20337K, committed 20352K, reserved 1048576K
}
Event: 2284,635 GC heap before
{Heap before GC invocations=21 (full 4):
 PSYoungGen      total 296960K, used 286802K [0x00000000eab00000, 0x0000000100000000, 0x0000000100000000)
  eden space 251904K, 100% used [0x00000000eab00000,0x00000000fa100000,0x00000000fa100000)
  from space 45056K, 77% used [0x00000000fd400000,0x00000000ff6148d0,0x0000000100000000)
  to   space 48640K, 0% used [0x00000000fa100000,0x00000000fa100000,0x00000000fd080000)
 ParOldGen       total 242688K, used 85221K [0x00000000c0000000, 0x00000000ced00000, 0x00000000eab00000)
  object space 242688K, 35% used [0x00000000c0000000,0x00000000c53397f0,0x00000000ced00000)
 Metaspace       used 122527K, capacity 125286K, committed 125528K, reserved 1153024K
  class space    used 20605K, capacity 21336K, committed 21376K, reserved 1048576K
Event: 2284,711 GC heap after
Heap after GC invocations=21 (full 4):
 PSYoungGen      total 294912K, used 42543K [0x00000000eab00000, 0x0000000100000000, 0x0000000100000000)
  eden space 251904K, 0% used [0x00000000eab00000,0x00000000eab00000,0x00000000fa100000)
  from space 43008K, 98% used [0x00000000fa100000,0x00000000fca8bd40,0x00000000fcb00000)
  to   space 54272K, 0% used [0x00000000fcb00000,0x00000000fcb00000,0x0000000100000000)
 ParOldGen       total 242688K, used 85229K [0x00000000c0000000, 0x00000000ced00000, 0x00000000eab00000)
  object space 242688K, 35% used [0x00000000c0000000,0x00000000c533b7f0,0x00000000ced00000)
 Metaspace       used 122527K, capacity 125286K, committed 125528K, reserved 1153024K
  class space    used 20605K, capacity 21336K, committed 21376K, reserved 1048576K
}
Event: 2287,229 GC heap before
{Heap before GC invocations=22 (full 4):
 PSYoungGen      total 294912K, used 294447K [0x00000000eab00000, 0x0000000100000000, 0x0000000100000000)
  eden space 251904K, 100% used [0x00000000eab00000,0x00000000fa100000,0x00000000fa100000)
  from space 43008K, 98% used [0x00000000fa100000,0x00000000fca8bd40,0x00000000fcb00000)
  to   space 54272K, 0% used [0x00000000fcb00000,0x00000000fcb00000,0x0000000100000000)
 ParOldGen       total 242688K, used 85229K [0x00000000c0000000, 0x00000000ced00000, 0x00000000eab00000)
  object space 242688K, 35% used [0x00000000c0000000,0x00000000c533b7f0,0x00000000ced00000)
 Metaspace       used 126119K, capacity 128924K, committed 129240K, reserved 1157120K
  class space    used 21457K, capacity 22203K, committed 22272K, reserved 1048576K
Event: 2287,309 GC heap after
Heap after GC invocations=22 (full 4):
 PSYoungGen      total 282624K, used 46750K [0x00000000eab00000, 0x0000000100000000, 0x0000000100000000)
  eden space 228352K, 0% used [0x00000000eab00000,0x00000000eab00000,0x00000000f8a00000)
  from space 54272K, 86% used [0x00000000fcb00000,0x00000000ff8a7b58,0x0000000100000000)
  to   space 60416K, 0% used [0x00000000f8a00000,0x00000000f8a00000,0x00000000fc500000)
 ParOldGen       total 242688K, used 85362K [0x00000000c0000000, 0x00000000ced00000, 0x00000000eab00000)
  object space 242688K, 35% used [0x00000000c0000000,0x00000000c535cbf0,0x00000000ced00000)
 Metaspace       used 126119K, capacity 128924K, committed 129240K, reserved 1157120K
  class space    used 21457K, capacity 22203K, committed 22272K, reserved 1048576K
}
Event: 2289,750 GC heap before
{Heap before GC invocations=23 (full 4):
 PSYoungGen      total 282624K, used 275102K [0x00000000eab00000, 0x0000000100000000, 0x0000000100000000)
  eden space 228352K, 100% used [0x00000000eab00000,0x00000000f8a00000,0x00000000f8a00000)
  from space 54272K, 86% used [0x00000000fcb00000,0x00000000ff8a7b58,0x0000000100000000)
  to   space 60416K, 0% used [0x00000000f8a00000,0x00000000f8a00000,0x00000000fc500000)
 ParOldGen       total 242688K, used 85362K [0x00000000c0000000, 0x00000000ced00000, 0x00000000eab00000)
  object space 242688K, 35% used [0x00000000c0000000,0x00000000c535cbf0,0x00000000ced00000)
 Metaspace       used 127725K, capacity 130544K, committed 130904K, reserved 1157120K
  class space    used 21668K, capacity 22399K, committed 22400K, reserved 1048576K
Event: 2289,863 GC heap after
Heap after GC invocations=23 (full 4):
 PSYoungGen      total 288768K, used 30059K [0x00000000eab00000, 0x0000000100000000, 0x0000000100000000)
  eden space 228352K, 0% used [0x00000000eab00000,0x00000000eab00000,0x00000000f8a00000)
  from space 60416K, 49% used [0x00000000f8a00000,0x00000000fa75ae08,0x00000000fc500000)
  to   space 58880K, 0% used [0x00000000fc680000,0x00000000fc680000,0x0000000100000000)
 ParOldGen       total 242688K, used 116712K [0x00000000c0000000, 0x00000000ced00000, 0x00000000eab00000)
  object space 242688K, 48% used [0x00000000c0000000,0x00000000c71fa020,0x00000000ced00000)
 Metaspace       used 127725K, capacity 130544K, committed 130904K, reserved 1157120K
  class space    used 21668K, capacity 22399K, committed 22400K, reserved 1048576K
}
Event: 2292,668 GC heap before
{Heap before GC invocations=24 (full 4):
 PSYoungGen      total 288768K, used 258411K [0x00000000eab00000, 0x0000000100000000, 0x0000000100000000)
  eden space 228352K, 100% used [0x00000000eab00000,0x00000000f8a00000,0x00000000f8a00000)
  from space 60416K, 49% used [0x00000000f8a00000,0x00000000fa75ae08,0x00000000fc500000)
  to   space 58880K, 0% used [0x00000000fc680000,0x00000000fc680000,0x0000000100000000)
 ParOldGen       total 242688K, used 116712K [0x00000000c0000000, 0x00000000ced00000, 0x00000000eab00000)
  object space 242688K, 48% used [0x00000000c0000000,0x00000000c71fa020,0x00000000ced00000)
 Metaspace       used 128068K, capacity 130882K, committed 131288K, reserved 1159168K
  class space    used 21671K, capacity 22404K, committed 22528K, reserved 1048576K
Event: 2292,756 GC heap after
Heap after GC invocations=24 (full 4):
 PSYoungGen      total 282112K, used 18720K [0x00000000eab00000, 0x00000000ff980000, 0x0000000100000000)
  eden space 229888K, 0% used [0x00000000eab00000,0x00000000eab00000,0x00000000f8b80000)
  from space 52224K, 35% used [0x00000000fc680000,0x00000000fd8c8330,0x00000000ff980000)
  to   space 56320K, 0% used [0x00000000f8b80000,0x00000000f8b80000,0x00000000fc280000)
 ParOldGen       total 242688K, used 145118K [0x00000000c0000000, 0x00000000ced00000, 0x00000000eab00000)
  object space 242688K, 59% used [0x00000000c0000000,0x00000000c8db7a08,0x00000000ced00000)
 Metaspace       used 128068K, capacity 130882K, committed 131288K, reserved 1159168K
  class space    used 21671K, capacity 22404K, committed 22528K, reserved 1048576K
}
Event: 2295,325 GC heap before
{Heap before GC invocations=25 (full 4):
 PSYoungGen      total 282112K, used 248608K [0x00000000eab00000, 0x00000000ff980000, 0x0000000100000000)
  eden space 229888K, 100% used [0x00000000eab00000,0x00000000f8b80000,0x00000000f8b80000)
  from space 52224K, 35% used [0x00000000fc680000,0x00000000fd8c8330,0x00000000ff980000)
  to   space 56320K, 0% used [0x00000000f8b80000,0x00000000f8b80000,0x00000000fc280000)
 ParOldGen       total 242688K, used 145118K [0x00000000c0000000, 0x00000000ced00000, 0x00000000eab00000)
  object space 242688K, 59% used [0x00000000c0000000,0x00000000c8db7a08,0x00000000ced00000)
 Metaspace       used 128228K, capacity 131014K, committed 131288K, reserved 1159168K
  class space    used 21678K, capacity 22404K, committed 22528K, reserved 1048576K
Event: 2295,351 GC heap after
Heap after GC invocations=25 (full 4):
 PSYoungGen      total 286208K, used 24454K [0x00000000eab00000, 0x00000000ffe00000, 0x0000000100000000)
  eden space 229888K, 0% used [0x00000000eab00000,0x00000000eab00000,0x00000000f8b80000)
  from space 56320K, 43% used [0x00000000f8b80000,0x00000000fa361908,0x00000000fc280000)
  to   space 53248K, 0% used [0x00000000fca00000,0x00000000fca00000,0x00000000ffe00000)
 ParOldGen       total 242688K, used 163634K [0x00000000c0000000, 0x00000000ced00000, 0x00000000eab00000)
  object space 242688K, 67% used [0x00000000c0000000,0x00000000c9fcca10,0x00000000ced00000)
 Metaspace       used 128228K, capacity 131014K, committed 131288K, reserved 1159168K
  class space    used 21678K, capacity 22404K, committed 22528K, reserved 1048576K
}
Event: 2296,033 GC heap before
{Heap before GC invocations=26 (full 4):
 PSYoungGen      total 286208K, used 254342K [0x00000000eab00000, 0x00000000ffe00000, 0x0000000100000000)
  eden space 229888K, 100% used [0x00000000eab00000,0x00000000f8b80000,0x00000000f8b80000)
  from space 56320K, 43% used [0x00000000f8b80000,0x00000000fa361908,0x00000000fc280000)
  to   space 53248K, 0% used [0x00000000fca00000,0x00000000fca00000,0x00000000ffe00000)
 ParOldGen       total 242688K, used 163634K [0x00000000c0000000, 0x00000000ced00000, 0x00000000eab00000)
  object space 242688K, 67% used [0x00000000c0000000,0x00000000c9fcca10,0x00000000ced00000)
 Metaspace       used 128232K, capacity 131014K, committed 131288K, reserved 1159168K
  class space    used 21678K, capacity 22404K, committed 22528K, reserved 1048576K
Event: 2296,111 GC heap after
Heap after GC invocations=26 (full 4):
 PSYoungGen      total 292352K, used 96K [0x00000000eab00000, 0x0000000100000000, 0x0000000100000000)
  eden space 239104K, 0% used [0x00000000eab00000,0x00000000eab00000,0x00000000f9480000)
  from space 53248K, 0% used [0x00000000fca00000,0x00000000fca18000,0x00000000ffe00000)
  to   space 54784K, 0% used [0x00000000f9480000,0x00000000f9480000,0x00000000fca00000)
 ParOldGen       total 242688K, used 199063K [0x00000000c0000000, 0x00000000ced00000, 0x00000000eab00000)
  object space 242688K, 82% used [0x00000000c0000000,0x00000000cc265e40,0x00000000ced00000)
 Metaspace       used 128232K, capacity 131014K, committed 131288K, reserved 1159168K
  class space    used 21678K, capacity 22404K, committed 22528K, reserved 1048576K
}
Event: 2297,071 GC heap before
{Heap before GC invocations=27 (full 4):
 PSYoungGen      total 292352K, used 239200K [0x00000000eab00000, 0x0000000100000000, 0x0000000100000000)
  eden space 239104K, 100% used [0x00000000eab00000,0x00000000f9480000,0x00000000f9480000)
  from space 53248K, 0% used [0x00000000fca00000,0x00000000fca18000,0x00000000ffe00000)
  to   space 54784K, 0% used [0x00000000f9480000,0x00000000f9480000,0x00000000fca00000)
 ParOldGen       total 242688K, used 199063K [0x00000000c0000000, 0x00000000ced00000, 0x00000000eab00000)
  object space 242688K, 82% used [0x00000000c0000000,0x00000000cc265e40,0x00000000ced00000)
 Metaspace       used 128232K, capacity 131014K, committed 131288K, reserved 1159168K
  class space    used 21678K, capacity 22404K, committed 22528K, reserved 1048576K
Event: 2297,076 GC heap after
Heap after GC invocations=27 (full 4):
 PSYoungGen      total 293888K, used 64K [0x00000000eab00000, 0x0000000100000000, 0x0000000100000000)
  eden space 239104K, 0% used [0x00000000eab00000,0x00000000eab00000,0x00000000f9480000)
  from space 54784K, 0% used [0x00000000f9480000,0x00000000f9490000,0x00000000fca00000)
  to   space 54784K, 0% used [0x00000000fca80000,0x00000000fca80000,0x0000000100000000)
 ParOldGen       total 242688K, used 199063K [0x00000000c0000000, 0x00000000ced00000, 0x00000000eab00000)
  object space 242688K, 82% used [0x00000000c0000000,0x00000000cc265e40,0x00000000ced00000)
 Metaspace       used 128232K, capacity 131014K, committed 131288K, reserved 1159168K
  class space    used 21678K, capacity 22404K, committed 22528K, reserved 1048576K
}
Event: 2297,776 GC heap before
{Heap before GC invocations=28 (full 4):
 PSYoungGen      total 293888K, used 239168K [0x00000000eab00000, 0x0000000100000000, 0x0000000100000000)
  eden space 239104K, 100% used [0x00000000eab00000,0x00000000f9480000,0x00000000f9480000)
  from space 54784K, 0% used [0x00000000f9480000,0x00000000f9490000,0x00000000fca00000)
  to   space 54784K, 0% used [0x00000000fca80000,0x00000000fca80000,0x0000000100000000)
 ParOldGen       total 242688K, used 199063K [0x00000000c0000000, 0x00000000ced00000, 0x00000000eab00000)
  object space 242688K, 82% used [0x00000000c0000000,0x00000000cc265e40,0x00000000ced00000)
 Metaspace       used 128236K, capacity 131014K, committed 131288K, reserved 1159168K
  class space    used 21678K, capacity 22404K, committed 22528K, reserved 1048576K
Event: 2297,784 GC heap after
Heap after GC invocations=28 (full 4):
 PSYoungGen      total 289280K, used 16847K [0x00000000eab00000, 0x00000000ffb00000, 0x0000000100000000)
  eden space 239616K, 0% used [0x00000000eab00000,0x00000000eab00000,0x00000000f9500000)
  from space 49664K, 33% used [0x00000000fca80000,0x00000000fdaf3f98,0x00000000ffb00000)
  to   space 52224K, 0% used [0x00000000f9500000,0x00000000f9500000,0x00000000fc800000)
 ParOldGen       total 242688K, used 199063K [0x00000000c0000000, 0x00000000ced00000, 0x00000000eab00000)
  object space 242688K, 82% used [0x00000000c0000000,0x00000000cc265e40,0x00000000ced00000)
 Metaspace       used 128236K, capacity 131014K, committed 131288K, reserved 1159168K
  class space    used 21678K, capacity 22404K, committed 22528K, reserved 1048576K
}
Event: 2299,203 GC heap before
{Heap before GC invocations=29 (full 4):
 PSYoungGen      total 289280K, used 256463K [0x00000000eab00000, 0x00000000ffb00000, 0x0000000100000000)
  eden space 239616K, 100% used [0x00000000eab00000,0x00000000f9500000,0x00000000f9500000)
  from space 49664K, 33% used [0x00000000fca80000,0x00000000fdaf3f98,0x00000000ffb00000)
  to   space 52224K, 0% used [0x00000000f9500000,0x00000000f9500000,0x00000000fc800000)
 ParOldGen       total 242688K, used 199063K [0x00000000c0000000, 0x00000000ced00000, 0x00000000eab00000)
  object space 242688K, 82% used [0x00000000c0000000,0x00000000cc265e40,0x00000000ced00000)
 Metaspace       used 128237K, capacity 131014K, committed 131288K, reserved 1159168K
  class space    used 21678K, capacity 22404K, committed 22528K, reserved 1048576K
Event: 2299,220 GC heap after
Heap after GC invocations=29 (full 4):
 PSYoungGen      total 291840K, used 22822K [0x00000000eab00000, 0x00000000ffe80000, 0x0000000100000000)
  eden space 239616K, 0% used [0x00000000eab00000,0x00000000eab00000,0x00000000f9500000)
  from space 52224K, 43% used [0x00000000f9500000,0x00000000fab49908,0x00000000fc800000)
  to   space 50176K, 0% used [0x00000000fcd80000,0x00000000fcd80000,0x00000000ffe80000)
 ParOldGen       total 242688K, used 215815K [0x00000000c0000000, 0x00000000ced00000, 0x00000000eab00000)
  object space 242688K, 88% used [0x00000000c0000000,0x00000000cd2c1dd8,0x00000000ced00000)
 Metaspace       used 128237K, capacity 131014K, committed 131288K, reserved 1159168K
  class space    used 21678K, capacity 22404K, committed 22528K, reserved 1048576K
}
Event: 2299,220 GC heap before
{Heap before GC invocations=30 (full 5):
 PSYoungGen      total 291840K, used 22822K [0x00000000eab00000, 0x00000000ffe80000, 0x0000000100000000)
  eden space 239616K, 0% used [0x00000000eab00000,0x00000000eab00000,0x00000000f9500000)
  from space 52224K, 43% used [0x00000000f9500000,0x00000000fab49908,0x00000000fc800000)
  to   space 50176K, 0% used [0x00000000fcd80000,0x00000000fcd80000,0x00000000ffe80000)
 ParOldGen       total 242688K, used 215815K [0x00000000c0000000, 0x00000000ced00000, 0x00000000eab00000)
  object space 242688K, 88% used [0x00000000c0000000,0x00000000cd2c1dd8,0x00000000ced00000)
 Metaspace       used 128237K, capacity 131014K, committed 131288K, reserved 1159168K
  class space    used 21678K, capacity 22404K, committed 22528K, reserved 1048576K
Event: 2300,113 GC heap after
Heap after GC invocations=30 (full 5):
 PSYoungGen      total 291840K, used 0K [0x00000000eab00000, 0x00000000ffe80000, 0x0000000100000000)
  eden space 239616K, 0% used [0x00000000eab00000,0x00000000eab00000,0x00000000f9500000)
  from space 52224K, 0% used [0x00000000f9500000,0x00000000f9500000,0x00000000fc800000)
  to   space 50176K, 0% used [0x00000000fcd80000,0x00000000fcd80000,0x00000000ffe80000)
 ParOldGen       total 413184K, used 213236K [0x00000000c0000000, 0x00000000d9380000, 0x00000000eab00000)
  object space 413184K, 51% used [0x00000000c0000000,0x00000000cd03d160,0x00000000d9380000)
 Metaspace       used 128237K, capacity 131014K, committed 131288K, reserved 1159168K
  class space    used 21678K, capacity 22404K, committed 22528K, reserved 1048576K
}
Event: 2300,761 GC heap before
{Heap before GC invocations=31 (full 5):
 PSYoungGen      total 291840K, used 239616K [0x00000000eab00000, 0x00000000ffe80000, 0x0000000100000000)
  eden space 239616K, 100% used [0x00000000eab00000,0x00000000f9500000,0x00000000f9500000)
  from space 52224K, 0% used [0x00000000f9500000,0x00000000f9500000,0x00000000fc800000)
  to   space 50176K, 0% used [0x00000000fcd80000,0x00000000fcd80000,0x00000000ffe80000)
 ParOldGen       total 413184K, used 213236K [0x00000000c0000000, 0x00000000d9380000, 0x00000000eab00000)
  object space 413184K, 51% used [0x00000000c0000000,0x00000000cd03d160,0x00000000d9380000)
 Metaspace       used 128237K, capacity 131014K, committed 131288K, reserved 1159168K
  class space    used 21678K, capacity 22404K, committed 22528K, reserved 1048576K
Event: 2300,766 GC heap after
Heap after GC invocations=31 (full 5):
 PSYoungGen      total 296448K, used 160K [0x00000000eab00000, 0x00000000ffe00000, 0x0000000100000000)
  eden space 246784K, 0% used [0x00000000eab00000,0x00000000eab00000,0x00000000f9c00000)
  from space 49664K, 0% used [0x00000000fcd80000,0x00000000fcda8000,0x00000000ffe00000)
  to   space 50176K, 0% used [0x00000000f9c00000,0x00000000f9c00000,0x00000000fcd00000)
 ParOldGen       total 413184K, used 213236K [0x00000000c0000000, 0x00000000d9380000, 0x00000000eab00000)
  object space 413184K, 51% used [0x00000000c0000000,0x00000000cd03d160,0x00000000d9380000)
 Metaspace       used 128237K, capacity 131014K, committed 131288K, reserved 1159168K
  class space    used 21678K, capacity 22404K, committed 22528K, reserved 1048576K
}
Event: 2301,423 GC heap before
{Heap before GC invocations=32 (full 5):
 PSYoungGen      total 296448K, used 246944K [0x00000000eab00000, 0x00000000ffe00000, 0x0000000100000000)
  eden space 246784K, 100% used [0x00000000eab00000,0x00000000f9c00000,0x00000000f9c00000)
  from space 49664K, 0% used [0x00000000fcd80000,0x00000000fcda8000,0x00000000ffe00000)
  to   space 50176K, 0% used [0x00000000f9c00000,0x00000000f9c00000,0x00000000fcd00000)
 ParOldGen       total 413184K, used 213236K [0x00000000c0000000, 0x00000000d9380000, 0x00000000eab00000)
  object space 413184K, 51% used [0x00000000c0000000,0x00000000cd03d160,0x00000000d9380000)
 Metaspace       used 128237K, capacity 131014K, committed 131288K, reserved 1159168K
  class space    used 21678K, capacity 22404K, committed 22528K, reserved 1048576K
Event: 2301,427 GC heap after
Heap after GC invocations=32 (full 5):
 PSYoungGen      total 296960K, used 128K [0x00000000eab00000, 0x0000000100000000, 0x0000000100000000)
  eden space 246784K, 0% used [0x00000000eab00000,0x00000000eab00000,0x00000000f9c00000)
  from space 50176K, 0% used [0x00000000f9c00000,0x00000000f9c20000,0x00000000fcd00000)
  to   space 50176K, 0% used [0x00000000fcf00000,0x00000000fcf00000,0x0000000100000000)
 ParOldGen       total 413184K, used 213236K [0x00000000c0000000, 0x00000000d9380000, 0x00000000eab00000)
  object space 413184K, 51% used [0x00000000c0000000,0x00000000cd03d160,0x00000000d9380000)
 Metaspace       used 128237K, capacity 131014K, committed 131288K, reserved 1159168K
  class space    used 21678K, capacity 22404K, committed 22528K, reserved 1048576K
}
Event: 2303,317 GC heap before
{Heap before GC invocations=33 (full 5):
 PSYoungGen      total 296960K, used 246912K [0x00000000eab00000, 0x0000000100000000, 0x0000000100000000)
  eden space 246784K, 100% used [0x00000000eab00000,0x00000000f9c00000,0x00000000f9c00000)
  from space 50176K, 0% used [0x00000000f9c00000,0x00000000f9c20000,0x00000000fcd00000)
  to   space 50176K, 0% used [0x00000000fcf00000,0x00000000fcf00000,0x0000000100000000)
 ParOldGen       total 413184K, used 213236K [0x00000000c0000000, 0x00000000d9380000, 0x00000000eab00000)
  object space 413184K, 51% used [0x00000000c0000000,0x00000000cd03d160,0x00000000d9380000)
 Metaspace       used 128273K, capacity 131014K, committed 131288K, reserved 1159168K
  class space    used 21679K, capacity 22404K, committed 22528K, reserved 1048576K
Event: 2303,330 GC heap after
Heap after GC invocations=33 (full 5):
 PSYoungGen      total 294912K, used 20105K [0x00000000eab00000, 0x00000000ffc00000, 0x0000000100000000)
  eden space 248832K, 0% used [0x00000000eab00000,0x00000000eab00000,0x00000000f9e00000)
  from space 46080K, 43% used [0x00000000fcf00000,0x00000000fe2a25a8,0x00000000ffc00000)
  to   space 48128K, 0% used [0x00000000f9e00000,0x00000000f9e00000,0x00000000fcd00000)
 ParOldGen       total 413184K, used 213244K [0x00000000c0000000, 0x00000000d9380000, 0x00000000eab00000)
  object space 413184K, 51% used [0x00000000c0000000,0x00000000cd03f160,0x00000000d9380000)
 Metaspace       used 128273K, capacity 131014K, committed 131288K, reserved 1159168K
  class space    used 21679K, capacity 22404K, committed 22528K, reserved 1048576K
}
Event: 2306,336 GC heap before
{Heap before GC invocations=34 (full 5):
 PSYoungGen      total 294912K, used 268937K [0x00000000eab00000, 0x00000000ffc00000, 0x0000000100000000)
  eden space 248832K, 100% used [0x00000000eab00000,0x00000000f9e00000,0x00000000f9e00000)
  from space 46080K, 43% used [0x00000000fcf00000,0x00000000fe2a25a8,0x00000000ffc00000)
  to   space 48128K, 0% used [0x00000000f9e00000,0x00000000f9e00000,0x00000000fcd00000)
 ParOldGen       total 413184K, used 213244K [0x00000000c0000000, 0x00000000d9380000, 0x00000000eab00000)
  object space 413184K, 51% used [0x00000000c0000000,0x00000000cd03f160,0x00000000d9380000)
 Metaspace       used 128304K, capacity 131082K, committed 131544K, reserved 1159168K
  class space    used 21680K, capacity 22404K, committed 22528K, reserved 1048576K
Event: 2306,351 GC heap after
Heap after GC invocations=34 (full 5):
 PSYoungGen      total 296960K, used 29542K [0x00000000eab00000, 0x0000000100000000, 0x0000000100000000)
  eden space 248832K, 0% used [0x00000000eab00000,0x00000000eab00000,0x00000000f9e00000)
  from space 48128K, 61% used [0x00000000f9e00000,0x00000000fbad99a8,0x00000000fcd00000)
  to   space 50176K, 0% used [0x00000000fcf00000,0x00000000fcf00000,0x0000000100000000)
 ParOldGen       total 413184K, used 213244K [0x00000000c0000000, 0x00000000d9380000, 0x00000000eab00000)
  object space 413184K, 51% used [0x00000000c0000000,0x00000000cd03f160,0x00000000d9380000)
 Metaspace       used 128304K, capacity 131082K, committed 131544K, reserved 1159168K
  class space    used 21680K, capacity 22404K, committed 22528K, reserved 1048576K
}
Event: 2549,863 GC heap before
{Heap before GC invocations=35 (full 5):
 PSYoungGen      total 296960K, used 278374K [0x00000000eab00000, 0x0000000100000000, 0x0000000100000000)
  eden space 248832K, 100% used [0x00000000eab00000,0x00000000f9e00000,0x00000000f9e00000)
  from space 48128K, 61% used [0x00000000f9e00000,0x00000000fbad99a8,0x00000000fcd00000)
  to   space 50176K, 0% used [0x00000000fcf00000,0x00000000fcf00000,0x0000000100000000)
 ParOldGen       total 413184K, used 213244K [0x00000000c0000000, 0x00000000d9380000, 0x00000000eab00000)
  object space 413184K, 51% used [0x00000000c0000000,0x00000000cd03f160,0x00000000d9380000)
 Metaspace       used 141778K, capacity 144760K, committed 144984K, reserved 1169408K
  class space    used 24462K, capacity 25203K, committed 25216K, reserved 1048576K
Event: 2549,890 GC heap after
Heap after GC invocations=35 (full 5):
 PSYoungGen      total 284672K, used 46868K [0x00000000eab00000, 0x0000000100000000, 0x0000000100000000)
  eden space 234496K, 0% used [0x00000000eab00000,0x00000000eab00000,0x00000000f9000000)
  from space 50176K, 93% used [0x00000000fcf00000,0x00000000ffcc51e8,0x0000000100000000)
  to   space 57344K, 0% used [0x00000000f9000000,0x00000000f9000000,0x00000000fc800000)
 ParOldGen       total 413184K, used 213252K [0x00000000c0000000, 0x00000000d9380000, 0x00000000eab00000)
  object space 413184K, 51% used [0x00000000c0000000,0x00000000cd041160,0x00000000d9380000)
 Metaspace       used 141778K, capacity 144760K, committed 144984K, reserved 1169408K
  class space    used 24462K, capacity 25203K, committed 25216K, reserved 1048576K
}
Event: 2565,631 GC heap before
{Heap before GC invocations=36 (full 5):
 PSYoungGen      total 284672K, used 281364K [0x00000000eab00000, 0x0000000100000000, 0x0000000100000000)
  eden space 234496K, 100% used [0x00000000eab00000,0x00000000f9000000,0x00000000f9000000)
  from space 50176K, 93% used [0x00000000fcf00000,0x00000000ffcc51e8,0x0000000100000000)
  to   space 57344K, 0% used [0x00000000f9000000,0x00000000f9000000,0x00000000fc800000)
 ParOldGen       total 413184K, used 213252K [0x00000000c0000000, 0x00000000d9380000, 0x00000000eab00000)
  object space 413184K, 51% used [0x00000000c0000000,0x00000000cd041160,0x00000000d9380000)
 Metaspace       used 152530K, capacity 155878K, committed 155992K, reserved 1177600K
  class space    used 26177K, capacity 26972K, committed 27008K, reserved 1048576K
Event: 2565,687 GC heap after
Heap after GC invocations=36 (full 5):
 PSYoungGen      total 291840K, used 57321K [0x00000000eab00000, 0x0000000100000000, 0x0000000100000000)
  eden space 234496K, 0% used [0x00000000eab00000,0x00000000eab00000,0x00000000f9000000)
  from space 57344K, 99% used [0x00000000f9000000,0x00000000fc7fa708,0x00000000fc800000)
  to   space 57344K, 0% used [0x00000000fc800000,0x00000000fc800000,0x0000000100000000)
 ParOldGen       total 413184K, used 222314K [0x00000000c0000000, 0x00000000d9380000, 0x00000000eab00000)
  object space 413184K, 53% used [0x00000000c0000000,0x00000000cd91a8e0,0x00000000d9380000)
 Metaspace       used 152530K, capacity 155878K, committed 155992K, reserved 1177600K
  class space    used 26177K, capacity 26972K, committed 27008K, reserved 1048576K
}
Event: 2635,732 GC heap before
{Heap before GC invocations=37 (full 5):
 PSYoungGen      total 291840K, used 291817K [0x00000000eab00000, 0x0000000100000000, 0x0000000100000000)
  eden space 234496K, 100% used [0x00000000eab00000,0x00000000f9000000,0x00000000f9000000)
  from space 57344K, 99% used [0x00000000f9000000,0x00000000fc7fa708,0x00000000fc800000)
  to   space 57344K, 0% used [0x00000000fc800000,0x00000000fc800000,0x0000000100000000)
 ParOldGen       total 413184K, used 222314K [0x00000000c0000000, 0x00000000d9380000, 0x00000000eab00000)
  object space 413184K, 53% used [0x00000000c0000000,0x00000000cd91a8e0,0x00000000d9380000)
 Metaspace       used 175083K, capacity 178670K, committed 178776K, reserved 1196032K
  class space    used 30478K, capacity 31346K, committed 31360K, reserved 1048576K
Event: 2635,981 GC heap after
Heap after GC invocations=37 (full 5):
 PSYoungGen      total 223232K, used 57341K [0x00000000eab00000, 0x0000000100000000, 0x0000000100000000)
  eden space 165888K, 0% used [0x00000000eab00000,0x00000000eab00000,0x00000000f4d00000)
  from space 57344K, 99% used [0x00000000fc800000,0x00000000fffff5f8,0x0000000100000000)
  to   space 91648K, 0% used [0x00000000f4d00000,0x00000000f4d00000,0x00000000fa680000)
 ParOldGen       total 413184K, used 259374K [0x00000000c0000000, 0x00000000d9380000, 0x00000000eab00000)
  object space 413184K, 62% used [0x00000000c0000000,0x00000000cfd4b8f0,0x00000000d9380000)
 Metaspace       used 175083K, capacity 178670K, committed 178776K, reserved 1196032K
  class space    used 30478K, capacity 31346K, committed 31360K, reserved 1048576K
}
Event: 2653,498 GC heap before
{Heap before GC invocations=38 (full 5):
 PSYoungGen      total 223232K, used 223229K [0x00000000eab00000, 0x0000000100000000, 0x0000000100000000)
  eden space 165888K, 100% used [0x00000000eab00000,0x00000000f4d00000,0x00000000f4d00000)
  from space 57344K, 99% used [0x00000000fc800000,0x00000000fffff5f8,0x0000000100000000)
  to   space 91648K, 0% used [0x00000000f4d00000,0x00000000f4d00000,0x00000000fa680000)
 ParOldGen       total 413184K, used 259374K [0x00000000c0000000, 0x00000000d9380000, 0x00000000eab00000)
  object space 413184K, 62% used [0x00000000c0000000,0x00000000cfd4b8f0,0x00000000d9380000)
 Metaspace       used 187715K, capacity 191510K, committed 191832K, reserved 1206272K
  class space    used 33181K, capacity 34072K, committed 34176K, reserved 1048576K
Event: 2653,591 GC heap after
Heap after GC invocations=38 (full 5):
 PSYoungGen      total 225792K, used 59817K [0x00000000eab00000, 0x0000000100000000, 0x0000000100000000)
  eden space 165888K, 0% used [0x00000000eab00000,0x00000000eab00000,0x00000000f4d00000)
  from space 59904K, 99% used [0x00000000f4d00000,0x00000000f876a520,0x00000000f8780000)
  to   space 96256K, 0% used [0x00000000fa200000,0x00000000fa200000,0x0000000100000000)
 ParOldGen       total 413184K, used 276109K [0x00000000c0000000, 0x00000000d9380000, 0x00000000eab00000)
  object space 413184K, 66% used [0x00000000c0000000,0x00000000d0da3460,0x00000000d9380000)
 Metaspace       used 187715K, capacity 191510K, committed 191832K, reserved 1206272K
  class space    used 33181K, capacity 34072K, committed 34176K, reserved 1048576K
}
Event: 2656,793 GC heap before
{Heap before GC invocations=39 (full 5):
 PSYoungGen      total 225792K, used 225705K [0x00000000eab00000, 0x0000000100000000, 0x0000000100000000)
  eden space 165888K, 100% used [0x00000000eab00000,0x00000000f4d00000,0x00000000f4d00000)
  from space 59904K, 99% used [0x00000000f4d00000,0x00000000f876a520,0x00000000f8780000)
  to   space 96256K, 0% used [0x00000000fa200000,0x00000000fa200000,0x0000000100000000)
 ParOldGen       total 413184K, used 276109K [0x00000000c0000000, 0x00000000d9380000, 0x00000000eab00000)
  object space 413184K, 66% used [0x00000000c0000000,0x00000000d0da3460,0x00000000d9380000)
 Metaspace       used 199167K, capacity 203170K, committed 203352K, reserved 1216512K
  class space    used 35026K, capacity 35963K, committed 35968K, reserved 1048576K
Event: 2656,946 GC heap after
Heap after GC invocations=39 (full 5):
 PSYoungGen      total 234496K, used 75981K [0x00000000eab00000, 0x0000000100000000, 0x0000000100000000)
  eden space 138240K, 0% used [0x00000000eab00000,0x00000000eab00000,0x00000000f3200000)
  from space 96256K, 78% used [0x00000000fa200000,0x00000000fec33528,0x0000000100000000)
  to   space 105472K, 0% used [0x00000000f3200000,0x00000000f3200000,0x00000000f9900000)
 ParOldGen       total 413184K, used 276117K [0x00000000c0000000, 0x00000000d9380000, 0x00000000eab00000)
  object space 413184K, 66% used [0x00000000c0000000,0x00000000d0da5460,0x00000000d9380000)
 Metaspace       used 199167K, capacity 203170K, committed 203352K, reserved 1216512K
  class space    used 35026K, capacity 35963K, committed 35968K, reserved 1048576K
}
Event: 2658,515 GC heap before
{Heap before GC invocations=40 (full 5):
 PSYoungGen      total 234496K, used 214221K [0x00000000eab00000, 0x0000000100000000, 0x0000000100000000)
  eden space 138240K, 100% used [0x00000000eab00000,0x00000000f3200000,0x00000000f3200000)
  from space 96256K, 78% used [0x00000000fa200000,0x00000000fec33528,0x0000000100000000)
  to   space 105472K, 0% used [0x00000000f3200000,0x00000000f3200000,0x00000000f9900000)
 ParOldGen       total 413184K, used 276117K [0x00000000c0000000, 0x00000000d9380000, 0x00000000eab00000)
  object space 413184K, 66% used [0x00000000c0000000,0x00000000d0da5460,0x00000000d9380000)
 Metaspace       used 200255K, capacity 204292K, committed 204632K, reserved 1218560K
  class space    used 35194K, capacity 36124K, committed 36224K, reserved 1048576K
Event: 2658,655 GC heap after
Heap after GC invocations=40 (full 5):
 PSYoungGen      total 215552K, used 76961K [0x00000000eab00000, 0x0000000100000000, 0x0000000100000000)
  eden space 138240K, 0% used [0x00000000eab00000,0x00000000eab00000,0x00000000f3200000)
  from space 77312K, 99% used [0x00000000f3200000,0x00000000f7d28588,0x00000000f7d80000)
  to   space 112640K, 0% used [0x00000000f9200000,0x00000000f9200000,0x0000000100000000)
 ParOldGen       total 413184K, used 276117K [0x00000000c0000000, 0x00000000d9380000, 0x00000000eab00000)
  object space 413184K, 66% used [0x00000000c0000000,0x00000000d0da5460,0x00000000d9380000)
 Metaspace       used 200255K, capacity 204292K, committed 204632K, reserved 1218560K
  class space    used 35194K, capacity 36124K, committed 36224K, reserved 1048576K
}
Event: 2660,363 GC heap before
{Heap before GC invocations=41 (full 5):
 PSYoungGen      total 215552K, used 215201K [0x00000000eab00000, 0x0000000100000000, 0x0000000100000000)
  eden space 138240K, 100% used [0x00000000eab00000,0x00000000f3200000,0x00000000f3200000)
  from space 77312K, 99% used [0x00000000f3200000,0x00000000f7d28588,0x00000000f7d80000)
  to   space 112640K, 0% used [0x00000000f9200000,0x00000000f9200000,0x0000000100000000)
 ParOldGen       total 413184K, used 276117K [0x00000000c0000000, 0x00000000d9380000, 0x00000000eab00000)
  object space 413184K, 66% used [0x00000000c0000000,0x00000000d0da5460,0x00000000d9380000)
 Metaspace       used 206073K, capacity 210114K, committed 210520K, reserved 1222656K
  class space    used 36686K, capacity 37634K, committed 37760K, reserved 1048576K
Event: 2660,517 GC heap after
Heap after GC invocations=41 (full 5):
 PSYoungGen      total 231424K, used 68463K [0x00000000eab00000, 0x0000000100000000, 0x0000000100000000)
  eden space 118784K, 0% used [0x00000000eab00000,0x00000000eab00000,0x00000000f1f00000)
  from space 112640K, 60% used [0x00000000f9200000,0x00000000fd4dbec8,0x0000000100000000)
  to   space 115200K, 0% used [0x00000000f1f00000,0x00000000f1f00000,0x00000000f8f80000)
 ParOldGen       total 413184K, used 298176K [0x00000000c0000000, 0x00000000d9380000, 0x00000000eab00000)
  object space 413184K, 72% used [0x00000000c0000000,0x00000000d2330028,0x00000000d9380000)
 Metaspace       used 206073K, capacity 210114K, committed 210520K, reserved 1222656K
  class space    used 36686K, capacity 37634K, committed 37760K, reserved 1048576K
}
Event: 2660,901 GC heap before
{Heap before GC invocations=42 (full 5):
 PSYoungGen      total 231424K, used 187247K [0x00000000eab00000, 0x0000000100000000, 0x0000000100000000)
  eden space 118784K, 100% used [0x00000000eab00000,0x00000000f1f00000,0x00000000f1f00000)
  from space 112640K, 60% used [0x00000000f9200000,0x00000000fd4dbec8,0x0000000100000000)
  to   space 115200K, 0% used [0x00000000f1f00000,0x00000000f1f00000,0x00000000f8f80000)
 ParOldGen       total 413184K, used 298176K [0x00000000c0000000, 0x00000000d9380000, 0x00000000eab00000)
  object space 413184K, 72% used [0x00000000c0000000,0x00000000d2330028,0x00000000d9380000)
 Metaspace       used 206470K, capacity 210466K, committed 210776K, reserved 1222656K
  class space    used 36789K, capacity 37730K, committed 37760K, reserved 1048576K
Event: 2661,000 GC heap after
Heap after GC invocations=42 (full 5):
 PSYoungGen      total 155136K, used 35896K [0x00000000eab00000, 0x00000000ff880000, 0x0000000100000000)
  eden space 118784K, 0% used [0x00000000eab00000,0x00000000eab00000,0x00000000f1f00000)
  from space 36352K, 98% used [0x00000000f1f00000,0x00000000f420e080,0x00000000f4280000)
  to   space 110080K, 0% used [0x00000000f8d00000,0x00000000f8d00000,0x00000000ff880000)
 ParOldGen       total 413184K, used 326421K [0x00000000c0000000, 0x00000000d9380000, 0x00000000eab00000)
  object space 413184K, 79% used [0x00000000c0000000,0x00000000d3ec5478,0x00000000d9380000)
 Metaspace       used 206470K, capacity 210466K, committed 210776K, reserved 1222656K
  class space    used 36789K, capacity 37730K, committed 37760K, reserved 1048576K
}
Event: 2661,721 GC heap before
{Heap before GC invocations=43 (full 5):
 PSYoungGen      total 155136K, used 154680K [0x00000000eab00000, 0x00000000ff880000, 0x0000000100000000)
  eden space 118784K, 100% used [0x00000000eab00000,0x00000000f1f00000,0x00000000f1f00000)
  from space 36352K, 98% used [0x00000000f1f00000,0x00000000f420e080,0x00000000f4280000)
  to   space 110080K, 0% used [0x00000000f8d00000,0x00000000f8d00000,0x00000000ff880000)
 ParOldGen       total 413184K, used 326421K [0x00000000c0000000, 0x00000000d9380000, 0x00000000eab00000)
  object space 413184K, 79% used [0x00000000c0000000,0x00000000d3ec5478,0x00000000d9380000)
 Metaspace       used 206904K, capacity 210886K, committed 211160K, reserved 1222656K
  class space    used 36887K, capacity 37826K, committed 37888K, reserved 1048576K
Event: 2661,799 GC heap after
Heap after GC invocations=43 (full 5):
 PSYoungGen      total 233472K, used 17066K [0x00000000eab00000, 0x0000000100000000, 0x0000000100000000)
  eden space 123392K, 0% used [0x00000000eab00000,0x00000000eab00000,0x00000000f2380000)
  from space 110080K, 15% used [0x00000000f8d00000,0x00000000f9daab80,0x00000000ff880000)
  to   space 108032K, 0% used [0x00000000f2380000,0x00000000f2380000,0x00000000f8d00000)
 ParOldGen       total 413184K, used 351160K [0x00000000c0000000, 0x00000000d9380000, 0x00000000eab00000)
  object space 413184K, 84% used [0x00000000c0000000,0x00000000d56ee060,0x00000000d9380000)
 Metaspace       used 206904K, capacity 210886K, committed 211160K, reserved 1222656K
  class space    used 36887K, capacity 37826K, committed 37888K, reserved 1048576K
}
Event: 2663,644 GC heap before
{Heap before GC invocations=44 (full 5):
 PSYoungGen      total 233472K, used 140458K [0x00000000eab00000, 0x0000000100000000, 0x0000000100000000)
  eden space 123392K, 100% used [0x00000000eab00000,0x00000000f2380000,0x00000000f2380000)
  from space 110080K, 15% used [0x00000000f8d00000,0x00000000f9daab80,0x00000000ff880000)
  to   space 108032K, 0% used [0x00000000f2380000,0x00000000f2380000,0x00000000f8d00000)
 ParOldGen       total 413184K, used 351160K [0x00000000c0000000, 0x00000000d9380000, 0x00000000eab00000)
  object space 413184K, 84% used [0x00000000c0000000,0x00000000d56ee060,0x00000000d9380000)
 Metaspace       used 208033K, capacity 212026K, committed 212312K, reserved 1224704K
  class space    used 36993K, capacity 37926K, committed 38016K, reserved 1048576K
Event: 2663,690 GC heap after
Heap after GC invocations=44 (full 5):
 PSYoungGen      total 231424K, used 21636K [0x00000000eab00000, 0x00000000ff800000, 0x0000000100000000)
  eden space 123392K, 0% used [0x00000000eab00000,0x00000000eab00000,0x00000000f2380000)
  from space 108032K, 20% used [0x00000000f2380000,0x00000000f38a12d8,0x00000000f8d00000)
  to   space 104960K, 0% used [0x00000000f9180000,0x00000000f9180000,0x00000000ff800000)
 ParOldGen       total 413184K, used 361731K [0x00000000c0000000, 0x00000000d9380000, 0x00000000eab00000)
  object space 413184K, 87% used [0x00000000c0000000,0x00000000d6140fc8,0x00000000d9380000)
 Metaspace       used 208033K, capacity 212026K, committed 212312K, reserved 1224704K
  class space    used 36993K, capacity 37926K, committed 38016K, reserved 1048576K
}
Event: 2665,298 GC heap before
{Heap before GC invocations=45 (full 5):
 PSYoungGen      total 231424K, used 145028K [0x00000000eab00000, 0x00000000ff800000, 0x0000000100000000)
  eden space 123392K, 100% used [0x00000000eab00000,0x00000000f2380000,0x00000000f2380000)
  from space 108032K, 20% used [0x00000000f2380000,0x00000000f38a12d8,0x00000000f8d00000)
  to   space 104960K, 0% used [0x00000000f9180000,0x00000000f9180000,0x00000000ff800000)
 ParOldGen       total 413184K, used 361731K [0x00000000c0000000, 0x00000000d9380000, 0x00000000eab00000)
  object space 413184K, 87% used [0x00000000c0000000,0x00000000d6140fc8,0x00000000d9380000)
 Metaspace       used 208345K, capacity 212424K, committed 212824K, reserved 1224704K
  class space    used 36997K, capacity 37931K, committed 38016K, reserved 1048576K
Event: 2665,344 GC heap after
Heap after GC invocations=45 (full 5):
 PSYoungGen      total 238592K, used 16038K [0x00000000eab00000, 0x00000000ff800000, 0x0000000100000000)
  eden space 133632K, 0% used [0x00000000eab00000,0x00000000eab00000,0x00000000f2d80000)
  from space 104960K, 15% used [0x00000000f9180000,0x00000000fa129a48,0x00000000ff800000)
  to   space 102400K, 0% used [0x00000000f2d80000,0x00000000f2d80000,0x00000000f9180000)
 ParOldGen       total 413184K, used 381068K [0x00000000c0000000, 0x00000000d9380000, 0x00000000eab00000)
  object space 413184K, 92% used [0x00000000c0000000,0x00000000d74233e0,0x00000000d9380000)
 Metaspace       used 208345K, capacity 212424K, committed 212824K, reserved 1224704K
  class space    used 36997K, capacity 37931K, committed 38016K, reserved 1048576K
}
Event: 2665,344 GC heap before
{Heap before GC invocations=46 (full 6):
 PSYoungGen      total 238592K, used 16038K [0x00000000eab00000, 0x00000000ff800000, 0x0000000100000000)
  eden space 133632K, 0% used [0x00000000eab00000,0x00000000eab00000,0x00000000f2d80000)
  from space 104960K, 15% used [0x00000000f9180000,0x00000000fa129a48,0x00000000ff800000)
  to   space 102400K, 0% used [0x00000000f2d80000,0x00000000f2d80000,0x00000000f9180000)
 ParOldGen       total 413184K, used 381068K [0x00000000c0000000, 0x00000000d9380000, 0x00000000eab00000)
  object space 413184K, 92% used [0x00000000c0000000,0x00000000d74233e0,0x00000000d9380000)
 Metaspace       used 208345K, capacity 212424K, committed 212824K, reserved 1224704K
  class space    used 36997K, capacity 37931K, committed 38016K, reserved 1048576K
Event: 2666,568 GC heap after
Heap after GC invocations=46 (full 6):
 PSYoungGen      total 238592K, used 0K [0x00000000eab00000, 0x00000000ff800000, 0x0000000100000000)
  eden space 133632K, 0% used [0x00000000eab00000,0x00000000eab00000,0x00000000f2d80000)
  from space 104960K, 0% used [0x00000000f9180000,0x00000000f9180000,0x00000000ff800000)
  to   space 102400K, 0% used [0x00000000f2d80000,0x00000000f2d80000,0x00000000f9180000)
 ParOldGen       total 498688K, used 281535K [0x00000000c0000000, 0x00000000de700000, 0x00000000eab00000)
  object space 498688K, 56% used [0x00000000c0000000,0x00000000d12eff60,0x00000000de700000)
 Metaspace       used 208307K, capacity 212362K, committed 212824K, reserved 1224704K
  class space    used 36991K, capacity 37920K, committed 38016K, reserved 1048576K
}
Event: 2668,372 GC heap before
{Heap before GC invocations=47 (full 6):
 PSYoungGen      total 238592K, used 133632K [0x00000000eab00000, 0x00000000ff800000, 0x0000000100000000)
  eden space 133632K, 100% used [0x00000000eab00000,0x00000000f2d80000,0x00000000f2d80000)
  from space 104960K, 0% used [0x00000000f9180000,0x00000000f9180000,0x00000000ff800000)
  to   space 102400K, 0% used [0x00000000f2d80000,0x00000000f2d80000,0x00000000f9180000)
 ParOldGen       total 498688K, used 281535K [0x00000000c0000000, 0x00000000de700000, 0x00000000eab00000)
  object space 498688K, 56% used [0x00000000c0000000,0x00000000d12eff60,0x00000000de700000)
 Metaspace       used 208386K, capacity 212430K, committed 212824K, reserved 1224704K
  class space    used 36991K, capacity 37920K, committed 38016K, reserved 1048576K
Event: 2668,395 GC heap after
Heap after GC invocations=47 (full 6):
 PSYoungGen      total 236032K, used 8788K [0x00000000eab00000, 0x00000000ffa80000, 0x0000000100000000)
  eden space 133632K, 0% used [0x00000000eab00000,0x00000000eab00000,0x00000000f2d80000)
  from space 102400K, 8% used [0x00000000f2d80000,0x00000000f3615040,0x00000000f9180000)
  to   space 100864K, 0% used [0x00000000f9800000,0x00000000f9800000,0x00000000ffa80000)
 ParOldGen       total 498688K, used 281535K [0x00000000c0000000, 0x00000000de700000, 0x00000000eab00000)
  object space 498688K, 56% used [0x00000000c0000000,0x00000000d12eff60,0x00000000de700000)
 Metaspace       used 208386K, capacity 212430K, committed 212824K, reserved 1224704K
  class space    used 36991K, capacity 37920K, committed 38016K, reserved 1048576K
}
Event: 2670,322 GC heap before
{Heap before GC invocations=48 (full 6):
 PSYoungGen      total 236032K, used 130402K [0x00000000eab00000, 0x00000000ffa80000, 0x0000000100000000)
  eden space 133632K, 91% used [0x00000000eab00000,0x00000000f21c3a70,0x00000000f2d80000)
  from space 102400K, 8% used [0x00000000f2d80000,0x00000000f3615040,0x00000000f9180000)
  to   space 100864K, 0% used [0x00000000f9800000,0x00000000f9800000,0x00000000ffa80000)
 ParOldGen       total 498688K, used 281535K [0x00000000c0000000, 0x00000000de700000, 0x00000000eab00000)
  object space 498688K, 56% used [0x00000000c0000000,0x00000000d12eff60,0x00000000de700000)
 Metaspace       used 208534K, capacity 212590K, committed 213080K, reserved 1224704K
  class space    used 36998K, capacity 37952K, committed 38016K, reserved 1048576K
Event: 2670,347 GC heap after
Heap after GC invocations=48 (full 6):
 PSYoungGen      total 244224K, used 8702K [0x00000000eab00000, 0x00000000ff980000, 0x0000000100000000)
  eden space 144384K, 0% used [0x00000000eab00000,0x00000000eab00000,0x00000000f3800000)
  from space 99840K, 8% used [0x00000000f9800000,0x00000000fa07fb48,0x00000000ff980000)
  to   space 98304K, 0% used [0x00000000f3800000,0x00000000f3800000,0x00000000f9800000)
 ParOldGen       total 498688K, used 290172K [0x00000000c0000000, 0x00000000de700000, 0x00000000eab00000)
  object space 498688K, 58% used [0x00000000c0000000,0x00000000d1b5f260,0x00000000de700000)
 Metaspace       used 208534K, capacity 212590K, committed 213080K, reserved 1224704K
  class space    used 36998K, capacity 37952K, committed 38016K, reserved 1048576K
}
Event: 2670,885 GC heap before
{Heap before GC invocations=49 (full 6):
 PSYoungGen      total 244224K, used 153086K [0x00000000eab00000, 0x00000000ff980000, 0x0000000100000000)
  eden space 144384K, 100% used [0x00000000eab00000,0x00000000f3800000,0x00000000f3800000)
  from space 99840K, 8% used [0x00000000f9800000,0x00000000fa07fb48,0x00000000ff980000)
  to   space 98304K, 0% used [0x00000000f3800000,0x00000000f3800000,0x00000000f9800000)
 ParOldGen       total 498688K, used 290172K [0x00000000c0000000, 0x00000000de700000, 0x00000000eab00000)
  object space 498688K, 58% used [0x00000000c0000000,0x00000000d1b5f260,0x00000000de700000)
 Metaspace       used 208546K, capacity 212590K, committed 213080K, reserved 1224704K
  class space    used 36998K, capacity 37952K, committed 38016K, reserved 1048576K
Event: 2670,896 GC heap after
Heap after GC invocations=49 (full 6):
 PSYoungGen      total 242688K, used 33500K [0x00000000eab00000, 0x00000000ff380000, 0x0000000100000000)
  eden space 144384K, 0% used [0x00000000eab00000,0x00000000eab00000,0x00000000f3800000)
  from space 98304K, 34% used [0x00000000f3800000,0x00000000f58b7120,0x00000000f9800000)
  to   space 92672K, 0% used [0x00000000f9900000,0x00000000f9900000,0x00000000ff380000)
 ParOldGen       total 498688K, used 292221K [0x00000000c0000000, 0x00000000de700000, 0x00000000eab00000)
  object space 498688K, 58% used [0x00000000c0000000,0x00000000d1d5f498,0x00000000de700000)
 Metaspace       used 208546K, capacity 212590K, committed 213080K, reserved 1224704K
  class space    used 36998K, capacity 37952K, committed 38016K, reserved 1048576K
}
Event: 2671,284 GC heap before
{Heap before GC invocations=50 (full 6):
 PSYoungGen      total 242688K, used 177884K [0x00000000eab00000, 0x00000000ff380000, 0x0000000100000000)
  eden space 144384K, 100% used [0x00000000eab00000,0x00000000f3800000,0x00000000f3800000)
  from space 98304K, 34% used [0x00000000f3800000,0x00000000f58b7120,0x00000000f9800000)
  to   space 92672K, 0% used [0x00000000f9900000,0x00000000f9900000,0x00000000ff380000)
 ParOldGen       total 498688K, used 292221K [0x00000000c0000000, 0x00000000de700000, 0x00000000eab00000)
  object space 498688K, 58% used [0x00000000c0000000,0x00000000d1d5f498,0x00000000de700000)
 Metaspace       used 208547K, capacity 212590K, committed 213080K, reserved 1224704K
  class space    used 36998K, capacity 37952K, committed 38016K, reserved 1048576K
Event: 2671,293 GC heap after
Heap after GC invocations=50 (full 6):
 PSYoungGen      total 244736K, used 96K [0x00000000eab00000, 0x00000000ff880000, 0x0000000100000000)
  eden space 152064K, 0% used [0x00000000eab00000,0x00000000eab00000,0x00000000f3f80000)
  from space 92672K, 0% used [0x00000000f9900000,0x00000000f9918000,0x00000000ff380000)
  to   space 91648K, 0% used [0x00000000f3f80000,0x00000000f3f80000,0x00000000f9900000)
 ParOldGen       total 498688K, used 325625K [0x00000000c0000000, 0x00000000de700000, 0x00000000eab00000)
  object space 498688K, 65% used [0x00000000c0000000,0x00000000d3dfe5b8,0x00000000de700000)
 Metaspace       used 208547K, capacity 212590K, committed 213080K, reserved 1224704K
  class space    used 36998K, capacity 37952K, committed 38016K, reserved 1048576K
}
Event: 2671,689 GC heap before
{Heap before GC invocations=51 (full 6):
 PSYoungGen      total 244736K, used 152160K [0x00000000eab00000, 0x00000000ff880000, 0x0000000100000000)
  eden space 152064K, 100% used [0x00000000eab00000,0x00000000f3f80000,0x00000000f3f80000)
  from space 92672K, 0% used [0x00000000f9900000,0x00000000f9918000,0x00000000ff380000)
  to   space 91648K, 0% used [0x00000000f3f80000,0x00000000f3f80000,0x00000000f9900000)
 ParOldGen       total 498688K, used 325625K [0x00000000c0000000, 0x00000000de700000, 0x00000000eab00000)
  object space 498688K, 65% used [0x00000000c0000000,0x00000000d3dfe5b8,0x00000000de700000)
 Metaspace       used 208547K, capacity 212590K, committed 213080K, reserved 1224704K
  class space    used 36998K, capacity 37952K, committed 38016K, reserved 1048576K
Event: 2671,695 GC heap after
Heap after GC invocations=51 (full 6):
 PSYoungGen      total 243712K, used 64K [0x00000000eab00000, 0x00000000ffd00000, 0x0000000100000000)
  eden space 152064K, 0% used [0x00000000eab00000,0x00000000eab00000,0x00000000f3f80000)
  from space 91648K, 0% used [0x00000000f3f80000,0x00000000f3f90000,0x00000000f9900000)
  to   space 90624K, 0% used [0x00000000fa480000,0x00000000fa480000,0x00000000ffd00000)
 ParOldGen       total 498688K, used 325641K [0x00000000c0000000, 0x00000000de700000, 0x00000000eab00000)
  object space 498688K, 65% used [0x00000000c0000000,0x00000000d3e025b8,0x00000000de700000)
 Metaspace       used 208547K, capacity 212590K, committed 213080K, reserved 1224704K
  class space    used 36998K, capacity 37952K, committed 38016K, reserved 1048576K
}
Event: 2672,108 GC heap before
{Heap before GC invocations=52 (full 6):
 PSYoungGen      total 243712K, used 152128K [0x00000000eab00000, 0x00000000ffd00000, 0x0000000100000000)
  eden space 152064K, 100% used [0x00000000eab00000,0x00000000f3f80000,0x00000000f3f80000)
  from space 91648K, 0% used [0x00000000f3f80000,0x00000000f3f90000,0x00000000f9900000)
  to   space 90624K, 0% used [0x00000000fa480000,0x00000000fa480000,0x00000000ffd00000)
 ParOldGen       total 498688K, used 325641K [0x00000000c0000000, 0x00000000de700000, 0x00000000eab00000)
  object space 498688K, 65% used [0x00000000c0000000,0x00000000d3e025b8,0x00000000de700000)
 Metaspace       used 208547K, capacity 212590K, committed 213080K, reserved 1224704K
  class space    used 36998K, capacity 37952K, committed 38016K, reserved 1048576K
Event: 2672,115 GC heap after
Heap after GC invocations=52 (full 6):
 PSYoungGen      total 255488K, used 64K [0x00000000eab00000, 0x00000000ffb00000, 0x0000000100000000)
  eden space 166912K, 0% used [0x00000000eab00000,0x00000000eab00000,0x00000000f4e00000)
  from space 88576K, 0% used [0x00000000fa480000,0x00000000fa490000,0x00000000ffb00000)
  to   space 88576K, 0% used [0x00000000f4e00000,0x00000000f4e00000,0x00000000fa480000)
 ParOldGen       total 498688K, used 325641K [0x00000000c0000000, 0x00000000de700000, 0x00000000eab00000)
  object space 498688K, 65% used [0x00000000c0000000,0x00000000d3e025b8,0x00000000de700000)
 Metaspace       used 208547K, capacity 212590K, committed 213080K, reserved 1224704K
  class space    used 36998K, capacity 37952K, committed 38016K, reserved 1048576K
}
Event: 2672,554 GC heap before
{Heap before GC invocations=53 (full 6):
 PSYoungGen      total 255488K, used 166976K [0x00000000eab00000, 0x00000000ffb00000, 0x0000000100000000)
  eden space 166912K, 100% used [0x00000000eab00000,0x00000000f4e00000,0x00000000f4e00000)
  from space 88576K, 0% used [0x00000000fa480000,0x00000000fa490000,0x00000000ffb00000)
  to   space 88576K, 0% used [0x00000000f4e00000,0x00000000f4e00000,0x00000000fa480000)
 ParOldGen       total 498688K, used 325641K [0x00000000c0000000, 0x00000000de700000, 0x00000000eab00000)
  object space 498688K, 65% used [0x00000000c0000000,0x00000000d3e025b8,0x00000000de700000)
 Metaspace       used 208547K, capacity 212590K, committed 213080K, reserved 1224704K
  class space    used 36998K, capacity 37952K, committed 38016K, reserved 1048576K
Event: 2672,561 GC heap after
Heap after GC invocations=53 (full 6):
 PSYoungGen      total 255488K, used 32K [0x00000000eab00000, 0x00000000ffb00000, 0x0000000100000000)
  eden space 166912K, 0% used [0x00000000eab00000,0x00000000eab00000,0x00000000f4e00000)
  from space 88576K, 0% used [0x00000000f4e00000,0x00000000f4e08000,0x00000000fa480000)
  to   space 86016K, 0% used [0x00000000fa700000,0x00000000fa700000,0x00000000ffb00000)
 ParOldGen       total 498688K, used 325641K [0x00000000c0000000, 0x00000000de700000, 0x00000000eab00000)
  object space 498688K, 65% used [0x00000000c0000000,0x00000000d3e025b8,0x00000000de700000)
 Metaspace       used 208547K, capacity 212590K, committed 213080K, reserved 1224704K
  class space    used 36998K, capacity 37952K, committed 38016K, reserved 1048576K
}
Event: 2673,294 GC heap before
{Heap before GC invocations=54 (full 6):
 PSYoungGen      total 255488K, used 166944K [0x00000000eab00000, 0x00000000ffb00000, 0x0000000100000000)
  eden space 166912K, 100% used [0x00000000eab00000,0x00000000f4e00000,0x00000000f4e00000)
  from space 88576K, 0% used [0x00000000f4e00000,0x00000000f4e08000,0x00000000fa480000)
  to   space 86016K, 0% used [0x00000000fa700000,0x00000000fa700000,0x00000000ffb00000)
 ParOldGen       total 498688K, used 325641K [0x00000000c0000000, 0x00000000de700000, 0x00000000eab00000)
  object space 498688K, 65% used [0x00000000c0000000,0x00000000d3e025b8,0x00000000de700000)
 Metaspace       used 208550K, capacity 212590K, committed 213080K, reserved 1224704K
  class space    used 36998K, capacity 37952K, committed 38016K, reserved 1048576K
Event: 2673,307 GC heap after
Heap after GC invocations=54 (full 6):
 PSYoungGen      total 253440K, used 50729K [0x00000000eab00000, 0x0000000100000000, 0x0000000100000000)
  eden space 167424K, 0% used [0x00000000eab00000,0x00000000eab00000,0x00000000f4e80000)
  from space 86016K, 58% used [0x00000000fa700000,0x00000000fd88a6a0,0x00000000ffb00000)
  to   space 90624K, 0% used [0x00000000f4e80000,0x00000000f4e80000,0x00000000fa700000)
 ParOldGen       total 498688K, used 325641K [0x00000000c0000000, 0x00000000de700000, 0x00000000eab00000)
  object space 498688K, 65% used [0x00000000c0000000,0x00000000d3e025b8,0x00000000de700000)
 Metaspace       used 208550K, capacity 212590K, committed 213080K, reserved 1224704K
  class space    used 36998K, capacity 37952K, committed 38016K, reserved 1048576K
}
Event: 2673,805 GC heap before
{Heap before GC invocations=55 (full 6):
 PSYoungGen      total 253440K, used 218153K [0x00000000eab00000, 0x0000000100000000, 0x0000000100000000)
  eden space 167424K, 100% used [0x00000000eab00000,0x00000000f4e80000,0x00000000f4e80000)
  from space 86016K, 58% used [0x00000000fa700000,0x00000000fd88a6a0,0x00000000ffb00000)
  to   space 90624K, 0% used [0x00000000f4e80000,0x00000000f4e80000,0x00000000fa700000)
 ParOldGen       total 498688K, used 325641K [0x00000000c0000000, 0x00000000de700000, 0x00000000eab00000)
  object space 498688K, 65% used [0x00000000c0000000,0x00000000d3e025b8,0x00000000de700000)
 Metaspace       used 208550K, capacity 212590K, committed 213080K, reserved 1224704K
  class space    used 36998K, capacity 37952K, committed 38016K, reserved 1048576K
Event: 2673,815 GC heap after
Heap after GC invocations=55 (full 6):
 PSYoungGen      total 258048K, used 64K [0x00000000eab00000, 0x00000000fff80000, 0x0000000100000000)
  eden space 167424K, 0% used [0x00000000eab00000,0x00000000eab00000,0x00000000f4e80000)
  from space 90624K, 0% used [0x00000000f4e80000,0x00000000f4e90000,0x00000000fa700000)
  to   space 88064K, 0% used [0x00000000fa980000,0x00000000fa980000,0x00000000fff80000)
 ParOldGen       total 498688K, used 365219K [0x00000000c0000000, 0x00000000de700000, 0x00000000eab00000)
  object space 498688K, 73% used [0x00000000c0000000,0x00000000d64a8f80,0x00000000de700000)
 Metaspace       used 208550K, capacity 212590K, committed 213080K, reserved 1224704K
  class space    used 36998K, capacity 37952K, committed 38016K, reserved 1048576K
}
Event: 2674,280 GC heap before
{Heap before GC invocations=56 (full 6):
 PSYoungGen      total 258048K, used 167488K [0x00000000eab00000, 0x00000000fff80000, 0x0000000100000000)
  eden space 167424K, 100% used [0x00000000eab00000,0x00000000f4e80000,0x00000000f4e80000)
  from space 90624K, 0% used [0x00000000f4e80000,0x00000000f4e90000,0x00000000fa700000)
  to   space 88064K, 0% used [0x00000000fa980000,0x00000000fa980000,0x00000000fff80000)
 ParOldGen       total 498688K, used 365219K [0x00000000c0000000, 0x00000000de700000, 0x00000000eab00000)
  object space 498688K, 73% used [0x00000000c0000000,0x00000000d64a8f80,0x00000000de700000)
 Metaspace       used 208550K, capacity 212590K, committed 213080K, reserved 1224704K
  class space    used 36998K, capacity 37952K, committed 38016K, reserved 1048576K
Event: 2674,287 GC heap after
Heap after GC invocations=56 (full 6):
 PSYoungGen      total 250368K, used 64K [0x00000000eab00000, 0x00000000ff780000, 0x0000000100000000)
  eden space 170496K, 0% used [0x00000000eab00000,0x00000000eab00000,0x00000000f5180000)
  from space 79872K, 0% used [0x00000000fa980000,0x00000000fa990000,0x00000000ff780000)
  to   space 84992K, 0% used [0x00000000f5180000,0x00000000f5180000,0x00000000fa480000)
 ParOldGen       total 498688K, used 365219K [0x00000000c0000000, 0x00000000de700000, 0x00000000eab00000)
  object space 498688K, 73% used [0x00000000c0000000,0x00000000d64a8f80,0x00000000de700000)
 Metaspace       used 208550K, capacity 212590K, committed 213080K, reserved 1224704K
  class space    used 36998K, capacity 37952K, committed 38016K, reserved 1048576K
}
Event: 2674,721 GC heap before
{Heap before GC invocations=57 (full 6):
 PSYoungGen      total 250368K, used 170560K [0x00000000eab00000, 0x00000000ff780000, 0x0000000100000000)
  eden space 170496K, 100% used [0x00000000eab00000,0x00000000f5180000,0x00000000f5180000)
  from space 79872K, 0% used [0x00000000fa980000,0x00000000fa990000,0x00000000ff780000)
  to   space 84992K, 0% used [0x00000000f5180000,0x00000000f5180000,0x00000000fa480000)
 ParOldGen       total 498688K, used 365219K [0x00000000c0000000, 0x00000000de700000, 0x00000000eab00000)
  object space 498688K, 73% used [0x00000000c0000000,0x00000000d64a8f80,0x00000000de700000)
 Metaspace       used 208550K, capacity 212590K, committed 213080K, reserved 1224704K
  class space    used 36998K, capacity 37952K, committed 38016K, reserved 1048576K
Event: 2674,727 GC heap after
Heap after GC invocations=57 (full 6):
 PSYoungGen      total 255488K, used 128K [0x00000000eab00000, 0x00000000fff00000, 0x0000000100000000)
  eden space 170496K, 0% used [0x00000000eab00000,0x00000000eab00000,0x00000000f5180000)
  from space 84992K, 0% used [0x00000000f5180000,0x00000000f51a0000,0x00000000fa480000)
  to   space 81920K, 0% used [0x00000000faf00000,0x00000000faf00000,0x00000000fff00000)
 ParOldGen       total 498688K, used 365219K [0x00000000c0000000, 0x00000000de700000, 0x00000000eab00000)
  object space 498688K, 73% used [0x00000000c0000000,0x00000000d64a8f80,0x00000000de700000)
 Metaspace       used 208550K, capacity 212590K, committed 213080K, reserved 1224704K
  class space    used 36998K, capacity 37952K, committed 38016K, reserved 1048576K
}
Event: 2675,186 GC heap before
{Heap before GC invocations=58 (full 6):
 PSYoungGen      total 255488K, used 170624K [0x00000000eab00000, 0x00000000fff00000, 0x0000000100000000)
  eden space 170496K, 100% used [0x00000000eab00000,0x00000000f5180000,0x00000000f5180000)
  from space 84992K, 0% used [0x00000000f5180000,0x00000000f51a0000,0x00000000fa480000)
  to   space 81920K, 0% used [0x00000000faf00000,0x00000000faf00000,0x00000000fff00000)
 ParOldGen       total 498688K, used 365219K [0x00000000c0000000, 0x00000000de700000, 0x00000000eab00000)
  object space 498688K, 73% used [0x00000000c0000000,0x00000000d64a8f80,0x00000000de700000)
 Metaspace       used 208550K, capacity 212590K, committed 213080K, reserved 1224704K
  class space    used 36998K, capacity 37952K, committed 38016K, reserved 1048576K
Event: 2675,193 GC heap after
Heap after GC invocations=58 (full 6):
 PSYoungGen      total 254976K, used 64K [0x00000000eab00000, 0x00000000ff600000, 0x0000000100000000)
  eden space 182272K, 0% used [0x00000000eab00000,0x00000000eab00000,0x00000000f5d00000)
  from space 72704K, 0% used [0x00000000faf00000,0x00000000faf10000,0x00000000ff600000)
  to   space 78336K, 0% used [0x00000000f5d00000,0x00000000f5d00000,0x00000000fa980000)
 ParOldGen       total 498688K, used 365235K [0x00000000c0000000, 0x00000000de700000, 0x00000000eab00000)
  object space 498688K, 73% used [0x00000000c0000000,0x00000000d64acf80,0x00000000de700000)
 Metaspace       used 208550K, capacity 212590K, committed 213080K, reserved 1224704K
  class space    used 36998K, capacity 37952K, committed 38016K, reserved 1048576K
}
Event: 2676,920 GC heap before
{Heap before GC invocations=59 (full 6):
 PSYoungGen      total 254976K, used 182336K [0x00000000eab00000, 0x00000000ff600000, 0x0000000100000000)
  eden space 182272K, 100% used [0x00000000eab00000,0x00000000f5d00000,0x00000000f5d00000)
  from space 72704K, 0% used [0x00000000faf00000,0x00000000faf10000,0x00000000ff600000)
  to   space 78336K, 0% used [0x00000000f5d00000,0x00000000f5d00000,0x00000000fa980000)
 ParOldGen       total 498688K, used 365235K [0x00000000c0000000, 0x00000000de700000, 0x00000000eab00000)
  object space 498688K, 73% used [0x00000000c0000000,0x00000000d64acf80,0x00000000de700000)
 Metaspace       used 208587K, capacity 212654K, committed 213080K, reserved 1224704K
  class space    used 36998K, capacity 37952K, committed 38016K, reserved 1048576K
Event: 2676,940 GC heap after
Heap after GC invocations=59 (full 6):
 PSYoungGen      total 260608K, used 20169K [0x00000000eab00000, 0x00000000ffc80000, 0x0000000100000000)
  eden space 182272K, 0% used [0x00000000eab00000,0x00000000eab00000,0x00000000f5d00000)
  from space 78336K, 25% used [0x00000000f5d00000,0x00000000f70b25a8,0x00000000fa980000)
  to   space 73728K, 0% used [0x00000000fb480000,0x00000000fb480000,0x00000000ffc80000)
 ParOldGen       total 498688K, used 365235K [0x00000000c0000000, 0x00000000de700000, 0x00000000eab00000)
  object space 498688K, 73% used [0x00000000c0000000,0x00000000d64acf80,0x00000000de700000)
 Metaspace       used 208587K, capacity 212654K, committed 213080K, reserved 1224704K
  class space    used 36998K, capacity 37952K, committed 38016K, reserved 1048576K
}
Event: 2679,161 GC heap before
{Heap before GC invocations=60 (full 6):
 PSYoungGen      total 260608K, used 202441K [0x00000000eab00000, 0x00000000ffc80000, 0x0000000100000000)
  eden space 182272K, 100% used [0x00000000eab00000,0x00000000f5d00000,0x00000000f5d00000)
  from space 78336K, 25% used [0x00000000f5d00000,0x00000000f70b25a8,0x00000000fa980000)
  to   space 73728K, 0% used [0x00000000fb480000,0x00000000fb480000,0x00000000ffc80000)
 ParOldGen       total 498688K, used 365235K [0x00000000c0000000, 0x00000000de700000, 0x00000000eab00000)
  object space 498688K, 73% used [0x00000000c0000000,0x00000000d64acf80,0x00000000de700000)
 Metaspace       used 208624K, capacity 212662K, committed 213080K, reserved 1224704K
  class space    used 36999K, capacity 37952K, committed 38016K, reserved 1048576K
Event: 2679,176 GC heap after
Heap after GC invocations=60 (full 6):
 PSYoungGen      total 267776K, used 29126K [0x00000000eab00000, 0x00000000ff980000, 0x0000000100000000)
  eden space 197120K, 0% used [0x00000000eab00000,0x00000000eab00000,0x00000000f6b80000)
  from space 70656K, 41% used [0x00000000fb480000,0x00000000fd0f19a8,0x00000000ff980000)
  to   space 72704K, 0% used [0x00000000f6b80000,0x00000000f6b80000,0x00000000fb280000)
 ParOldGen       total 498688K, used 365235K [0x00000000c0000000, 0x00000000de700000, 0x00000000eab00000)
  object space 498688K, 73% used [0x00000000c0000000,0x00000000d64acf80,0x00000000de700000)
 Metaspace       used 208624K, capacity 212662K, committed 213080K, reserved 1224704K
  class space    used 36999K, capacity 37952K, committed 38016K, reserved 1048576K
}
Event: 2682,663 GC heap before
{Heap before GC invocations=61 (full 6):
 PSYoungGen      total 267776K, used 226246K [0x00000000eab00000, 0x00000000ff980000, 0x0000000100000000)
  eden space 197120K, 100% used [0x00000000eab00000,0x00000000f6b80000,0x00000000f6b80000)
  from space 70656K, 41% used [0x00000000fb480000,0x00000000fd0f19a8,0x00000000ff980000)
  to   space 72704K, 0% used [0x00000000f6b80000,0x00000000f6b80000,0x00000000fb280000)
 ParOldGen       total 498688K, used 365235K [0x00000000c0000000, 0x00000000de700000, 0x00000000eab00000)
  object space 498688K, 73% used [0x00000000c0000000,0x00000000d64acf80,0x00000000de700000)
 Metaspace       used 208928K, capacity 212922K, committed 213336K, reserved 1224704K
  class space    used 37019K, capacity 37952K, committed 38016K, reserved 1048576K
Event: 2682,685 GC heap after
Heap after GC invocations=61 (full 6):
 PSYoungGen      total 269824K, used 32113K [0x00000000eab00000, 0x0000000100000000, 0x0000000100000000)
  eden space 197120K, 0% used [0x00000000eab00000,0x00000000eab00000,0x00000000f6b80000)
  from space 72704K, 44% used [0x00000000f6b80000,0x00000000f8adc768,0x00000000fb280000)
  to   space 72704K, 0% used [0x00000000fb900000,0x00000000fb900000,0x0000000100000000)
 ParOldGen       total 498688K, used 365243K [0x00000000c0000000, 0x00000000de700000, 0x00000000eab00000)
  object space 498688K, 73% used [0x00000000c0000000,0x00000000d64aef80,0x00000000de700000)
 Metaspace       used 208928K, capacity 212922K, committed 213336K, reserved 1224704K
  class space    used 37019K, capacity 37952K, committed 38016K, reserved 1048576K
}
Event: 3170,378 GC heap before
{Heap before GC invocations=62 (full 6):
 PSYoungGen      total 269824K, used 229233K [0x00000000eab00000, 0x0000000100000000, 0x0000000100000000)
  eden space 197120K, 100% used [0x00000000eab00000,0x00000000f6b80000,0x00000000f6b80000)
  from space 72704K, 44% used [0x00000000f6b80000,0x00000000f8adc768,0x00000000fb280000)
  to   space 72704K, 0% used [0x00000000fb900000,0x00000000fb900000,0x0000000100000000)
 ParOldGen       total 498688K, used 365243K [0x00000000c0000000, 0x00000000de700000, 0x00000000eab00000)
  object space 498688K, 73% used [0x00000000c0000000,0x00000000d64aef80,0x00000000de700000)
 Metaspace       used 229708K, capacity 233904K, committed 234072K, reserved 1241088K
  class space    used 41161K, capacity 42103K, committed 42112K, reserved 1048576K
Event: 3170,443 GC heap after
Heap after GC invocations=62 (full 6):
 PSYoungGen      total 257024K, used 59296K [0x00000000eab00000, 0x0000000100000000, 0x0000000100000000)
  eden space 184320K, 0% used [0x00000000eab00000,0x00000000eab00000,0x00000000f5f00000)
  from space 72704K, 81% used [0x00000000fb900000,0x00000000ff2e83c8,0x0000000100000000)
  to   space 82432K, 0% used [0x00000000f5f00000,0x00000000f5f00000,0x00000000faf80000)
 ParOldGen       total 498688K, used 365251K [0x00000000c0000000, 0x00000000de700000, 0x00000000eab00000)
  object space 498688K, 73% used [0x00000000c0000000,0x00000000d64b0f80,0x00000000de700000)
 Metaspace       used 229708K, capacity 233904K, committed 234072K, reserved 1241088K
  class space    used 41161K, capacity 42103K, committed 42112K, reserved 1048576K
}
Event: 3252,536 GC heap before
{Heap before GC invocations=63 (full 6):
 PSYoungGen      total 257024K, used 243616K [0x00000000eab00000, 0x0000000100000000, 0x0000000100000000)
  eden space 184320K, 100% used [0x00000000eab00000,0x00000000f5f00000,0x00000000f5f00000)
  from space 72704K, 81% used [0x00000000fb900000,0x00000000ff2e83c8,0x0000000100000000)
  to   space 82432K, 0% used [0x00000000f5f00000,0x00000000f5f00000,0x00000000faf80000)
 ParOldGen       total 498688K, used 365251K [0x00000000c0000000, 0x00000000de700000, 0x00000000eab00000)
  object space 498688K, 73% used [0x00000000c0000000,0x00000000d64b0f80,0x00000000de700000)
 Metaspace       used 232912K, capacity 237350K, committed 237656K, reserved 1245184K
  class space    used 41496K, capacity 42503K, committed 42624K, reserved 1048576K
Event: 3252,589 GC heap after
Heap after GC invocations=63 (full 6):
 PSYoungGen      total 246272K, used 61753K [0x00000000eab00000, 0x0000000100000000, 0x0000000100000000)
  eden space 184320K, 0% used [0x00000000eab00000,0x00000000eab00000,0x00000000f5f00000)
  from space 61952K, 99% used [0x00000000f5f00000,0x00000000f9b4e460,0x00000000f9b80000)
  to   space 90624K, 0% used [0x00000000fa780000,0x00000000fa780000,0x0000000100000000)
 ParOldGen       total 498688K, used 365251K [0x00000000c0000000, 0x00000000de700000, 0x00000000eab00000)
  object space 498688K, 73% used [0x00000000c0000000,0x00000000d64b0f80,0x00000000de700000)
 Metaspace       used 232912K, capacity 237350K, committed 237656K, reserved 1245184K
  class space    used 41496K, capacity 42503K, committed 42624K, reserved 1048576K
}
Event: 3256,788 GC heap before
{Heap before GC invocations=64 (full 6):
 PSYoungGen      total 246272K, used 246073K [0x00000000eab00000, 0x0000000100000000, 0x0000000100000000)
  eden space 184320K, 100% used [0x00000000eab00000,0x00000000f5f00000,0x00000000f5f00000)
  from space 61952K, 99% used [0x00000000f5f00000,0x00000000f9b4e460,0x00000000f9b80000)
  to   space 90624K, 0% used [0x00000000fa780000,0x00000000fa780000,0x0000000100000000)
 ParOldGen       total 498688K, used 365251K [0x00000000c0000000, 0x00000000de700000, 0x00000000eab00000)
  object space 498688K, 73% used [0x00000000c0000000,0x00000000d64b0f80,0x00000000de700000)
 Metaspace       used 254529K, capacity 259186K, committed 259544K, reserved 1261568K
  class space    used 45704K, capacity 46774K, committed 46848K, reserved 1048576K
Event: 3256,914 GC heap after
Heap after GC invocations=64 (full 6):
 PSYoungGen      total 225792K, used 88034K [0x00000000eab00000, 0x0000000100000000, 0x0000000100000000)
  eden space 135168K, 0% used [0x00000000eab00000,0x00000000eab00000,0x00000000f2f00000)
  from space 90624K, 97% used [0x00000000fa780000,0x00000000ffd78b40,0x0000000100000000)
  to   space 107008K, 0% used [0x00000000f2f00000,0x00000000f2f00000,0x00000000f9780000)
 ParOldGen       total 498688K, used 365384K [0x00000000c0000000, 0x00000000de700000, 0x00000000eab00000)
  object space 498688K, 73% used [0x00000000c0000000,0x00000000d64d2380,0x00000000de700000)
 Metaspace       used 254529K, capacity 259186K, committed 259544K, reserved 1261568K
  class space    used 45704K, capacity 46774K, committed 46848K, reserved 1048576K
}
Event: 3274,013 GC heap before
{Heap before GC invocations=65 (full 6):
 PSYoungGen      total 225792K, used 223202K [0x00000000eab00000, 0x0000000100000000, 0x0000000100000000)
  eden space 135168K, 100% used [0x00000000eab00000,0x00000000f2f00000,0x00000000f2f00000)
  from space 90624K, 97% used [0x00000000fa780000,0x00000000ffd78b40,0x0000000100000000)
  to   space 107008K, 0% used [0x00000000f2f00000,0x00000000f2f00000,0x00000000f9780000)
 ParOldGen       total 498688K, used 365384K [0x00000000c0000000, 0x00000000de700000, 0x00000000eab00000)
  object space 498688K, 73% used [0x00000000c0000000,0x00000000d64d2380,0x00000000de700000)
 Metaspace       used 256484K, capacity 261256K, committed 261464K, reserved 1263616K
  class space    used 46037K, capacity 47112K, committed 47232K, reserved 1048576K
Event: 3274,122 GC heap after
Heap after GC invocations=65 (full 6):
 PSYoungGen      total 219648K, used 84231K [0x00000000eab00000, 0x0000000100000000, 0x0000000100000000)
  eden space 135168K, 0% used [0x00000000eab00000,0x00000000eab00000,0x00000000f2f00000)
  from space 84480K, 99% used [0x00000000f2f00000,0x00000000f8141c28,0x00000000f8180000)
  to   space 116224K, 0% used [0x00000000f8e80000,0x00000000f8e80000,0x0000000100000000)
 ParOldGen       total 498688K, used 365384K [0x00000000c0000000, 0x00000000de700000, 0x00000000eab00000)
  object space 498688K, 73% used [0x00000000c0000000,0x00000000d64d2380,0x00000000de700000)
 Metaspace       used 256484K, capacity 261256K, committed 261464K, reserved 1263616K
  class space    used 46037K, capacity 47112K, committed 47232K, reserved 1048576K
}
Event: 3276,235 GC heap before
{Heap before GC invocations=66 (full 6):
 PSYoungGen      total 219648K, used 219399K [0x00000000eab00000, 0x0000000100000000, 0x0000000100000000)
  eden space 135168K, 100% used [0x00000000eab00000,0x00000000f2f00000,0x00000000f2f00000)
  from space 84480K, 99% used [0x00000000f2f00000,0x00000000f8141c28,0x00000000f8180000)
  to   space 116224K, 0% used [0x00000000f8e80000,0x00000000f8e80000,0x0000000100000000)
 ParOldGen       total 498688K, used 365384K [0x00000000c0000000, 0x00000000de700000, 0x00000000eab00000)
  object space 498688K, 73% used [0x00000000c0000000,0x00000000d64d2380,0x00000000de700000)
 Metaspace       used 260259K, capacity 265052K, committed 265304K, reserved 1265664K
  class space    used 47034K, capacity 48141K, committed 48256K, reserved 1048576K
Event: 3276,356 GC heap after
Heap after GC invocations=66 (full 6):
 PSYoungGen      total 232960K, used 68766K [0x00000000eab00000, 0x0000000100000000, 0x0000000100000000)
  eden space 116736K, 0% used [0x00000000eab00000,0x00000000eab00000,0x00000000f1d00000)
  from space 116224K, 59% used [0x00000000f8e80000,0x00000000fd1a79b0,0x0000000100000000)
  to   space 116224K, 0% used [0x00000000f1d00000,0x00000000f1d00000,0x00000000f8e80000)
 ParOldGen       total 498688K, used 394241K [0x00000000c0000000, 0x00000000de700000, 0x00000000eab00000)
  object space 498688K, 79% used [0x00000000c0000000,0x00000000d81005f0,0x00000000de700000)
 Metaspace       used 260259K, capacity 265052K, committed 265304K, reserved 1265664K
  class space    used 47034K, capacity 48141K, committed 48256K, reserved 1048576K
}
Event: 3277,149 GC heap before
{Heap before GC invocations=67 (full 6):
 PSYoungGen      total 232960K, used 185502K [0x00000000eab00000, 0x0000000100000000, 0x0000000100000000)
  eden space 116736K, 100% used [0x00000000eab00000,0x00000000f1d00000,0x00000000f1d00000)
  from space 116224K, 59% used [0x00000000f8e80000,0x00000000fd1a79b0,0x0000000100000000)
  to   space 116224K, 0% used [0x00000000f1d00000,0x00000000f1d00000,0x00000000f8e80000)
 ParOldGen       total 498688K, used 394241K [0x00000000c0000000, 0x00000000de700000, 0x00000000eab00000)
  object space 498688K, 79% used [0x00000000c0000000,0x00000000d81005f0,0x00000000de700000)
 Metaspace       used 262535K, capacity 267330K, committed 267480K, reserved 1267712K
  class space    used 47534K, capacity 48622K, committed 48640K, reserved 1048576K
Event: 3277,235 GC heap after
Heap after GC invocations=67 (full 6):
 PSYoungGen      total 232960K, used 55969K [0x00000000eab00000, 0x0000000100000000, 0x0000000100000000)
  eden space 116736K, 0% used [0x00000000eab00000,0x00000000eab00000,0x00000000f1d00000)
  from space 116224K, 48% used [0x00000000f1d00000,0x00000000f53a87f8,0x00000000f8e80000)
  to   space 116224K, 0% used [0x00000000f8e80000,0x00000000f8e80000,0x0000000100000000)
 ParOldGen       total 498688K, used 407393K [0x00000000c0000000, 0x00000000de700000, 0x00000000eab00000)
  object space 498688K, 81% used [0x00000000c0000000,0x00000000d8dd8490,0x00000000de700000)
 Metaspace       used 262535K, capacity 267330K, committed 267480K, reserved 1267712K
  class space    used 47534K, capacity 48622K, committed 48640K, reserved 1048576K
}
Event: 3277,906 GC heap before
{Heap before GC invocations=68 (full 6):
 PSYoungGen      total 232960K, used 172705K [0x00000000eab00000, 0x0000000100000000, 0x0000000100000000)
  eden space 116736K, 100% used [0x00000000eab00000,0x00000000f1d00000,0x00000000f1d00000)
  from space 116224K, 48% used [0x00000000f1d00000,0x00000000f53a87f8,0x00000000f8e80000)
  to   space 116224K, 0% used [0x00000000f8e80000,0x00000000f8e80000,0x0000000100000000)
 ParOldGen       total 498688K, used 407393K [0x00000000c0000000, 0x00000000de700000, 0x00000000eab00000)
  object space 498688K, 81% used [0x00000000c0000000,0x00000000d8dd8490,0x00000000de700000)
 Metaspace       used 263050K, capacity 267910K, committed 268120K, reserved 1269760K
  class space    used 47643K, capacity 48750K, committed 48768K, reserved 1048576K
Event: 3278,017 GC heap after
Heap after GC invocations=68 (full 6):
 PSYoungGen      total 227840K, used 31636K [0x00000000eab00000, 0x00000000ffb00000, 0x0000000100000000)
  eden space 116736K, 0% used [0x00000000eab00000,0x00000000eab00000,0x00000000f1d00000)
  from space 111104K, 28% used [0x00000000f8e80000,0x00000000fad65380,0x00000000ffb00000)
  to   space 113664K, 0% used [0x00000000f1d00000,0x00000000f1d00000,0x00000000f8c00000)
 ParOldGen       total 498688K, used 435786K [0x00000000c0000000, 0x00000000de700000, 0x00000000eab00000)
  object space 498688K, 87% used [0x00000000c0000000,0x00000000da9928f8,0x00000000de700000)
 Metaspace       used 263050K, capacity 267910K, committed 268120K, reserved 1269760K
  class space    used 47643K, capacity 48750K, committed 48768K, reserved 1048576K
}
Event: 3279,024 GC heap before
{Heap before GC invocations=69 (full 6):
 PSYoungGen      total 227840K, used 148372K [0x00000000eab00000, 0x00000000ffb00000, 0x0000000100000000)
  eden space 116736K, 100% used [0x00000000eab00000,0x00000000f1d00000,0x00000000f1d00000)
  from space 111104K, 28% used [0x00000000f8e80000,0x00000000fad65380,0x00000000ffb00000)
  to   space 113664K, 0% used [0x00000000f1d00000,0x00000000f1d00000,0x00000000f8c00000)
 ParOldGen       total 498688K, used 435786K [0x00000000c0000000, 0x00000000de700000, 0x00000000eab00000)
  object space 498688K, 87% used [0x00000000c0000000,0x00000000da9928f8,0x00000000de700000)
 Metaspace       used 263795K, capacity 268622K, committed 268760K, reserved 1269760K
  class space    used 47804K, capacity 48880K, committed 48896K, reserved 1048576K
Event: 3279,081 GC heap after
Heap after GC invocations=69 (full 6):
 PSYoungGen      total 230400K, used 17058K [0x00000000eab00000, 0x00000000ffc80000, 0x0000000100000000)
  eden space 116736K, 0% used [0x00000000eab00000,0x00000000eab00000,0x00000000f1d00000)
  from space 113664K, 15% used [0x00000000f1d00000,0x00000000f2da8be0,0x00000000f8c00000)
  to   space 110592K, 0% used [0x00000000f9080000,0x00000000f9080000,0x00000000ffc80000)
 ParOldGen       total 498688K, used 457053K [0x00000000c0000000, 0x00000000de700000, 0x00000000eab00000)
  object space 498688K, 91% used [0x00000000c0000000,0x00000000dbe57688,0x00000000de700000)
 Metaspace       used 263795K, capacity 268622K, committed 268760K, reserved 1269760K
  class space    used 47804K, capacity 48880K, committed 48896K, reserved 1048576K
}
Event: 3279,081 GC heap before
{Heap before GC invocations=70 (full 7):
 PSYoungGen      total 230400K, used 17058K [0x00000000eab00000, 0x00000000ffc80000, 0x0000000100000000)
  eden space 116736K, 0% used [0x00000000eab00000,0x00000000eab00000,0x00000000f1d00000)
  from space 113664K, 15% used [0x00000000f1d00000,0x00000000f2da8be0,0x00000000f8c00000)
  to   space 110592K, 0% used [0x00000000f9080000,0x00000000f9080000,0x00000000ffc80000)
 ParOldGen       total 498688K, used 457053K [0x00000000c0000000, 0x00000000de700000, 0x00000000eab00000)
  object space 498688K, 91% used [0x00000000c0000000,0x00000000dbe57688,0x00000000de700000)
 Metaspace       used 263795K, capacity 268622K, committed 268760K, reserved 1269760K
  class space    used 47804K, capacity 48880K, committed 48896K, reserved 1048576K
Event: 3281,234 GC heap after
Heap after GC invocations=70 (full 7):
 PSYoungGen      total 230400K, used 0K [0x00000000eab00000, 0x00000000ffc80000, 0x0000000100000000)
  eden space 116736K, 0% used [0x00000000eab00000,0x00000000eab00000,0x00000000f1d00000)
  from space 113664K, 0% used [0x00000000f1d00000,0x00000000f1d00000,0x00000000f8c00000)
  to   space 110592K, 0% used [0x00000000f9080000,0x00000000f9080000,0x00000000ffc80000)
 ParOldGen       total 532480K, used 302197K [0x00000000c0000000, 0x00000000e0800000, 0x00000000eab00000)
  object space 532480K, 56% used [0x00000000c0000000,0x00000000d271d668,0x00000000e0800000)
 Metaspace       used 240071K, capacity 244536K, committed 266712K, reserved 1267712K
  class space    used 43335K, capacity 44344K, committed 48896K, reserved 1048576K
}
Event: 3283,089 GC heap before
{Heap before GC invocations=71 (full 7):
 PSYoungGen      total 230400K, used 116736K [0x00000000eab00000, 0x00000000ffc80000, 0x0000000100000000)
  eden space 116736K, 100% used [0x00000000eab00000,0x00000000f1d00000,0x00000000f1d00000)
  from space 113664K, 0% used [0x00000000f1d00000,0x00000000f1d00000,0x00000000f8c00000)
  to   space 110592K, 0% used [0x00000000f9080000,0x00000000f9080000,0x00000000ffc80000)
 ParOldGen       total 532480K, used 302197K [0x00000000c0000000, 0x00000000e0800000, 0x00000000eab00000)
  object space 532480K, 56% used [0x00000000c0000000,0x00000000d271d668,0x00000000e0800000)
 Metaspace       used 240831K, capacity 245296K, committed 266712K, reserved 1267712K
  class space    used 43373K, capacity 44380K, committed 48896K, reserved 1048576K
Event: 3283,121 GC heap after
Heap after GC invocations=71 (full 7):
 PSYoungGen      total 229888K, used 14219K [0x00000000eab00000, 0x00000000ff700000, 0x0000000100000000)
  eden space 124928K, 0% used [0x00000000eab00000,0x00000000eab00000,0x00000000f2500000)
  from space 104960K, 13% used [0x00000000f9080000,0x00000000f9e62f68,0x00000000ff700000)
  to   space 107520K, 0% used [0x00000000f2500000,0x00000000f2500000,0x00000000f8e00000)
 ParOldGen       total 532480K, used 302205K [0x00000000c0000000, 0x00000000e0800000, 0x00000000eab00000)
  object space 532480K, 56% used [0x00000000c0000000,0x00000000d271f668,0x00000000e0800000)
 Metaspace       used 240831K, capacity 245296K, committed 266712K, reserved 1267712K
  class space    used 43373K, capacity 44380K, committed 48896K, reserved 1048576K
}
Event: 3284,861 GC heap before
{Heap before GC invocations=72 (full 7):
 PSYoungGen      total 229888K, used 139147K [0x00000000eab00000, 0x00000000ff700000, 0x0000000100000000)
  eden space 124928K, 100% used [0x00000000eab00000,0x00000000f2500000,0x00000000f2500000)
  from space 104960K, 13% used [0x00000000f9080000,0x00000000f9e62f68,0x00000000ff700000)
  to   space 107520K, 0% used [0x00000000f2500000,0x00000000f2500000,0x00000000f8e00000)
 ParOldGen       total 532480K, used 302205K [0x00000000c0000000, 0x00000000e0800000, 0x00000000eab00000)
  object space 532480K, 56% used [0x00000000c0000000,0x00000000d271f668,0x00000000e0800000)
 Metaspace       used 241071K, capacity 245500K, committed 266712K, reserved 1267712K
  class space    used 43376K, capacity 44384K, committed 48896K, reserved 1048576K
Event: 3284,914 GC heap after
Heap after GC invocations=72 (full 7):
 PSYoungGen      total 232448K, used 12999K [0x00000000eab00000, 0x00000000ffc80000, 0x0000000100000000)
  eden space 124928K, 0% used [0x00000000eab00000,0x00000000eab00000,0x00000000f2500000)
  from space 107520K, 12% used [0x00000000f2500000,0x00000000f31b1c60,0x00000000f8e00000)
  to   space 104448K, 0% used [0x00000000f9680000,0x00000000f9680000,0x00000000ffc80000)
 ParOldGen       total 532480K, used 316000K [0x00000000c0000000, 0x00000000e0800000, 0x00000000eab00000)
  object space 532480K, 59% used [0x00000000c0000000,0x00000000d34982a8,0x00000000e0800000)
 Metaspace       used 241071K, capacity 245500K, committed 266712K, reserved 1267712K
  class space    used 43376K, capacity 44384K, committed 48896K, reserved 1048576K
}
Event: 3286,951 GC heap before
{Heap before GC invocations=73 (full 7):
 PSYoungGen      total 232448K, used 137927K [0x00000000eab00000, 0x00000000ffc80000, 0x0000000100000000)
  eden space 124928K, 100% used [0x00000000eab00000,0x00000000f2500000,0x00000000f2500000)
  from space 107520K, 12% used [0x00000000f2500000,0x00000000f31b1c60,0x00000000f8e00000)
  to   space 104448K, 0% used [0x00000000f9680000,0x00000000f9680000,0x00000000ffc80000)
 ParOldGen       total 532480K, used 316000K [0x00000000c0000000, 0x00000000e0800000, 0x00000000eab00000)
  object space 532480K, 59% used [0x00000000c0000000,0x00000000d34982a8,0x00000000e0800000)
 Metaspace       used 241169K, capacity 245628K, committed 266712K, reserved 1267712K
  class space    used 43378K, capacity 44384K, committed 48896K, reserved 1048576K
Event: 3286,972 GC heap after
Heap after GC invocations=73 (full 7):
 PSYoungGen      total 239104K, used 4217K [0x00000000eab00000, 0x00000000ffa00000, 0x0000000100000000)
  eden space 137216K, 0% used [0x00000000eab00000,0x00000000eab00000,0x00000000f3100000)
  from space 101888K, 4% used [0x00000000f9680000,0x00000000f9a9e610,0x00000000ffa00000)
  to   space 102912K, 0% used [0x00000000f3100000,0x00000000f3100000,0x00000000f9580000)
 ParOldGen       total 532480K, used 328802K [0x00000000c0000000, 0x00000000e0800000, 0x00000000eab00000)
  object space 532480K, 61% used [0x00000000c0000000,0x00000000d4118a78,0x00000000e0800000)
 Metaspace       used 241169K, capacity 245628K, committed 266712K, reserved 1267712K
  class space    used 43378K, capacity 44384K, committed 48896K, reserved 1048576K
}
Event: 3288,217 GC heap before
{Heap before GC invocations=74 (full 7):
 PSYoungGen      total 239104K, used 141433K [0x00000000eab00000, 0x00000000ffa00000, 0x0000000100000000)
  eden space 137216K, 100% used [0x00000000eab00000,0x00000000f3100000,0x00000000f3100000)
  from space 101888K, 4% used [0x00000000f9680000,0x00000000f9a9e610,0x00000000ffa00000)
  to   space 102912K, 0% used [0x00000000f3100000,0x00000000f3100000,0x00000000f9580000)
 ParOldGen       total 532480K, used 328802K [0x00000000c0000000, 0x00000000e0800000, 0x00000000eab00000)
  object space 532480K, 61% used [0x00000000c0000000,0x00000000d4118a78,0x00000000e0800000)
 Metaspace       used 241277K, capacity 245728K, committed 266712K, reserved 1267712K
  class space    used 43383K, capacity 44416K, committed 48896K, reserved 1048576K
Event: 3288,240 GC heap after
Heap after GC invocations=74 (full 7):
 PSYoungGen      total 240128K, used 23302K [0x00000000eab00000, 0x00000000ff500000, 0x0000000100000000)
  eden space 137216K, 0% used [0x00000000eab00000,0x00000000eab00000,0x00000000f3100000)
  from space 102912K, 22% used [0x00000000f3100000,0x00000000f47c1908,0x00000000f9580000)
  to   space 96768K, 0% used [0x00000000f9680000,0x00000000f9680000,0x00000000ff500000)
 ParOldGen       total 532480K, used 332874K [0x00000000c0000000, 0x00000000e0800000, 0x00000000eab00000)
  object space 532480K, 62% used [0x00000000c0000000,0x00000000d4512920,0x00000000e0800000)
 Metaspace       used 241277K, capacity 245728K, committed 266712K, reserved 1267712K
  class space    used 43383K, capacity 44416K, committed 48896K, reserved 1048576K
}
Event: 3288,714 GC heap before
{Heap before GC invocations=75 (full 7):
 PSYoungGen      total 240128K, used 160518K [0x00000000eab00000, 0x00000000ff500000, 0x0000000100000000)
  eden space 137216K, 100% used [0x00000000eab00000,0x00000000f3100000,0x00000000f3100000)
  from space 102912K, 22% used [0x00000000f3100000,0x00000000f47c1908,0x00000000f9580000)
  to   space 96768K, 0% used [0x00000000f9680000,0x00000000f9680000,0x00000000ff500000)
 ParOldGen       total 532480K, used 332874K [0x00000000c0000000, 0x00000000e0800000, 0x00000000eab00000)
  object space 532480K, 62% used [0x00000000c0000000,0x00000000d4512920,0x00000000e0800000)
 Metaspace       used 241284K, capacity 245728K, committed 266712K, reserved 1267712K
  class space    used 43383K, capacity 44416K, committed 48896K, reserved 1048576K
Event: 3288,725 GC heap after
Heap after GC invocations=75 (full 7):
 PSYoungGen      total 242688K, used 96K [0x00000000eab00000, 0x00000000ff700000, 0x0000000100000000)
  eden space 145920K, 0% used [0x00000000eab00000,0x00000000eab00000,0x00000000f3980000)
  from space 96768K, 0% used [0x00000000f9680000,0x00000000f9698000,0x00000000ff500000)
  to   space 95232K, 0% used [0x00000000f3980000,0x00000000f3980000,0x00000000f9680000)
 ParOldGen       total 532480K, used 367142K [0x00000000c0000000, 0x00000000e0800000, 0x00000000eab00000)
  object space 532480K, 68% used [0x00000000c0000000,0x00000000d6689a38,0x00000000e0800000)
 Metaspace       used 241284K, capacity 245728K, committed 266712K, reserved 1267712K
  class space    used 43383K, capacity 44416K, committed 48896K, reserved 1048576K
}
Event: 3289,129 GC heap before
{Heap before GC invocations=76 (full 7):
 PSYoungGen      total 242688K, used 146016K [0x00000000eab00000, 0x00000000ff700000, 0x0000000100000000)
  eden space 145920K, 100% used [0x00000000eab00000,0x00000000f3980000,0x00000000f3980000)
  from space 96768K, 0% used [0x00000000f9680000,0x00000000f9698000,0x00000000ff500000)
  to   space 95232K, 0% used [0x00000000f3980000,0x00000000f3980000,0x00000000f9680000)
 ParOldGen       total 532480K, used 367142K [0x00000000c0000000, 0x00000000e0800000, 0x00000000eab00000)
  object space 532480K, 68% used [0x00000000c0000000,0x00000000d6689a38,0x00000000e0800000)
 Metaspace       used 241284K, capacity 245728K, committed 266712K, reserved 1267712K
  class space    used 43383K, capacity 44416K, committed 48896K, reserved 1048576K
Event: 3289,136 GC heap after
Heap after GC invocations=76 (full 7):
 PSYoungGen      total 241152K, used 32K [0x00000000eab00000, 0x00000000ffa80000, 0x0000000100000000)
  eden space 145920K, 0% used [0x00000000eab00000,0x00000000eab00000,0x00000000f3980000)
  from space 95232K, 0% used [0x00000000f3980000,0x00000000f3988000,0x00000000f9680000)
  to   space 93184K, 0% used [0x00000000f9f80000,0x00000000f9f80000,0x00000000ffa80000)
 ParOldGen       total 532480K, used 367142K [0x00000000c0000000, 0x00000000e0800000, 0x00000000eab00000)
  object space 532480K, 68% used [0x00000000c0000000,0x00000000d6689a38,0x00000000e0800000)
 Metaspace       used 241284K, capacity 245728K, committed 266712K, reserved 1267712K
  class space    used 43383K, capacity 44416K, committed 48896K, reserved 1048576K
}
Event: 3289,521 GC heap before
{Heap before GC invocations=77 (full 7):
 PSYoungGen      total 241152K, used 145952K [0x00000000eab00000, 0x00000000ffa80000, 0x0000000100000000)
  eden space 145920K, 100% used [0x00000000eab00000,0x00000000f3980000,0x00000000f3980000)
  from space 95232K, 0% used [0x00000000f3980000,0x00000000f3988000,0x00000000f9680000)
  to   space 93184K, 0% used [0x00000000f9f80000,0x00000000f9f80000,0x00000000ffa80000)
 ParOldGen       total 532480K, used 367142K [0x00000000c0000000, 0x00000000e0800000, 0x00000000eab00000)
  object space 532480K, 68% used [0x00000000c0000000,0x00000000d6689a38,0x00000000e0800000)
 Metaspace       used 241284K, capacity 245728K, committed 266712K, reserved 1267712K
  class space    used 43383K, capacity 44416K, committed 48896K, reserved 1048576K
Event: 3289,528 GC heap after
Heap after GC invocations=77 (full 7):
 PSYoungGen      total 251392K, used 64K [0x00000000eab00000, 0x00000000ff900000, 0x0000000100000000)
  eden space 159744K, 0% used [0x00000000eab00000,0x00000000eab00000,0x00000000f4700000)
  from space 91648K, 0% used [0x00000000f9f80000,0x00000000f9f90000,0x00000000ff900000)
  to   space 90624K, 0% used [0x00000000f4700000,0x00000000f4700000,0x00000000f9f80000)
 ParOldGen       total 532480K, used 367142K [0x00000000c0000000, 0x00000000e0800000, 0x00000000eab00000)
  object space 532480K, 68% used [0x00000000c0000000,0x00000000d6689a38,0x00000000e0800000)
 Metaspace       used 241284K, capacity 245728K, committed 266712K, reserved 1267712K
  class space    used 43383K, capacity 44416K, committed 48896K, reserved 1048576K
}
Event: 3289,980 GC heap before
{Heap before GC invocations=78 (full 7):
 PSYoungGen      total 251392K, used 159808K [0x00000000eab00000, 0x00000000ff900000, 0x0000000100000000)
  eden space 159744K, 100% used [0x00000000eab00000,0x00000000f4700000,0x00000000f4700000)
  from space 91648K, 0% used [0x00000000f9f80000,0x00000000f9f90000,0x00000000ff900000)
  to   space 90624K, 0% used [0x00000000f4700000,0x00000000f4700000,0x00000000f9f80000)
 ParOldGen       total 532480K, used 367142K [0x00000000c0000000, 0x00000000e0800000, 0x00000000eab00000)
  object space 532480K, 68% used [0x00000000c0000000,0x00000000d6689a38,0x00000000e0800000)
 Metaspace       used 241284K, capacity 245728K, committed 266712K, reserved 1267712K
  class space    used 43383K, capacity 44416K, committed 48896K, reserved 1048576K
Event: 3289,989 GC heap after
Heap after GC invocations=78 (full 7):
 PSYoungGen      total 250368K, used 128K [0x00000000eab00000, 0x00000000ff900000, 0x0000000100000000)
  eden space 159744K, 0% used [0x00000000eab00000,0x00000000eab00000,0x00000000f4700000)
  from space 90624K, 0% used [0x00000000f4700000,0x00000000f4720000,0x00000000f9f80000)
  to   space 87552K, 0% used [0x00000000fa380000,0x00000000fa380000,0x00000000ff900000)
 ParOldGen       total 532480K, used 367142K [0x00000000c0000000, 0x00000000e0800000, 0x00000000eab00000)
  object space 532480K, 68% used [0x00000000c0000000,0x00000000d6689a38,0x00000000e0800000)
 Metaspace       used 241284K, capacity 245728K, committed 266712K, reserved 1267712K
  class space    used 43383K, capacity 44416K, committed 48896K, reserved 1048576K
}
Event: 3290,534 GC heap before
{Heap before GC invocations=79 (full 7):
 PSYoungGen      total 250368K, used 159872K [0x00000000eab00000, 0x00000000ff900000, 0x0000000100000000)
  eden space 159744K, 100% used [0x00000000eab00000,0x00000000f4700000,0x00000000f4700000)
  from space 90624K, 0% used [0x00000000f4700000,0x00000000f4720000,0x00000000f9f80000)
  to   space 87552K, 0% used [0x00000000fa380000,0x00000000fa380000,0x00000000ff900000)
 ParOldGen       total 532480K, used 367142K [0x00000000c0000000, 0x00000000e0800000, 0x00000000eab00000)
  object space 532480K, 68% used [0x00000000c0000000,0x00000000d6689a38,0x00000000e0800000)
 Metaspace       used 241285K, capacity 245728K, committed 266712K, reserved 1267712K
  class space    used 43383K, capacity 44416K, committed 48896K, reserved 1048576K
Event: 3290,546 GC heap after
Heap after GC invocations=79 (full 7):
 PSYoungGen      total 250368K, used 16975K [0x00000000eab00000, 0x00000000ff100000, 0x0000000100000000)
  eden space 171008K, 0% used [0x00000000eab00000,0x00000000eab00000,0x00000000f5200000)
  from space 79360K, 21% used [0x00000000fa380000,0x00000000fb413f98,0x00000000ff100000)
  to   space 81408K, 0% used [0x00000000f5200000,0x00000000f5200000,0x00000000fa180000)
 ParOldGen       total 532480K, used 367150K [0x00000000c0000000, 0x00000000e0800000, 0x00000000eab00000)
  object space 532480K, 68% used [0x00000000c0000000,0x00000000d668ba38,0x00000000e0800000)
 Metaspace       used 241285K, capacity 245728K, committed 266712K, reserved 1267712K
  class space    used 43383K, capacity 44416K, committed 48896K, reserved 1048576K
}
Event: 3291,037 GC heap before
{Heap before GC invocations=80 (full 7):
 PSYoungGen      total 250368K, used 187983K [0x00000000eab00000, 0x00000000ff100000, 0x0000000100000000)
  eden space 171008K, 100% used [0x00000000eab00000,0x00000000f5200000,0x00000000f5200000)
  from space 79360K, 21% used [0x00000000fa380000,0x00000000fb413f98,0x00000000ff100000)
  to   space 81408K, 0% used [0x00000000f5200000,0x00000000f5200000,0x00000000fa180000)
 ParOldGen       total 532480K, used 367150K [0x00000000c0000000, 0x00000000e0800000, 0x00000000eab00000)
  object space 532480K, 68% used [0x00000000c0000000,0x00000000d668ba38,0x00000000e0800000)
 Metaspace       used 241285K, capacity 245728K, committed 266712K, reserved 1267712K
  class space    used 43383K, capacity 44416K, committed 48896K, reserved 1048576K
Event: 3291,048 GC heap after
Heap after GC invocations=80 (full 7):
 PSYoungGen      total 252416K, used 22822K [0x00000000eab00000, 0x00000000ff800000, 0x0000000100000000)
  eden space 171008K, 0% used [0x00000000eab00000,0x00000000eab00000,0x00000000f5200000)
  from space 81408K, 28% used [0x00000000f5200000,0x00000000f6849908,0x00000000fa180000)
  to   space 76288K, 0% used [0x00000000fad80000,0x00000000fad80000,0x00000000ff800000)
 ParOldGen       total 532480K, used 384030K [0x00000000c0000000, 0x00000000e0800000, 0x00000000eab00000)
  object space 532480K, 72% used [0x00000000c0000000,0x00000000d77079d0,0x00000000e0800000)
 Metaspace       used 241285K, capacity 245728K, committed 266712K, reserved 1267712K
  class space    used 43383K, capacity 44416K, committed 48896K, reserved 1048576K
}
Event: 3291,495 GC heap before
{Heap before GC invocations=81 (full 7):
 PSYoungGen      total 252416K, used 193830K [0x00000000eab00000, 0x00000000ff800000, 0x0000000100000000)
  eden space 171008K, 100% used [0x00000000eab00000,0x00000000f5200000,0x00000000f5200000)
  from space 81408K, 28% used [0x00000000f5200000,0x00000000f6849908,0x00000000fa180000)
  to   space 76288K, 0% used [0x00000000fad80000,0x00000000fad80000,0x00000000ff800000)
 ParOldGen       total 532480K, used 384030K [0x00000000c0000000, 0x00000000e0800000, 0x00000000eab00000)
  object space 532480K, 72% used [0x00000000c0000000,0x00000000d77079d0,0x00000000e0800000)
 Metaspace       used 241285K, capacity 245728K, committed 266712K, reserved 1267712K
  class space    used 43383K, capacity 44416K, committed 48896K, reserved 1048576K
Event: 3291,504 GC heap after
Heap after GC invocations=81 (full 7):
 PSYoungGen      total 265728K, used 128K [0x00000000eab00000, 0x00000000ff700000, 0x0000000100000000)
  eden space 190464K, 0% used [0x00000000eab00000,0x00000000eab00000,0x00000000f6500000)
  from space 75264K, 0% used [0x00000000fad80000,0x00000000fada0000,0x00000000ff700000)
  to   space 74240K, 0% used [0x00000000f6500000,0x00000000f6500000,0x00000000fad80000)
 ParOldGen       total 532480K, used 406769K [0x00000000c0000000, 0x00000000e0800000, 0x00000000eab00000)
  object space 532480K, 76% used [0x00000000c0000000,0x00000000d8d3c400,0x00000000e0800000)
 Metaspace       used 241285K, capacity 245728K, committed 266712K, reserved 1267712K
  class space    used 43383K, capacity 44416K, committed 48896K, reserved 1048576K
}
Event: 3292,016 GC heap before
{Heap before GC invocations=82 (full 7):
 PSYoungGen      total 265728K, used 190592K [0x00000000eab00000, 0x00000000ff700000, 0x0000000100000000)
  eden space 190464K, 100% used [0x00000000eab00000,0x00000000f6500000,0x00000000f6500000)
  from space 75264K, 0% used [0x00000000fad80000,0x00000000fada0000,0x00000000ff700000)
  to   space 74240K, 0% used [0x00000000f6500000,0x00000000f6500000,0x00000000fad80000)
 ParOldGen       total 532480K, used 406769K [0x00000000c0000000, 0x00000000e0800000, 0x00000000eab00000)
  object space 532480K, 76% used [0x00000000c0000000,0x00000000d8d3c400,0x00000000e0800000)
 Metaspace       used 241285K, capacity 245728K, committed 266712K, reserved 1267712K
  class space    used 43383K, capacity 44416K, committed 48896K, reserved 1048576K
Event: 3292,023 GC heap after
Heap after GC invocations=82 (full 7):
 PSYoungGen      total 264704K, used 64K [0x00000000eab00000, 0x00000000ffa00000, 0x0000000100000000)
  eden space 190464K, 0% used [0x00000000eab00000,0x00000000eab00000,0x00000000f6500000)
  from space 74240K, 0% used [0x00000000f6500000,0x00000000f6510000,0x00000000fad80000)
  to   space 71680K, 0% used [0x00000000fb400000,0x00000000fb400000,0x00000000ffa00000)
 ParOldGen       total 532480K, used 406777K [0x00000000c0000000, 0x00000000e0800000, 0x00000000eab00000)
  object space 532480K, 76% used [0x00000000c0000000,0x00000000d8d3e400,0x00000000e0800000)
 Metaspace       used 241285K, capacity 245728K, committed 266712K, reserved 1267712K
  class space    used 43383K, capacity 44416K, committed 48896K, reserved 1048576K
}
Event: 3292,531 GC heap before
{Heap before GC invocations=83 (full 7):
 PSYoungGen      total 264704K, used 190528K [0x00000000eab00000, 0x00000000ffa00000, 0x0000000100000000)
  eden space 190464K, 100% used [0x00000000eab00000,0x00000000f6500000,0x00000000f6500000)
  from space 74240K, 0% used [0x00000000f6500000,0x00000000f6510000,0x00000000fad80000)
  to   space 71680K, 0% used [0x00000000fb400000,0x00000000fb400000,0x00000000ffa00000)
 ParOldGen       total 532480K, used 406777K [0x00000000c0000000, 0x00000000e0800000, 0x00000000eab00000)
  object space 532480K, 76% used [0x00000000c0000000,0x00000000d8d3e400,0x00000000e0800000)
 Metaspace       used 241285K, capacity 245728K, committed 266712K, reserved 1267712K
  class space    used 43383K, capacity 44416K, committed 48896K, reserved 1048576K
Event: 3292,538 GC heap after
Heap after GC invocations=83 (full 7):
 PSYoungGen      total 272384K, used 64K [0x00000000eab00000, 0x00000000ff880000, 0x0000000100000000)
  eden space 202240K, 0% used [0x00000000eab00000,0x00000000eab00000,0x00000000f7080000)
  from space 70144K, 0% used [0x00000000fb400000,0x00000000fb410000,0x00000000ff880000)
  to   space 69120K, 0% used [0x00000000f7080000,0x00000000f7080000,0x00000000fb400000)
 ParOldGen       total 532480K, used 406777K [0x00000000c0000000, 0x00000000e0800000, 0x00000000eab00000)
  object space 532480K, 76% used [0x00000000c0000000,0x00000000d8d3e400,0x00000000e0800000)
 Metaspace       used 241285K, capacity 245728K, committed 266712K, reserved 1267712K
  class space    used 43383K, capacity 44416K, committed 48896K, reserved 1048576K
}
Event: 3293,885 GC heap before
{Heap before GC invocations=84 (full 7):
 PSYoungGen      total 272384K, used 202304K [0x00000000eab00000, 0x00000000ff880000, 0x0000000100000000)
  eden space 202240K, 100% used [0x00000000eab00000,0x00000000f7080000,0x00000000f7080000)
  from space 70144K, 0% used [0x00000000fb400000,0x00000000fb410000,0x00000000ff880000)
  to   space 69120K, 0% used [0x00000000f7080000,0x00000000f7080000,0x00000000fb400000)
 ParOldGen       total 532480K, used 406777K [0x00000000c0000000, 0x00000000e0800000, 0x00000000eab00000)
  object space 532480K, 76% used [0x00000000c0000000,0x00000000d8d3e400,0x00000000e0800000)
 Metaspace       used 241326K, capacity 245792K, committed 266712K, reserved 1267712K
  class space    used 43383K, capacity 44416K, committed 48896K, reserved 1048576K
Event: 3293,902 GC heap after
Heap after GC invocations=84 (full 7):
 PSYoungGen      total 271360K, used 19945K [0x00000000eab00000, 0x00000000ff800000, 0x0000000100000000)
  eden space 202240K, 0% used [0x00000000eab00000,0x00000000eab00000,0x00000000f7080000)
  from space 69120K, 28% used [0x00000000f7080000,0x00000000f83fa5a8,0x00000000fb400000)
  to   space 65536K, 0% used [0x00000000fb800000,0x00000000fb800000,0x00000000ff800000)
 ParOldGen       total 532480K, used 406777K [0x00000000c0000000, 0x00000000e0800000, 0x00000000eab00000)
  object space 532480K, 76% used [0x00000000c0000000,0x00000000d8d3e400,0x00000000e0800000)
 Metaspace       used 241326K, capacity 245792K, committed 266712K, reserved 1267712K
  class space    used 43383K, capacity 44416K, committed 48896K, reserved 1048576K
}
Event: 3296,329 GC heap before
{Heap before GC invocations=85 (full 7):
 PSYoungGen      total 271360K, used 222185K [0x00000000eab00000, 0x00000000ff800000, 0x0000000100000000)
  eden space 202240K, 100% used [0x00000000eab00000,0x00000000f7080000,0x00000000f7080000)
  from space 69120K, 28% used [0x00000000f7080000,0x00000000f83fa5a8,0x00000000fb400000)
  to   space 65536K, 0% used [0x00000000fb800000,0x00000000fb800000,0x00000000ff800000)
 ParOldGen       total 532480K, used 406777K [0x00000000c0000000, 0x00000000e0800000, 0x00000000eab00000)
  object space 532480K, 76% used [0x00000000c0000000,0x00000000d8d3e400,0x00000000e0800000)
 Metaspace       used 241354K, capacity 245796K, committed 266712K, reserved 1267712K
  class space    used 43384K, capacity 44416K, committed 48896K, reserved 1048576K
Event: 3296,343 GC heap after
Heap after GC invocations=85 (full 7):
 PSYoungGen      total 275968K, used 9469K [0x00000000eab00000, 0x00000000ff480000, 0x0000000100000000)
  eden space 214016K, 0% used [0x00000000eab00000,0x00000000eab00000,0x00000000f7c00000)
  from space 61952K, 15% used [0x00000000fb800000,0x00000000fc13f400,0x00000000ff480000)
  to   space 61440K, 0% used [0x00000000f7c00000,0x00000000f7c00000,0x00000000fb800000)
 ParOldGen       total 532480K, used 426479K [0x00000000c0000000, 0x00000000e0800000, 0x00000000eab00000)
  object space 532480K, 80% used [0x00000000c0000000,0x00000000da07bce0,0x00000000e0800000)
 Metaspace       used 241354K, capacity 245796K, committed 266712K, reserved 1267712K
  class space    used 43384K, capacity 44416K, committed 48896K, reserved 1048576K
}
Event: 3298,970 GC heap before
{Heap before GC invocations=86 (full 7):
 PSYoungGen      total 275968K, used 223485K [0x00000000eab00000, 0x00000000ff480000, 0x0000000100000000)
  eden space 214016K, 100% used [0x00000000eab00000,0x00000000f7c00000,0x00000000f7c00000)
  from space 61952K, 15% used [0x00000000fb800000,0x00000000fc13f400,0x00000000ff480000)
  to   space 61440K, 0% used [0x00000000f7c00000,0x00000000f7c00000,0x00000000fb800000)
 ParOldGen       total 532480K, used 426479K [0x00000000c0000000, 0x00000000e0800000, 0x00000000eab00000)
  object space 532480K, 80% used [0x00000000c0000000,0x00000000da07bce0,0x00000000e0800000)
 Metaspace       used 241684K, capacity 246120K, committed 266712K, reserved 1267712K
  class space    used 43404K, capacity 44416K, committed 48896K, reserved 1048576K
Event: 3298,989 GC heap after
Heap after GC invocations=86 (full 7):
 PSYoungGen      total 275456K, used 3368K [0x00000000eab00000, 0x00000000ffa80000, 0x0000000100000000)
  eden space 214016K, 0% used [0x00000000eab00000,0x00000000eab00000,0x00000000f7c00000)
  from space 61440K, 5% used [0x00000000f7c00000,0x00000000f7f4a388,0x00000000fb800000)
  to   space 58880K, 0% used [0x00000000fc100000,0x00000000fc100000,0x00000000ffa80000)
 ParOldGen       total 532480K, used 435715K [0x00000000c0000000, 0x00000000e0800000, 0x00000000eab00000)
  object space 532480K, 81% used [0x00000000c0000000,0x00000000da980ce0,0x00000000e0800000)
 Metaspace       used 241684K, capacity 246120K, committed 266712K, reserved 1267712K
  class space    used 43404K, capacity 44416K, committed 48896K, reserved 1048576K
}
Event: 3374,256 GC heap before
{Heap before GC invocations=87 (full 7):
 PSYoungGen      total 275456K, used 217384K [0x00000000eab00000, 0x00000000ffa80000, 0x0000000100000000)
  eden space 214016K, 100% used [0x00000000eab00000,0x00000000f7c00000,0x00000000f7c00000)
  from space 61440K, 5% used [0x00000000f7c00000,0x00000000f7f4a388,0x00000000fb800000)
  to   space 58880K, 0% used [0x00000000fc100000,0x00000000fc100000,0x00000000ffa80000)
 ParOldGen       total 532480K, used 435715K [0x00000000c0000000, 0x00000000e0800000, 0x00000000eab00000)
  object space 532480K, 81% used [0x00000000c0000000,0x00000000da980ce0,0x00000000e0800000)
 Metaspace       used 263065K, capacity 267730K, committed 268248K, reserved 1269760K
  class space    used 47580K, capacity 48645K, committed 48896K, reserved 1048576K
Event: 3374,293 GC heap after
Heap after GC invocations=87 (full 7):
 PSYoungGen      total 282112K, used 33591K [0x00000000eab00000, 0x0000000100000000, 0x0000000100000000)
  eden space 223232K, 0% used [0x00000000eab00000,0x00000000eab00000,0x00000000f8500000)
  from space 58880K, 57% used [0x00000000fc100000,0x00000000fe1cdeb8,0x00000000ffa80000)
  to   space 61440K, 0% used [0x00000000f8500000,0x00000000f8500000,0x00000000fc100000)
 ParOldGen       total 532480K, used 435840K [0x00000000c0000000, 0x00000000e0800000, 0x00000000eab00000)
  object space 532480K, 81% used [0x00000000c0000000,0x00000000da9a00e0,0x00000000e0800000)
 Metaspace       used 263065K, capacity 267730K, committed 268248K, reserved 1269760K
  class space    used 47580K, capacity 48645K, committed 48896K, reserved 1048576K
}
Event: 3377,746 GC heap before
{Heap before GC invocations=88 (full 7):
 PSYoungGen      total 282112K, used 256823K [0x00000000eab00000, 0x0000000100000000, 0x0000000100000000)
  eden space 223232K, 100% used [0x00000000eab00000,0x00000000f8500000,0x00000000f8500000)
  from space 58880K, 57% used [0x00000000fc100000,0x00000000fe1cdeb8,0x00000000ffa80000)
  to   space 61440K, 0% used [0x00000000f8500000,0x00000000f8500000,0x00000000fc100000)
 ParOldGen       total 532480K, used 435840K [0x00000000c0000000, 0x00000000e0800000, 0x00000000eab00000)
  object space 532480K, 81% used [0x00000000c0000000,0x00000000da9a00e0,0x00000000e0800000)
 Metaspace       used 267043K, capacity 271970K, committed 272344K, reserved 1271808K
  class space    used 48282K, capacity 49366K, committed 49408K, reserved 1048576K
Event: 3377,813 GC heap after
Heap after GC invocations=88 (full 7):
 PSYoungGen      total 264704K, used 41049K [0x00000000eab00000, 0x0000000100000000, 0x0000000100000000)
  eden space 223232K, 0% used [0x00000000eab00000,0x00000000eab00000,0x00000000f8500000)
  from space 41472K, 98% used [0x00000000f8500000,0x00000000fad16428,0x00000000fad80000)
  to   space 66560K, 0% used [0x00000000fbf00000,0x00000000fbf00000,0x0000000100000000)
 ParOldGen       total 532480K, used 435840K [0x00000000c0000000, 0x00000000e0800000, 0x00000000eab00000)
  object space 532480K, 81% used [0x00000000c0000000,0x00000000da9a00e0,0x00000000e0800000)
 Metaspace       used 267043K, capacity 271970K, committed 272344K, reserved 1271808K
  class space    used 48282K, capacity 49366K, committed 49408K, reserved 1048576K
}
Event: 3379,352 GC heap before
{Heap before GC invocations=89 (full 7):
 PSYoungGen      total 264704K, used 264281K [0x00000000eab00000, 0x0000000100000000, 0x0000000100000000)
  eden space 223232K, 100% used [0x00000000eab00000,0x00000000f8500000,0x00000000f8500000)
  from space 41472K, 98% used [0x00000000f8500000,0x00000000fad16428,0x00000000fad80000)
  to   space 66560K, 0% used [0x00000000fbf00000,0x00000000fbf00000,0x0000000100000000)
 ParOldGen       total 532480K, used 435840K [0x00000000c0000000, 0x00000000e0800000, 0x00000000eab00000)
  object space 532480K, 81% used [0x00000000c0000000,0x00000000da9a00e0,0x00000000e0800000)
 Metaspace       used 271745K, capacity 276570K, committed 276952K, reserved 1275904K
  class space    used 49538K, capacity 50619K, committed 50688K, reserved 1048576K
Event: 3379,430 GC heap after
Heap after GC invocations=89 (full 7):
 PSYoungGen      total 270336K, used 47423K [0x00000000eab00000, 0x0000000100000000, 0x0000000100000000)
  eden space 203776K, 0% used [0x00000000eab00000,0x00000000eab00000,0x00000000f7200000)
  from space 66560K, 71% used [0x00000000fbf00000,0x00000000fed4fe70,0x0000000100000000)
  to   space 72704K, 0% used [0x00000000f7200000,0x00000000f7200000,0x00000000fb900000)
 ParOldGen       total 532480K, used 435848K [0x00000000c0000000, 0x00000000e0800000, 0x00000000eab00000)
  object space 532480K, 81% used [0x00000000c0000000,0x00000000da9a20e0,0x00000000e0800000)
 Metaspace       used 271745K, capacity 276570K, committed 276952K, reserved 1275904K
  class space    used 49538K, capacity 50619K, committed 50688K, reserved 1048576K
}
Event: 3381,145 GC heap before
{Heap before GC invocations=90 (full 7):
 PSYoungGen      total 270336K, used 251199K [0x00000000eab00000, 0x0000000100000000, 0x0000000100000000)
  eden space 203776K, 100% used [0x00000000eab00000,0x00000000f7200000,0x00000000f7200000)
  from space 66560K, 71% used [0x00000000fbf00000,0x00000000fed4fe70,0x0000000100000000)
  to   space 72704K, 0% used [0x00000000f7200000,0x00000000f7200000,0x00000000fb900000)
 ParOldGen       total 532480K, used 435848K [0x00000000c0000000, 0x00000000e0800000, 0x00000000eab00000)
  object space 532480K, 81% used [0x00000000c0000000,0x00000000da9a20e0,0x00000000e0800000)
 Metaspace       used 272755K, capacity 277568K, committed 277848K, reserved 1275904K
  class space    used 49711K, capacity 50780K, committed 50816K, reserved 1048576K
Event: 3381,247 GC heap after
Heap after GC invocations=90 (full 7):
 PSYoungGen      total 244224K, used 40410K [0x00000000eab00000, 0x0000000100000000, 0x0000000100000000)
  eden space 203776K, 0% used [0x00000000eab00000,0x00000000eab00000,0x00000000f7200000)
  from space 40448K, 99% used [0x00000000f7200000,0x00000000f99769b0,0x00000000f9980000)
  to   space 74752K, 0% used [0x00000000fb700000,0x00000000fb700000,0x0000000100000000)
 ParOldGen       total 532480K, used 452368K [0x00000000c0000000, 0x00000000e0800000, 0x00000000eab00000)
  object space 532480K, 84% used [0x00000000c0000000,0x00000000db9c4010,0x00000000e0800000)
 Metaspace       used 272755K, capacity 277568K, committed 277848K, reserved 1275904K
  class space    used 49711K, capacity 50780K, committed 50816K, reserved 1048576K
}
Event: 3384,751 GC heap before
{Heap before GC invocations=91 (full 7):
 PSYoungGen      total 244224K, used 244186K [0x00000000eab00000, 0x0000000100000000, 0x0000000100000000)
  eden space 203776K, 100% used [0x00000000eab00000,0x00000000f7200000,0x00000000f7200000)
  from space 40448K, 99% used [0x00000000f7200000,0x00000000f99769b0,0x00000000f9980000)
  to   space 74752K, 0% used [0x00000000fb700000,0x00000000fb700000,0x0000000100000000)
 ParOldGen       total 532480K, used 452368K [0x00000000c0000000, 0x00000000e0800000, 0x00000000eab00000)
  object space 532480K, 84% used [0x00000000c0000000,0x00000000db9c4010,0x00000000e0800000)
 Metaspace       used 273582K, capacity 278464K, committed 279000K, reserved 1277952K
  class space    used 49746K, capacity 50820K, committed 50944K, reserved 1048576K
Event: 3384,926 GC heap after
Heap after GC invocations=91 (full 7):
 PSYoungGen      total 273408K, used 38754K [0x00000000eab00000, 0x0000000100000000, 0x0000000100000000)
  eden space 198656K, 0% used [0x00000000eab00000,0x00000000eab00000,0x00000000f6d00000)
  from space 74752K, 51% used [0x00000000fb700000,0x00000000fdcd89e8,0x0000000100000000)
  to   space 75264K, 0% used [0x00000000f6d00000,0x00000000f6d00000,0x00000000fb680000)
 ParOldGen       total 532480K, used 475573K [0x00000000c0000000, 0x00000000e0800000, 0x00000000eab00000)
  object space 532480K, 89% used [0x00000000c0000000,0x00000000dd06d4c8,0x00000000e0800000)
 Metaspace       used 273582K, capacity 278464K, committed 279000K, reserved 1277952K
  class space    used 49746K, capacity 50820K, committed 50944K, reserved 1048576K
}
Event: 3388,801 GC heap before
{Heap before GC invocations=92 (full 7):
 PSYoungGen      total 273408K, used 235674K [0x00000000eab00000, 0x0000000100000000, 0x0000000100000000)
  eden space 198656K, 99% used [0x00000000eab00000,0x00000000f6b4e1a0,0x00000000f6d00000)
  from space 74752K, 51% used [0x00000000fb700000,0x00000000fdcd89e8,0x0000000100000000)
  to   space 75264K, 0% used [0x00000000f6d00000,0x00000000f6d00000,0x00000000fb680000)
 ParOldGen       total 532480K, used 475573K [0x00000000c0000000, 0x00000000e0800000, 0x00000000eab00000)
  object space 532480K, 89% used [0x00000000c0000000,0x00000000dd06d4c8,0x00000000e0800000)
 Metaspace       used 273804K, capacity 278692K, committed 279256K, reserved 1277952K
  class space    used 49753K, capacity 50852K, committed 50944K, reserved 1048576K
Event: 3388,907 GC heap after
Heap after GC invocations=92 (full 7):
 PSYoungGen      total 210944K, used 12168K [0x00000000eab00000, 0x00000000ffa80000, 0x0000000100000000)
  eden space 198656K, 0% used [0x00000000eab00000,0x00000000eab00000,0x00000000f6d00000)
  from space 12288K, 99% used [0x00000000f6d00000,0x00000000f78e2368,0x00000000f7900000)
  to   space 72192K, 0% used [0x00000000fb400000,0x00000000fb400000,0x00000000ffa80000)
 ParOldGen       total 532480K, used 513689K [0x00000000c0000000, 0x00000000e0800000, 0x00000000eab00000)
  object space 532480K, 96% used [0x00000000c0000000,0x00000000df5a6708,0x00000000e0800000)
 Metaspace       used 273804K, capacity 278692K, committed 279256K, reserved 1277952K
  class space    used 49753K, capacity 50852K, committed 50944K, reserved 1048576K
}
Event: 3388,907 GC heap before
{Heap before GC invocations=93 (full 8):
 PSYoungGen      total 210944K, used 12168K [0x00000000eab00000, 0x00000000ffa80000, 0x0000000100000000)
  eden space 198656K, 0% used [0x00000000eab00000,0x00000000eab00000,0x00000000f6d00000)
  from space 12288K, 99% used [0x00000000f6d00000,0x00000000f78e2368,0x00000000f7900000)
  to   space 72192K, 0% used [0x00000000fb400000,0x00000000fb400000,0x00000000ffa80000)
 ParOldGen       total 532480K, used 513689K [0x00000000c0000000, 0x00000000e0800000, 0x00000000eab00000)
  object space 532480K, 96% used [0x00000000c0000000,0x00000000df5a6708,0x00000000e0800000)
 Metaspace       used 273804K, capacity 278692K, committed 279256K, reserved 1277952K
  class space    used 49753K, capacity 50852K, committed 50944K, reserved 1048576K
Event: 3390,739 GC heap after
Heap after GC invocations=93 (full 8):
 PSYoungGen      total 210944K, used 0K [0x00000000eab00000, 0x00000000ffa80000, 0x0000000100000000)
  eden space 198656K, 0% used [0x00000000eab00000,0x00000000eab00000,0x00000000f6d00000)
  from space 12288K, 0% used [0x00000000f6d00000,0x00000000f6d00000,0x00000000f7900000)
  to   space 72192K, 0% used [0x00000000fb400000,0x00000000fb400000,0x00000000ffa80000)
 ParOldGen       total 585216K, used 336245K [0x00000000c0000000, 0x00000000e3b80000, 0x00000000eab00000)
  object space 585216K, 57% used [0x00000000c0000000,0x00000000d485d548,0x00000000e3b80000)
 Metaspace       used 241343K, capacity 245904K, committed 264920K, reserved 1263616K
  class space    used 43376K, capacity 44407K, committed 50944K, reserved 1048576K
}

