# JRE version: OpenJDK Runtime Environment (8.0_181-b15) (build 1.8.0_181-b15)
# Java VM: OpenJDK 64-Bit Server VM (25.181-b15 mixed mode linux-amd64 compressed oops)
Heap:
 PSYoungGen      total 227328K, used 2352K [0x00000000eab00000, 0x0000000100000000, 0x0000000100000000)
  eden space 116224K, 2% used [0x00000000eab00000,0x00000000ead4c360,0x00000000f1c80000)
  from space 111104K, 0% used [0x00000000f8c00000,0x00000000f8c00000,0x00000000ff880000)
  to   space 114176K, 0% used [0x00000000f1c80000,0x00000000f1c80000,0x00000000f8c00000)
 ParOldGen       total 479744K, used 264254K [0x00000000c0000000, 0x00000000dd480000, 0x00000000eab00000)
  object space 479744K, 55% used [0x00000000c0000000,0x00000000d020fa18,0x00000000dd480000)
 Metaspace       used 141457K, capacity 143916K, committed 144344K, reserved 1167360K
  class space    used 25020K, capacity 25688K, committed 25816K, reserved 1048576K
GC Heap History (156 events):
Event: 0,552 GC heap before
{Heap before GC invocations=1 (full 0):
 PSYoungGen      total 36864K, used 31744K [0x00000000eab00000, 0x00000000ed400000, 0x0000000100000000)
  eden space 31744K, 100% used [0x00000000eab00000,0x00000000eca00000,0x00000000eca00000)
  from space 5120K, 0% used [0x00000000ecf00000,0x00000000ecf00000,0x00000000ed400000)
  to   space 5120K, 0% used [0x00000000eca00000,0x00000000eca00000,0x00000000ecf00000)
 ParOldGen       total 84992K, used 0K [0x00000000c0000000, 0x00000000c5300000, 0x00000000eab00000)
  object space 84992K, 0% used [0x00000000c0000000,0x00000000c0000000,0x00000000c5300000)
 Metaspace       used 7268K, capacity 7504K, committed 7680K, reserved 1056768K
  class space    used 833K, capacity 912K, committed 1024K, reserved 1048576K
Event: 0,557 GC heap after
Heap after GC invocations=1 (full 0):
 PSYoungGen      total 36864K, used 4088K [0x00000000eab00000, 0x00000000ed400000, 0x0000000100000000)
  eden space 31744K, 0% used [0x00000000eab00000,0x00000000eab00000,0x00000000eca00000)
  from space 5120K, 79% used [0x00000000eca00000,0x00000000ecdfe110,0x00000000ecf00000)
  to   space 5120K, 0% used [0x00000000ecf00000,0x00000000ecf00000,0x00000000ed400000)
 ParOldGen       total 84992K, used 8K [0x00000000c0000000, 0x00000000c5300000, 0x00000000eab00000)
  object space 84992K, 0% used [0x00000000c0000000,0x00000000c0002000,0x00000000c5300000)
 Metaspace       used 7268K, capacity 7504K, committed 7680K, reserved 1056768K
  class space    used 833K, capacity 912K, committed 1024K, reserved 1048576K
}
Event: 1,059 GC heap before
{Heap before GC invocations=2 (full 0):
 PSYoungGen      total 36864K, used 35832K [0x00000000eab00000, 0x00000000ed400000, 0x0000000100000000)
  eden space 31744K, 100% used [0x00000000eab00000,0x00000000eca00000,0x00000000eca00000)
  from space 5120K, 79% used [0x00000000eca00000,0x00000000ecdfe110,0x00000000ecf00000)
  to   space 5120K, 0% used [0x00000000ecf00000,0x00000000ecf00000,0x00000000ed400000)
 ParOldGen       total 84992K, used 8K [0x00000000c0000000, 0x00000000c5300000, 0x00000000eab00000)
  object space 84992K, 0% used [0x00000000c0000000,0x00000000c0002000,0x00000000c5300000)
 Metaspace       used 11365K, capacity 11594K, committed 11776K, reserved 1058816K
  class space    used 1433K, capacity 1523K, committed 1536K, reserved 1048576K
Event: 1,068 GC heap after
Heap after GC invocations=2 (full 0):
 PSYoungGen      total 36864K, used 5114K [0x00000000eab00000, 0x00000000ef300000, 0x0000000100000000)
  eden space 31744K, 0% used [0x00000000eab00000,0x00000000eab00000,0x00000000eca00000)
  from space 5120K, 99% used [0x00000000ecf00000,0x00000000ed3fea90,0x00000000ed400000)
  to   space 5120K, 0% used [0x00000000eca00000,0x00000000eca00000,0x00000000ecf00000)
 ParOldGen       total 84992K, used 229K [0x00000000c0000000, 0x00000000c5300000, 0x00000000eab00000)
  object space 84992K, 0% used [0x00000000c0000000,0x00000000c00396a8,0x00000000c5300000)
 Metaspace       used 11365K, capacity 11594K, committed 11776K, reserved 1058816K
  class space    used 1433K, capacity 1523K, committed 1536K, reserved 1048576K
}
Event: 1,468 GC heap before
{Heap before GC invocations=3 (full 0):
 PSYoungGen      total 36864K, used 36858K [0x00000000eab00000, 0x00000000ef300000, 0x0000000100000000)
  eden space 31744K, 100% used [0x00000000eab00000,0x00000000eca00000,0x00000000eca00000)
  from space 5120K, 99% used [0x00000000ecf00000,0x00000000ed3fea90,0x00000000ed400000)
  to   space 5120K, 0% used [0x00000000eca00000,0x00000000eca00000,0x00000000ecf00000)
 ParOldGen       total 84992K, used 229K [0x00000000c0000000, 0x00000000c5300000, 0x00000000eab00000)
  object space 84992K, 0% used [0x00000000c0000000,0x00000000c00396a8,0x00000000c5300000)
 Metaspace       used 14612K, capacity 15000K, committed 15232K, reserved 1062912K
  class space    used 1957K, capacity 2084K, committed 2176K, reserved 1048576K
Event: 1,476 GC heap after
Heap after GC invocations=3 (full 0):
 PSYoungGen      total 36864K, used 5088K [0x00000000eab00000, 0x00000000ef300000, 0x0000000100000000)
  eden space 31744K, 0% used [0x00000000eab00000,0x00000000eab00000,0x00000000eca00000)
  from space 5120K, 99% used [0x00000000eca00000,0x00000000ecef81e8,0x00000000ecf00000)
  to   space 5120K, 0% used [0x00000000eee00000,0x00000000eee00000,0x00000000ef300000)
 ParOldGen       total 84992K, used 1948K [0x00000000c0000000, 0x00000000c5300000, 0x00000000eab00000)
  object space 84992K, 2% used [0x00000000c0000000,0x00000000c01e70f8,0x00000000c5300000)
 Metaspace       used 14612K, capacity 15000K, committed 15232K, reserved 1062912K
  class space    used 1957K, capacity 2084K, committed 2176K, reserved 1048576K
}
Event: 2,015 GC heap before
{Heap before GC invocations=4 (full 0):
 PSYoungGen      total 36864K, used 36832K [0x00000000eab00000, 0x00000000ef300000, 0x0000000100000000)
  eden space 31744K, 100% used [0x00000000eab00000,0x00000000eca00000,0x00000000eca00000)
  from space 5120K, 99% used [0x00000000eca00000,0x00000000ecef81e8,0x00000000ecf00000)
  to   space 5120K, 0% used [0x00000000eee00000,0x00000000eee00000,0x00000000ef300000)
 ParOldGen       total 84992K, used 1948K [0x00000000c0000000, 0x00000000c5300000, 0x00000000eab00000)
  object space 84992K, 2% used [0x00000000c0000000,0x00000000c01e70f8,0x00000000c5300000)
 Metaspace       used 18039K, capacity 18430K, committed 18560K, reserved 1064960K
  class space    used 2482K, capacity 2629K, committed 2688K, reserved 1048576K
Event: 2,033 GC heap after
Heap after GC invocations=4 (full 0):
 PSYoungGen      total 68608K, used 5104K [0x00000000eab00000, 0x00000000ef300000, 0x0000000100000000)
  eden space 63488K, 0% used [0x00000000eab00000,0x00000000eab00000,0x00000000ee900000)
  from space 5120K, 99% used [0x00000000eee00000,0x00000000ef2fc010,0x00000000ef300000)
  to   space 5120K, 0% used [0x00000000ee900000,0x00000000ee900000,0x00000000eee00000)
 ParOldGen       total 84992K, used 5253K [0x00000000c0000000, 0x00000000c5300000, 0x00000000eab00000)
  object space 84992K, 6% used [0x00000000c0000000,0x00000000c0521528,0x00000000c5300000)
 Metaspace       used 18039K, capacity 18430K, committed 18560K, reserved 1064960K
  class space    used 2482K, capacity 2629K, committed 2688K, reserved 1048576K
}
Event: 2,280 GC heap before
{Heap before GC invocations=5 (full 0):
 PSYoungGen      total 68608K, used 14041K [0x00000000eab00000, 0x00000000ef300000, 0x0000000100000000)
  eden space 63488K, 14% used [0x00000000eab00000,0x00000000eb3ba6e8,0x00000000ee900000)
  from space 5120K, 99% used [0x00000000eee00000,0x00000000ef2fc010,0x00000000ef300000)
  to   space 5120K, 0% used [0x00000000ee900000,0x00000000ee900000,0x00000000eee00000)
 ParOldGen       total 84992K, used 5253K [0x00000000c0000000, 0x00000000c5300000, 0x00000000eab00000)
  object space 84992K, 6% used [0x00000000c0000000,0x00000000c0521528,0x00000000c5300000)
 Metaspace       used 20728K, capacity 21118K, committed 21296K, reserved 1067008K
  class space    used 2764K, capacity 2885K, committed 2944K, reserved 1048576K
Event: 2,296 GC heap after
Heap after GC invocations=5 (full 0):
 PSYoungGen      total 68608K, used 5104K [0x00000000eab00000, 0x00000000f3900000, 0x0000000100000000)
  eden space 63488K, 0% used [0x00000000eab00000,0x00000000eab00000,0x00000000ee900000)
  from space 5120K, 99% used [0x00000000ee900000,0x00000000eedfc040,0x00000000eee00000)
  to   space 9216K, 0% used [0x00000000f3000000,0x00000000f3000000,0x00000000f3900000)
 ParOldGen       total 84992K, used 6940K [0x00000000c0000000, 0x00000000c5300000, 0x00000000eab00000)
  object space 84992K, 8% used [0x00000000c0000000,0x00000000c06c7180,0x00000000c5300000)
 Metaspace       used 20728K, capacity 21118K, committed 21296K, reserved 1067008K
  class space    used 2764K, capacity 2885K, committed 2944K, reserved 1048576K
}
Event: 2,296 GC heap before
{Heap before GC invocations=6 (full 1):
 PSYoungGen      total 68608K, used 5104K [0x00000000eab00000, 0x00000000f3900000, 0x0000000100000000)
  eden space 63488K, 0% used [0x00000000eab00000,0x00000000eab00000,0x00000000ee900000)
  from space 5120K, 99% used [0x00000000ee900000,0x00000000eedfc040,0x00000000eee00000)
  to   space 9216K, 0% used [0x00000000f3000000,0x00000000f3000000,0x00000000f3900000)
 ParOldGen       total 84992K, used 6940K [0x00000000c0000000, 0x00000000c5300000, 0x00000000eab00000)
  object space 84992K, 8% used [0x00000000c0000000,0x00000000c06c7180,0x00000000c5300000)
 Metaspace       used 20728K, capacity 21118K, committed 21296K, reserved 1067008K
  class space    used 2764K, capacity 2885K, committed 2944K, reserved 1048576K
Event: 2,377 GC heap after
Heap after GC invocations=6 (full 1):
 PSYoungGen      total 68608K, used 0K [0x00000000eab00000, 0x00000000f3900000, 0x0000000100000000)
  eden space 63488K, 0% used [0x00000000eab00000,0x00000000eab00000,0x00000000ee900000)
  from space 5120K, 0% used [0x00000000ee900000,0x00000000ee900000,0x00000000eee00000)
  to   space 9216K, 0% used [0x00000000f3000000,0x00000000f3000000,0x00000000f3900000)
 ParOldGen       total 59904K, used 7134K [0x00000000c0000000, 0x00000000c3a80000, 0x00000000eab00000)
  object space 59904K, 11% used [0x00000000c0000000,0x00000000c06f7ab8,0x00000000c3a80000)
 Metaspace       used 20728K, capacity 21118K, committed 21296K, reserved 1067008K
  class space    used 2764K, capacity 2885K, committed 2944K, reserved 1048576K
}
Event: 3,390 GC heap before
{Heap before GC invocations=7 (full 1):
 PSYoungGen      total 68608K, used 63488K [0x00000000eab00000, 0x00000000f3900000, 0x0000000100000000)
  eden space 63488K, 100% used [0x00000000eab00000,0x00000000ee900000,0x00000000ee900000)
  from space 5120K, 0% used [0x00000000ee900000,0x00000000ee900000,0x00000000eee00000)
  to   space 9216K, 0% used [0x00000000f3000000,0x00000000f3000000,0x00000000f3900000)
 ParOldGen       total 59904K, used 7134K [0x00000000c0000000, 0x00000000c3a80000, 0x00000000eab00000)
  object space 59904K, 11% used [0x00000000c0000000,0x00000000c06f7ab8,0x00000000c3a80000)
 Metaspace       used 26384K, capacity 26838K, committed 27136K, reserved 1073152K
  class space    used 3573K, capacity 3722K, committed 3840K, reserved 1048576K
Event: 3,406 GC heap after
Heap after GC invocations=7 (full 1):
 PSYoungGen      total 97792K, used 7050K [0x00000000eab00000, 0x00000000f3700000, 0x0000000100000000)
  eden space 90624K, 0% used [0x00000000eab00000,0x00000000eab00000,0x00000000f0380000)
  from space 7168K, 98% used [0x00000000f3000000,0x00000000f36e2ab0,0x00000000f3700000)
  to   space 9216K, 0% used [0x00000000f2500000,0x00000000f2500000,0x00000000f2e00000)
 ParOldGen       total 59904K, used 7142K [0x00000000c0000000, 0x00000000c3a80000, 0x00000000eab00000)
  object space 59904K, 11% used [0x00000000c0000000,0x00000000c06f9ab8,0x00000000c3a80000)
 Metaspace       used 26384K, capacity 26838K, committed 27136K, reserved 1073152K
  class space    used 3573K, capacity 3722K, committed 3840K, reserved 1048576K
}
Event: 4,551 GC heap before
{Heap before GC invocations=8 (full 1):
 PSYoungGen      total 97792K, used 97674K [0x00000000eab00000, 0x00000000f3700000, 0x0000000100000000)
  eden space 90624K, 100% used [0x00000000eab00000,0x00000000f0380000,0x00000000f0380000)
  from space 7168K, 98% used [0x00000000f3000000,0x00000000f36e2ab0,0x00000000f3700000)
  to   space 9216K, 0% used [0x00000000f2500000,0x00000000f2500000,0x00000000f2e00000)
 ParOldGen       total 59904K, used 7142K [0x00000000c0000000, 0x00000000c3a80000, 0x00000000eab00000)
  object space 59904K, 11% used [0x00000000c0000000,0x00000000c06f9ab8,0x00000000c3a80000)
 Metaspace       used 32198K, capacity 32668K, committed 32768K, reserved 1077248K
  class space    used 4398K, capacity 4570K, committed 4608K, reserved 1048576K
Event: 4,575 GC heap after
Heap after GC invocations=8 (full 1):
 PSYoungGen      total 134144K, used 9194K [0x00000000eab00000, 0x00000000f3f80000, 0x0000000100000000)
  eden space 124928K, 0% used [0x00000000eab00000,0x00000000eab00000,0x00000000f2500000)
  from space 9216K, 99% used [0x00000000f2500000,0x00000000f2dfa938,0x00000000f2e00000)
  to   space 11776K, 0% used [0x00000000f3400000,0x00000000f3400000,0x00000000f3f80000)
 ParOldGen       total 59904K, used 9762K [0x00000000c0000000, 0x00000000c3a80000, 0x00000000eab00000)
  object space 59904K, 16% used [0x00000000c0000000,0x00000000c0988be8,0x00000000c3a80000)
 Metaspace       used 32198K, capacity 32668K, committed 32768K, reserved 1077248K
  class space    used 4398K, capacity 4570K, committed 4608K, reserved 1048576K
}
Event: 5,294 GC heap before
{Heap before GC invocations=9 (full 1):
 PSYoungGen      total 134144K, used 90196K [0x00000000eab00000, 0x00000000f3f80000, 0x0000000100000000)
  eden space 124928K, 64% used [0x00000000eab00000,0x00000000efa1a920,0x00000000f2500000)
  from space 9216K, 99% used [0x00000000f2500000,0x00000000f2dfa938,0x00000000f2e00000)
  to   space 11776K, 0% used [0x00000000f3400000,0x00000000f3400000,0x00000000f3f80000)
 ParOldGen       total 59904K, used 9762K [0x00000000c0000000, 0x00000000c3a80000, 0x00000000eab00000)
  object space 59904K, 16% used [0x00000000c0000000,0x00000000c0988be8,0x00000000c3a80000)
 Metaspace       used 34926K, capacity 35402K, committed 35456K, reserved 1079296K
  class space    used 4804K, capacity 4962K, committed 4992K, reserved 1048576K
Event: 5,320 GC heap after
Heap after GC invocations=9 (full 1):
 PSYoungGen      total 138240K, used 11744K [0x00000000eab00000, 0x00000000f7600000, 0x0000000100000000)
  eden space 126464K, 0% used [0x00000000eab00000,0x00000000eab00000,0x00000000f2680000)
  from space 11776K, 99% used [0x00000000f3400000,0x00000000f3f78020,0x00000000f3f80000)
  to   space 13824K, 0% used [0x00000000f2680000,0x00000000f2680000,0x00000000f3400000)
 ParOldGen       total 59904K, used 11698K [0x00000000c0000000, 0x00000000c3a80000, 0x00000000eab00000)
  object space 59904K, 19% used [0x00000000c0000000,0x00000000c0b6c8a0,0x00000000c3a80000)
 Metaspace       used 34926K, capacity 35402K, committed 35456K, reserved 1079296K
  class space    used 4804K, capacity 4962K, committed 4992K, reserved 1048576K
}
Event: 5,320 GC heap before
{Heap before GC invocations=10 (full 2):
 PSYoungGen      total 138240K, used 11744K [0x00000000eab00000, 0x00000000f7600000, 0x0000000100000000)
  eden space 126464K, 0% used [0x00000000eab00000,0x00000000eab00000,0x00000000f2680000)
  from space 11776K, 99% used [0x00000000f3400000,0x00000000f3f78020,0x00000000f3f80000)
  to   space 13824K, 0% used [0x00000000f2680000,0x00000000f2680000,0x00000000f3400000)
 ParOldGen       total 59904K, used 11698K [0x00000000c0000000, 0x00000000c3a80000, 0x00000000eab00000)
  object space 59904K, 19% used [0x00000000c0000000,0x00000000c0b6c8a0,0x00000000c3a80000)
 Metaspace       used 34926K, capacity 35402K, committed 35456K, reserved 1079296K
  class space    used 4804K, capacity 4962K, committed 4992K, reserved 1048576K
Event: 5,449 GC heap after
Heap after GC invocations=10 (full 2):
 PSYoungGen      total 138240K, used 0K [0x00000000eab00000, 0x00000000f7600000, 0x0000000100000000)
  eden space 126464K, 0% used [0x00000000eab00000,0x00000000eab00000,0x00000000f2680000)
  from space 11776K, 0% used [0x00000000f3400000,0x00000000f3400000,0x00000000f3f80000)
  to   space 13824K, 0% used [0x00000000f2680000,0x00000000f2680000,0x00000000f3400000)
 ParOldGen       total 102400K, used 20023K [0x00000000c0000000, 0x00000000c6400000, 0x00000000eab00000)
  object space 102400K, 19% used [0x00000000c0000000,0x00000000c138dca0,0x00000000c6400000)
 Metaspace       used 34926K, capacity 35402K, committed 35456K, reserved 1079296K
  class space    used 4804K, capacity 4962K, committed 4992K, reserved 1048576K
}
Event: 7,628 GC heap before
{Heap before GC invocations=11 (full 2):
 PSYoungGen      total 138240K, used 126464K [0x00000000eab00000, 0x00000000f7600000, 0x0000000100000000)
  eden space 126464K, 100% used [0x00000000eab00000,0x00000000f2680000,0x00000000f2680000)
  from space 11776K, 0% used [0x00000000f3400000,0x00000000f3400000,0x00000000f3f80000)
  to   space 13824K, 0% used [0x00000000f2680000,0x00000000f2680000,0x00000000f3400000)
 ParOldGen       total 102400K, used 20023K [0x00000000c0000000, 0x00000000c6400000, 0x00000000eab00000)
  object space 102400K, 19% used [0x00000000c0000000,0x00000000c138dca0,0x00000000c6400000)
 Metaspace       used 44677K, capacity 45856K, committed 45952K, reserved 1089536K
  class space    used 6144K, capacity 6502K, committed 6528K, reserved 1048576K
Event: 7,659 GC heap after
Heap after GC invocations=11 (full 2):
 PSYoungGen      total 140288K, used 13810K [0x00000000eab00000, 0x00000000f6600000, 0x0000000100000000)
  eden space 126464K, 0% used [0x00000000eab00000,0x00000000eab00000,0x00000000f2680000)
  from space 13824K, 99% used [0x00000000f2680000,0x00000000f33fc960,0x00000000f3400000)
  to   space 17920K, 0% used [0x00000000f5480000,0x00000000f5480000,0x00000000f6600000)
 ParOldGen       total 102400K, used 25131K [0x00000000c0000000, 0x00000000c6400000, 0x00000000eab00000)
  object space 102400K, 24% used [0x00000000c0000000,0x00000000c188ae58,0x00000000c6400000)
 Metaspace       used 44677K, capacity 45856K, committed 45952K, reserved 1089536K
  class space    used 6144K, capacity 6502K, committed 6528K, reserved 1048576K
}
Event: 9,714 GC heap before
{Heap before GC invocations=12 (full 2):
 PSYoungGen      total 140288K, used 107339K [0x00000000eab00000, 0x00000000f6600000, 0x0000000100000000)
  eden space 126464K, 73% used [0x00000000eab00000,0x00000000f06565f0,0x00000000f2680000)
  from space 13824K, 99% used [0x00000000f2680000,0x00000000f33fc960,0x00000000f3400000)
  to   space 17920K, 0% used [0x00000000f5480000,0x00000000f5480000,0x00000000f6600000)
 ParOldGen       total 102400K, used 25131K [0x00000000c0000000, 0x00000000c6400000, 0x00000000eab00000)
  object space 102400K, 24% used [0x00000000c0000000,0x00000000c188ae58,0x00000000c6400000)
 Metaspace       used 57459K, capacity 58758K, committed 59096K, reserved 1099776K
  class space    used 9237K, capacity 9625K, committed 9688K, reserved 1048576K
Event: 9,744 GC heap after
Heap after GC invocations=12 (full 2):
 PSYoungGen      total 167424K, used 17914K [0x00000000eab00000, 0x00000000f7080000, 0x0000000100000000)
  eden space 149504K, 0% used [0x00000000eab00000,0x00000000eab00000,0x00000000f3d00000)
  from space 17920K, 99% used [0x00000000f5480000,0x00000000f65fe8e8,0x00000000f6600000)
  to   space 24064K, 0% used [0x00000000f3d00000,0x00000000f3d00000,0x00000000f5480000)
 ParOldGen       total 102400K, used 34897K [0x00000000c0000000, 0x00000000c6400000, 0x00000000eab00000)
  object space 102400K, 34% used [0x00000000c0000000,0x00000000c2214558,0x00000000c6400000)
 Metaspace       used 57459K, capacity 58758K, committed 59096K, reserved 1099776K
  class space    used 9237K, capacity 9625K, committed 9688K, reserved 1048576K
}
Event: 9,744 GC heap before
{Heap before GC invocations=13 (full 3):
 PSYoungGen      total 167424K, used 17914K [0x00000000eab00000, 0x00000000f7080000, 0x0000000100000000)
  eden space 149504K, 0% used [0x00000000eab00000,0x00000000eab00000,0x00000000f3d00000)
  from space 17920K, 99% used [0x00000000f5480000,0x00000000f65fe8e8,0x00000000f6600000)
  to   space 24064K, 0% used [0x00000000f3d00000,0x00000000f3d00000,0x00000000f5480000)
 ParOldGen       total 102400K, used 34897K [0x00000000c0000000, 0x00000000c6400000, 0x00000000eab00000)
  object space 102400K, 34% used [0x00000000c0000000,0x00000000c2214558,0x00000000c6400000)
 Metaspace       used 57459K, capacity 58758K, committed 59096K, reserved 1099776K
  class space    used 9237K, capacity 9625K, committed 9688K, reserved 1048576K
Event: 9,985 GC heap after
Heap after GC invocations=13 (full 3):
 PSYoungGen      total 167424K, used 0K [0x00000000eab00000, 0x00000000f7080000, 0x0000000100000000)
  eden space 149504K, 0% used [0x00000000eab00000,0x00000000eab00000,0x00000000f3d00000)
  from space 17920K, 0% used [0x00000000f5480000,0x00000000f5480000,0x00000000f6600000)
  to   space 24064K, 0% used [0x00000000f3d00000,0x00000000f3d00000,0x00000000f5480000)
 ParOldGen       total 163328K, used 45227K [0x00000000c0000000, 0x00000000c9f80000, 0x00000000eab00000)
  object space 163328K, 27% used [0x00000000c0000000,0x00000000c2c2af30,0x00000000c9f80000)
 Metaspace       used 57459K, capacity 58758K, committed 59096K, reserved 1099776K
  class space    used 9237K, capacity 9625K, committed 9688K, reserved 1048576K
}
Event: 12,574 GC heap before
{Heap before GC invocations=14 (full 3):
 PSYoungGen      total 167424K, used 149504K [0x00000000eab00000, 0x00000000f7080000, 0x0000000100000000)
  eden space 149504K, 100% used [0x00000000eab00000,0x00000000f3d00000,0x00000000f3d00000)
  from space 17920K, 0% used [0x00000000f5480000,0x00000000f5480000,0x00000000f6600000)
  to   space 24064K, 0% used [0x00000000f3d00000,0x00000000f3d00000,0x00000000f5480000)
 ParOldGen       total 163328K, used 45227K [0x00000000c0000000, 0x00000000c9f80000, 0x00000000eab00000)
  object space 163328K, 27% used [0x00000000c0000000,0x00000000c2c2af30,0x00000000c9f80000)
 Metaspace       used 64193K, capacity 65726K, committed 66136K, reserved 1105920K
  class space    used 10083K, capacity 10547K, committed 10584K, reserved 1048576K
Event: 12,611 GC heap after
Heap after GC invocations=14 (full 3):
 PSYoungGen      total 173568K, used 21503K [0x00000000eab00000, 0x00000000f8c80000, 0x0000000100000000)
  eden space 149504K, 0% used [0x00000000eab00000,0x00000000eab00000,0x00000000f3d00000)
  from space 24064K, 89% used [0x00000000f3d00000,0x00000000f51ffe98,0x00000000f5480000)
  to   space 26624K, 0% used [0x00000000f7280000,0x00000000f7280000,0x00000000f8c80000)
 ParOldGen       total 163328K, used 45235K [0x00000000c0000000, 0x00000000c9f80000, 0x00000000eab00000)
  object space 163328K, 27% used [0x00000000c0000000,0x00000000c2c2cf30,0x00000000c9f80000)
 Metaspace       used 64193K, capacity 65726K, committed 66136K, reserved 1105920K
  class space    used 10083K, capacity 10547K, committed 10584K, reserved 1048576K
}
Event: 13,944 GC heap before
{Heap before GC invocations=15 (full 3):
 PSYoungGen      total 173568K, used 171007K [0x00000000eab00000, 0x00000000f8c80000, 0x0000000100000000)
  eden space 149504K, 100% used [0x00000000eab00000,0x00000000f3d00000,0x00000000f3d00000)
  from space 24064K, 89% used [0x00000000f3d00000,0x00000000f51ffe98,0x00000000f5480000)
  to   space 26624K, 0% used [0x00000000f7280000,0x00000000f7280000,0x00000000f8c80000)
 ParOldGen       total 163328K, used 45235K [0x00000000c0000000, 0x00000000c9f80000, 0x00000000eab00000)
  object space 163328K, 27% used [0x00000000c0000000,0x00000000c2c2cf30,0x00000000c9f80000)
 Metaspace       used 65274K, capacity 66788K, committed 67032K, reserved 1105920K
  class space    used 10250K, capacity 10708K, committed 10712K, reserved 1048576K
Event: 14,006 GC heap after
Heap after GC invocations=15 (full 3):
 PSYoungGen      total 200704K, used 26601K [0x00000000eab00000, 0x00000000f9880000, 0x0000000100000000)
  eden space 174080K, 0% used [0x00000000eab00000,0x00000000eab00000,0x00000000f5500000)
  from space 26624K, 99% used [0x00000000f7280000,0x00000000f8c7a4d8,0x00000000f8c80000)
  to   space 30208K, 0% used [0x00000000f5500000,0x00000000f5500000,0x00000000f7280000)
 ParOldGen       total 163328K, used 45243K [0x00000000c0000000, 0x00000000c9f80000, 0x00000000eab00000)
  object space 163328K, 27% used [0x00000000c0000000,0x00000000c2c2ef30,0x00000000c9f80000)
 Metaspace       used 65274K, capacity 66788K, committed 67032K, reserved 1105920K
  class space    used 10250K, capacity 10708K, committed 10712K, reserved 1048576K
}
Event: 16,178 GC heap before
{Heap before GC invocations=16 (full 3):
 PSYoungGen      total 200704K, used 200681K [0x00000000eab00000, 0x00000000f9880000, 0x0000000100000000)
  eden space 174080K, 100% used [0x00000000eab00000,0x00000000f5500000,0x00000000f5500000)
  from space 26624K, 99% used [0x00000000f7280000,0x00000000f8c7a4d8,0x00000000f8c80000)
  to   space 30208K, 0% used [0x00000000f5500000,0x00000000f5500000,0x00000000f7280000)
 ParOldGen       total 163328K, used 45243K [0x00000000c0000000, 0x00000000c9f80000, 0x00000000eab00000)
  object space 163328K, 27% used [0x00000000c0000000,0x00000000c2c2ef30,0x00000000c9f80000)
 Metaspace       used 72577K, capacity 74128K, committed 74712K, reserved 1112064K
  class space    used 11889K, capacity 12383K, committed 12504K, reserved 1048576K
Event: 16,229 GC heap after
Heap after GC invocations=16 (full 3):
 PSYoungGen      total 204288K, used 30177K [0x00000000eab00000, 0x00000000fc780000, 0x0000000100000000)
  eden space 174080K, 0% used [0x00000000eab00000,0x00000000eab00000,0x00000000f5500000)
  from space 30208K, 99% used [0x00000000f5500000,0x00000000f72784e8,0x00000000f7280000)
  to   space 39424K, 0% used [0x00000000fa100000,0x00000000fa100000,0x00000000fc780000)
 ParOldGen       total 163328K, used 57337K [0x00000000c0000000, 0x00000000c9f80000, 0x00000000eab00000)
  object space 163328K, 35% used [0x00000000c0000000,0x00000000c37fe4c0,0x00000000c9f80000)
 Metaspace       used 72577K, capacity 74128K, committed 74712K, reserved 1112064K
  class space    used 11889K, capacity 12383K, committed 12504K, reserved 1048576K
}
Event: 16,964 GC heap before
{Heap before GC invocations=17 (full 3):
 PSYoungGen      total 204288K, used 204257K [0x00000000eab00000, 0x00000000fc780000, 0x0000000100000000)
  eden space 174080K, 100% used [0x00000000eab00000,0x00000000f5500000,0x00000000f5500000)
  from space 30208K, 99% used [0x00000000f5500000,0x00000000f72784e8,0x00000000f7280000)
  to   space 39424K, 0% used [0x00000000fa100000,0x00000000fa100000,0x00000000fc780000)
 ParOldGen       total 163328K, used 57337K [0x00000000c0000000, 0x00000000c9f80000, 0x00000000eab00000)
  object space 163328K, 35% used [0x00000000c0000000,0x00000000c37fe4c0,0x00000000c9f80000)
 Metaspace       used 73171K, capacity 74772K, committed 75352K, reserved 1112064K
  class space    used 12004K, capacity 12511K, committed 12632K, reserved 1048576K
Event: 17,032 GC heap after
Heap after GC invocations=17 (full 3):
 PSYoungGen      total 246784K, used 36614K [0x00000000eab00000, 0x00000000fdd00000, 0x0000000100000000)
  eden space 207360K, 0% used [0x00000000eab00000,0x00000000eab00000,0x00000000f7580000)
  from space 39424K, 92% used [0x00000000fa100000,0x00000000fc4c19c8,0x00000000fc780000)
  to   space 44544K, 0% used [0x00000000f7580000,0x00000000f7580000,0x00000000fa100000)
 ParOldGen       total 163328K, used 57345K [0x00000000c0000000, 0x00000000c9f80000, 0x00000000eab00000)
  object space 163328K, 35% used [0x00000000c0000000,0x00000000c38004c0,0x00000000c9f80000)
 Metaspace       used 73171K, capacity 74772K, committed 75352K, reserved 1112064K
  class space    used 12004K, capacity 12511K, committed 12632K, reserved 1048576K
}
Event: 18,554 GC heap before
{Heap before GC invocations=18 (full 3):
 PSYoungGen      total 246784K, used 243974K [0x00000000eab00000, 0x00000000fdd00000, 0x0000000100000000)
  eden space 207360K, 100% used [0x00000000eab00000,0x00000000f7580000,0x00000000f7580000)
  from space 39424K, 92% used [0x00000000fa100000,0x00000000fc4c19c8,0x00000000fc780000)
  to   space 44544K, 0% used [0x00000000f7580000,0x00000000f7580000,0x00000000fa100000)
 ParOldGen       total 163328K, used 57345K [0x00000000c0000000, 0x00000000c9f80000, 0x00000000eab00000)
  object space 163328K, 35% used [0x00000000c0000000,0x00000000c38004c0,0x00000000c9f80000)
 Metaspace       used 74517K, capacity 76038K, committed 76504K, reserved 1114112K
  class space    used 12197K, capacity 12676K, committed 12760K, reserved 1048576K
Event: 18,636 GC heap after
Heap after GC invocations=18 (full 3):
 PSYoungGen      total 251904K, used 35171K [0x00000000eab00000, 0x0000000100000000, 0x0000000100000000)
  eden space 207360K, 0% used [0x00000000eab00000,0x00000000eab00000,0x00000000f7580000)
  from space 44544K, 78% used [0x00000000f7580000,0x00000000f97d8c50,0x00000000fa100000)
  to   space 48128K, 0% used [0x00000000fd100000,0x00000000fd100000,0x0000000100000000)
 ParOldGen       total 163328K, used 69839K [0x00000000c0000000, 0x00000000c9f80000, 0x00000000eab00000)
  object space 163328K, 42% used [0x00000000c0000000,0x00000000c4433eb8,0x00000000c9f80000)
 Metaspace       used 74517K, capacity 76038K, committed 76504K, reserved 1114112K
  class space    used 12197K, capacity 12676K, committed 12760K, reserved 1048576K
}
Event: 20,872 GC heap before
{Heap before GC invocations=19 (full 3):
 PSYoungGen      total 251904K, used 242531K [0x00000000eab00000, 0x0000000100000000, 0x0000000100000000)
  eden space 207360K, 100% used [0x00000000eab00000,0x00000000f7580000,0x00000000f7580000)
  from space 44544K, 78% used [0x00000000f7580000,0x00000000f97d8c50,0x00000000fa100000)
  to   space 48128K, 0% used [0x00000000fd100000,0x00000000fd100000,0x0000000100000000)
 ParOldGen       total 163328K, used 69839K [0x00000000c0000000, 0x00000000c9f80000, 0x00000000eab00000)
  object space 163328K, 42% used [0x00000000c0000000,0x00000000c4433eb8,0x00000000c9f80000)
 Metaspace       used 75102K, capacity 76694K, committed 77272K, reserved 1114112K
  class space    used 12207K, capacity 12680K, committed 12760K, reserved 1048576K
Event: 20,949 GC heap after
Heap after GC invocations=19 (full 3):
 PSYoungGen      total 278528K, used 48100K [0x00000000eab00000, 0x0000000100000000, 0x0000000100000000)
  eden space 230400K, 0% used [0x00000000eab00000,0x00000000eab00000,0x00000000f8c00000)
  from space 48128K, 99% used [0x00000000fd100000,0x00000000ffff9368,0x0000000100000000)
  to   space 59392K, 0% used [0x00000000f8c00000,0x00000000f8c00000,0x00000000fc600000)
 ParOldGen       total 163328K, used 80063K [0x00000000c0000000, 0x00000000c9f80000, 0x00000000eab00000)
  object space 163328K, 49% used [0x00000000c0000000,0x00000000c4e2fe98,0x00000000c9f80000)
 Metaspace       used 75102K, capacity 76694K, committed 77272K, reserved 1114112K
  class space    used 12207K, capacity 12680K, committed 12760K, reserved 1048576K
}
Event: 23,807 GC heap before
{Heap before GC invocations=20 (full 3):
 PSYoungGen      total 278528K, used 278500K [0x00000000eab00000, 0x0000000100000000, 0x0000000100000000)
  eden space 230400K, 100% used [0x00000000eab00000,0x00000000f8c00000,0x00000000f8c00000)
  from space 48128K, 99% used [0x00000000fd100000,0x00000000ffff9368,0x0000000100000000)
  to   space 59392K, 0% used [0x00000000f8c00000,0x00000000f8c00000,0x00000000fc600000)
 ParOldGen       total 163328K, used 80063K [0x00000000c0000000, 0x00000000c9f80000, 0x00000000eab00000)
  object space 163328K, 49% used [0x00000000c0000000,0x00000000c4e2fe98,0x00000000c9f80000)
 Metaspace       used 75235K, capacity 76826K, committed 77272K, reserved 1114112K
  class space    used 12209K, capacity 12680K, committed 12760K, reserved 1048576K
Event: 23,866 GC heap after
Heap after GC invocations=20 (full 3):
 PSYoungGen      total 265728K, used 35194K [0x00000000eab00000, 0x0000000100000000, 0x0000000100000000)
  eden space 230400K, 0% used [0x00000000eab00000,0x00000000eab00000,0x00000000f8c00000)
  from space 35328K, 99% used [0x00000000f8c00000,0x00000000fae5ea38,0x00000000fae80000)
  to   space 60416K, 0% used [0x00000000fc500000,0x00000000fc500000,0x0000000100000000)
 ParOldGen       total 163328K, used 95409K [0x00000000c0000000, 0x00000000c9f80000, 0x00000000eab00000)
  object space 163328K, 58% used [0x00000000c0000000,0x00000000c5d2c7d8,0x00000000c9f80000)
 Metaspace       used 75235K, capacity 76826K, committed 77272K, reserved 1114112K
  class space    used 12209K, capacity 12680K, committed 12760K, reserved 1048576K
}
Event: 24,800 GC heap before
{Heap before GC invocations=21 (full 3):
 PSYoungGen      total 265728K, used 265594K [0x00000000eab00000, 0x0000000100000000, 0x0000000100000000)
  eden space 230400K, 100% used [0x00000000eab00000,0x00000000f8c00000,0x00000000f8c00000)
  from space 35328K, 99% used [0x00000000f8c00000,0x00000000fae5ea38,0x00000000fae80000)
  to   space 60416K, 0% used [0x00000000fc500000,0x00000000fc500000,0x0000000100000000)
 ParOldGen       total 163328K, used 95409K [0x00000000c0000000, 0x00000000c9f80000, 0x00000000eab00000)
  object space 163328K, 58% used [0x00000000c0000000,0x00000000c5d2c7d8,0x00000000c9f80000)
 Metaspace       used 75357K, capacity 76986K, committed 77528K, reserved 1114112K
  class space    used 12214K, capacity 12712K, committed 12760K, reserved 1048576K
Event: 24,842 GC heap after
Heap after GC invocations=21 (full 3):
 PSYoungGen      total 271360K, used 58432K [0x00000000eab00000, 0x0000000100000000, 0x0000000100000000)
  eden space 210944K, 0% used [0x00000000eab00000,0x00000000eab00000,0x00000000f7900000)
  from space 60416K, 96% used [0x00000000fc500000,0x00000000ffe10340,0x0000000100000000)
  to   space 69120K, 0% used [0x00000000f7900000,0x00000000f7900000,0x00000000fbc80000)
 ParOldGen       total 163328K, used 95417K [0x00000000c0000000, 0x00000000c9f80000, 0x00000000eab00000)
  object space 163328K, 58% used [0x00000000c0000000,0x00000000c5d2e7d8,0x00000000c9f80000)
 Metaspace       used 75357K, capacity 76986K, committed 77528K, reserved 1114112K
  class space    used 12214K, capacity 12712K, committed 12760K, reserved 1048576K
}
Event: 25,350 GC heap before
{Heap before GC invocations=22 (full 3):
 PSYoungGen      total 271360K, used 269376K [0x00000000eab00000, 0x0000000100000000, 0x0000000100000000)
  eden space 210944K, 100% used [0x00000000eab00000,0x00000000f7900000,0x00000000f7900000)
  from space 60416K, 96% used [0x00000000fc500000,0x00000000ffe10340,0x0000000100000000)
  to   space 69120K, 0% used [0x00000000f7900000,0x00000000f7900000,0x00000000fbc80000)
 ParOldGen       total 163328K, used 95417K [0x00000000c0000000, 0x00000000c9f80000, 0x00000000eab00000)
  object space 163328K, 58% used [0x00000000c0000000,0x00000000c5d2e7d8,0x00000000c9f80000)
 Metaspace       used 75357K, capacity 76986K, committed 77528K, reserved 1114112K
  class space    used 12214K, capacity 12712K, committed 12760K, reserved 1048576K
Event: 25,392 GC heap after
Heap after GC invocations=22 (full 3):
 PSYoungGen      total 269312K, used 58351K [0x00000000eab00000, 0x0000000100000000, 0x0000000100000000)
  eden space 210944K, 0% used [0x00000000eab00000,0x00000000eab00000,0x00000000f7900000)
  from space 58368K, 99% used [0x00000000f7900000,0x00000000fb1fbf98,0x00000000fb200000)
  to   space 76288K, 0% used [0x00000000fb580000,0x00000000fb580000,0x0000000100000000)
 ParOldGen       total 163328K, used 95417K [0x00000000c0000000, 0x00000000c9f80000, 0x00000000eab00000)
  object space 163328K, 58% used [0x00000000c0000000,0x00000000c5d2e7d8,0x00000000c9f80000)
 Metaspace       used 75357K, capacity 76986K, committed 77528K, reserved 1114112K
  class space    used 12214K, capacity 12712K, committed 12760K, reserved 1048576K
}
Event: 25,894 GC heap before
{Heap before GC invocations=23 (full 3):
 PSYoungGen      total 269312K, used 269295K [0x00000000eab00000, 0x0000000100000000, 0x0000000100000000)
  eden space 210944K, 100% used [0x00000000eab00000,0x00000000f7900000,0x00000000f7900000)
  from space 58368K, 99% used [0x00000000f7900000,0x00000000fb1fbf98,0x00000000fb200000)
  to   space 76288K, 0% used [0x00000000fb580000,0x00000000fb580000,0x0000000100000000)
 ParOldGen       total 163328K, used 95417K [0x00000000c0000000, 0x00000000c9f80000, 0x00000000eab00000)
  object space 163328K, 58% used [0x00000000c0000000,0x00000000c5d2e7d8,0x00000000c9f80000)
 Metaspace       used 75357K, capacity 76986K, committed 77528K, reserved 1114112K
  class space    used 12214K, capacity 12712K, committed 12760K, reserved 1048576K
Event: 25,934 GC heap after
Heap after GC invocations=23 (full 3):
 PSYoungGen      total 270848K, used 47168K [0x00000000eab00000, 0x0000000100000000, 0x0000000100000000)
  eden space 194560K, 0% used [0x00000000eab00000,0x00000000eab00000,0x00000000f6900000)
  from space 76288K, 61% used [0x00000000fb580000,0x00000000fe390320,0x0000000100000000)
  to   space 77312K, 0% used [0x00000000f6900000,0x00000000f6900000,0x00000000fb480000)
 ParOldGen       total 163328K, used 106677K [0x00000000c0000000, 0x00000000c9f80000, 0x00000000eab00000)
  object space 163328K, 65% used [0x00000000c0000000,0x00000000c682d6a0,0x00000000c9f80000)
 Metaspace       used 75357K, capacity 76986K, committed 77528K, reserved 1114112K
  class space    used 12214K, capacity 12712K, committed 12760K, reserved 1048576K
}
Event: 26,413 GC heap before
{Heap before GC invocations=24 (full 3):
 PSYoungGen      total 270848K, used 241728K [0x00000000eab00000, 0x0000000100000000, 0x0000000100000000)
  eden space 194560K, 100% used [0x00000000eab00000,0x00000000f6900000,0x00000000f6900000)
  from space 76288K, 61% used [0x00000000fb580000,0x00000000fe390320,0x0000000100000000)
  to   space 77312K, 0% used [0x00000000f6900000,0x00000000f6900000,0x00000000fb480000)
 ParOldGen       total 163328K, used 106677K [0x00000000c0000000, 0x00000000c9f80000, 0x00000000eab00000)
  object space 163328K, 65% used [0x00000000c0000000,0x00000000c682d6a0,0x00000000c9f80000)
 Metaspace       used 75357K, capacity 76986K, committed 77528K, reserved 1114112K
  class space    used 12214K, capacity 12712K, committed 12760K, reserved 1048576K
Event: 26,442 GC heap after
Heap after GC invocations=24 (full 3):
 PSYoungGen      total 271872K, used 12178K [0x00000000eab00000, 0x0000000100000000, 0x0000000100000000)
  eden space 194560K, 0% used [0x00000000eab00000,0x00000000eab00000,0x00000000f6900000)
  from space 77312K, 15% used [0x00000000f6900000,0x00000000f74e4b08,0x00000000fb480000)
  to   space 76800K, 0% used [0x00000000fb500000,0x00000000fb500000,0x0000000100000000)
 ParOldGen       total 163328K, used 130545K [0x00000000c0000000, 0x00000000c9f80000, 0x00000000eab00000)
  object space 163328K, 79% used [0x00000000c0000000,0x00000000c7f7c4b0,0x00000000c9f80000)
 Metaspace       used 75357K, capacity 76986K, committed 77528K, reserved 1114112K
  class space    used 12214K, capacity 12712K, committed 12760K, reserved 1048576K
}
Event: 26,930 GC heap before
{Heap before GC invocations=25 (full 3):
 PSYoungGen      total 271872K, used 206738K [0x00000000eab00000, 0x0000000100000000, 0x0000000100000000)
  eden space 194560K, 100% used [0x00000000eab00000,0x00000000f6900000,0x00000000f6900000)
  from space 77312K, 15% used [0x00000000f6900000,0x00000000f74e4b08,0x00000000fb480000)
  to   space 76800K, 0% used [0x00000000fb500000,0x00000000fb500000,0x0000000100000000)
 ParOldGen       total 163328K, used 130545K [0x00000000c0000000, 0x00000000c9f80000, 0x00000000eab00000)
  object space 163328K, 79% used [0x00000000c0000000,0x00000000c7f7c4b0,0x00000000c9f80000)
 Metaspace       used 75359K, capacity 76986K, committed 77528K, reserved 1114112K
  class space    used 12214K, capacity 12712K, committed 12760K, reserved 1048576K
Event: 26,942 GC heap after
Heap after GC invocations=25 (full 3):
 PSYoungGen      total 267264K, used 50729K [0x00000000eab00000, 0x0000000100000000, 0x0000000100000000)
  eden space 190464K, 0% used [0x00000000eab00000,0x00000000eab00000,0x00000000f6500000)
  from space 76800K, 66% used [0x00000000fb500000,0x00000000fe68a6a0,0x0000000100000000)
  to   space 79360K, 0% used [0x00000000f6500000,0x00000000f6500000,0x00000000fb280000)
 ParOldGen       total 163328K, used 142242K [0x00000000c0000000, 0x00000000c9f80000, 0x00000000eab00000)
  object space 163328K, 87% used [0x00000000c0000000,0x00000000c8ae89e8,0x00000000c9f80000)
 Metaspace       used 75359K, capacity 76986K, committed 77528K, reserved 1114112K
  class space    used 12214K, capacity 12712K, committed 12760K, reserved 1048576K
}
Event: 26,942 GC heap before
{Heap before GC invocations=26 (full 4):
 PSYoungGen      total 267264K, used 50729K [0x00000000eab00000, 0x0000000100000000, 0x0000000100000000)
  eden space 190464K, 0% used [0x00000000eab00000,0x00000000eab00000,0x00000000f6500000)
  from space 76800K, 66% used [0x00000000fb500000,0x00000000fe68a6a0,0x0000000100000000)
  to   space 79360K, 0% used [0x00000000f6500000,0x00000000f6500000,0x00000000fb280000)
 ParOldGen       total 163328K, used 142242K [0x00000000c0000000, 0x00000000c9f80000, 0x00000000eab00000)
  object space 163328K, 87% used [0x00000000c0000000,0x00000000c8ae89e8,0x00000000c9f80000)
 Metaspace       used 75359K, capacity 76986K, committed 77528K, reserved 1114112K
  class space    used 12214K, capacity 12712K, committed 12760K, reserved 1048576K
Event: 27,649 GC heap after
Heap after GC invocations=26 (full 4):
 PSYoungGen      total 267264K, used 2796K [0x00000000eab00000, 0x0000000100000000, 0x0000000100000000)
  eden space 190464K, 0% used [0x00000000eab00000,0x00000000eab00000,0x00000000f6500000)
  from space 76800K, 3% used [0x00000000fb500000,0x00000000fb7bb298,0x0000000100000000)
  to   space 79360K, 0% used [0x00000000f6500000,0x00000000f6500000,0x00000000fb280000)
 ParOldGen       total 327680K, used 161772K [0x00000000c0000000, 0x00000000d4000000, 0x00000000eab00000)
  object space 327680K, 49% used [0x00000000c0000000,0x00000000c9dfb230,0x00000000d4000000)
 Metaspace       used 75359K, capacity 76986K, committed 77528K, reserved 1114112K
  class space    used 12214K, capacity 12712K, committed 12760K, reserved 1048576K
}
Event: 28,113 GC heap before
{Heap before GC invocations=27 (full 4):
 PSYoungGen      total 267264K, used 193260K [0x00000000eab00000, 0x0000000100000000, 0x0000000100000000)
  eden space 190464K, 100% used [0x00000000eab00000,0x00000000f6500000,0x00000000f6500000)
  from space 76800K, 3% used [0x00000000fb500000,0x00000000fb7bb298,0x0000000100000000)
  to   space 79360K, 0% used [0x00000000f6500000,0x00000000f6500000,0x00000000fb280000)
 ParOldGen       total 327680K, used 161772K [0x00000000c0000000, 0x00000000d4000000, 0x00000000eab00000)
  object space 327680K, 49% used [0x00000000c0000000,0x00000000c9dfb230,0x00000000d4000000)
 Metaspace       used 75359K, capacity 76986K, committed 77528K, reserved 1114112K
  class space    used 12214K, capacity 12712K, committed 12760K, reserved 1048576K
Event: 28,145 GC heap after
Heap after GC invocations=27 (full 4):
 PSYoungGen      total 193536K, used 2878K [0x00000000eab00000, 0x0000000100000000, 0x0000000100000000)
  eden space 190464K, 0% used [0x00000000eab00000,0x00000000eab00000,0x00000000f6500000)
  from space 3072K, 93% used [0x00000000f6500000,0x00000000f67cf8d8,0x00000000f6800000)
  to   space 79872K, 0% used [0x00000000fb200000,0x00000000fb200000,0x0000000100000000)
 ParOldGen       total 327680K, used 161772K [0x00000000c0000000, 0x00000000d4000000, 0x00000000eab00000)
  object space 327680K, 49% used [0x00000000c0000000,0x00000000c9dfb230,0x00000000d4000000)
 Metaspace       used 75359K, capacity 76986K, committed 77528K, reserved 1114112K
  class space    used 12214K, capacity 12712K, committed 12760K, reserved 1048576K
}
Event: 28,608 GC heap before
{Heap before GC invocations=28 (full 4):
 PSYoungGen      total 193536K, used 193342K [0x00000000eab00000, 0x0000000100000000, 0x0000000100000000)
  eden space 190464K, 100% used [0x00000000eab00000,0x00000000f6500000,0x00000000f6500000)
  from space 3072K, 93% used [0x00000000f6500000,0x00000000f67cf8d8,0x00000000f6800000)
  to   space 79872K, 0% used [0x00000000fb200000,0x00000000fb200000,0x0000000100000000)
 ParOldGen       total 327680K, used 161772K [0x00000000c0000000, 0x00000000d4000000, 0x00000000eab00000)
  object space 327680K, 49% used [0x00000000c0000000,0x00000000c9dfb230,0x00000000d4000000)
 Metaspace       used 75359K, capacity 76986K, committed 77528K, reserved 1114112K
  class space    used 12214K, capacity 12712K, committed 12760K, reserved 1048576K
Event: 28,612 GC heap after
Heap after GC invocations=28 (full 4):
 PSYoungGen      total 269824K, used 2878K [0x00000000eab00000, 0x0000000100000000, 0x0000000100000000)
  eden space 189952K, 0% used [0x00000000eab00000,0x00000000eab00000,0x00000000f6480000)
  from space 79872K, 3% used [0x00000000fb200000,0x00000000fb4cf8d8,0x0000000100000000)
  to   space 79360K, 0% used [0x00000000f6480000,0x00000000f6480000,0x00000000fb200000)
 ParOldGen       total 327680K, used 161772K [0x00000000c0000000, 0x00000000d4000000, 0x00000000eab00000)
  object space 327680K, 49% used [0x00000000c0000000,0x00000000c9dfb230,0x00000000d4000000)
 Metaspace       used 75359K, capacity 76986K, committed 77528K, reserved 1114112K
  class space    used 12214K, capacity 12712K, committed 12760K, reserved 1048576K
}
Event: 29,070 GC heap before
{Heap before GC invocations=29 (full 4):
 PSYoungGen      total 269824K, used 192830K [0x00000000eab00000, 0x0000000100000000, 0x0000000100000000)
  eden space 189952K, 100% used [0x00000000eab00000,0x00000000f6480000,0x00000000f6480000)
  from space 79872K, 3% used [0x00000000fb200000,0x00000000fb4cf8d8,0x0000000100000000)
  to   space 79360K, 0% used [0x00000000f6480000,0x00000000f6480000,0x00000000fb200000)
 ParOldGen       total 327680K, used 161772K [0x00000000c0000000, 0x00000000d4000000, 0x00000000eab00000)
  object space 327680K, 49% used [0x00000000c0000000,0x00000000c9dfb230,0x00000000d4000000)
 Metaspace       used 75359K, capacity 76986K, committed 77528K, reserved 1114112K
  class space    used 12214K, capacity 12712K, committed 12760K, reserved 1048576K
Event: 29,075 GC heap after
Heap after GC invocations=29 (full 4):
 PSYoungGen      total 193024K, used 2878K [0x00000000eab00000, 0x00000000ffd80000, 0x0000000100000000)
  eden space 189952K, 0% used [0x00000000eab00000,0x00000000eab00000,0x00000000f6480000)
  from space 3072K, 93% used [0x00000000f6480000,0x00000000f674f8d8,0x00000000f6780000)
  to   space 78336K, 0% used [0x00000000fb100000,0x00000000fb100000,0x00000000ffd80000)
 ParOldGen       total 327680K, used 161772K [0x00000000c0000000, 0x00000000d4000000, 0x00000000eab00000)
  object space 327680K, 49% used [0x00000000c0000000,0x00000000c9dfb230,0x00000000d4000000)
 Metaspace       used 75359K, capacity 76986K, committed 77528K, reserved 1114112K
  class space    used 12214K, capacity 12712K, committed 12760K, reserved 1048576K
}
Event: 30,334 GC heap before
{Heap before GC invocations=30 (full 4):
 PSYoungGen      total 193024K, used 192830K [0x00000000eab00000, 0x00000000ffd80000, 0x0000000100000000)
  eden space 189952K, 100% used [0x00000000eab00000,0x00000000f6480000,0x00000000f6480000)
  from space 3072K, 93% used [0x00000000f6480000,0x00000000f674f8d8,0x00000000f6780000)
  to   space 78336K, 0% used [0x00000000fb100000,0x00000000fb100000,0x00000000ffd80000)
 ParOldGen       total 327680K, used 161772K [0x00000000c0000000, 0x00000000d4000000, 0x00000000eab00000)
  object space 327680K, 49% used [0x00000000c0000000,0x00000000c9dfb230,0x00000000d4000000)
 Metaspace       used 75369K, capacity 76986K, committed 77528K, reserved 1114112K
  class space    used 12214K, capacity 12712K, committed 12760K, reserved 1048576K
Event: 30,346 GC heap after
Heap after GC invocations=30 (full 4):
 PSYoungGen      total 273408K, used 22503K [0x00000000eab00000, 0x0000000100000000, 0x0000000100000000)
  eden space 195072K, 0% used [0x00000000eab00000,0x00000000eab00000,0x00000000f6980000)
  from space 78336K, 28% used [0x00000000fb100000,0x00000000fc6f9e80,0x00000000ffd80000)
  to   space 73216K, 0% used [0x00000000f6980000,0x00000000f6980000,0x00000000fb100000)
 ParOldGen       total 327680K, used 161772K [0x00000000c0000000, 0x00000000d4000000, 0x00000000eab00000)
  object space 327680K, 49% used [0x00000000c0000000,0x00000000c9dfb230,0x00000000d4000000)
 Metaspace       used 75369K, capacity 76986K, committed 77528K, reserved 1114112K
  class space    used 12214K, capacity 12712K, committed 12760K, reserved 1048576K
}
Event: 32,056 GC heap before
{Heap before GC invocations=31 (full 4):
 PSYoungGen      total 273408K, used 217575K [0x00000000eab00000, 0x0000000100000000, 0x0000000100000000)
  eden space 195072K, 100% used [0x00000000eab00000,0x00000000f6980000,0x00000000f6980000)
  from space 78336K, 28% used [0x00000000fb100000,0x00000000fc6f9e80,0x00000000ffd80000)
  to   space 73216K, 0% used [0x00000000f6980000,0x00000000f6980000,0x00000000fb100000)
 ParOldGen       total 327680K, used 161772K [0x00000000c0000000, 0x00000000d4000000, 0x00000000eab00000)
  object space 327680K, 49% used [0x00000000c0000000,0x00000000c9dfb230,0x00000000d4000000)
 Metaspace       used 75387K, capacity 76990K, committed 77528K, reserved 1114112K
  class space    used 12215K, capacity 12712K, committed 12760K, reserved 1048576K
Event: 32,070 GC heap after
Heap after GC invocations=31 (full 4):
 PSYoungGen      total 268288K, used 31748K [0x00000000eab00000, 0x00000000ff700000, 0x0000000100000000)
  eden space 195072K, 0% used [0x00000000eab00000,0x00000000eab00000,0x00000000f6980000)
  from space 73216K, 43% used [0x00000000f6980000,0x00000000f8881280,0x00000000fb100000)
  to   space 71168K, 0% used [0x00000000fb180000,0x00000000fb180000,0x00000000ff700000)
 ParOldGen       total 327680K, used 161772K [0x00000000c0000000, 0x00000000d4000000, 0x00000000eab00000)
  object space 327680K, 49% used [0x00000000c0000000,0x00000000c9dfb230,0x00000000d4000000)
 Metaspace       used 75387K, capacity 76990K, committed 77528K, reserved 1114112K
  class space    used 12215K, capacity 12712K, committed 12760K, reserved 1048576K
}
Event: 33,603 GC heap before
{Heap before GC invocations=32 (full 4):
 PSYoungGen      total 268288K, used 226820K [0x00000000eab00000, 0x00000000ff700000, 0x0000000100000000)
  eden space 195072K, 100% used [0x00000000eab00000,0x00000000f6980000,0x00000000f6980000)
  from space 73216K, 43% used [0x00000000f6980000,0x00000000f8881280,0x00000000fb100000)
  to   space 71168K, 0% used [0x00000000fb180000,0x00000000fb180000,0x00000000ff700000)
 ParOldGen       total 327680K, used 161772K [0x00000000c0000000, 0x00000000d4000000, 0x00000000eab00000)
  object space 327680K, 49% used [0x00000000c0000000,0x00000000c9dfb230,0x00000000d4000000)
 Metaspace       used 75392K, capacity 76990K, committed 77528K, reserved 1114112K
  class space    used 12215K, capacity 12712K, committed 12760K, reserved 1048576K
Event: 33,614 GC heap after
Heap after GC invocations=32 (full 4):
 PSYoungGen      total 270336K, used 32612K [0x00000000eab00000, 0x00000000ffb00000, 0x0000000100000000)
  eden space 199168K, 0% used [0x00000000eab00000,0x00000000eab00000,0x00000000f6d80000)
  from space 71168K, 45% used [0x00000000fb180000,0x00000000fd159280,0x00000000ff700000)
  to   space 69632K, 0% used [0x00000000f6d80000,0x00000000f6d80000,0x00000000fb180000)
 ParOldGen       total 327680K, used 161772K [0x00000000c0000000, 0x00000000d4000000, 0x00000000eab00000)
  object space 327680K, 49% used [0x00000000c0000000,0x00000000c9dfb230,0x00000000d4000000)
 Metaspace       used 75392K, capacity 76990K, committed 77528K, reserved 1114112K
  class space    used 12215K, capacity 12712K, committed 12760K, reserved 1048576K
}
Event: 737,349 GC heap before
{Heap before GC invocations=33 (full 4):
 PSYoungGen      total 270336K, used 231780K [0x00000000eab00000, 0x00000000ffb00000, 0x0000000100000000)
  eden space 199168K, 100% used [0x00000000eab00000,0x00000000f6d80000,0x00000000f6d80000)
  from space 71168K, 45% used [0x00000000fb180000,0x00000000fd159280,0x00000000ff700000)
  to   space 69632K, 0% used [0x00000000f6d80000,0x00000000f6d80000,0x00000000fb180000)
 ParOldGen       total 327680K, used 161772K [0x00000000c0000000, 0x00000000d4000000, 0x00000000eab00000)
  object space 327680K, 49% used [0x00000000c0000000,0x00000000c9dfb230,0x00000000d4000000)
 Metaspace       used 76176K, capacity 77796K, committed 78296K, reserved 1114112K
  class space    used 12282K, capacity 12756K, committed 12760K, reserved 1048576K
Event: 737,363 GC heap after
Heap after GC invocations=33 (full 4):
 PSYoungGen      total 268800K, used 36275K [0x00000000eab00000, 0x00000000ffd80000, 0x0000000100000000)
  eden space 199168K, 0% used [0x00000000eab00000,0x00000000eab00000,0x00000000f6d80000)
  from space 69632K, 52% used [0x00000000f6d80000,0x00000000f90ecf98,0x00000000fb180000)
  to   space 69120K, 0% used [0x00000000fba00000,0x00000000fba00000,0x00000000ffd80000)
 ParOldGen       total 327680K, used 161780K [0x00000000c0000000, 0x00000000d4000000, 0x00000000eab00000)
  object space 327680K, 49% used [0x00000000c0000000,0x00000000c9dfd230,0x00000000d4000000)
 Metaspace       used 76176K, capacity 77796K, committed 78296K, reserved 1114112K
  class space    used 12282K, capacity 12756K, committed 12760K, reserved 1048576K
}
Event: 741,010 GC heap before
{Heap before GC invocations=34 (full 4):
 PSYoungGen      total 268800K, used 235443K [0x00000000eab00000, 0x00000000ffd80000, 0x0000000100000000)
  eden space 199168K, 100% used [0x00000000eab00000,0x00000000f6d80000,0x00000000f6d80000)
  from space 69632K, 52% used [0x00000000f6d80000,0x00000000f90ecf98,0x00000000fb180000)
  to   space 69120K, 0% used [0x00000000fba00000,0x00000000fba00000,0x00000000ffd80000)
 ParOldGen       total 327680K, used 161780K [0x00000000c0000000, 0x00000000d4000000, 0x00000000eab00000)
  object space 327680K, 49% used [0x00000000c0000000,0x00000000c9dfd230,0x00000000d4000000)
 Metaspace       used 98171K, capacity 100124K, committed 100312K, reserved 1132544K
  class space    used 16519K, capacity 17056K, committed 17112K, reserved 1048576K
Event: 741,064 GC heap after
Heap after GC invocations=34 (full 4):
 PSYoungGen      total 259584K, used 66653K [0x00000000eab00000, 0x0000000100000000, 0x0000000100000000)
  eden space 190464K, 0% used [0x00000000eab00000,0x00000000eab00000,0x00000000f6500000)
  from space 69120K, 96% used [0x00000000fba00000,0x00000000ffb174c8,0x00000000ffd80000)
  to   space 79360K, 0% used [0x00000000f6500000,0x00000000f6500000,0x00000000fb280000)
 ParOldGen       total 327680K, used 161796K [0x00000000c0000000, 0x00000000d4000000, 0x00000000eab00000)
  object space 327680K, 49% used [0x00000000c0000000,0x00000000c9e01230,0x00000000d4000000)
 Metaspace       used 98171K, capacity 100124K, committed 100312K, reserved 1132544K
  class space    used 16519K, capacity 17056K, committed 17112K, reserved 1048576K
}
Event: 743,023 GC heap before
{Heap before GC invocations=35 (full 4):
 PSYoungGen      total 259584K, used 257117K [0x00000000eab00000, 0x0000000100000000, 0x0000000100000000)
  eden space 190464K, 100% used [0x00000000eab00000,0x00000000f6500000,0x00000000f6500000)
  from space 69120K, 96% used [0x00000000fba00000,0x00000000ffb174c8,0x00000000ffd80000)
  to   space 79360K, 0% used [0x00000000f6500000,0x00000000f6500000,0x00000000fb280000)
 ParOldGen       total 327680K, used 161796K [0x00000000c0000000, 0x00000000d4000000, 0x00000000eab00000)
  object space 327680K, 49% used [0x00000000c0000000,0x00000000c9e01230,0x00000000d4000000)
 Metaspace       used 100333K, capacity 102440K, committed 102744K, reserved 1134592K
  class space    used 16846K, capacity 17393K, committed 17496K, reserved 1048576K
Event: 743,096 GC heap after
Heap after GC invocations=35 (full 4):
 PSYoungGen      total 258560K, used 67823K [0x00000000eab00000, 0x0000000100000000, 0x0000000100000000)
  eden space 190464K, 0% used [0x00000000eab00000,0x00000000eab00000,0x00000000f6500000)
  from space 68096K, 99% used [0x00000000f6500000,0x00000000fa73bea8,0x00000000fa780000)
  to   space 88064K, 0% used [0x00000000faa00000,0x00000000faa00000,0x0000000100000000)
 ParOldGen       total 327680K, used 161804K [0x00000000c0000000, 0x00000000d4000000, 0x00000000eab00000)
  object space 327680K, 49% used [0x00000000c0000000,0x00000000c9e03230,0x00000000d4000000)
 Metaspace       used 100333K, capacity 102440K, committed 102744K, reserved 1134592K
  class space    used 16846K, capacity 17393K, committed 17496K, reserved 1048576K
}
Event: 744,728 GC heap before
{Heap before GC invocations=36 (full 4):
 PSYoungGen      total 258560K, used 258287K [0x00000000eab00000, 0x0000000100000000, 0x0000000100000000)
  eden space 190464K, 100% used [0x00000000eab00000,0x00000000f6500000,0x00000000f6500000)
  from space 68096K, 99% used [0x00000000f6500000,0x00000000fa73bea8,0x00000000fa780000)
  to   space 88064K, 0% used [0x00000000faa00000,0x00000000faa00000,0x0000000100000000)
 ParOldGen       total 327680K, used 161804K [0x00000000c0000000, 0x00000000d4000000, 0x00000000eab00000)
  object space 327680K, 49% used [0x00000000c0000000,0x00000000c9e03230,0x00000000d4000000)
 Metaspace       used 106136K, capacity 108198K, committed 108504K, reserved 1138688K
  class space    used 18339K, capacity 18903K, committed 18904K, reserved 1048576K
Event: 744,792 GC heap after
Heap after GC invocations=36 (full 4):
 PSYoungGen      total 237568K, used 79939K [0x00000000eab00000, 0x0000000100000000, 0x0000000100000000)
  eden space 149504K, 0% used [0x00000000eab00000,0x00000000eab00000,0x00000000f3d00000)
  from space 88064K, 90% used [0x00000000faa00000,0x00000000ff810f08,0x0000000100000000)
  to   space 99840K, 0% used [0x00000000f3d00000,0x00000000f3d00000,0x00000000f9e80000)
 ParOldGen       total 327680K, used 161812K [0x00000000c0000000, 0x00000000d4000000, 0x00000000eab00000)
  object space 327680K, 49% used [0x00000000c0000000,0x00000000c9e05230,0x00000000d4000000)
 Metaspace       used 106136K, capacity 108198K, committed 108504K, reserved 1138688K
  class space    used 18339K, capacity 18903K, committed 18904K, reserved 1048576K
}
Event: 745,473 GC heap before
{Heap before GC invocations=37 (full 4):
 PSYoungGen      total 237568K, used 229443K [0x00000000eab00000, 0x0000000100000000, 0x0000000100000000)
  eden space 149504K, 100% used [0x00000000eab00000,0x00000000f3d00000,0x00000000f3d00000)
  from space 88064K, 90% used [0x00000000faa00000,0x00000000ff810f08,0x0000000100000000)
  to   space 99840K, 0% used [0x00000000f3d00000,0x00000000f3d00000,0x00000000f9e80000)
 ParOldGen       total 327680K, used 161812K [0x00000000c0000000, 0x00000000d4000000, 0x00000000eab00000)
  object space 327680K, 49% used [0x00000000c0000000,0x00000000c9e05230,0x00000000d4000000)
 Metaspace       used 106643K, capacity 108778K, committed 108888K, reserved 1138688K
  class space    used 18448K, capacity 19031K, committed 19032K, reserved 1048576K
Event: 745,552 GC heap after
Heap after GC invocations=37 (full 4):
 PSYoungGen      total 230400K, used 80463K [0x00000000eab00000, 0x0000000100000000, 0x0000000100000000)
  eden space 149504K, 0% used [0x00000000eab00000,0x00000000eab00000,0x00000000f3d00000)
  from space 80896K, 99% used [0x00000000f3d00000,0x00000000f8b93c38,0x00000000f8c00000)
  to   space 109056K, 0% used [0x00000000f9580000,0x00000000f9580000,0x0000000100000000)
 ParOldGen       total 327680K, used 161812K [0x00000000c0000000, 0x00000000d4000000, 0x00000000eab00000)
  object space 327680K, 49% used [0x00000000c0000000,0x00000000c9e05230,0x00000000d4000000)
 Metaspace       used 106643K, capacity 108778K, committed 108888K, reserved 1138688K
  class space    used 18448K, capacity 19031K, committed 19032K, reserved 1048576K
}
Event: 747,113 GC heap before
{Heap before GC invocations=38 (full 4):
 PSYoungGen      total 230400K, used 229967K [0x00000000eab00000, 0x0000000100000000, 0x0000000100000000)
  eden space 149504K, 100% used [0x00000000eab00000,0x00000000f3d00000,0x00000000f3d00000)
  from space 80896K, 99% used [0x00000000f3d00000,0x00000000f8b93c38,0x00000000f8c00000)
  to   space 109056K, 0% used [0x00000000f9580000,0x00000000f9580000,0x0000000100000000)
 ParOldGen       total 327680K, used 161812K [0x00000000c0000000, 0x00000000d4000000, 0x00000000eab00000)
  object space 327680K, 49% used [0x00000000c0000000,0x00000000c9e05230,0x00000000d4000000)
 Metaspace       used 108044K, capacity 110240K, committed 110680K, reserved 1140736K
  class space    used 18646K, capacity 19196K, committed 19288K, reserved 1048576K
Event: 747,223 GC heap after
Heap after GC invocations=38 (full 4):
 PSYoungGen      total 225792K, used 89042K [0x00000000eab00000, 0x0000000100000000, 0x0000000100000000)
  eden space 116736K, 0% used [0x00000000eab00000,0x00000000eab00000,0x00000000f1d00000)
  from space 109056K, 81% used [0x00000000f9580000,0x00000000fec74a78,0x0000000100000000)
  to   space 116224K, 0% used [0x00000000f1d00000,0x00000000f1d00000,0x00000000f8e80000)
 ParOldGen       total 327680K, used 164626K [0x00000000c0000000, 0x00000000d4000000, 0x00000000eab00000)
  object space 327680K, 50% used [0x00000000c0000000,0x00000000ca0c4b08,0x00000000d4000000)
 Metaspace       used 108044K, capacity 110240K, committed 110680K, reserved 1140736K
  class space    used 18646K, capacity 19196K, committed 19288K, reserved 1048576K
}
Event: 748,545 GC heap before
{Heap before GC invocations=39 (full 4):
 PSYoungGen      total 225792K, used 205778K [0x00000000eab00000, 0x0000000100000000, 0x0000000100000000)
  eden space 116736K, 100% used [0x00000000eab00000,0x00000000f1d00000,0x00000000f1d00000)
  from space 109056K, 81% used [0x00000000f9580000,0x00000000fec74a78,0x0000000100000000)
  to   space 116224K, 0% used [0x00000000f1d00000,0x00000000f1d00000,0x00000000f8e80000)
 ParOldGen       total 327680K, used 164626K [0x00000000c0000000, 0x00000000d4000000, 0x00000000eab00000)
  object space 327680K, 50% used [0x00000000c0000000,0x00000000ca0c4b08,0x00000000d4000000)
 Metaspace       used 108316K, capacity 110506K, committed 110936K, reserved 1140736K
  class space    used 18649K, capacity 19199K, committed 19288K, reserved 1048576K
Event: 748,655 GC heap after
Heap after GC invocations=39 (full 4):
 PSYoungGen      total 232960K, used 101950K [0x00000000eab00000, 0x0000000100000000, 0x0000000100000000)
  eden space 116736K, 0% used [0x00000000eab00000,0x00000000eab00000,0x00000000f1d00000)
  from space 116224K, 87% used [0x00000000f1d00000,0x00000000f808f908,0x00000000f8e80000)
  to   space 116224K, 0% used [0x00000000f8e80000,0x00000000f8e80000,0x0000000100000000)
 ParOldGen       total 327680K, used 164634K [0x00000000c0000000, 0x00000000d4000000, 0x00000000eab00000)
  object space 327680K, 50% used [0x00000000c0000000,0x00000000ca0c6b08,0x00000000d4000000)
 Metaspace       used 108316K, capacity 110506K, committed 110936K, reserved 1140736K
  class space    used 18649K, capacity 19199K, committed 19288K, reserved 1048576K
}
Event: 749,837 GC heap before
{Heap before GC invocations=40 (full 4):
 PSYoungGen      total 232960K, used 218686K [0x00000000eab00000, 0x0000000100000000, 0x0000000100000000)
  eden space 116736K, 100% used [0x00000000eab00000,0x00000000f1d00000,0x00000000f1d00000)
  from space 116224K, 87% used [0x00000000f1d00000,0x00000000f808f908,0x00000000f8e80000)
  to   space 116224K, 0% used [0x00000000f8e80000,0x00000000f8e80000,0x0000000100000000)
 ParOldGen       total 327680K, used 164634K [0x00000000c0000000, 0x00000000d4000000, 0x00000000eab00000)
  object space 327680K, 50% used [0x00000000c0000000,0x00000000ca0c6b08,0x00000000d4000000)
 Metaspace       used 108438K, capacity 110576K, committed 110936K, reserved 1140736K
  class space    used 18651K, capacity 19200K, committed 19288K, reserved 1048576K
Event: 749,971 GC heap after
Heap after GC invocations=40 (full 4):
 PSYoungGen      total 232960K, used 92151K [0x00000000eab00000, 0x0000000100000000, 0x0000000100000000)
  eden space 116736K, 0% used [0x00000000eab00000,0x00000000eab00000,0x00000000f1d00000)
  from space 116224K, 79% used [0x00000000f8e80000,0x00000000fe87dd20,0x0000000100000000)
  to   space 116224K, 0% used [0x00000000f1d00000,0x00000000f1d00000,0x00000000f8e80000)
 ParOldGen       total 327680K, used 184105K [0x00000000c0000000, 0x00000000d4000000, 0x00000000eab00000)
  object space 327680K, 56% used [0x00000000c0000000,0x00000000cb3ca580,0x00000000d4000000)
 Metaspace       used 108438K, capacity 110576K, committed 110936K, reserved 1140736K
  class space    used 18651K, capacity 19200K, committed 19288K, reserved 1048576K
}
Event: 751,502 GC heap before
{Heap before GC invocations=41 (full 4):
 PSYoungGen      total 232960K, used 208887K [0x00000000eab00000, 0x0000000100000000, 0x0000000100000000)
  eden space 116736K, 100% used [0x00000000eab00000,0x00000000f1d00000,0x00000000f1d00000)
  from space 116224K, 79% used [0x00000000f8e80000,0x00000000fe87dd20,0x0000000100000000)
  to   space 116224K, 0% used [0x00000000f1d00000,0x00000000f1d00000,0x00000000f8e80000)
 ParOldGen       total 327680K, used 184105K [0x00000000c0000000, 0x00000000d4000000, 0x00000000eab00000)
  object space 327680K, 56% used [0x00000000c0000000,0x00000000cb3ca580,0x00000000d4000000)
 Metaspace       used 108506K, capacity 110640K, committed 110936K, reserved 1140736K
  class space    used 18651K, capacity 19200K, committed 19288K, reserved 1048576K
Event: 751,595 GC heap after
Heap after GC invocations=41 (full 4):
 PSYoungGen      total 232960K, used 82752K [0x00000000eab00000, 0x0000000100000000, 0x0000000100000000)
  eden space 116736K, 0% used [0x00000000eab00000,0x00000000eab00000,0x00000000f1d00000)
  from space 116224K, 71% used [0x00000000f1d00000,0x00000000f6dd02f0,0x00000000f8e80000)
  to   space 116224K, 0% used [0x00000000f8e80000,0x00000000f8e80000,0x0000000100000000)
 ParOldGen       total 327680K, used 194112K [0x00000000c0000000, 0x00000000d4000000, 0x00000000eab00000)
  object space 327680K, 59% used [0x00000000c0000000,0x00000000cbd902f8,0x00000000d4000000)
 Metaspace       used 108506K, capacity 110640K, committed 110936K, reserved 1140736K
  class space    used 18651K, capacity 19200K, committed 19288K, reserved 1048576K
}
Event: 752,377 GC heap before
{Heap before GC invocations=42 (full 4):
 PSYoungGen      total 232960K, used 199488K [0x00000000eab00000, 0x0000000100000000, 0x0000000100000000)
  eden space 116736K, 100% used [0x00000000eab00000,0x00000000f1d00000,0x00000000f1d00000)
  from space 116224K, 71% used [0x00000000f1d00000,0x00000000f6dd02f0,0x00000000f8e80000)
  to   space 116224K, 0% used [0x00000000f8e80000,0x00000000f8e80000,0x0000000100000000)
 ParOldGen       total 327680K, used 194112K [0x00000000c0000000, 0x00000000d4000000, 0x00000000eab00000)
  object space 327680K, 59% used [0x00000000c0000000,0x00000000cbd902f8,0x00000000d4000000)
 Metaspace       used 108628K, capacity 110804K, committed 111192K, reserved 1140736K
  class space    used 18656K, capacity 19232K, committed 19288K, reserved 1048576K
Event: 752,473 GC heap after
Heap after GC invocations=42 (full 4):
 PSYoungGen      total 232960K, used 68933K [0x00000000eab00000, 0x0000000100000000, 0x0000000100000000)
  eden space 116736K, 0% used [0x00000000eab00000,0x00000000eab00000,0x00000000f1d00000)
  from space 116224K, 59% used [0x00000000f8e80000,0x00000000fd1d15e0,0x0000000100000000)
  to   space 116224K, 0% used [0x00000000f1d00000,0x00000000f1d00000,0x00000000f8e80000)
 ParOldGen       total 327680K, used 210750K [0x00000000c0000000, 0x00000000d4000000, 0x00000000eab00000)
  object space 327680K, 64% used [0x00000000c0000000,0x00000000ccdcfbf0,0x00000000d4000000)
 Metaspace       used 108628K, capacity 110804K, committed 111192K, reserved 1140736K
  class space    used 18656K, capacity 19232K, committed 19288K, reserved 1048576K
}
Event: 752,922 GC heap before
{Heap before GC invocations=43 (full 4):
 PSYoungGen      total 232960K, used 185669K [0x00000000eab00000, 0x0000000100000000, 0x0000000100000000)
  eden space 116736K, 100% used [0x00000000eab00000,0x00000000f1d00000,0x00000000f1d00000)
  from space 116224K, 59% used [0x00000000f8e80000,0x00000000fd1d15e0,0x0000000100000000)
  to   space 116224K, 0% used [0x00000000f1d00000,0x00000000f1d00000,0x00000000f8e80000)
 ParOldGen       total 327680K, used 210750K [0x00000000c0000000, 0x00000000d4000000, 0x00000000eab00000)
  object space 327680K, 64% used [0x00000000c0000000,0x00000000ccdcfbf0,0x00000000d4000000)
 Metaspace       used 108634K, capacity 110804K, committed 111192K, reserved 1140736K
  class space    used 18656K, capacity 19232K, committed 19288K, reserved 1048576K
Event: 753,000 GC heap after
Heap after GC invocations=43 (full 4):
 PSYoungGen      total 232960K, used 91997K [0x00000000eab00000, 0x0000000100000000, 0x0000000100000000)
  eden space 116736K, 0% used [0x00000000eab00000,0x00000000eab00000,0x00000000f1d00000)
  from space 116224K, 79% used [0x00000000f1d00000,0x00000000f76d7698,0x00000000f8e80000)
  to   space 116224K, 0% used [0x00000000f8e80000,0x00000000f8e80000,0x0000000100000000)
 ParOldGen       total 327680K, used 232875K [0x00000000c0000000, 0x00000000d4000000, 0x00000000eab00000)
  object space 327680K, 71% used [0x00000000c0000000,0x00000000ce36ae00,0x00000000d4000000)
 Metaspace       used 108634K, capacity 110804K, committed 111192K, reserved 1140736K
  class space    used 18656K, capacity 19232K, committed 19288K, reserved 1048576K
}
Event: 753,294 GC heap before
{Heap before GC invocations=44 (full 4):
 PSYoungGen      total 232960K, used 208733K [0x00000000eab00000, 0x0000000100000000, 0x0000000100000000)
  eden space 116736K, 100% used [0x00000000eab00000,0x00000000f1d00000,0x00000000f1d00000)
  from space 116224K, 79% used [0x00000000f1d00000,0x00000000f76d7698,0x00000000f8e80000)
  to   space 116224K, 0% used [0x00000000f8e80000,0x00000000f8e80000,0x0000000100000000)
 ParOldGen       total 327680K, used 232875K [0x00000000c0000000, 0x00000000d4000000, 0x00000000eab00000)
  object space 327680K, 71% used [0x00000000c0000000,0x00000000ce36ae00,0x00000000d4000000)
 Metaspace       used 108634K, capacity 110804K, committed 111192K, reserved 1140736K
  class space    used 18656K, capacity 19232K, committed 19288K, reserved 1048576K
Event: 753,346 GC heap after
Heap after GC invocations=44 (full 4):
 PSYoungGen      total 232960K, used 51229K [0x00000000eab00000, 0x0000000100000000, 0x0000000100000000)
  eden space 116736K, 0% used [0x00000000eab00000,0x00000000eab00000,0x00000000f1d00000)
  from space 116224K, 44% used [0x00000000f8e80000,0x00000000fc087448,0x0000000100000000)
  to   space 116224K, 0% used [0x00000000f1d00000,0x00000000f1d00000,0x00000000f8e80000)
 ParOldGen       total 327680K, used 251425K [0x00000000c0000000, 0x00000000d4000000, 0x00000000eab00000)
  object space 327680K, 76% used [0x00000000c0000000,0x00000000cf5885e0,0x00000000d4000000)
 Metaspace       used 108634K, capacity 110804K, committed 111192K, reserved 1140736K
  class space    used 18656K, capacity 19232K, committed 19288K, reserved 1048576K
}
Event: 753,634 GC heap before
{Heap before GC invocations=45 (full 4):
 PSYoungGen      total 232960K, used 167965K [0x00000000eab00000, 0x0000000100000000, 0x0000000100000000)
  eden space 116736K, 100% used [0x00000000eab00000,0x00000000f1d00000,0x00000000f1d00000)
  from space 116224K, 44% used [0x00000000f8e80000,0x00000000fc087448,0x0000000100000000)
  to   space 116224K, 0% used [0x00000000f1d00000,0x00000000f1d00000,0x00000000f8e80000)
 ParOldGen       total 327680K, used 251425K [0x00000000c0000000, 0x00000000d4000000, 0x00000000eab00000)
  object space 327680K, 76% used [0x00000000c0000000,0x00000000cf5885e0,0x00000000d4000000)
 Metaspace       used 108634K, capacity 110804K, committed 111192K, reserved 1140736K
  class space    used 18656K, capacity 19232K, committed 19288K, reserved 1048576K
Event: 753,667 GC heap after
Heap after GC invocations=45 (full 4):
 PSYoungGen      total 232960K, used 38140K [0x00000000eab00000, 0x0000000100000000, 0x0000000100000000)
  eden space 116736K, 0% used [0x00000000eab00000,0x00000000eab00000,0x00000000f1d00000)
  from space 116224K, 32% used [0x00000000f1d00000,0x00000000f423f3b8,0x00000000f8e80000)
  to   space 116224K, 0% used [0x00000000f8e80000,0x00000000f8e80000,0x0000000100000000)
 ParOldGen       total 327680K, used 275733K [0x00000000c0000000, 0x00000000d4000000, 0x00000000eab00000)
  object space 327680K, 84% used [0x00000000c0000000,0x00000000d0d455b0,0x00000000d4000000)
 Metaspace       used 108634K, capacity 110804K, committed 111192K, reserved 1140736K
  class space    used 18656K, capacity 19232K, committed 19288K, reserved 1048576K
}
Event: 753,952 GC heap before
{Heap before GC invocations=46 (full 4):
 PSYoungGen      total 232960K, used 154876K [0x00000000eab00000, 0x0000000100000000, 0x0000000100000000)
  eden space 116736K, 100% used [0x00000000eab00000,0x00000000f1d00000,0x00000000f1d00000)
  from space 116224K, 32% used [0x00000000f1d00000,0x00000000f423f3b8,0x00000000f8e80000)
  to   space 116224K, 0% used [0x00000000f8e80000,0x00000000f8e80000,0x0000000100000000)
 ParOldGen       total 327680K, used 275733K [0x00000000c0000000, 0x00000000d4000000, 0x00000000eab00000)
  object space 327680K, 84% used [0x00000000c0000000,0x00000000d0d455b0,0x00000000d4000000)
 Metaspace       used 108634K, capacity 110804K, committed 111192K, reserved 1140736K
  class space    used 18656K, capacity 19232K, committed 19288K, reserved 1048576K
Event: 753,962 GC heap after
Heap after GC invocations=46 (full 4):
 PSYoungGen      total 232960K, used 23078K [0x00000000eab00000, 0x0000000100000000, 0x0000000100000000)
  eden space 116736K, 0% used [0x00000000eab00000,0x00000000eab00000,0x00000000f1d00000)
  from space 116224K, 19% used [0x00000000f8e80000,0x00000000fa509908,0x0000000100000000)
  to   space 116224K, 0% used [0x00000000f1d00000,0x00000000f1d00000,0x00000000f8e80000)
 ParOldGen       total 327680K, used 279733K [0x00000000c0000000, 0x00000000d4000000, 0x00000000eab00000)
  object space 327680K, 85% used [0x00000000c0000000,0x00000000d112d428,0x00000000d4000000)
 Metaspace       used 108634K, capacity 110804K, committed 111192K, reserved 1140736K
  class space    used 18656K, capacity 19232K, committed 19288K, reserved 1048576K
}
Event: 754,247 GC heap before
{Heap before GC invocations=47 (full 4):
 PSYoungGen      total 232960K, used 139814K [0x00000000eab00000, 0x0000000100000000, 0x0000000100000000)
  eden space 116736K, 100% used [0x00000000eab00000,0x00000000f1d00000,0x00000000f1d00000)
  from space 116224K, 19% used [0x00000000f8e80000,0x00000000fa509908,0x0000000100000000)
  to   space 116224K, 0% used [0x00000000f1d00000,0x00000000f1d00000,0x00000000f8e80000)
 ParOldGen       total 327680K, used 279733K [0x00000000c0000000, 0x00000000d4000000, 0x00000000eab00000)
  object space 327680K, 85% used [0x00000000c0000000,0x00000000d112d428,0x00000000d4000000)
 Metaspace       used 108634K, capacity 110804K, committed 111192K, reserved 1140736K
  class space    used 18656K, capacity 19232K, committed 19288K, reserved 1048576K
Event: 754,260 GC heap after
Heap after GC invocations=47 (full 4):
 PSYoungGen      total 232960K, used 64K [0x00000000eab00000, 0x0000000100000000, 0x0000000100000000)
  eden space 116736K, 0% used [0x00000000eab00000,0x00000000eab00000,0x00000000f1d00000)
  from space 116224K, 0% used [0x00000000f1d00000,0x00000000f1d10000,0x00000000f8e80000)
  to   space 116224K, 0% used [0x00000000f8e80000,0x00000000f8e80000,0x0000000100000000)
 ParOldGen       total 327680K, used 313846K [0x00000000c0000000, 0x00000000d4000000, 0x00000000eab00000)
  object space 327680K, 95% used [0x00000000c0000000,0x00000000d327db30,0x00000000d4000000)
 Metaspace       used 108634K, capacity 110804K, committed 111192K, reserved 1140736K
  class space    used 18656K, capacity 19232K, committed 19288K, reserved 1048576K
}
Event: 754,260 GC heap before
{Heap before GC invocations=48 (full 5):
 PSYoungGen      total 232960K, used 64K [0x00000000eab00000, 0x0000000100000000, 0x0000000100000000)
  eden space 116736K, 0% used [0x00000000eab00000,0x00000000eab00000,0x00000000f1d00000)
  from space 116224K, 0% used [0x00000000f1d00000,0x00000000f1d10000,0x00000000f8e80000)
  to   space 116224K, 0% used [0x00000000f8e80000,0x00000000f8e80000,0x0000000100000000)
 ParOldGen       total 327680K, used 313846K [0x00000000c0000000, 0x00000000d4000000, 0x00000000eab00000)
  object space 327680K, 95% used [0x00000000c0000000,0x00000000d327db30,0x00000000d4000000)
 Metaspace       used 108634K, capacity 110804K, committed 111192K, reserved 1140736K
  class space    used 18656K, capacity 19232K, committed 19288K, reserved 1048576K
Event: 755,014 GC heap after
Heap after GC invocations=48 (full 5):
 PSYoungGen      total 232960K, used 0K [0x00000000eab00000, 0x0000000100000000, 0x0000000100000000)
  eden space 116736K, 0% used [0x00000000eab00000,0x00000000eab00000,0x00000000f1d00000)
  from space 116224K, 0% used [0x00000000f1d00000,0x00000000f1d00000,0x00000000f8e80000)
  to   space 116224K, 0% used [0x00000000f8e80000,0x00000000f8e80000,0x0000000100000000)
 ParOldGen       total 398848K, used 200946K [0x00000000c0000000, 0x00000000d8580000, 0x00000000eab00000)
  object space 398848K, 50% used [0x00000000c0000000,0x00000000cc43c860,0x00000000d8580000)
 Metaspace       used 108634K, capacity 110804K, committed 111192K, reserved 1140736K
  class space    used 18656K, capacity 19232K, committed 19288K, reserved 1048576K
}
Event: 755,315 GC heap before
{Heap before GC invocations=49 (full 5):
 PSYoungGen      total 232960K, used 116736K [0x00000000eab00000, 0x0000000100000000, 0x0000000100000000)
  eden space 116736K, 100% used [0x00000000eab00000,0x00000000f1d00000,0x00000000f1d00000)
  from space 116224K, 0% used [0x00000000f1d00000,0x00000000f1d00000,0x00000000f8e80000)
  to   space 116224K, 0% used [0x00000000f8e80000,0x00000000f8e80000,0x0000000100000000)
 ParOldGen       total 398848K, used 200946K [0x00000000c0000000, 0x00000000d8580000, 0x00000000eab00000)
  object space 398848K, 50% used [0x00000000c0000000,0x00000000cc43c860,0x00000000d8580000)
 Metaspace       used 108639K, capacity 110836K, committed 111192K, reserved 1140736K
  class space    used 18657K, capacity 19264K, committed 19288K, reserved 1048576K
Event: 755,319 GC heap after
Heap after GC invocations=49 (full 5):
 PSYoungGen      total 232960K, used 160K [0x00000000eab00000, 0x0000000100000000, 0x0000000100000000)
  eden space 116736K, 0% used [0x00000000eab00000,0x00000000eab00000,0x00000000f1d00000)
  from space 116224K, 0% used [0x00000000f8e80000,0x00000000f8ea8000,0x0000000100000000)
  to   space 116224K, 0% used [0x00000000f1d00000,0x00000000f1d00000,0x00000000f8e80000)
 ParOldGen       total 398848K, used 200946K [0x00000000c0000000, 0x00000000d8580000, 0x00000000eab00000)
  object space 398848K, 50% used [0x00000000c0000000,0x00000000cc43c860,0x00000000d8580000)
 Metaspace       used 108639K, capacity 110836K, committed 111192K, reserved 1140736K
  class space    used 18657K, capacity 19264K, committed 19288K, reserved 1048576K
}
Event: 755,611 GC heap before
{Heap before GC invocations=50 (full 5):
 PSYoungGen      total 232960K, used 116896K [0x00000000eab00000, 0x0000000100000000, 0x0000000100000000)
  eden space 116736K, 100% used [0x00000000eab00000,0x00000000f1d00000,0x00000000f1d00000)
  from space 116224K, 0% used [0x00000000f8e80000,0x00000000f8ea8000,0x0000000100000000)
  to   space 116224K, 0% used [0x00000000f1d00000,0x00000000f1d00000,0x00000000f8e80000)
 ParOldGen       total 398848K, used 200946K [0x00000000c0000000, 0x00000000d8580000, 0x00000000eab00000)
  object space 398848K, 50% used [0x00000000c0000000,0x00000000cc43c860,0x00000000d8580000)
 Metaspace       used 108639K, capacity 110836K, committed 111192K, reserved 1140736K
  class space    used 18657K, capacity 19264K, committed 19288K, reserved 1048576K
Event: 755,615 GC heap after
Heap after GC invocations=50 (full 5):
 PSYoungGen      total 232960K, used 96K [0x00000000eab00000, 0x0000000100000000, 0x0000000100000000)
  eden space 116736K, 0% used [0x00000000eab00000,0x00000000eab00000,0x00000000f1d00000)
  from space 116224K, 0% used [0x00000000f1d00000,0x00000000f1d18000,0x00000000f8e80000)
  to   space 116224K, 0% used [0x00000000f8e80000,0x00000000f8e80000,0x0000000100000000)
 ParOldGen       total 398848K, used 200970K [0x00000000c0000000, 0x00000000d8580000, 0x00000000eab00000)
  object space 398848K, 50% used [0x00000000c0000000,0x00000000cc442860,0x00000000d8580000)
 Metaspace       used 108639K, capacity 110836K, committed 111192K, reserved 1140736K
  class space    used 18657K, capacity 19264K, committed 19288K, reserved 1048576K
}
Event: 756,001 GC heap before
{Heap before GC invocations=51 (full 5):
 PSYoungGen      total 232960K, used 116832K [0x00000000eab00000, 0x0000000100000000, 0x0000000100000000)
  eden space 116736K, 100% used [0x00000000eab00000,0x00000000f1d00000,0x00000000f1d00000)
  from space 116224K, 0% used [0x00000000f1d00000,0x00000000f1d18000,0x00000000f8e80000)
  to   space 116224K, 0% used [0x00000000f8e80000,0x00000000f8e80000,0x0000000100000000)
 ParOldGen       total 398848K, used 200970K [0x00000000c0000000, 0x00000000d8580000, 0x00000000eab00000)
  object space 398848K, 50% used [0x00000000c0000000,0x00000000cc442860,0x00000000d8580000)
 Metaspace       used 108639K, capacity 110836K, committed 111192K, reserved 1140736K
  class space    used 18657K, capacity 19264K, committed 19288K, reserved 1048576K
Event: 756,010 GC heap after
Heap after GC invocations=51 (full 5):
 PSYoungGen      total 232960K, used 39798K [0x00000000eab00000, 0x0000000100000000, 0x0000000100000000)
  eden space 116736K, 0% used [0x00000000eab00000,0x00000000eab00000,0x00000000f1d00000)
  from space 116224K, 34% used [0x00000000f8e80000,0x00000000fb55d8a0,0x0000000100000000)
  to   space 116224K, 0% used [0x00000000f1d00000,0x00000000f1d00000,0x00000000f8e80000)
 ParOldGen       total 398848K, used 200970K [0x00000000c0000000, 0x00000000d8580000, 0x00000000eab00000)
  object space 398848K, 50% used [0x00000000c0000000,0x00000000cc442860,0x00000000d8580000)
 Metaspace       used 108639K, capacity 110836K, committed 111192K, reserved 1140736K
  class space    used 18657K, capacity 19264K, committed 19288K, reserved 1048576K
}
Event: 756,330 GC heap before
{Heap before GC invocations=52 (full 5):
 PSYoungGen      total 232960K, used 156534K [0x00000000eab00000, 0x0000000100000000, 0x0000000100000000)
  eden space 116736K, 100% used [0x00000000eab00000,0x00000000f1d00000,0x00000000f1d00000)
  from space 116224K, 34% used [0x00000000f8e80000,0x00000000fb55d8a0,0x0000000100000000)
  to   space 116224K, 0% used [0x00000000f1d00000,0x00000000f1d00000,0x00000000f8e80000)
 ParOldGen       total 398848K, used 200970K [0x00000000c0000000, 0x00000000d8580000, 0x00000000eab00000)
  object space 398848K, 50% used [0x00000000c0000000,0x00000000cc442860,0x00000000d8580000)
 Metaspace       used 108639K, capacity 110836K, committed 111192K, reserved 1140736K
  class space    used 18657K, capacity 19264K, committed 19288K, reserved 1048576K
Event: 756,339 GC heap after
Heap after GC invocations=52 (full 5):
 PSYoungGen      total 232960K, used 96K [0x00000000eab00000, 0x0000000100000000, 0x0000000100000000)
  eden space 116736K, 0% used [0x00000000eab00000,0x00000000eab00000,0x00000000f1d00000)
  from space 116224K, 0% used [0x00000000f1d00000,0x00000000f1d18000,0x00000000f8e80000)
  to   space 116224K, 0% used [0x00000000f8e80000,0x00000000f8e80000,0x0000000100000000)
 ParOldGen       total 398848K, used 240728K [0x00000000c0000000, 0x00000000d8580000, 0x00000000eab00000)
  object space 398848K, 60% used [0x00000000c0000000,0x00000000ceb16100,0x00000000d8580000)
 Metaspace       used 108639K, capacity 110836K, committed 111192K, reserved 1140736K
  class space    used 18657K, capacity 19264K, committed 19288K, reserved 1048576K
}
Event: 756,657 GC heap before
{Heap before GC invocations=53 (full 5):
 PSYoungGen      total 232960K, used 116832K [0x00000000eab00000, 0x0000000100000000, 0x0000000100000000)
  eden space 116736K, 100% used [0x00000000eab00000,0x00000000f1d00000,0x00000000f1d00000)
  from space 116224K, 0% used [0x00000000f1d00000,0x00000000f1d18000,0x00000000f8e80000)
  to   space 116224K, 0% used [0x00000000f8e80000,0x00000000f8e80000,0x0000000100000000)
 ParOldGen       total 398848K, used 240728K [0x00000000c0000000, 0x00000000d8580000, 0x00000000eab00000)
  object space 398848K, 60% used [0x00000000c0000000,0x00000000ceb16100,0x00000000d8580000)
 Metaspace       used 108639K, capacity 110836K, committed 111192K, reserved 1140736K
  class space    used 18657K, capacity 19264K, committed 19288K, reserved 1048576K
Event: 756,662 GC heap after
Heap after GC invocations=53 (full 5):
 PSYoungGen      total 232960K, used 64K [0x00000000eab00000, 0x0000000100000000, 0x0000000100000000)
  eden space 116736K, 0% used [0x00000000eab00000,0x00000000eab00000,0x00000000f1d00000)
  from space 116224K, 0% used [0x00000000f8e80000,0x00000000f8e90000,0x0000000100000000)
  to   space 116224K, 0% used [0x00000000f1d00000,0x00000000f1d00000,0x00000000f8e80000)
 ParOldGen       total 398848K, used 240728K [0x00000000c0000000, 0x00000000d8580000, 0x00000000eab00000)
  object space 398848K, 60% used [0x00000000c0000000,0x00000000ceb16100,0x00000000d8580000)
 Metaspace       used 108639K, capacity 110836K, committed 111192K, reserved 1140736K
  class space    used 18657K, capacity 19264K, committed 19288K, reserved 1048576K
}
Event: 756,960 GC heap before
{Heap before GC invocations=54 (full 5):
 PSYoungGen      total 232960K, used 116800K [0x00000000eab00000, 0x0000000100000000, 0x0000000100000000)
  eden space 116736K, 100% used [0x00000000eab00000,0x00000000f1d00000,0x00000000f1d00000)
  from space 116224K, 0% used [0x00000000f8e80000,0x00000000f8e90000,0x0000000100000000)
  to   space 116224K, 0% used [0x00000000f1d00000,0x00000000f1d00000,0x00000000f8e80000)
 ParOldGen       total 398848K, used 240728K [0x00000000c0000000, 0x00000000d8580000, 0x00000000eab00000)
  object space 398848K, 60% used [0x00000000c0000000,0x00000000ceb16100,0x00000000d8580000)
 Metaspace       used 108639K, capacity 110836K, committed 111192K, reserved 1140736K
  class space    used 18657K, capacity 19264K, committed 19288K, reserved 1048576K
Event: 756,964 GC heap after
Heap after GC invocations=54 (full 5):
 PSYoungGen      total 232960K, used 96K [0x00000000eab00000, 0x0000000100000000, 0x0000000100000000)
  eden space 116736K, 0% used [0x00000000eab00000,0x00000000eab00000,0x00000000f1d00000)
  from space 116224K, 0% used [0x00000000f1d00000,0x00000000f1d18000,0x00000000f8e80000)
  to   space 116224K, 0% used [0x00000000f8e80000,0x00000000f8e80000,0x0000000100000000)
 ParOldGen       total 398848K, used 240728K [0x00000000c0000000, 0x00000000d8580000, 0x00000000eab00000)
  object space 398848K, 60% used [0x00000000c0000000,0x00000000ceb16100,0x00000000d8580000)
 Metaspace       used 108639K, capacity 110836K, committed 111192K, reserved 1140736K
  class space    used 18657K, capacity 19264K, committed 19288K, reserved 1048576K
}
Event: 757,262 GC heap before
{Heap before GC invocations=55 (full 5):
 PSYoungGen      total 232960K, used 116832K [0x00000000eab00000, 0x0000000100000000, 0x0000000100000000)
  eden space 116736K, 100% used [0x00000000eab00000,0x00000000f1d00000,0x00000000f1d00000)
  from space 116224K, 0% used [0x00000000f1d00000,0x00000000f1d18000,0x00000000f8e80000)
  to   space 116224K, 0% used [0x00000000f8e80000,0x00000000f8e80000,0x0000000100000000)
 ParOldGen       total 398848K, used 240728K [0x00000000c0000000, 0x00000000d8580000, 0x00000000eab00000)
  object space 398848K, 60% used [0x00000000c0000000,0x00000000ceb16100,0x00000000d8580000)
 Metaspace       used 108639K, capacity 110836K, committed 111192K, reserved 1140736K
  class space    used 18657K, capacity 19264K, committed 19288K, reserved 1048576K
Event: 757,267 GC heap after
Heap after GC invocations=55 (full 5):
 PSYoungGen      total 226816K, used 96K [0x00000000eab00000, 0x00000000ffa00000, 0x0000000100000000)
  eden space 116736K, 0% used [0x00000000eab00000,0x00000000eab00000,0x00000000f1d00000)
  from space 110080K, 0% used [0x00000000f8e80000,0x00000000f8e98000,0x00000000ffa00000)
  to   space 113152K, 0% used [0x00000000f1d00000,0x00000000f1d00000,0x00000000f8b80000)
 ParOldGen       total 398848K, used 240728K [0x00000000c0000000, 0x00000000d8580000, 0x00000000eab00000)
  object space 398848K, 60% used [0x00000000c0000000,0x00000000ceb16100,0x00000000d8580000)
 Metaspace       used 108639K, capacity 110836K, committed 111192K, reserved 1140736K
  class space    used 18657K, capacity 19264K, committed 19288K, reserved 1048576K
}
Event: 757,554 GC heap before
{Heap before GC invocations=56 (full 5):
 PSYoungGen      total 226816K, used 116832K [0x00000000eab00000, 0x00000000ffa00000, 0x0000000100000000)
  eden space 116736K, 100% used [0x00000000eab00000,0x00000000f1d00000,0x00000000f1d00000)
  from space 110080K, 0% used [0x00000000f8e80000,0x00000000f8e98000,0x00000000ffa00000)
  to   space 113152K, 0% used [0x00000000f1d00000,0x00000000f1d00000,0x00000000f8b80000)
 ParOldGen       total 398848K, used 240728K [0x00000000c0000000, 0x00000000d8580000, 0x00000000eab00000)
  object space 398848K, 60% used [0x00000000c0000000,0x00000000ceb16100,0x00000000d8580000)
 Metaspace       used 108639K, capacity 110836K, committed 111192K, reserved 1140736K
  class space    used 18657K, capacity 19264K, committed 19288K, reserved 1048576K
Event: 757,558 GC heap after
Heap after GC invocations=56 (full 5):
 PSYoungGen      total 229888K, used 64K [0x00000000eab00000, 0x00000000ffb00000, 0x0000000100000000)
  eden space 116736K, 0% used [0x00000000eab00000,0x00000000eab00000,0x00000000f1d00000)
  from space 113152K, 0% used [0x00000000f1d00000,0x00000000f1d10000,0x00000000f8b80000)
  to   space 109056K, 0% used [0x00000000f9080000,0x00000000f9080000,0x00000000ffb00000)
 ParOldGen       total 398848K, used 240728K [0x00000000c0000000, 0x00000000d8580000, 0x00000000eab00000)
  object space 398848K, 60% used [0x00000000c0000000,0x00000000ceb16100,0x00000000d8580000)
 Metaspace       used 108639K, capacity 110836K, committed 111192K, reserved 1140736K
  class space    used 18657K, capacity 19264K, committed 19288K, reserved 1048576K
}
Event: 757,852 GC heap before
{Heap before GC invocations=57 (full 5):
 PSYoungGen      total 229888K, used 116800K [0x00000000eab00000, 0x00000000ffb00000, 0x0000000100000000)
  eden space 116736K, 100% used [0x00000000eab00000,0x00000000f1d00000,0x00000000f1d00000)
  from space 113152K, 0% used [0x00000000f1d00000,0x00000000f1d10000,0x00000000f8b80000)
  to   space 109056K, 0% used [0x00000000f9080000,0x00000000f9080000,0x00000000ffb00000)
 ParOldGen       total 398848K, used 240728K [0x00000000c0000000, 0x00000000d8580000, 0x00000000eab00000)
  object space 398848K, 60% used [0x00000000c0000000,0x00000000ceb16100,0x00000000d8580000)
 Metaspace       used 108639K, capacity 110836K, committed 111192K, reserved 1140736K
  class space    used 18657K, capacity 19264K, committed 19288K, reserved 1048576K
Event: 757,857 GC heap after
Heap after GC invocations=57 (full 5):
 PSYoungGen      total 227840K, used 96K [0x00000000eab00000, 0x00000000ff380000, 0x0000000100000000)
  eden space 126464K, 0% used [0x00000000eab00000,0x00000000eab00000,0x00000000f2680000)
  from space 101376K, 0% used [0x00000000f9080000,0x00000000f9098000,0x00000000ff380000)
  to   space 104960K, 0% used [0x00000000f2680000,0x00000000f2680000,0x00000000f8d00000)
 ParOldGen       total 398848K, used 240728K [0x00000000c0000000, 0x00000000d8580000, 0x00000000eab00000)
  object space 398848K, 60% used [0x00000000c0000000,0x00000000ceb16100,0x00000000d8580000)
 Metaspace       used 108639K, capacity 110836K, committed 111192K, reserved 1140736K
  class space    used 18657K, capacity 19264K, committed 19288K, reserved 1048576K
}
Event: 758,750 GC heap before
{Heap before GC invocations=58 (full 5):
 PSYoungGen      total 227840K, used 126560K [0x00000000eab00000, 0x00000000ff380000, 0x0000000100000000)
  eden space 126464K, 100% used [0x00000000eab00000,0x00000000f2680000,0x00000000f2680000)
  from space 101376K, 0% used [0x00000000f9080000,0x00000000f9098000,0x00000000ff380000)
  to   space 104960K, 0% used [0x00000000f2680000,0x00000000f2680000,0x00000000f8d00000)
 ParOldGen       total 398848K, used 240728K [0x00000000c0000000, 0x00000000d8580000, 0x00000000eab00000)
  object space 398848K, 60% used [0x00000000c0000000,0x00000000ceb16100,0x00000000d8580000)
 Metaspace       used 108664K, capacity 110900K, committed 111192K, reserved 1140736K
  class space    used 18658K, capacity 19264K, committed 19288K, reserved 1048576K
Event: 758,761 GC heap after
Heap after GC invocations=58 (full 5):
 PSYoungGen      total 231424K, used 19593K [0x00000000eab00000, 0x00000000fed00000, 0x0000000100000000)
  eden space 126464K, 0% used [0x00000000eab00000,0x00000000eab00000,0x00000000f2680000)
  from space 104960K, 18% used [0x00000000f2680000,0x00000000f39a25a8,0x00000000f8d00000)
  to   space 96768K, 0% used [0x00000000f8e80000,0x00000000f8e80000,0x00000000fed00000)
 ParOldGen       total 398848K, used 240728K [0x00000000c0000000, 0x00000000d8580000, 0x00000000eab00000)
  object space 398848K, 60% used [0x00000000c0000000,0x00000000ceb16100,0x00000000d8580000)
 Metaspace       used 108664K, capacity 110900K, committed 111192K, reserved 1140736K
  class space    used 18658K, capacity 19264K, committed 19288K, reserved 1048576K
}
Event: 761,026 GC heap before
{Heap before GC invocations=59 (full 5):
 PSYoungGen      total 231424K, used 146057K [0x00000000eab00000, 0x00000000fed00000, 0x0000000100000000)
  eden space 126464K, 100% used [0x00000000eab00000,0x00000000f2680000,0x00000000f2680000)
  from space 104960K, 18% used [0x00000000f2680000,0x00000000f39a25a8,0x00000000f8d00000)
  to   space 96768K, 0% used [0x00000000f8e80000,0x00000000f8e80000,0x00000000fed00000)
 ParOldGen       total 398848K, used 240728K [0x00000000c0000000, 0x00000000d8580000, 0x00000000eab00000)
  object space 398848K, 60% used [0x00000000c0000000,0x00000000ceb16100,0x00000000d8580000)
 Metaspace       used 108678K, capacity 110900K, committed 111192K, reserved 1140736K
  class space    used 18659K, capacity 19264K, committed 19288K, reserved 1048576K
Event: 761,042 GC heap after
Heap after GC invocations=59 (full 5):
 PSYoungGen      total 216576K, used 20457K [0x00000000eab00000, 0x00000000fde00000, 0x0000000100000000)
  eden space 135168K, 0% used [0x00000000eab00000,0x00000000eab00000,0x00000000f2f00000)
  from space 81408K, 25% used [0x00000000f8e80000,0x00000000fa27a5a8,0x00000000fde00000)
  to   space 89600K, 0% used [0x00000000f2f00000,0x00000000f2f00000,0x00000000f8680000)
 ParOldGen       total 398848K, used 240728K [0x00000000c0000000, 0x00000000d8580000, 0x00000000eab00000)
  object space 398848K, 60% used [0x00000000c0000000,0x00000000ceb16100,0x00000000d8580000)
 Metaspace       used 108678K, capacity 110900K, committed 111192K, reserved 1140736K
  class space    used 18659K, capacity 19264K, committed 19288K, reserved 1048576K
}
Event: 762,246 GC heap before
{Heap before GC invocations=60 (full 5):
 PSYoungGen      total 216576K, used 155625K [0x00000000eab00000, 0x00000000fde00000, 0x0000000100000000)
  eden space 135168K, 100% used [0x00000000eab00000,0x00000000f2f00000,0x00000000f2f00000)
  from space 81408K, 25% used [0x00000000f8e80000,0x00000000fa27a5a8,0x00000000fde00000)
  to   space 89600K, 0% used [0x00000000f2f00000,0x00000000f2f00000,0x00000000f8680000)
 ParOldGen       total 398848K, used 240728K [0x00000000c0000000, 0x00000000d8580000, 0x00000000eab00000)
  object space 398848K, 60% used [0x00000000c0000000,0x00000000ceb16100,0x00000000d8580000)
 Metaspace       used 108687K, capacity 110904K, committed 111192K, reserved 1140736K
  class space    used 18659K, capacity 19264K, committed 19288K, reserved 1048576K
Event: 762,256 GC heap after
Heap after GC invocations=60 (full 5):
 PSYoungGen      total 224768K, used 29350K [0x00000000eab00000, 0x00000000fde80000, 0x0000000100000000)
  eden space 135168K, 0% used [0x00000000eab00000,0x00000000eab00000,0x00000000f2f00000)
  from space 89600K, 32% used [0x00000000f2f00000,0x00000000f4ba99a8,0x00000000f8680000)
  to   space 85504K, 0% used [0x00000000f8b00000,0x00000000f8b00000,0x00000000fde80000)
 ParOldGen       total 398848K, used 240728K [0x00000000c0000000, 0x00000000d8580000, 0x00000000eab00000)
  object space 398848K, 60% used [0x00000000c0000000,0x00000000ceb16100,0x00000000d8580000)
 Metaspace       used 108687K, capacity 110904K, committed 111192K, reserved 1140736K
  class space    used 18659K, capacity 19264K, committed 19288K, reserved 1048576K
}
Event: 763,494 GC heap before
{Heap before GC invocations=61 (full 5):
 PSYoungGen      total 224768K, used 164518K [0x00000000eab00000, 0x00000000fde80000, 0x0000000100000000)
  eden space 135168K, 100% used [0x00000000eab00000,0x00000000f2f00000,0x00000000f2f00000)
  from space 89600K, 32% used [0x00000000f2f00000,0x00000000f4ba99a8,0x00000000f8680000)
  to   space 85504K, 0% used [0x00000000f8b00000,0x00000000f8b00000,0x00000000fde80000)
 ParOldGen       total 398848K, used 240728K [0x00000000c0000000, 0x00000000d8580000, 0x00000000eab00000)
  object space 398848K, 60% used [0x00000000c0000000,0x00000000ceb16100,0x00000000d8580000)
 Metaspace       used 108694K, capacity 110904K, committed 111192K, reserved 1140736K
  class space    used 18659K, capacity 19264K, committed 19288K, reserved 1048576K
Event: 763,517 GC heap after
Heap after GC invocations=61 (full 5):
 PSYoungGen      total 224256K, used 29894K [0x00000000eab00000, 0x00000000fd900000, 0x0000000100000000)
  eden space 144384K, 0% used [0x00000000eab00000,0x00000000eab00000,0x00000000f3800000)
  from space 79872K, 37% used [0x00000000f8b00000,0x00000000fa8319a8,0x00000000fd900000)
  to   space 82432K, 0% used [0x00000000f3800000,0x00000000f3800000,0x00000000f8880000)
 ParOldGen       total 398848K, used 240728K [0x00000000c0000000, 0x00000000d8580000, 0x00000000eab00000)
  object space 398848K, 60% used [0x00000000c0000000,0x00000000ceb16100,0x00000000d8580000)
 Metaspace       used 108694K, capacity 110904K, committed 111192K, reserved 1140736K
  class space    used 18659K, capacity 19264K, committed 19288K, reserved 1048576K
}
Event: 765,294 GC heap before
{Heap before GC invocations=62 (full 5):
 PSYoungGen      total 224256K, used 174278K [0x00000000eab00000, 0x00000000fd900000, 0x0000000100000000)
  eden space 144384K, 100% used [0x00000000eab00000,0x00000000f3800000,0x00000000f3800000)
  from space 79872K, 37% used [0x00000000f8b00000,0x00000000fa8319a8,0x00000000fd900000)
  to   space 82432K, 0% used [0x00000000f3800000,0x00000000f3800000,0x00000000f8880000)
 ParOldGen       total 398848K, used 240728K [0x00000000c0000000, 0x00000000d8580000, 0x00000000eab00000)
  object space 398848K, 60% used [0x00000000c0000000,0x00000000ceb16100,0x00000000d8580000)
 Metaspace       used 108846K, capacity 111036K, committed 111192K, reserved 1140736K
  class space    used 18665K, capacity 19264K, committed 19288K, reserved 1048576K
Event: 765,314 GC heap after
Heap after GC invocations=62 (full 5):
 PSYoungGen      total 226816K, used 32418K [0x00000000eab00000, 0x00000000fdd00000, 0x0000000100000000)
  eden space 144384K, 0% used [0x00000000eab00000,0x00000000eab00000,0x00000000f3800000)
  from space 82432K, 39% used [0x00000000f3800000,0x00000000f57a8a68,0x00000000f8880000)
  to   space 79872K, 0% used [0x00000000f8f00000,0x00000000f8f00000,0x00000000fdd00000)
 ParOldGen       total 398848K, used 240736K [0x00000000c0000000, 0x00000000d8580000, 0x00000000eab00000)
  object space 398848K, 60% used [0x00000000c0000000,0x00000000ceb18100,0x00000000d8580000)
 Metaspace       used 108846K, capacity 111036K, committed 111192K, reserved 1140736K
  class space    used 18665K, capacity 19264K, committed 19288K, reserved 1048576K
}
Event: 1484,489 GC heap before
{Heap before GC invocations=63 (full 5):
 PSYoungGen      total 226816K, used 176802K [0x00000000eab00000, 0x00000000fdd00000, 0x0000000100000000)
  eden space 144384K, 100% used [0x00000000eab00000,0x00000000f3800000,0x00000000f3800000)
  from space 82432K, 39% used [0x00000000f3800000,0x00000000f57a8a68,0x00000000f8880000)
  to   space 79872K, 0% used [0x00000000f8f00000,0x00000000f8f00000,0x00000000fdd00000)
 ParOldGen       total 398848K, used 240736K [0x00000000c0000000, 0x00000000d8580000, 0x00000000eab00000)
  object space 398848K, 60% used [0x00000000c0000000,0x00000000ceb18100,0x00000000d8580000)
 Metaspace       used 124356K, capacity 126672K, committed 126808K, reserved 1153024K
  class space    used 21998K, capacity 22598K, committed 22616K, reserved 1048576K
Event: 1484,515 GC heap after
Heap after GC invocations=63 (full 5):
 PSYoungGen      total 229376K, used 50096K [0x00000000eab00000, 0x00000000fe300000, 0x0000000100000000)
  eden space 149504K, 0% used [0x00000000eab00000,0x00000000eab00000,0x00000000f3d00000)
  from space 79872K, 62% used [0x00000000f8f00000,0x00000000fbfec040,0x00000000fdd00000)
  to   space 83968K, 0% used [0x00000000f3d00000,0x00000000f3d00000,0x00000000f8f00000)
 ParOldGen       total 398848K, used 240744K [0x00000000c0000000, 0x00000000d8580000, 0x00000000eab00000)
  object space 398848K, 60% used [0x00000000c0000000,0x00000000ceb1a100,0x00000000d8580000)
 Metaspace       used 124356K, capacity 126672K, committed 126808K, reserved 1153024K
  class space    used 21998K, capacity 22598K, committed 22616K, reserved 1048576K
}
Event: 1491,825 GC heap before
{Heap before GC invocations=64 (full 5):
 PSYoungGen      total 229376K, used 199600K [0x00000000eab00000, 0x00000000fe300000, 0x0000000100000000)
  eden space 149504K, 100% used [0x00000000eab00000,0x00000000f3d00000,0x00000000f3d00000)
  from space 79872K, 62% used [0x00000000f8f00000,0x00000000fbfec040,0x00000000fdd00000)
  to   space 83968K, 0% used [0x00000000f3d00000,0x00000000f3d00000,0x00000000f8f00000)
 ParOldGen       total 398848K, used 240744K [0x00000000c0000000, 0x00000000d8580000, 0x00000000eab00000)
  object space 398848K, 60% used [0x00000000c0000000,0x00000000ceb1a100,0x00000000d8580000)
 Metaspace       used 132085K, capacity 134596K, committed 134872K, reserved 1161216K
  class space    used 23057K, capacity 23715K, committed 23768K, reserved 1048576K
Event: 1491,865 GC heap after
Heap after GC invocations=64 (full 5):
 PSYoungGen      total 233472K, used 59594K [0x00000000eab00000, 0x00000000ff480000, 0x0000000100000000)
  eden space 149504K, 0% used [0x00000000eab00000,0x00000000eab00000,0x00000000f3d00000)
  from space 83968K, 70% used [0x00000000f3d00000,0x00000000f77329f8,0x00000000f8f00000)
  to   space 90624K, 0% used [0x00000000f9c00000,0x00000000f9c00000,0x00000000ff480000)
 ParOldGen       total 398848K, used 240752K [0x00000000c0000000, 0x00000000d8580000, 0x00000000eab00000)
  object space 398848K, 60% used [0x00000000c0000000,0x00000000ceb1c100,0x00000000d8580000)
 Metaspace       used 132085K, capacity 134596K, committed 134872K, reserved 1161216K
  class space    used 23057K, capacity 23715K, committed 23768K, reserved 1048576K
}
Event: 1493,513 GC heap before
{Heap before GC invocations=65 (full 5):
 PSYoungGen      total 233472K, used 209098K [0x00000000eab00000, 0x00000000ff480000, 0x0000000100000000)
  eden space 149504K, 100% used [0x00000000eab00000,0x00000000f3d00000,0x00000000f3d00000)
  from space 83968K, 70% used [0x00000000f3d00000,0x00000000f77329f8,0x00000000f8f00000)
  to   space 90624K, 0% used [0x00000000f9c00000,0x00000000f9c00000,0x00000000ff480000)
 ParOldGen       total 398848K, used 240752K [0x00000000c0000000, 0x00000000d8580000, 0x00000000eab00000)
  object space 398848K, 60% used [0x00000000c0000000,0x00000000ceb1c100,0x00000000d8580000)
 Metaspace       used 133968K, capacity 136490K, committed 136792K, reserved 1161216K
  class space    used 23467K, capacity 24132K, committed 24152K, reserved 1048576K
Event: 1493,579 GC heap after
Heap after GC invocations=65 (full 5):
 PSYoungGen      total 239616K, used 65542K [0x00000000eab00000, 0x0000000100000000, 0x0000000100000000)
  eden space 148992K, 0% used [0x00000000eab00000,0x00000000eab00000,0x00000000f3c80000)
  from space 90624K, 72% used [0x00000000f9c00000,0x00000000fdc01950,0x00000000ff480000)
  to   space 97792K, 0% used [0x00000000f3c80000,0x00000000f3c80000,0x00000000f9c00000)
 ParOldGen       total 398848K, used 240752K [0x00000000c0000000, 0x00000000d8580000, 0x00000000eab00000)
  object space 398848K, 60% used [0x00000000c0000000,0x00000000ceb1c100,0x00000000d8580000)
 Metaspace       used 133968K, capacity 136490K, committed 136792K, reserved 1161216K
  class space    used 23467K, capacity 24132K, committed 24152K, reserved 1048576K
}
Event: 1494,922 GC heap before
{Heap before GC invocations=66 (full 5):
 PSYoungGen      total 239616K, used 214534K [0x00000000eab00000, 0x0000000100000000, 0x0000000100000000)
  eden space 148992K, 100% used [0x00000000eab00000,0x00000000f3c80000,0x00000000f3c80000)
  from space 90624K, 72% used [0x00000000f9c00000,0x00000000fdc01950,0x00000000ff480000)
  to   space 97792K, 0% used [0x00000000f3c80000,0x00000000f3c80000,0x00000000f9c00000)
 ParOldGen       total 398848K, used 240752K [0x00000000c0000000, 0x00000000d8580000, 0x00000000eab00000)
  object space 398848K, 60% used [0x00000000c0000000,0x00000000ceb1c100,0x00000000d8580000)
 Metaspace       used 139006K, capacity 141474K, committed 141912K, reserved 1165312K
  class space    used 24716K, capacity 25385K, committed 25432K, reserved 1048576K
Event: 1494,999 GC heap after
Heap after GC invocations=66 (full 5):
 PSYoungGen      total 225280K, used 76220K [0x00000000eab00000, 0x0000000100000000, 0x0000000100000000)
  eden space 148992K, 0% used [0x00000000eab00000,0x00000000eab00000,0x00000000f3c80000)
  from space 76288K, 99% used [0x00000000f3c80000,0x00000000f86ef158,0x00000000f8700000)
  to   space 107008K, 0% used [0x00000000f9780000,0x00000000f9780000,0x0000000100000000)
 ParOldGen       total 398848K, used 240885K [0x00000000c0000000, 0x00000000d8580000, 0x00000000eab00000)
  object space 398848K, 60% used [0x00000000c0000000,0x00000000ceb3d500,0x00000000d8580000)
 Metaspace       used 139006K, capacity 141474K, committed 141912K, reserved 1165312K
  class space    used 24716K, capacity 25385K, committed 25432K, reserved 1048576K
}
Event: 1495,569 GC heap before
{Heap before GC invocations=67 (full 5):
 PSYoungGen      total 225280K, used 225212K [0x00000000eab00000, 0x0000000100000000, 0x0000000100000000)
  eden space 148992K, 100% used [0x00000000eab00000,0x00000000f3c80000,0x00000000f3c80000)
  from space 76288K, 99% used [0x00000000f3c80000,0x00000000f86ef158,0x00000000f8700000)
  to   space 107008K, 0% used [0x00000000f9780000,0x00000000f9780000,0x0000000100000000)
 ParOldGen       total 398848K, used 240885K [0x00000000c0000000, 0x00000000d8580000, 0x00000000eab00000)
  object space 398848K, 60% used [0x00000000c0000000,0x00000000ceb3d500,0x00000000d8580000)
 Metaspace       used 139518K, capacity 142054K, committed 142296K, reserved 1165312K
  class space    used 24826K, capacity 25513K, committed 25560K, reserved 1048576K
Event: 1495,662 GC heap after
Heap after GC invocations=67 (full 5):
 PSYoungGen      total 226816K, used 77589K [0x00000000eab00000, 0x0000000100000000, 0x0000000100000000)
  eden space 119808K, 0% used [0x00000000eab00000,0x00000000eab00000,0x00000000f2000000)
  from space 107008K, 72% used [0x00000000f9780000,0x00000000fe345460,0x0000000100000000)
  to   space 114688K, 0% used [0x00000000f2000000,0x00000000f2000000,0x00000000f9000000)
 ParOldGen       total 398848K, used 240893K [0x00000000c0000000, 0x00000000d8580000, 0x00000000eab00000)
  object space 398848K, 60% used [0x00000000c0000000,0x00000000ceb3f500,0x00000000d8580000)
 Metaspace       used 139518K, capacity 142054K, committed 142296K, reserved 1165312K
  class space    used 24826K, capacity 25513K, committed 25560K, reserved 1048576K
}
Event: 1496,277 GC heap before
{Heap before GC invocations=68 (full 5):
 PSYoungGen      total 226816K, used 197397K [0x00000000eab00000, 0x0000000100000000, 0x0000000100000000)
  eden space 119808K, 100% used [0x00000000eab00000,0x00000000f2000000,0x00000000f2000000)
  from space 107008K, 72% used [0x00000000f9780000,0x00000000fe345460,0x0000000100000000)
  to   space 114688K, 0% used [0x00000000f2000000,0x00000000f2000000,0x00000000f9000000)
 ParOldGen       total 398848K, used 240893K [0x00000000c0000000, 0x00000000d8580000, 0x00000000eab00000)
  object space 398848K, 60% used [0x00000000c0000000,0x00000000ceb3f500,0x00000000d8580000)
 Metaspace       used 140213K, capacity 142760K, committed 143192K, reserved 1167360K
  class space    used 24971K, capacity 25642K, committed 25688K, reserved 1048576K
Event: 1496,347 GC heap after
Heap after GC invocations=68 (full 5):
 PSYoungGen      total 203776K, used 83898K [0x00000000eab00000, 0x0000000100000000, 0x0000000100000000)
  eden space 119808K, 0% used [0x00000000eab00000,0x00000000eab00000,0x00000000f2000000)
  from space 83968K, 99% used [0x00000000f2000000,0x00000000f71eeb98,0x00000000f7200000)
  to   space 116224K, 0% used [0x00000000f8e80000,0x00000000f8e80000,0x0000000100000000)
 ParOldGen       total 398848K, used 240893K [0x00000000c0000000, 0x00000000d8580000, 0x00000000eab00000)
  object space 398848K, 60% used [0x00000000c0000000,0x00000000ceb3f500,0x00000000d8580000)
 Metaspace       used 140213K, capacity 142760K, committed 143192K, reserved 1167360K
  class space    used 24971K, capacity 25642K, committed 25688K, reserved 1048576K
}
Event: 1498,207 GC heap before
{Heap before GC invocations=69 (full 5):
 PSYoungGen      total 203776K, used 203706K [0x00000000eab00000, 0x0000000100000000, 0x0000000100000000)
  eden space 119808K, 100% used [0x00000000eab00000,0x00000000f2000000,0x00000000f2000000)
  from space 83968K, 99% used [0x00000000f2000000,0x00000000f71eeb98,0x00000000f7200000)
  to   space 116224K, 0% used [0x00000000f8e80000,0x00000000f8e80000,0x0000000100000000)
 ParOldGen       total 398848K, used 240893K [0x00000000c0000000, 0x00000000d8580000, 0x00000000eab00000)
  object space 398848K, 60% used [0x00000000c0000000,0x00000000ceb3f500,0x00000000d8580000)
 Metaspace       used 141040K, capacity 143586K, committed 143960K, reserved 1167360K
  class space    used 25025K, capacity 25679K, committed 25688K, reserved 1048576K
Event: 1498,296 GC heap after
Heap after GC invocations=69 (full 5):
 PSYoungGen      total 232960K, used 76564K [0x00000000eab00000, 0x0000000100000000, 0x0000000100000000)
  eden space 116736K, 0% used [0x00000000eab00000,0x00000000eab00000,0x00000000f1d00000)
  from space 116224K, 65% used [0x00000000f8e80000,0x00000000fd9450b8,0x0000000100000000)
  to   space 116224K, 0% used [0x00000000f1d00000,0x00000000f1d00000,0x00000000f8e80000)
 ParOldGen       total 398848K, used 260260K [0x00000000c0000000, 0x00000000d8580000, 0x00000000eab00000)
  object space 398848K, 65% used [0x00000000c0000000,0x00000000cfe29050,0x00000000d8580000)
 Metaspace       used 141040K, capacity 143586K, committed 143960K, reserved 1167360K
  class space    used 25025K, capacity 25679K, committed 25688K, reserved 1048576K
}
Event: 1499,260 GC heap before
{Heap before GC invocations=70 (full 5):
 PSYoungGen      total 232960K, used 193300K [0x00000000eab00000, 0x0000000100000000, 0x0000000100000000)
  eden space 116736K, 100% used [0x00000000eab00000,0x00000000f1d00000,0x00000000f1d00000)
  from space 116224K, 65% used [0x00000000f8e80000,0x00000000fd9450b8,0x0000000100000000)
  to   space 116224K, 0% used [0x00000000f1d00000,0x00000000f1d00000,0x00000000f8e80000)
 ParOldGen       total 398848K, used 260260K [0x00000000c0000000, 0x00000000d8580000, 0x00000000eab00000)
  object space 398848K, 65% used [0x00000000c0000000,0x00000000cfe29050,0x00000000d8580000)
 Metaspace       used 141264K, capacity 143786K, committed 144216K, reserved 1167360K
  class space    used 25027K, capacity 25681K, committed 25688K, reserved 1048576K
Event: 1499,417 GC heap after
Heap after GC invocations=70 (full 5):
 PSYoungGen      total 232960K, used 78817K [0x00000000eab00000, 0x0000000100000000, 0x0000000100000000)
  eden space 116736K, 0% used [0x00000000eab00000,0x00000000eab00000,0x00000000f1d00000)
  from space 116224K, 67% used [0x00000000f1d00000,0x00000000f69f87a8,0x00000000f8e80000)
  to   space 116224K, 0% used [0x00000000f8e80000,0x00000000f8e80000,0x0000000100000000)
 ParOldGen       total 398848K, used 270007K [0x00000000c0000000, 0x00000000d8580000, 0x00000000eab00000)
  object space 398848K, 67% used [0x00000000c0000000,0x00000000d07adc08,0x00000000d8580000)
 Metaspace       used 141264K, capacity 143786K, committed 144216K, reserved 1167360K
  class space    used 25027K, capacity 25681K, committed 25688K, reserved 1048576K
}
Event: 1500,727 GC heap before
{Heap before GC invocations=71 (full 5):
 PSYoungGen      total 232960K, used 195553K [0x00000000eab00000, 0x0000000100000000, 0x0000000100000000)
  eden space 116736K, 100% used [0x00000000eab00000,0x00000000f1d00000,0x00000000f1d00000)
  from space 116224K, 67% used [0x00000000f1d00000,0x00000000f69f87a8,0x00000000f8e80000)
  to   space 116224K, 0% used [0x00000000f8e80000,0x00000000f8e80000,0x0000000100000000)
 ParOldGen       total 398848K, used 270007K [0x00000000c0000000, 0x00000000d8580000, 0x00000000eab00000)
  object space 398848K, 67% used [0x00000000c0000000,0x00000000d07adc08,0x00000000d8580000)
 Metaspace       used 141385K, capacity 143852K, committed 144216K, reserved 1167360K
  class space    used 25029K, capacity 25682K, committed 25688K, reserved 1048576K
Event: 1500,848 GC heap after
Heap after GC invocations=71 (full 5):
 PSYoungGen      total 232960K, used 79624K [0x00000000eab00000, 0x0000000100000000, 0x0000000100000000)
  eden space 116736K, 0% used [0x00000000eab00000,0x00000000eab00000,0x00000000f1d00000)
  from space 116224K, 68% used [0x00000000f8e80000,0x00000000fdc42288,0x0000000100000000)
  to   space 116224K, 0% used [0x00000000f1d00000,0x00000000f1d00000,0x00000000f8e80000)
 ParOldGen       total 398848K, used 273201K [0x00000000c0000000, 0x00000000d8580000, 0x00000000eab00000)
  object space 398848K, 68% used [0x00000000c0000000,0x00000000d0acc6a8,0x00000000d8580000)
 Metaspace       used 141385K, capacity 143852K, committed 144216K, reserved 1167360K
  class space    used 25029K, capacity 25682K, committed 25688K, reserved 1048576K
}
Event: 1502,205 GC heap before
{Heap before GC invocations=72 (full 5):
 PSYoungGen      total 232960K, used 196360K [0x00000000eab00000, 0x0000000100000000, 0x0000000100000000)
  eden space 116736K, 100% used [0x00000000eab00000,0x00000000f1d00000,0x00000000f1d00000)
  from space 116224K, 68% used [0x00000000f8e80000,0x00000000fdc42288,0x0000000100000000)
  to   space 116224K, 0% used [0x00000000f1d00000,0x00000000f1d00000,0x00000000f8e80000)
 ParOldGen       total 398848K, used 273201K [0x00000000c0000000, 0x00000000d8580000, 0x00000000eab00000)
  object space 398848K, 68% used [0x00000000c0000000,0x00000000d0acc6a8,0x00000000d8580000)
 Metaspace       used 141498K, capacity 144016K, committed 144344K, reserved 1167360K
  class space    used 25034K, capacity 25714K, committed 25816K, reserved 1048576K
Event: 1502,290 GC heap after
Heap after GC invocations=72 (full 5):
 PSYoungGen      total 232960K, used 63391K [0x00000000eab00000, 0x0000000100000000, 0x0000000100000000)
  eden space 116736K, 0% used [0x00000000eab00000,0x00000000eab00000,0x00000000f1d00000)
  from space 116224K, 54% used [0x00000000f1d00000,0x00000000f5ae7ea0,0x00000000f8e80000)
  to   space 116224K, 0% used [0x00000000f8e80000,0x00000000f8e80000,0x0000000100000000)
 ParOldGen       total 398848K, used 291831K [0x00000000c0000000, 0x00000000d8580000, 0x00000000eab00000)
  object space 398848K, 73% used [0x00000000c0000000,0x00000000d1cfdcf8,0x00000000d8580000)
 Metaspace       used 141498K, capacity 144016K, committed 144344K, reserved 1167360K
  class space    used 25034K, capacity 25714K, committed 25816K, reserved 1048576K
}
Event: 1502,886 GC heap before
{Heap before GC invocations=73 (full 5):
 PSYoungGen      total 232960K, used 176048K [0x00000000eab00000, 0x0000000100000000, 0x0000000100000000)
  eden space 116736K, 96% used [0x00000000eab00000,0x00000000f1904290,0x00000000f1d00000)
  from space 116224K, 54% used [0x00000000f1d00000,0x00000000f5ae7ea0,0x00000000f8e80000)
  to   space 116224K, 0% used [0x00000000f8e80000,0x00000000f8e80000,0x0000000100000000)
 ParOldGen       total 398848K, used 291831K [0x00000000c0000000, 0x00000000d8580000, 0x00000000eab00000)
  object space 398848K, 73% used [0x00000000c0000000,0x00000000d1cfdcf8,0x00000000d8580000)
 Metaspace       used 141515K, capacity 144016K, committed 144344K, reserved 1167360K
  class space    used 25034K, capacity 25714K, committed 25816K, reserved 1048576K
Event: 1502,953 GC heap after
Heap after GC invocations=73 (full 5):
 PSYoungGen      total 232960K, used 58657K [0x00000000eab00000, 0x0000000100000000, 0x0000000100000000)
  eden space 116736K, 0% used [0x00000000eab00000,0x00000000eab00000,0x00000000f1d00000)
  from space 116224K, 50% used [0x00000000f8e80000,0x00000000fc7c8578,0x0000000100000000)
  to   space 116224K, 0% used [0x00000000f1d00000,0x00000000f1d00000,0x00000000f8e80000)
 ParOldGen       total 398848K, used 308941K [0x00000000c0000000, 0x00000000d8580000, 0x00000000eab00000)
  object space 398848K, 77% used [0x00000000c0000000,0x00000000d2db36d8,0x00000000d8580000)
 Metaspace       used 141515K, capacity 144016K, committed 144344K, reserved 1167360K
  class space    used 25034K, capacity 25714K, committed 25816K, reserved 1048576K
}
Event: 1503,204 GC heap before
{Heap before GC invocations=74 (full 5):
 PSYoungGen      total 232960K, used 175393K [0x00000000eab00000, 0x0000000100000000, 0x0000000100000000)
  eden space 116736K, 100% used [0x00000000eab00000,0x00000000f1d00000,0x00000000f1d00000)
  from space 116224K, 50% used [0x00000000f8e80000,0x00000000fc7c8578,0x0000000100000000)
  to   space 116224K, 0% used [0x00000000f1d00000,0x00000000f1d00000,0x00000000f8e80000)
 ParOldGen       total 398848K, used 308941K [0x00000000c0000000, 0x00000000d8580000, 0x00000000eab00000)
  object space 398848K, 77% used [0x00000000c0000000,0x00000000d2db36d8,0x00000000d8580000)
 Metaspace       used 141515K, capacity 144016K, committed 144344K, reserved 1167360K
  class space    used 25034K, capacity 25714K, committed 25816K, reserved 1048576K
Event: 1503,251 GC heap after
Heap after GC invocations=74 (full 5):
 PSYoungGen      total 174080K, used 57046K [0x00000000eab00000, 0x00000000fff00000, 0x0000000100000000)
  eden space 116736K, 0% used [0x00000000eab00000,0x00000000eab00000,0x00000000f1d00000)
  from space 57344K, 99% used [0x00000000f1d00000,0x00000000f54b5a58,0x00000000f5500000)
  to   space 115712K, 0% used [0x00000000f8e00000,0x00000000f8e00000,0x00000000fff00000)
 ParOldGen       total 398848K, used 321693K [0x00000000c0000000, 0x00000000d8580000, 0x00000000eab00000)
  object space 398848K, 80% used [0x00000000c0000000,0x00000000d3a27798,0x00000000d8580000)
 Metaspace       used 141515K, capacity 144016K, committed 144344K, reserved 1167360K
  class space    used 25034K, capacity 25714K, committed 25816K, reserved 1048576K
}
Event: 1503,532 GC heap before
{Heap before GC invocations=75 (full 5):
 PSYoungGen      total 174080K, used 173782K [0x00000000eab00000, 0x00000000fff00000, 0x0000000100000000)
  eden space 116736K, 100% used [0x00000000eab00000,0x00000000f1d00000,0x00000000f1d00000)
  from space 57344K, 99% used [0x00000000f1d00000,0x00000000f54b5a58,0x00000000f5500000)
  to   space 115712K, 0% used [0x00000000f8e00000,0x00000000f8e00000,0x00000000fff00000)
 ParOldGen       total 398848K, used 321693K [0x00000000c0000000, 0x00000000d8580000, 0x00000000eab00000)
  object space 398848K, 80% used [0x00000000c0000000,0x00000000d3a27798,0x00000000d8580000)
 Metaspace       used 141515K, capacity 144016K, committed 144344K, reserved 1167360K
  class space    used 25034K, capacity 25714K, committed 25816K, reserved 1048576K
Event: 1503,570 GC heap after
Heap after GC invocations=75 (full 5):
 PSYoungGen      total 233984K, used 30690K [0x00000000eab00000, 0x0000000100000000, 0x0000000100000000)
  eden space 118272K, 0% used [0x00000000eab00000,0x00000000eab00000,0x00000000f1e80000)
  from space 115712K, 26% used [0x00000000f8e00000,0x00000000fabf8a30,0x00000000fff00000)
  to   space 114176K, 0% used [0x00000000f1e80000,0x00000000f1e80000,0x00000000f8e00000)
 ParOldGen       total 398848K, used 348116K [0x00000000c0000000, 0x00000000d8580000, 0x00000000eab00000)
  object space 398848K, 87% used [0x00000000c0000000,0x00000000d53f5260,0x00000000d8580000)
 Metaspace       used 141515K, capacity 144016K, committed 144344K, reserved 1167360K
  class space    used 25034K, capacity 25714K, committed 25816K, reserved 1048576K
}
Event: 1503,844 GC heap before
{Heap before GC invocations=76 (full 5):
 PSYoungGen      total 233984K, used 148962K [0x00000000eab00000, 0x0000000100000000, 0x0000000100000000)
  eden space 118272K, 100% used [0x00000000eab00000,0x00000000f1e80000,0x00000000f1e80000)
  from space 115712K, 26% used [0x00000000f8e00000,0x00000000fabf8a30,0x00000000fff00000)
  to   space 114176K, 0% used [0x00000000f1e80000,0x00000000f1e80000,0x00000000f8e00000)
 ParOldGen       total 398848K, used 348116K [0x00000000c0000000, 0x00000000d8580000, 0x00000000eab00000)
  object space 398848K, 87% used [0x00000000c0000000,0x00000000d53f5260,0x00000000d8580000)
 Metaspace       used 141515K, capacity 144016K, committed 144344K, reserved 1167360K
  class space    used 25034K, capacity 25714K, committed 25816K, reserved 1048576K
Event: 1503,857 GC heap after
Heap after GC invocations=76 (full 5):
 PSYoungGen      total 154112K, used 35684K [0x00000000eab00000, 0x00000000ff880000, 0x0000000100000000)
  eden space 118272K, 0% used [0x00000000eab00000,0x00000000eab00000,0x00000000f1e80000)
  from space 35840K, 99% used [0x00000000f1e80000,0x00000000f41592d0,0x00000000f4180000)
  to   space 111104K, 0% used [0x00000000f8c00000,0x00000000f8c00000,0x00000000ff880000)
 ParOldGen       total 398848K, used 354303K [0x00000000c0000000, 0x00000000d8580000, 0x00000000eab00000)
  object space 398848K, 88% used [0x00000000c0000000,0x00000000d59ffc28,0x00000000d8580000)
 Metaspace       used 141515K, capacity 144016K, committed 144344K, reserved 1167360K
  class space    used 25034K, capacity 25714K, committed 25816K, reserved 1048576K
}
Event: 1504,138 GC heap before
{Heap before GC invocations=77 (full 5):
 PSYoungGen      total 154112K, used 153956K [0x00000000eab00000, 0x00000000ff880000, 0x0000000100000000)
  eden space 118272K, 100% used [0x00000000eab00000,0x00000000f1e80000,0x00000000f1e80000)
  from space 35840K, 99% used [0x00000000f1e80000,0x00000000f41592d0,0x00000000f4180000)
  to   space 111104K, 0% used [0x00000000f8c00000,0x00000000f8c00000,0x00000000ff880000)
 ParOldGen       total 398848K, used 354303K [0x00000000c0000000, 0x00000000d8580000, 0x00000000eab00000)
  object space 398848K, 88% used [0x00000000c0000000,0x00000000d59ffc28,0x00000000d8580000)
 Metaspace       used 141515K, capacity 144016K, committed 144344K, reserved 1167360K
  class space    used 25034K, capacity 25714K, committed 25816K, reserved 1048576K
Event: 1504,151 GC heap after
Heap after GC invocations=77 (full 5):
 PSYoungGen      total 227328K, used 64K [0x00000000eab00000, 0x0000000100000000, 0x0000000100000000)
  eden space 116224K, 0% used [0x00000000eab00000,0x00000000eab00000,0x00000000f1c80000)
  from space 111104K, 0% used [0x00000000f8c00000,0x00000000f8c10000,0x00000000ff880000)
  to   space 114176K, 0% used [0x00000000f1c80000,0x00000000f1c80000,0x00000000f8c00000)
 ParOldGen       total 398848K, used 389939K [0x00000000c0000000, 0x00000000d8580000, 0x00000000eab00000)
  object space 398848K, 97% used [0x00000000c0000000,0x00000000d7cccd80,0x00000000d8580000)
 Metaspace       used 141515K, capacity 144016K, committed 144344K, reserved 1167360K
  class space    used 25034K, capacity 25714K, committed 25816K, reserved 1048576K
}
Event: 1504,151 GC heap before
{Heap before GC invocations=78 (full 6):
 PSYoungGen      total 227328K, used 64K [0x00000000eab00000, 0x0000000100000000, 0x0000000100000000)
  eden space 116224K, 0% used [0x00000000eab00000,0x00000000eab00000,0x00000000f1c80000)
  from space 111104K, 0% used [0x00000000f8c00000,0x00000000f8c10000,0x00000000ff880000)
  to   space 114176K, 0% used [0x00000000f1c80000,0x00000000f1c80000,0x00000000f8c00000)
 ParOldGen       total 398848K, used 389939K [0x00000000c0000000, 0x00000000d8580000, 0x00000000eab00000)
  object space 398848K, 97% used [0x00000000c0000000,0x00000000d7cccd80,0x00000000d8580000)
 Metaspace       used 141515K, capacity 144016K, committed 144344K, reserved 1167360K
  class space    used 25034K, capacity 25714K, committed 25816K, reserved 1048576K
Event: 1505,065 GC heap after
Heap after GC invocations=78 (full 6):
 PSYoungGen      total 227328K, used 0K [0x00000000eab00000, 0x0000000100000000, 0x0000000100000000)
  eden space 116224K, 0% used [0x00000000eab00000,0x00000000eab00000,0x00000000f1c80000)
  from space 111104K, 0% used [0x00000000f8c00000,0x00000000f8c00000,0x00000000ff880000)
  to   space 114176K, 0% used [0x00000000f1c80000,0x00000000f1c80000,0x00000000f8c00000)
 ParOldGen       total 479744K, used 264254K [0x00000000c0000000, 0x00000000dd480000, 0x00000000eab00000)
  object space 479744K, 55% used [0x00000000c0000000,0x00000000d020fa18,0x00000000dd480000)
 Metaspace       used 141455K, capacity 143916K, committed 144344K, reserved 1167360K
  class space    used 25020K, capacity 25688K, committed 25816K, reserved 1048576K
}

