# JRE version: OpenJDK Runtime Environment (8.0_181-b15) (build 1.8.0_181-b15)
# Java VM: OpenJDK 64-Bit Server VM (25.181-b15 mixed mode linux-amd64 compressed oops)
Heap:
 PSYoungGen      total 232960K, used 6853K [0x00000000eab00000, 0x0000000100000000, 0x0000000100000000)
  eden space 116736K, 5% used [0x00000000eab00000,0x00000000eb1b1760,0x00000000f1d00000)
  from space 116224K, 0% used [0x00000000f8e80000,0x00000000f8e80000,0x0000000100000000)
  to   space 116224K, 0% used [0x00000000f1d00000,0x00000000f1d00000,0x00000000f8e80000)
 ParOldGen       total 467968K, used 259247K [0x00000000c0000000, 0x00000000dc900000, 0x00000000eab00000)
  object space 467968K, 55% used [0x00000000c0000000,0x00000000cfd2bee0,0x00000000dc900000)
 Metaspace       used 141323K, capacity 143676K, committed 143960K, reserved 1167360K
  class space    used 25009K, capacity 25648K, committed 25688K, reserved 1048576K
GC Heap History (136 events):
Event: 1,409 GC heap before
{Heap before GC invocations=1 (full 0):
 PSYoungGen      total 36864K, used 31744K [0x00000000eab00000, 0x00000000ed400000, 0x0000000100000000)
  eden space 31744K, 100% used [0x00000000eab00000,0x00000000eca00000,0x00000000eca00000)
  from space 5120K, 0% used [0x00000000ecf00000,0x00000000ecf00000,0x00000000ed400000)
  to   space 5120K, 0% used [0x00000000eca00000,0x00000000eca00000,0x00000000ecf00000)
 ParOldGen       total 84992K, used 0K [0x00000000c0000000, 0x00000000c5300000, 0x00000000eab00000)
  object space 84992K, 0% used [0x00000000c0000000,0x00000000c0000000,0x00000000c5300000)
 Metaspace       used 7277K, capacity 7504K, committed 7680K, reserved 1056768K
  class space    used 832K, capacity 912K, committed 1024K, reserved 1048576K
Event: 1,415 GC heap after
Heap after GC invocations=1 (full 0):
 PSYoungGen      total 36864K, used 4088K [0x00000000eab00000, 0x00000000ed400000, 0x0000000100000000)
  eden space 31744K, 0% used [0x00000000eab00000,0x00000000eab00000,0x00000000eca00000)
  from space 5120K, 79% used [0x00000000eca00000,0x00000000ecdfe100,0x00000000ecf00000)
  to   space 5120K, 0% used [0x00000000ecf00000,0x00000000ecf00000,0x00000000ed400000)
 ParOldGen       total 84992K, used 8K [0x00000000c0000000, 0x00000000c5300000, 0x00000000eab00000)
  object space 84992K, 0% used [0x00000000c0000000,0x00000000c0002000,0x00000000c5300000)
 Metaspace       used 7277K, capacity 7504K, committed 7680K, reserved 1056768K
  class space    used 832K, capacity 912K, committed 1024K, reserved 1048576K
}
Event: 2,081 GC heap before
{Heap before GC invocations=2 (full 0):
 PSYoungGen      total 36864K, used 35832K [0x00000000eab00000, 0x00000000ed400000, 0x0000000100000000)
  eden space 31744K, 100% used [0x00000000eab00000,0x00000000eca00000,0x00000000eca00000)
  from space 5120K, 79% used [0x00000000eca00000,0x00000000ecdfe100,0x00000000ecf00000)
  to   space 5120K, 0% used [0x00000000ecf00000,0x00000000ecf00000,0x00000000ed400000)
 ParOldGen       total 84992K, used 8K [0x00000000c0000000, 0x00000000c5300000, 0x00000000eab00000)
  object space 84992K, 0% used [0x00000000c0000000,0x00000000c0002000,0x00000000c5300000)
 Metaspace       used 11769K, capacity 12054K, committed 12416K, reserved 1060864K
  class space    used 1476K, capacity 1571K, committed 1664K, reserved 1048576K
Event: 2,089 GC heap after
Heap after GC invocations=2 (full 0):
 PSYoungGen      total 36864K, used 5115K [0x00000000eab00000, 0x00000000ed400000, 0x0000000100000000)
  eden space 31744K, 0% used [0x00000000eab00000,0x00000000eab00000,0x00000000eca00000)
  from space 5120K, 99% used [0x00000000ecf00000,0x00000000ed3fec48,0x00000000ed400000)
  to   space 5120K, 0% used [0x00000000eca00000,0x00000000eca00000,0x00000000ecf00000)
 ParOldGen       total 84992K, used 302K [0x00000000c0000000, 0x00000000c5300000, 0x00000000eab00000)
  object space 84992K, 0% used [0x00000000c0000000,0x00000000c004b838,0x00000000c5300000)
 Metaspace       used 11769K, capacity 12054K, committed 12416K, reserved 1060864K
  class space    used 1476K, capacity 1571K, committed 1664K, reserved 1048576K
}
Event: 2,497 GC heap before
{Heap before GC invocations=3 (full 0):
 PSYoungGen      total 36864K, used 36859K [0x00000000eab00000, 0x00000000ed400000, 0x0000000100000000)
  eden space 31744K, 100% used [0x00000000eab00000,0x00000000eca00000,0x00000000eca00000)
  from space 5120K, 99% used [0x00000000ecf00000,0x00000000ed3fec48,0x00000000ed400000)
  to   space 5120K, 0% used [0x00000000eca00000,0x00000000eca00000,0x00000000ecf00000)
 ParOldGen       total 84992K, used 302K [0x00000000c0000000, 0x00000000c5300000, 0x00000000eab00000)
  object space 84992K, 0% used [0x00000000c0000000,0x00000000c004b838,0x00000000c5300000)
 Metaspace       used 14648K, capacity 15032K, committed 15232K, reserved 1062912K
  class space    used 1963K, capacity 2116K, committed 2176K, reserved 1048576K
Event: 2,505 GC heap after
Heap after GC invocations=3 (full 0):
 PSYoungGen      total 36864K, used 5101K [0x00000000eab00000, 0x00000000ef300000, 0x0000000100000000)
  eden space 31744K, 0% used [0x00000000eab00000,0x00000000eab00000,0x00000000eca00000)
  from space 5120K, 99% used [0x00000000eca00000,0x00000000ecefb6a8,0x00000000ecf00000)
  to   space 5120K, 0% used [0x00000000eee00000,0x00000000eee00000,0x00000000ef300000)
 ParOldGen       total 84992K, used 2003K [0x00000000c0000000, 0x00000000c5300000, 0x00000000eab00000)
  object space 84992K, 2% used [0x00000000c0000000,0x00000000c01f4e20,0x00000000c5300000)
 Metaspace       used 14648K, capacity 15032K, committed 15232K, reserved 1062912K
  class space    used 1963K, capacity 2116K, committed 2176K, reserved 1048576K
}
Event: 3,096 GC heap before
{Heap before GC invocations=4 (full 0):
 PSYoungGen      total 36864K, used 36845K [0x00000000eab00000, 0x00000000ef300000, 0x0000000100000000)
  eden space 31744K, 100% used [0x00000000eab00000,0x00000000eca00000,0x00000000eca00000)
  from space 5120K, 99% used [0x00000000eca00000,0x00000000ecefb6a8,0x00000000ecf00000)
  to   space 5120K, 0% used [0x00000000eee00000,0x00000000eee00000,0x00000000ef300000)
 ParOldGen       total 84992K, used 2003K [0x00000000c0000000, 0x00000000c5300000, 0x00000000eab00000)
  object space 84992K, 2% used [0x00000000c0000000,0x00000000c01f4e20,0x00000000c5300000)
 Metaspace       used 18078K, capacity 18494K, committed 18816K, reserved 1064960K
  class space    used 2486K, capacity 2629K, committed 2688K, reserved 1048576K
Event: 3,112 GC heap after
Heap after GC invocations=4 (full 0):
 PSYoungGen      total 68608K, used 5104K [0x00000000eab00000, 0x00000000ef300000, 0x0000000100000000)
  eden space 63488K, 0% used [0x00000000eab00000,0x00000000eab00000,0x00000000ee900000)
  from space 5120K, 99% used [0x00000000eee00000,0x00000000ef2fc030,0x00000000ef300000)
  to   space 5120K, 0% used [0x00000000ee900000,0x00000000ee900000,0x00000000eee00000)
 ParOldGen       total 84992K, used 5322K [0x00000000c0000000, 0x00000000c5300000, 0x00000000eab00000)
  object space 84992K, 6% used [0x00000000c0000000,0x00000000c0532838,0x00000000c5300000)
 Metaspace       used 18078K, capacity 18494K, committed 18816K, reserved 1064960K
  class space    used 2486K, capacity 2629K, committed 2688K, reserved 1048576K
}
Event: 3,422 GC heap before
{Heap before GC invocations=5 (full 0):
 PSYoungGen      total 68608K, used 13783K [0x00000000eab00000, 0x00000000ef300000, 0x0000000100000000)
  eden space 63488K, 13% used [0x00000000eab00000,0x00000000eb379dd0,0x00000000ee900000)
  from space 5120K, 99% used [0x00000000eee00000,0x00000000ef2fc030,0x00000000ef300000)
  to   space 5120K, 0% used [0x00000000ee900000,0x00000000ee900000,0x00000000eee00000)
 ParOldGen       total 84992K, used 5322K [0x00000000c0000000, 0x00000000c5300000, 0x00000000eab00000)
  object space 84992K, 6% used [0x00000000c0000000,0x00000000c0532838,0x00000000c5300000)
 Metaspace       used 20725K, capacity 21118K, committed 21296K, reserved 1067008K
  class space    used 2757K, capacity 2885K, committed 2944K, reserved 1048576K
Event: 3,440 GC heap after
Heap after GC invocations=5 (full 0):
 PSYoungGen      total 68608K, used 5088K [0x00000000eab00000, 0x00000000f3900000, 0x0000000100000000)
  eden space 63488K, 0% used [0x00000000eab00000,0x00000000eab00000,0x00000000ee900000)
  from space 5120K, 99% used [0x00000000ee900000,0x00000000eedf8030,0x00000000eee00000)
  to   space 9216K, 0% used [0x00000000f3000000,0x00000000f3000000,0x00000000f3900000)
 ParOldGen       total 84992K, used 7050K [0x00000000c0000000, 0x00000000c5300000, 0x00000000eab00000)
  object space 84992K, 8% used [0x00000000c0000000,0x00000000c06e2810,0x00000000c5300000)
 Metaspace       used 20725K, capacity 21118K, committed 21296K, reserved 1067008K
  class space    used 2757K, capacity 2885K, committed 2944K, reserved 1048576K
}
Event: 3,440 GC heap before
{Heap before GC invocations=6 (full 1):
 PSYoungGen      total 68608K, used 5088K [0x00000000eab00000, 0x00000000f3900000, 0x0000000100000000)
  eden space 63488K, 0% used [0x00000000eab00000,0x00000000eab00000,0x00000000ee900000)
  from space 5120K, 99% used [0x00000000ee900000,0x00000000eedf8030,0x00000000eee00000)
  to   space 9216K, 0% used [0x00000000f3000000,0x00000000f3000000,0x00000000f3900000)
 ParOldGen       total 84992K, used 7050K [0x00000000c0000000, 0x00000000c5300000, 0x00000000eab00000)
  object space 84992K, 8% used [0x00000000c0000000,0x00000000c06e2810,0x00000000c5300000)
 Metaspace       used 20725K, capacity 21118K, committed 21296K, reserved 1067008K
  class space    used 2757K, capacity 2885K, committed 2944K, reserved 1048576K
Event: 3,535 GC heap after
Heap after GC invocations=6 (full 1):
 PSYoungGen      total 68608K, used 0K [0x00000000eab00000, 0x00000000f3900000, 0x0000000100000000)
  eden space 63488K, 0% used [0x00000000eab00000,0x00000000eab00000,0x00000000ee900000)
  from space 5120K, 0% used [0x00000000ee900000,0x00000000ee900000,0x00000000eee00000)
  to   space 9216K, 0% used [0x00000000f3000000,0x00000000f3000000,0x00000000f3900000)
 ParOldGen       total 59392K, used 7188K [0x00000000c0000000, 0x00000000c3a00000, 0x00000000eab00000)
  object space 59392K, 12% used [0x00000000c0000000,0x00000000c0705318,0x00000000c3a00000)
 Metaspace       used 20725K, capacity 21118K, committed 21296K, reserved 1067008K
  class space    used 2757K, capacity 2885K, committed 2944K, reserved 1048576K
}
Event: 5,241 GC heap before
{Heap before GC invocations=7 (full 1):
 PSYoungGen      total 68608K, used 63488K [0x00000000eab00000, 0x00000000f3900000, 0x0000000100000000)
  eden space 63488K, 100% used [0x00000000eab00000,0x00000000ee900000,0x00000000ee900000)
  from space 5120K, 0% used [0x00000000ee900000,0x00000000ee900000,0x00000000eee00000)
  to   space 9216K, 0% used [0x00000000f3000000,0x00000000f3000000,0x00000000f3900000)
 ParOldGen       total 59392K, used 7188K [0x00000000c0000000, 0x00000000c3a00000, 0x00000000eab00000)
  object space 59392K, 12% used [0x00000000c0000000,0x00000000c0705318,0x00000000c3a00000)
 Metaspace       used 26399K, capacity 26806K, committed 27008K, reserved 1073152K
  class space    used 3567K, capacity 3690K, committed 3712K, reserved 1048576K
Event: 5,253 GC heap after
Heap after GC invocations=7 (full 1):
 PSYoungGen      total 97792K, used 7067K [0x00000000eab00000, 0x00000000f3700000, 0x0000000100000000)
  eden space 90624K, 0% used [0x00000000eab00000,0x00000000eab00000,0x00000000f0380000)
  from space 7168K, 98% used [0x00000000f3000000,0x00000000f36e6f48,0x00000000f3700000)
  to   space 9216K, 0% used [0x00000000f2500000,0x00000000f2500000,0x00000000f2e00000)
 ParOldGen       total 59392K, used 7196K [0x00000000c0000000, 0x00000000c3a00000, 0x00000000eab00000)
  object space 59392K, 12% used [0x00000000c0000000,0x00000000c0707318,0x00000000c3a00000)
 Metaspace       used 26399K, capacity 26806K, committed 27008K, reserved 1073152K
  class space    used 3567K, capacity 3690K, committed 3712K, reserved 1048576K
}
Event: 7,353 GC heap before
{Heap before GC invocations=8 (full 1):
 PSYoungGen      total 97792K, used 97691K [0x00000000eab00000, 0x00000000f3700000, 0x0000000100000000)
  eden space 90624K, 100% used [0x00000000eab00000,0x00000000f0380000,0x00000000f0380000)
  from space 7168K, 98% used [0x00000000f3000000,0x00000000f36e6f48,0x00000000f3700000)
  to   space 9216K, 0% used [0x00000000f2500000,0x00000000f2500000,0x00000000f2e00000)
 ParOldGen       total 59392K, used 7196K [0x00000000c0000000, 0x00000000c3a00000, 0x00000000eab00000)
  object space 59392K, 12% used [0x00000000c0000000,0x00000000c0707318,0x00000000c3a00000)
 Metaspace       used 32195K, capacity 32700K, committed 33024K, reserved 1077248K
  class space    used 4388K, capacity 4538K, committed 4608K, reserved 1048576K
Event: 7,375 GC heap after
Heap after GC invocations=8 (full 1):
 PSYoungGen      total 134144K, used 9184K [0x00000000eab00000, 0x00000000f3d80000, 0x0000000100000000)
  eden space 124928K, 0% used [0x00000000eab00000,0x00000000eab00000,0x00000000f2500000)
  from space 9216K, 99% used [0x00000000f2500000,0x00000000f2df83c8,0x00000000f2e00000)
  to   space 11776K, 0% used [0x00000000f3200000,0x00000000f3200000,0x00000000f3d80000)
 ParOldGen       total 59392K, used 9775K [0x00000000c0000000, 0x00000000c3a00000, 0x00000000eab00000)
  object space 59392K, 16% used [0x00000000c0000000,0x00000000c098bf70,0x00000000c3a00000)
 Metaspace       used 32195K, capacity 32700K, committed 33024K, reserved 1077248K
  class space    used 4388K, capacity 4538K, committed 4608K, reserved 1048576K
}
Event: 8,779 GC heap before
{Heap before GC invocations=9 (full 1):
 PSYoungGen      total 134144K, used 87602K [0x00000000eab00000, 0x00000000f3d80000, 0x0000000100000000)
  eden space 124928K, 62% used [0x00000000eab00000,0x00000000ef794468,0x00000000f2500000)
  from space 9216K, 99% used [0x00000000f2500000,0x00000000f2df83c8,0x00000000f2e00000)
  to   space 11776K, 0% used [0x00000000f3200000,0x00000000f3200000,0x00000000f3d80000)
 ParOldGen       total 59392K, used 9775K [0x00000000c0000000, 0x00000000c3a00000, 0x00000000eab00000)
  object space 59392K, 16% used [0x00000000c0000000,0x00000000c098bf70,0x00000000c3a00000)
 Metaspace       used 34920K, capacity 35402K, committed 35456K, reserved 1079296K
  class space    used 4797K, capacity 4962K, committed 4992K, reserved 1048576K
Event: 8,815 GC heap after
Heap after GC invocations=9 (full 1):
 PSYoungGen      total 136192K, used 11766K [0x00000000eab00000, 0x00000000f7380000, 0x0000000100000000)
  eden space 124416K, 0% used [0x00000000eab00000,0x00000000eab00000,0x00000000f2480000)
  from space 11776K, 99% used [0x00000000f3200000,0x00000000f3d7da30,0x00000000f3d80000)
  to   space 13824K, 0% used [0x00000000f2480000,0x00000000f2480000,0x00000000f3200000)
 ParOldGen       total 59392K, used 11717K [0x00000000c0000000, 0x00000000c3a00000, 0x00000000eab00000)
  object space 59392K, 19% used [0x00000000c0000000,0x00000000c0b71650,0x00000000c3a00000)
 Metaspace       used 34920K, capacity 35402K, committed 35456K, reserved 1079296K
  class space    used 4797K, capacity 4962K, committed 4992K, reserved 1048576K
}
Event: 8,815 GC heap before
{Heap before GC invocations=10 (full 2):
 PSYoungGen      total 136192K, used 11766K [0x00000000eab00000, 0x00000000f7380000, 0x0000000100000000)
  eden space 124416K, 0% used [0x00000000eab00000,0x00000000eab00000,0x00000000f2480000)
  from space 11776K, 99% used [0x00000000f3200000,0x00000000f3d7da30,0x00000000f3d80000)
  to   space 13824K, 0% used [0x00000000f2480000,0x00000000f2480000,0x00000000f3200000)
 ParOldGen       total 59392K, used 11717K [0x00000000c0000000, 0x00000000c3a00000, 0x00000000eab00000)
  object space 59392K, 19% used [0x00000000c0000000,0x00000000c0b71650,0x00000000c3a00000)
 Metaspace       used 34920K, capacity 35402K, committed 35456K, reserved 1079296K
  class space    used 4797K, capacity 4962K, committed 4992K, reserved 1048576K
Event: 9,040 GC heap after
Heap after GC invocations=10 (full 2):
 PSYoungGen      total 136192K, used 0K [0x00000000eab00000, 0x00000000f7380000, 0x0000000100000000)
  eden space 124416K, 0% used [0x00000000eab00000,0x00000000eab00000,0x00000000f2480000)
  from space 11776K, 0% used [0x00000000f3200000,0x00000000f3200000,0x00000000f3d80000)
  to   space 13824K, 0% used [0x00000000f2480000,0x00000000f2480000,0x00000000f3200000)
 ParOldGen       total 103936K, used 20083K [0x00000000c0000000, 0x00000000c6580000, 0x00000000eab00000)
  object space 103936K, 19% used [0x00000000c0000000,0x00000000c139cec0,0x00000000c6580000)
 Metaspace       used 34920K, capacity 35402K, committed 35456K, reserved 1079296K
  class space    used 4797K, capacity 4962K, committed 4992K, reserved 1048576K
}
Event: 14,151 GC heap before
{Heap before GC invocations=11 (full 2):
 PSYoungGen      total 136192K, used 124416K [0x00000000eab00000, 0x00000000f7380000, 0x0000000100000000)
  eden space 124416K, 100% used [0x00000000eab00000,0x00000000f2480000,0x00000000f2480000)
  from space 11776K, 0% used [0x00000000f3200000,0x00000000f3200000,0x00000000f3d80000)
  to   space 13824K, 0% used [0x00000000f2480000,0x00000000f2480000,0x00000000f3200000)
 ParOldGen       total 103936K, used 20083K [0x00000000c0000000, 0x00000000c6580000, 0x00000000eab00000)
  object space 103936K, 19% used [0x00000000c0000000,0x00000000c139cec0,0x00000000c6580000)
 Metaspace       used 44475K, capacity 45696K, committed 45952K, reserved 1089536K
  class space    used 6114K, capacity 6470K, committed 6528K, reserved 1048576K
Event: 14,173 GC heap after
Heap after GC invocations=11 (full 2):
 PSYoungGen      total 138240K, used 13797K [0x00000000eab00000, 0x00000000f5e80000, 0x0000000100000000)
  eden space 124416K, 0% used [0x00000000eab00000,0x00000000eab00000,0x00000000f2480000)
  from space 13824K, 99% used [0x00000000f2480000,0x00000000f31f96b8,0x00000000f3200000)
  to   space 17920K, 0% used [0x00000000f4d00000,0x00000000f4d00000,0x00000000f5e80000)
 ParOldGen       total 103936K, used 25078K [0x00000000c0000000, 0x00000000c6580000, 0x00000000eab00000)
  object space 103936K, 24% used [0x00000000c0000000,0x00000000c187d9d0,0x00000000c6580000)
 Metaspace       used 44475K, capacity 45696K, committed 45952K, reserved 1089536K
  class space    used 6114K, capacity 6470K, committed 6528K, reserved 1048576K
}
Event: 15,964 GC heap before
{Heap before GC invocations=12 (full 2):
 PSYoungGen      total 138240K, used 124352K [0x00000000eab00000, 0x00000000f5e80000, 0x0000000100000000)
  eden space 124416K, 88% used [0x00000000eab00000,0x00000000f16f6d40,0x00000000f2480000)
  from space 13824K, 99% used [0x00000000f2480000,0x00000000f31f96b8,0x00000000f3200000)
  to   space 17920K, 0% used [0x00000000f4d00000,0x00000000f4d00000,0x00000000f5e80000)
 ParOldGen       total 103936K, used 25078K [0x00000000c0000000, 0x00000000c6580000, 0x00000000eab00000)
  object space 103936K, 24% used [0x00000000c0000000,0x00000000c187d9d0,0x00000000c6580000)
 Metaspace       used 57541K, capacity 58822K, committed 59096K, reserved 1099776K
  class space    used 9238K, capacity 9625K, committed 9688K, reserved 1048576K
Event: 16,009 GC heap after
Heap after GC invocations=12 (full 2):
 PSYoungGen      total 159744K, used 17919K [0x00000000eab00000, 0x00000000f6c80000, 0x0000000100000000)
  eden space 141824K, 0% used [0x00000000eab00000,0x00000000eab00000,0x00000000f3580000)
  from space 17920K, 99% used [0x00000000f4d00000,0x00000000f5e7fcc8,0x00000000f5e80000)
  to   space 24064K, 0% used [0x00000000f3580000,0x00000000f3580000,0x00000000f4d00000)
 ParOldGen       total 103936K, used 34888K [0x00000000c0000000, 0x00000000c6580000, 0x00000000eab00000)
  object space 103936K, 33% used [0x00000000c0000000,0x00000000c2212030,0x00000000c6580000)
 Metaspace       used 57541K, capacity 58822K, committed 59096K, reserved 1099776K
  class space    used 9238K, capacity 9625K, committed 9688K, reserved 1048576K
}
Event: 16,009 GC heap before
{Heap before GC invocations=13 (full 3):
 PSYoungGen      total 159744K, used 17919K [0x00000000eab00000, 0x00000000f6c80000, 0x0000000100000000)
  eden space 141824K, 0% used [0x00000000eab00000,0x00000000eab00000,0x00000000f3580000)
  from space 17920K, 99% used [0x00000000f4d00000,0x00000000f5e7fcc8,0x00000000f5e80000)
  to   space 24064K, 0% used [0x00000000f3580000,0x00000000f3580000,0x00000000f4d00000)
 ParOldGen       total 103936K, used 34888K [0x00000000c0000000, 0x00000000c6580000, 0x00000000eab00000)
  object space 103936K, 33% used [0x00000000c0000000,0x00000000c2212030,0x00000000c6580000)
 Metaspace       used 57541K, capacity 58822K, committed 59096K, reserved 1099776K
  class space    used 9238K, capacity 9625K, committed 9688K, reserved 1048576K
Event: 16,257 GC heap after
Heap after GC invocations=13 (full 3):
 PSYoungGen      total 159744K, used 0K [0x00000000eab00000, 0x00000000f6c80000, 0x0000000100000000)
  eden space 141824K, 0% used [0x00000000eab00000,0x00000000eab00000,0x00000000f3580000)
  from space 17920K, 0% used [0x00000000f4d00000,0x00000000f4d00000,0x00000000f5e80000)
  to   space 24064K, 0% used [0x00000000f3580000,0x00000000f3580000,0x00000000f4d00000)
 ParOldGen       total 164864K, used 45216K [0x00000000c0000000, 0x00000000ca100000, 0x00000000eab00000)
  object space 164864K, 27% used [0x00000000c0000000,0x00000000c2c282d8,0x00000000ca100000)
 Metaspace       used 57541K, capacity 58822K, committed 59096K, reserved 1099776K
  class space    used 9238K, capacity 9625K, committed 9688K, reserved 1048576K
}
Event: 18,925 GC heap before
{Heap before GC invocations=14 (full 3):
 PSYoungGen      total 159744K, used 141824K [0x00000000eab00000, 0x00000000f6c80000, 0x0000000100000000)
  eden space 141824K, 100% used [0x00000000eab00000,0x00000000f3580000,0x00000000f3580000)
  from space 17920K, 0% used [0x00000000f4d00000,0x00000000f4d00000,0x00000000f5e80000)
  to   space 24064K, 0% used [0x00000000f3580000,0x00000000f3580000,0x00000000f4d00000)
 ParOldGen       total 164864K, used 45216K [0x00000000c0000000, 0x00000000ca100000, 0x00000000eab00000)
  object space 164864K, 27% used [0x00000000c0000000,0x00000000c2c282d8,0x00000000ca100000)
 Metaspace       used 63994K, capacity 65462K, committed 65880K, reserved 1103872K
  class space    used 10040K, capacity 10458K, committed 10584K, reserved 1048576K
Event: 18,958 GC heap after
Heap after GC invocations=14 (full 3):
 PSYoungGen      total 165888K, used 20648K [0x00000000eab00000, 0x00000000f8380000, 0x0000000100000000)
  eden space 141824K, 0% used [0x00000000eab00000,0x00000000eab00000,0x00000000f3580000)
  from space 24064K, 85% used [0x00000000f3580000,0x00000000f49aa088,0x00000000f4d00000)
  to   space 26112K, 0% used [0x00000000f6a00000,0x00000000f6a00000,0x00000000f8380000)
 ParOldGen       total 164864K, used 45224K [0x00000000c0000000, 0x00000000ca100000, 0x00000000eab00000)
  object space 164864K, 27% used [0x00000000c0000000,0x00000000c2c2a2d8,0x00000000ca100000)
 Metaspace       used 63994K, capacity 65462K, committed 65880K, reserved 1103872K
  class space    used 10040K, capacity 10458K, committed 10584K, reserved 1048576K
}
Event: 20,524 GC heap before
{Heap before GC invocations=15 (full 3):
 PSYoungGen      total 165888K, used 162472K [0x00000000eab00000, 0x00000000f8380000, 0x0000000100000000)
  eden space 141824K, 100% used [0x00000000eab00000,0x00000000f3580000,0x00000000f3580000)
  from space 24064K, 85% used [0x00000000f3580000,0x00000000f49aa088,0x00000000f4d00000)
  to   space 26112K, 0% used [0x00000000f6a00000,0x00000000f6a00000,0x00000000f8380000)
 ParOldGen       total 164864K, used 45224K [0x00000000c0000000, 0x00000000ca100000, 0x00000000eab00000)
  object space 164864K, 27% used [0x00000000c0000000,0x00000000c2c2a2d8,0x00000000ca100000)
 Metaspace       used 65156K, capacity 66724K, committed 67032K, reserved 1105920K
  class space    used 10240K, capacity 10708K, committed 10712K, reserved 1048576K
Event: 20,570 GC heap after
Heap after GC invocations=15 (full 3):
 PSYoungGen      total 192000K, used 24871K [0x00000000eab00000, 0x00000000f8e00000, 0x0000000100000000)
  eden space 165888K, 0% used [0x00000000eab00000,0x00000000eab00000,0x00000000f4d00000)
  from space 26112K, 95% used [0x00000000f6a00000,0x00000000f8249e00,0x00000000f8380000)
  to   space 29696K, 0% used [0x00000000f4d00000,0x00000000f4d00000,0x00000000f6a00000)
 ParOldGen       total 164864K, used 45232K [0x00000000c0000000, 0x00000000ca100000, 0x00000000eab00000)
  object space 164864K, 27% used [0x00000000c0000000,0x00000000c2c2c2d8,0x00000000ca100000)
 Metaspace       used 65156K, capacity 66724K, committed 67032K, reserved 1105920K
  class space    used 10240K, capacity 10708K, committed 10712K, reserved 1048576K
}
Event: 22,870 GC heap before
{Heap before GC invocations=16 (full 3):
 PSYoungGen      total 192000K, used 190759K [0x00000000eab00000, 0x00000000f8e00000, 0x0000000100000000)
  eden space 165888K, 100% used [0x00000000eab00000,0x00000000f4d00000,0x00000000f4d00000)
  from space 26112K, 95% used [0x00000000f6a00000,0x00000000f8249e00,0x00000000f8380000)
  to   space 29696K, 0% used [0x00000000f4d00000,0x00000000f4d00000,0x00000000f6a00000)
 ParOldGen       total 164864K, used 45232K [0x00000000c0000000, 0x00000000ca100000, 0x00000000eab00000)
  object space 164864K, 27% used [0x00000000c0000000,0x00000000c2c2c2d8,0x00000000ca100000)
 Metaspace       used 72048K, capacity 73628K, committed 74072K, reserved 1112064K
  class space    used 11822K, capacity 12281K, committed 12376K, reserved 1048576K
Event: 22,924 GC heap after
Heap after GC invocations=16 (full 3):
 PSYoungGen      total 195584K, used 29694K [0x00000000eab00000, 0x00000000fbc80000, 0x0000000100000000)
  eden space 165888K, 0% used [0x00000000eab00000,0x00000000eab00000,0x00000000f4d00000)
  from space 29696K, 99% used [0x00000000f4d00000,0x00000000f69ffb38,0x00000000f6a00000)
  to   space 38400K, 0% used [0x00000000f9700000,0x00000000f9700000,0x00000000fbc80000)
 ParOldGen       total 164864K, used 56892K [0x00000000c0000000, 0x00000000ca100000, 0x00000000eab00000)
  object space 164864K, 34% used [0x00000000c0000000,0x00000000c378f3f8,0x00000000ca100000)
 Metaspace       used 72048K, capacity 73628K, committed 74072K, reserved 1112064K
  class space    used 11822K, capacity 12281K, committed 12376K, reserved 1048576K
}
Event: 23,832 GC heap before
{Heap before GC invocations=17 (full 3):
 PSYoungGen      total 195584K, used 195582K [0x00000000eab00000, 0x00000000fbc80000, 0x0000000100000000)
  eden space 165888K, 100% used [0x00000000eab00000,0x00000000f4d00000,0x00000000f4d00000)
  from space 29696K, 99% used [0x00000000f4d00000,0x00000000f69ffb38,0x00000000f6a00000)
  to   space 38400K, 0% used [0x00000000f9700000,0x00000000f9700000,0x00000000fbc80000)
 ParOldGen       total 164864K, used 56892K [0x00000000c0000000, 0x00000000ca100000, 0x00000000eab00000)
  object space 164864K, 34% used [0x00000000c0000000,0x00000000c378f3f8,0x00000000ca100000)
 Metaspace       used 73140K, capacity 74764K, committed 75096K, reserved 1112064K
  class space    used 11997K, capacity 12511K, committed 12632K, reserved 1048576K
Event: 23,921 GC heap after
Heap after GC invocations=17 (full 3):
 PSYoungGen      total 237568K, used 33456K [0x00000000eab00000, 0x00000000fd300000, 0x0000000100000000)
  eden space 199168K, 0% used [0x00000000eab00000,0x00000000eab00000,0x00000000f6d80000)
  from space 38400K, 87% used [0x00000000f9700000,0x00000000fb7ac018,0x00000000fbc80000)
  to   space 42496K, 0% used [0x00000000f6d80000,0x00000000f6d80000,0x00000000f9700000)
 ParOldGen       total 164864K, used 56892K [0x00000000c0000000, 0x00000000ca100000, 0x00000000eab00000)
  object space 164864K, 34% used [0x00000000c0000000,0x00000000c378f3f8,0x00000000ca100000)
 Metaspace       used 73140K, capacity 74764K, committed 75096K, reserved 1112064K
  class space    used 11997K, capacity 12511K, committed 12632K, reserved 1048576K
}
Event: 25,432 GC heap before
{Heap before GC invocations=18 (full 3):
 PSYoungGen      total 237568K, used 232624K [0x00000000eab00000, 0x00000000fd300000, 0x0000000100000000)
  eden space 199168K, 100% used [0x00000000eab00000,0x00000000f6d80000,0x00000000f6d80000)
  from space 38400K, 87% used [0x00000000f9700000,0x00000000fb7ac018,0x00000000fbc80000)
  to   space 42496K, 0% used [0x00000000f6d80000,0x00000000f6d80000,0x00000000f9700000)
 ParOldGen       total 164864K, used 56892K [0x00000000c0000000, 0x00000000ca100000, 0x00000000eab00000)
  object space 164864K, 34% used [0x00000000c0000000,0x00000000c378f3f8,0x00000000ca100000)
 Metaspace       used 74158K, capacity 75734K, committed 76248K, reserved 1112064K
  class space    used 12165K, capacity 12640K, committed 12760K, reserved 1048576K
Event: 25,520 GC heap after
Heap after GC invocations=18 (full 3):
 PSYoungGen      total 241664K, used 33312K [0x00000000eab00000, 0x0000000100000000, 0x0000000100000000)
  eden space 199168K, 0% used [0x00000000eab00000,0x00000000eab00000,0x00000000f6d80000)
  from space 42496K, 78% used [0x00000000f6d80000,0x00000000f8e082a0,0x00000000f9700000)
  to   space 46080K, 0% used [0x00000000fd300000,0x00000000fd300000,0x0000000100000000)
 ParOldGen       total 164864K, used 69433K [0x00000000c0000000, 0x00000000ca100000, 0x00000000eab00000)
  object space 164864K, 42% used [0x00000000c0000000,0x00000000c43ce5c8,0x00000000ca100000)
 Metaspace       used 74158K, capacity 75734K, committed 76248K, reserved 1112064K
  class space    used 12165K, capacity 12640K, committed 12760K, reserved 1048576K
}
Event: 28,249 GC heap before
{Heap before GC invocations=19 (full 3):
 PSYoungGen      total 241664K, used 232480K [0x00000000eab00000, 0x0000000100000000, 0x0000000100000000)
  eden space 199168K, 100% used [0x00000000eab00000,0x00000000f6d80000,0x00000000f6d80000)
  from space 42496K, 78% used [0x00000000f6d80000,0x00000000f8e082a0,0x00000000f9700000)
  to   space 46080K, 0% used [0x00000000fd300000,0x00000000fd300000,0x0000000100000000)
 ParOldGen       total 164864K, used 69433K [0x00000000c0000000, 0x00000000ca100000, 0x00000000eab00000)
  object space 164864K, 42% used [0x00000000c0000000,0x00000000c43ce5c8,0x00000000ca100000)
 Metaspace       used 75077K, capacity 76626K, committed 77016K, reserved 1114112K
  class space    used 12201K, capacity 12680K, committed 12760K, reserved 1048576K
Event: 28,348 GC heap after
Heap after GC invocations=19 (full 3):
 PSYoungGen      total 292864K, used 40924K [0x00000000eab00000, 0x0000000100000000, 0x0000000100000000)
  eden space 246784K, 0% used [0x00000000eab00000,0x00000000eab00000,0x00000000f9c00000)
  from space 46080K, 88% used [0x00000000fd300000,0x00000000ffaf7148,0x0000000100000000)
  to   space 51200K, 0% used [0x00000000f9c00000,0x00000000f9c00000,0x00000000fce00000)
 ParOldGen       total 164864K, used 83410K [0x00000000c0000000, 0x00000000ca100000, 0x00000000eab00000)
  object space 164864K, 50% used [0x00000000c0000000,0x00000000c5174810,0x00000000ca100000)
 Metaspace       used 75077K, capacity 76626K, committed 77016K, reserved 1114112K
  class space    used 12201K, capacity 12680K, committed 12760K, reserved 1048576K
}
Event: 32,161 GC heap before
{Heap before GC invocations=20 (full 3):
 PSYoungGen      total 292864K, used 285346K [0x00000000eab00000, 0x0000000100000000, 0x0000000100000000)
  eden space 246784K, 99% used [0x00000000eab00000,0x00000000f99b17a0,0x00000000f9c00000)
  from space 46080K, 88% used [0x00000000fd300000,0x00000000ffaf7148,0x0000000100000000)
  to   space 51200K, 0% used [0x00000000f9c00000,0x00000000f9c00000,0x00000000fce00000)
 ParOldGen       total 164864K, used 83410K [0x00000000c0000000, 0x00000000ca100000, 0x00000000eab00000)
  object space 164864K, 50% used [0x00000000c0000000,0x00000000c5174810,0x00000000ca100000)
 Metaspace       used 75323K, capacity 76922K, committed 77272K, reserved 1114112K
  class space    used 12208K, capacity 12712K, committed 12760K, reserved 1048576K
Event: 32,251 GC heap after
Heap after GC invocations=20 (full 3):
 PSYoungGen      total 296448K, used 49477K [0x00000000eab00000, 0x0000000100000000, 0x0000000100000000)
  eden space 246784K, 0% used [0x00000000eab00000,0x00000000eab00000,0x00000000f9c00000)
  from space 49664K, 99% used [0x00000000f9c00000,0x00000000fcc51548,0x00000000fcc80000)
  to   space 52736K, 0% used [0x00000000fcc80000,0x00000000fcc80000,0x0000000100000000)
 ParOldGen       total 164864K, used 99726K [0x00000000c0000000, 0x00000000ca100000, 0x00000000eab00000)
  object space 164864K, 60% used [0x00000000c0000000,0x00000000c61638d8,0x00000000ca100000)
 Metaspace       used 75323K, capacity 76922K, committed 77272K, reserved 1114112K
  class space    used 12208K, capacity 12712K, committed 12760K, reserved 1048576K
}
Event: 33,009 GC heap before
{Heap before GC invocations=21 (full 3):
 PSYoungGen      total 296448K, used 296261K [0x00000000eab00000, 0x0000000100000000, 0x0000000100000000)
  eden space 246784K, 100% used [0x00000000eab00000,0x00000000f9c00000,0x00000000f9c00000)
  from space 49664K, 99% used [0x00000000f9c00000,0x00000000fcc51548,0x00000000fcc80000)
  to   space 52736K, 0% used [0x00000000fcc80000,0x00000000fcc80000,0x0000000100000000)
 ParOldGen       total 164864K, used 99726K [0x00000000c0000000, 0x00000000ca100000, 0x00000000eab00000)
  object space 164864K, 60% used [0x00000000c0000000,0x00000000c61638d8,0x00000000ca100000)
 Metaspace       used 75336K, capacity 76922K, committed 77272K, reserved 1114112K
  class space    used 12208K, capacity 12712K, committed 12760K, reserved 1048576K
Event: 33,045 GC heap after
Heap after GC invocations=21 (full 3):
 PSYoungGen      total 288256K, used 28384K [0x00000000eab00000, 0x0000000100000000, 0x0000000100000000)
  eden space 235520K, 0% used [0x00000000eab00000,0x00000000eab00000,0x00000000f9100000)
  from space 52736K, 53% used [0x00000000fcc80000,0x00000000fe838338,0x0000000100000000)
  to   space 56832K, 0% used [0x00000000f9100000,0x00000000f9100000,0x00000000fc880000)
 ParOldGen       total 164864K, used 123479K [0x00000000c0000000, 0x00000000ca100000, 0x00000000eab00000)
  object space 164864K, 74% used [0x00000000c0000000,0x00000000c7895f08,0x00000000ca100000)
 Metaspace       used 75336K, capacity 76922K, committed 77272K, reserved 1114112K
  class space    used 12208K, capacity 12712K, committed 12760K, reserved 1048576K
}
Event: 33,670 GC heap before
{Heap before GC invocations=22 (full 3):
 PSYoungGen      total 288256K, used 263904K [0x00000000eab00000, 0x0000000100000000, 0x0000000100000000)
  eden space 235520K, 100% used [0x00000000eab00000,0x00000000f9100000,0x00000000f9100000)
  from space 52736K, 53% used [0x00000000fcc80000,0x00000000fe838338,0x0000000100000000)
  to   space 56832K, 0% used [0x00000000f9100000,0x00000000f9100000,0x00000000fc880000)
 ParOldGen       total 164864K, used 123479K [0x00000000c0000000, 0x00000000ca100000, 0x00000000eab00000)
  object space 164864K, 74% used [0x00000000c0000000,0x00000000c7895f08,0x00000000ca100000)
 Metaspace       used 75336K, capacity 76922K, committed 77272K, reserved 1114112K
  class space    used 12208K, capacity 12712K, committed 12760K, reserved 1048576K
Event: 33,711 GC heap after
Heap after GC invocations=22 (full 3):
 PSYoungGen      total 236032K, used 96K [0x00000000eab00000, 0x0000000100000000, 0x0000000100000000)
  eden space 235520K, 0% used [0x00000000eab00000,0x00000000eab00000,0x00000000f9100000)
  from space 512K, 18% used [0x00000000f9100000,0x00000000f9118000,0x00000000f9180000)
  to   space 57856K, 0% used [0x00000000fc780000,0x00000000fc780000,0x0000000100000000)
 ParOldGen       total 164864K, used 151818K [0x00000000c0000000, 0x00000000ca100000, 0x00000000eab00000)
  object space 164864K, 92% used [0x00000000c0000000,0x00000000c9442ad8,0x00000000ca100000)
 Metaspace       used 75336K, capacity 76922K, committed 77272K, reserved 1114112K
  class space    used 12208K, capacity 12712K, committed 12760K, reserved 1048576K
}
Event: 33,711 GC heap before
{Heap before GC invocations=23 (full 4):
 PSYoungGen      total 236032K, used 96K [0x00000000eab00000, 0x0000000100000000, 0x0000000100000000)
  eden space 235520K, 0% used [0x00000000eab00000,0x00000000eab00000,0x00000000f9100000)
  from space 512K, 18% used [0x00000000f9100000,0x00000000f9118000,0x00000000f9180000)
  to   space 57856K, 0% used [0x00000000fc780000,0x00000000fc780000,0x0000000100000000)
 ParOldGen       total 164864K, used 151818K [0x00000000c0000000, 0x00000000ca100000, 0x00000000eab00000)
  object space 164864K, 92% used [0x00000000c0000000,0x00000000c9442ad8,0x00000000ca100000)
 Metaspace       used 75336K, capacity 76922K, committed 77272K, reserved 1114112K
  class space    used 12208K, capacity 12712K, committed 12760K, reserved 1048576K
Event: 34,371 GC heap after
Heap after GC invocations=23 (full 4):
 PSYoungGen      total 236032K, used 0K [0x00000000eab00000, 0x0000000100000000, 0x0000000100000000)
  eden space 235520K, 0% used [0x00000000eab00000,0x00000000eab00000,0x00000000f9100000)
  from space 512K, 0% used [0x00000000f9100000,0x00000000f9100000,0x00000000f9180000)
  to   space 57856K, 0% used [0x00000000fc780000,0x00000000fc780000,0x0000000100000000)
 ParOldGen       total 307200K, used 135317K [0x00000000c0000000, 0x00000000d2c00000, 0x00000000eab00000)
  object space 307200K, 44% used [0x00000000c0000000,0x00000000c84257f0,0x00000000d2c00000)
 Metaspace       used 75336K, capacity 76922K, committed 77272K, reserved 1114112K
  class space    used 12208K, capacity 12712K, committed 12760K, reserved 1048576K
}
Event: 34,977 GC heap before
{Heap before GC invocations=24 (full 4):
 PSYoungGen      total 236032K, used 235520K [0x00000000eab00000, 0x0000000100000000, 0x0000000100000000)
  eden space 235520K, 100% used [0x00000000eab00000,0x00000000f9100000,0x00000000f9100000)
  from space 512K, 0% used [0x00000000f9100000,0x00000000f9100000,0x00000000f9180000)
  to   space 57856K, 0% used [0x00000000fc780000,0x00000000fc780000,0x0000000100000000)
 ParOldGen       total 307200K, used 135317K [0x00000000c0000000, 0x00000000d2c00000, 0x00000000eab00000)
  object space 307200K, 44% used [0x00000000c0000000,0x00000000c84257f0,0x00000000d2c00000)
 Metaspace       used 75336K, capacity 76922K, committed 77272K, reserved 1114112K
  class space    used 12208K, capacity 12712K, committed 12760K, reserved 1048576K
Event: 34,981 GC heap after
Heap after GC invocations=24 (full 4):
 PSYoungGen      total 291328K, used 64K [0x00000000eab00000, 0x0000000100000000, 0x0000000100000000)
  eden space 233472K, 0% used [0x00000000eab00000,0x00000000eab00000,0x00000000f8f00000)
  from space 57856K, 0% used [0x00000000fc780000,0x00000000fc790000,0x0000000100000000)
  to   space 57856K, 0% used [0x00000000f8f00000,0x00000000f8f00000,0x00000000fc780000)
 ParOldGen       total 307200K, used 135317K [0x00000000c0000000, 0x00000000d2c00000, 0x00000000eab00000)
  object space 307200K, 44% used [0x00000000c0000000,0x00000000c84257f0,0x00000000d2c00000)
 Metaspace       used 75336K, capacity 76922K, committed 77272K, reserved 1114112K
  class space    used 12208K, capacity 12712K, committed 12760K, reserved 1048576K
}
Event: 35,738 GC heap before
{Heap before GC invocations=25 (full 4):
 PSYoungGen      total 291328K, used 233536K [0x00000000eab00000, 0x0000000100000000, 0x0000000100000000)
  eden space 233472K, 100% used [0x00000000eab00000,0x00000000f8f00000,0x00000000f8f00000)
  from space 57856K, 0% used [0x00000000fc780000,0x00000000fc790000,0x0000000100000000)
  to   space 57856K, 0% used [0x00000000f8f00000,0x00000000f8f00000,0x00000000fc780000)
 ParOldGen       total 307200K, used 135317K [0x00000000c0000000, 0x00000000d2c00000, 0x00000000eab00000)
  object space 307200K, 44% used [0x00000000c0000000,0x00000000c84257f0,0x00000000d2c00000)
 Metaspace       used 75337K, capacity 76922K, committed 77272K, reserved 1114112K
  class space    used 12208K, capacity 12712K, committed 12760K, reserved 1048576K
Event: 35,746 GC heap after
Heap after GC invocations=25 (full 4):
 PSYoungGen      total 273408K, used 39670K [0x00000000eab00000, 0x0000000100000000, 0x0000000100000000)
  eden space 233472K, 0% used [0x00000000eab00000,0x00000000eab00000,0x00000000f8f00000)
  from space 39936K, 99% used [0x00000000f8f00000,0x00000000fb5bd8a0,0x00000000fb600000)
  to   space 61440K, 0% used [0x00000000fc400000,0x00000000fc400000,0x0000000100000000)
 ParOldGen       total 307200K, used 135317K [0x00000000c0000000, 0x00000000d2c00000, 0x00000000eab00000)
  object space 307200K, 44% used [0x00000000c0000000,0x00000000c84257f0,0x00000000d2c00000)
 Metaspace       used 75337K, capacity 76922K, committed 77272K, reserved 1114112K
  class space    used 12208K, capacity 12712K, committed 12760K, reserved 1048576K
}
Event: 36,346 GC heap before
{Heap before GC invocations=26 (full 4):
 PSYoungGen      total 273408K, used 273142K [0x00000000eab00000, 0x0000000100000000, 0x0000000100000000)
  eden space 233472K, 100% used [0x00000000eab00000,0x00000000f8f00000,0x00000000f8f00000)
  from space 39936K, 99% used [0x00000000f8f00000,0x00000000fb5bd8a0,0x00000000fb600000)
  to   space 61440K, 0% used [0x00000000fc400000,0x00000000fc400000,0x0000000100000000)
 ParOldGen       total 307200K, used 135317K [0x00000000c0000000, 0x00000000d2c00000, 0x00000000eab00000)
  object space 307200K, 44% used [0x00000000c0000000,0x00000000c84257f0,0x00000000d2c00000)
 Metaspace       used 75337K, capacity 76922K, committed 77272K, reserved 1114112K
  class space    used 12208K, capacity 12712K, committed 12760K, reserved 1048576K
Event: 36,355 GC heap after
Heap after GC invocations=26 (full 4):
 PSYoungGen      total 282624K, used 39638K [0x00000000eab00000, 0x0000000100000000, 0x0000000100000000)
  eden space 221184K, 0% used [0x00000000eab00000,0x00000000eab00000,0x00000000f8300000)
  from space 61440K, 64% used [0x00000000fc400000,0x00000000feab58a0,0x0000000100000000)
  to   space 64000K, 0% used [0x00000000f8300000,0x00000000f8300000,0x00000000fc180000)
 ParOldGen       total 307200K, used 135317K [0x00000000c0000000, 0x00000000d2c00000, 0x00000000eab00000)
  object space 307200K, 44% used [0x00000000c0000000,0x00000000c84257f0,0x00000000d2c00000)
 Metaspace       used 75337K, capacity 76922K, committed 77272K, reserved 1114112K
  class space    used 12208K, capacity 12712K, committed 12760K, reserved 1048576K
}
Event: 36,983 GC heap before
{Heap before GC invocations=27 (full 4):
 PSYoungGen      total 282624K, used 260822K [0x00000000eab00000, 0x0000000100000000, 0x0000000100000000)
  eden space 221184K, 100% used [0x00000000eab00000,0x00000000f8300000,0x00000000f8300000)
  from space 61440K, 64% used [0x00000000fc400000,0x00000000feab58a0,0x0000000100000000)
  to   space 64000K, 0% used [0x00000000f8300000,0x00000000f8300000,0x00000000fc180000)
 ParOldGen       total 307200K, used 135317K [0x00000000c0000000, 0x00000000d2c00000, 0x00000000eab00000)
  object space 307200K, 44% used [0x00000000c0000000,0x00000000c84257f0,0x00000000d2c00000)
 Metaspace       used 75337K, capacity 76922K, committed 77272K, reserved 1114112K
  class space    used 12208K, capacity 12712K, committed 12760K, reserved 1048576K
Event: 36,992 GC heap after
Heap after GC invocations=27 (full 4):
 PSYoungGen      total 261120K, used 39638K [0x00000000eab00000, 0x0000000100000000, 0x0000000100000000)
  eden space 221184K, 0% used [0x00000000eab00000,0x00000000eab00000,0x00000000f8300000)
  from space 39936K, 99% used [0x00000000f8300000,0x00000000fa9b58a0,0x00000000faa00000)
  to   space 66048K, 0% used [0x00000000fbf80000,0x00000000fbf80000,0x0000000100000000)
 ParOldGen       total 307200K, used 135317K [0x00000000c0000000, 0x00000000d2c00000, 0x00000000eab00000)
  object space 307200K, 44% used [0x00000000c0000000,0x00000000c84257f0,0x00000000d2c00000)
 Metaspace       used 75337K, capacity 76922K, committed 77272K, reserved 1114112K
  class space    used 12208K, capacity 12712K, committed 12760K, reserved 1048576K
}
Event: 37,647 GC heap before
{Heap before GC invocations=28 (full 4):
 PSYoungGen      total 261120K, used 260822K [0x00000000eab00000, 0x0000000100000000, 0x0000000100000000)
  eden space 221184K, 100% used [0x00000000eab00000,0x00000000f8300000,0x00000000f8300000)
  from space 39936K, 99% used [0x00000000f8300000,0x00000000fa9b58a0,0x00000000faa00000)
  to   space 66048K, 0% used [0x00000000fbf80000,0x00000000fbf80000,0x0000000100000000)
 ParOldGen       total 307200K, used 135317K [0x00000000c0000000, 0x00000000d2c00000, 0x00000000eab00000)
  object space 307200K, 44% used [0x00000000c0000000,0x00000000c84257f0,0x00000000d2c00000)
 Metaspace       used 75340K, capacity 76922K, committed 77272K, reserved 1114112K
  class space    used 12208K, capacity 12712K, committed 12760K, reserved 1048576K
Event: 37,657 GC heap after
Heap after GC invocations=28 (full 4):
 PSYoungGen      total 276992K, used 44885K [0x00000000eab00000, 0x0000000100000000, 0x0000000100000000)
  eden space 210944K, 0% used [0x00000000eab00000,0x00000000eab00000,0x00000000f7900000)
  from space 66048K, 67% used [0x00000000fbf80000,0x00000000feb55450,0x0000000100000000)
  to   space 69120K, 0% used [0x00000000f7900000,0x00000000f7900000,0x00000000fbc80000)
 ParOldGen       total 307200K, used 135317K [0x00000000c0000000, 0x00000000d2c00000, 0x00000000eab00000)
  object space 307200K, 44% used [0x00000000c0000000,0x00000000c84257f0,0x00000000d2c00000)
 Metaspace       used 75340K, capacity 76922K, committed 77272K, reserved 1114112K
  class space    used 12208K, capacity 12712K, committed 12760K, reserved 1048576K
}
Event: 40,310 GC heap before
{Heap before GC invocations=29 (full 4):
 PSYoungGen      total 276992K, used 255829K [0x00000000eab00000, 0x0000000100000000, 0x0000000100000000)
  eden space 210944K, 100% used [0x00000000eab00000,0x00000000f7900000,0x00000000f7900000)
  from space 66048K, 67% used [0x00000000fbf80000,0x00000000feb55450,0x0000000100000000)
  to   space 69120K, 0% used [0x00000000f7900000,0x00000000f7900000,0x00000000fbc80000)
 ParOldGen       total 307200K, used 135317K [0x00000000c0000000, 0x00000000d2c00000, 0x00000000eab00000)
  object space 307200K, 44% used [0x00000000c0000000,0x00000000c84257f0,0x00000000d2c00000)
 Metaspace       used 75397K, capacity 76990K, committed 77272K, reserved 1114112K
  class space    used 12210K, capacity 12712K, committed 12760K, reserved 1048576K
Event: 40,323 GC heap after
Heap after GC invocations=29 (full 4):
 PSYoungGen      total 259584K, used 48430K [0x00000000eab00000, 0x0000000100000000, 0x0000000100000000)
  eden space 210944K, 0% used [0x00000000eab00000,0x00000000eab00000,0x00000000f7900000)
  from space 48640K, 99% used [0x00000000f7900000,0x00000000fa84ba60,0x00000000fa880000)
  to   space 72704K, 0% used [0x00000000fb900000,0x00000000fb900000,0x0000000100000000)
 ParOldGen       total 307200K, used 135317K [0x00000000c0000000, 0x00000000d2c00000, 0x00000000eab00000)
  object space 307200K, 44% used [0x00000000c0000000,0x00000000c84257f0,0x00000000d2c00000)
 Metaspace       used 75397K, capacity 76990K, committed 77272K, reserved 1114112K
  class space    used 12210K, capacity 12712K, committed 12760K, reserved 1048576K
}
Event: 42,311 GC heap before
{Heap before GC invocations=30 (full 4):
 PSYoungGen      total 259584K, used 259374K [0x00000000eab00000, 0x0000000100000000, 0x0000000100000000)
  eden space 210944K, 100% used [0x00000000eab00000,0x00000000f7900000,0x00000000f7900000)
  from space 48640K, 99% used [0x00000000f7900000,0x00000000fa84ba60,0x00000000fa880000)
  to   space 72704K, 0% used [0x00000000fb900000,0x00000000fb900000,0x0000000100000000)
 ParOldGen       total 307200K, used 135317K [0x00000000c0000000, 0x00000000d2c00000, 0x00000000eab00000)
  object space 307200K, 44% used [0x00000000c0000000,0x00000000c84257f0,0x00000000d2c00000)
 Metaspace       used 75411K, capacity 76990K, committed 77272K, reserved 1114112K
  class space    used 12210K, capacity 12712K, committed 12760K, reserved 1048576K
Event: 42,325 GC heap after
Heap after GC invocations=30 (full 4):
 PSYoungGen      total 264192K, used 57739K [0x00000000eab00000, 0x0000000100000000, 0x0000000100000000)
  eden space 191488K, 0% used [0x00000000eab00000,0x00000000eab00000,0x00000000f6600000)
  from space 72704K, 79% used [0x00000000fb900000,0x00000000ff162e60,0x0000000100000000)
  to   space 78848K, 0% used [0x00000000f6600000,0x00000000f6600000,0x00000000fb300000)
 ParOldGen       total 307200K, used 135325K [0x00000000c0000000, 0x00000000d2c00000, 0x00000000eab00000)
  object space 307200K, 44% used [0x00000000c0000000,0x00000000c84277f0,0x00000000d2c00000)
 Metaspace       used 75411K, capacity 76990K, committed 77272K, reserved 1114112K
  class space    used 12210K, capacity 12712K, committed 12760K, reserved 1048576K
}
Event: 97,923 GC heap before
{Heap before GC invocations=31 (full 4):
 PSYoungGen      total 264192K, used 249227K [0x00000000eab00000, 0x0000000100000000, 0x0000000100000000)
  eden space 191488K, 100% used [0x00000000eab00000,0x00000000f6600000,0x00000000f6600000)
  from space 72704K, 79% used [0x00000000fb900000,0x00000000ff162e60,0x0000000100000000)
  to   space 78848K, 0% used [0x00000000f6600000,0x00000000f6600000,0x00000000fb300000)
 ParOldGen       total 307200K, used 135325K [0x00000000c0000000, 0x00000000d2c00000, 0x00000000eab00000)
  object space 307200K, 44% used [0x00000000c0000000,0x00000000c84277f0,0x00000000d2c00000)
 Metaspace       used 88386K, capacity 90200K, committed 90456K, reserved 1124352K
  class space    used 14922K, capacity 15436K, committed 15448K, reserved 1048576K
Event: 97,952 GC heap after
Heap after GC invocations=31 (full 4):
 PSYoungGen      total 266240K, used 74655K [0x00000000eab00000, 0x0000000100000000, 0x0000000100000000)
  eden space 191488K, 0% used [0x00000000eab00000,0x00000000eab00000,0x00000000f6600000)
  from space 74752K, 99% used [0x00000000f6600000,0x00000000faee7f50,0x00000000faf00000)
  to   space 82944K, 0% used [0x00000000faf00000,0x00000000faf00000,0x0000000100000000)
 ParOldGen       total 307200K, used 135333K [0x00000000c0000000, 0x00000000d2c00000, 0x00000000eab00000)
  object space 307200K, 44% used [0x00000000c0000000,0x00000000c84297f0,0x00000000d2c00000)
 Metaspace       used 88386K, capacity 90200K, committed 90456K, reserved 1124352K
  class space    used 14922K, capacity 15436K, committed 15448K, reserved 1048576K
}
Event: 111,295 GC heap before
{Heap before GC invocations=32 (full 4):
 PSYoungGen      total 266240K, used 266143K [0x00000000eab00000, 0x0000000100000000, 0x0000000100000000)
  eden space 191488K, 100% used [0x00000000eab00000,0x00000000f6600000,0x00000000f6600000)
  from space 74752K, 99% used [0x00000000f6600000,0x00000000faee7f50,0x00000000faf00000)
  to   space 82944K, 0% used [0x00000000faf00000,0x00000000faf00000,0x0000000100000000)
 ParOldGen       total 307200K, used 135333K [0x00000000c0000000, 0x00000000d2c00000, 0x00000000eab00000)
  object space 307200K, 44% used [0x00000000c0000000,0x00000000c84297f0,0x00000000d2c00000)
 Metaspace       used 99337K, capacity 101418K, committed 101592K, reserved 1134592K
  class space    used 16706K, capacity 17264K, committed 17368K, reserved 1048576K
Event: 111,357 GC heap after
Heap after GC invocations=32 (full 4):
 PSYoungGen      total 222208K, used 82931K [0x00000000eab00000, 0x0000000100000000, 0x0000000100000000)
  eden space 139264K, 0% used [0x00000000eab00000,0x00000000eab00000,0x00000000f3300000)
  from space 82944K, 99% used [0x00000000faf00000,0x00000000ffffce50,0x0000000100000000)
  to   space 104960K, 0% used [0x00000000f3300000,0x00000000f3300000,0x00000000f9980000)
 ParOldGen       total 307200K, used 144090K [0x00000000c0000000, 0x00000000d2c00000, 0x00000000eab00000)
  object space 307200K, 46% used [0x00000000c0000000,0x00000000c8cb6b18,0x00000000d2c00000)
 Metaspace       used 99337K, capacity 101418K, committed 101592K, reserved 1134592K
  class space    used 16706K, capacity 17264K, committed 17368K, reserved 1048576K
}
Event: 112,720 GC heap before
{Heap before GC invocations=33 (full 4):
 PSYoungGen      total 222208K, used 222195K [0x00000000eab00000, 0x0000000100000000, 0x0000000100000000)
  eden space 139264K, 100% used [0x00000000eab00000,0x00000000f3300000,0x00000000f3300000)
  from space 82944K, 99% used [0x00000000faf00000,0x00000000ffffce50,0x0000000100000000)
  to   space 104960K, 0% used [0x00000000f3300000,0x00000000f3300000,0x00000000f9980000)
 ParOldGen       total 307200K, used 144090K [0x00000000c0000000, 0x00000000d2c00000, 0x00000000eab00000)
  object space 307200K, 46% used [0x00000000c0000000,0x00000000c8cb6b18,0x00000000d2c00000)
 Metaspace       used 101280K, capacity 103404K, committed 103768K, reserved 1134592K
  class space    used 17107K, capacity 17649K, committed 17752K, reserved 1048576K
Event: 112,807 GC heap after
Heap after GC invocations=33 (full 4):
 PSYoungGen      total 206336K, used 67017K [0x00000000eab00000, 0x0000000100000000, 0x0000000100000000)
  eden space 139264K, 0% used [0x00000000eab00000,0x00000000eab00000,0x00000000f3300000)
  from space 67072K, 99% used [0x00000000f3300000,0x00000000f74727f8,0x00000000f7480000)
  to   space 108032K, 0% used [0x00000000f9680000,0x00000000f9680000,0x0000000100000000)
 ParOldGen       total 307200K, used 172055K [0x00000000c0000000, 0x00000000d2c00000, 0x00000000eab00000)
  object space 307200K, 56% used [0x00000000c0000000,0x00000000ca805fd0,0x00000000d2c00000)
 Metaspace       used 101280K, capacity 103404K, committed 103768K, reserved 1134592K
  class space    used 17107K, capacity 17649K, committed 17752K, reserved 1048576K
}
Event: 114,194 GC heap before
{Heap before GC invocations=34 (full 4):
 PSYoungGen      total 206336K, used 206281K [0x00000000eab00000, 0x0000000100000000, 0x0000000100000000)
  eden space 139264K, 100% used [0x00000000eab00000,0x00000000f3300000,0x00000000f3300000)
  from space 67072K, 99% used [0x00000000f3300000,0x00000000f74727f8,0x00000000f7480000)
  to   space 108032K, 0% used [0x00000000f9680000,0x00000000f9680000,0x0000000100000000)
 ParOldGen       total 307200K, used 172055K [0x00000000c0000000, 0x00000000d2c00000, 0x00000000eab00000)
  object space 307200K, 56% used [0x00000000c0000000,0x00000000ca805fd0,0x00000000d2c00000)
 Metaspace       used 106023K, capacity 108138K, committed 108248K, reserved 1138688K
  class space    used 18331K, capacity 18903K, committed 18904K, reserved 1048576K
Event: 114,263 GC heap after
Heap after GC invocations=34 (full 4):
 PSYoungGen      total 230912K, used 75525K [0x00000000eab00000, 0x0000000100000000, 0x0000000100000000)
  eden space 122880K, 0% used [0x00000000eab00000,0x00000000eab00000,0x00000000f2300000)
  from space 108032K, 69% used [0x00000000f9680000,0x00000000fe041518,0x0000000100000000)
  to   space 113152K, 0% used [0x00000000f2300000,0x00000000f2300000,0x00000000f9180000)
 ParOldGen       total 307200K, used 172063K [0x00000000c0000000, 0x00000000d2c00000, 0x00000000eab00000)
  object space 307200K, 56% used [0x00000000c0000000,0x00000000ca807fd0,0x00000000d2c00000)
 Metaspace       used 106023K, capacity 108138K, committed 108248K, reserved 1138688K
  class space    used 18331K, capacity 18903K, committed 18904K, reserved 1048576K
}
Event: 114,711 GC heap before
{Heap before GC invocations=35 (full 4):
 PSYoungGen      total 230912K, used 198405K [0x00000000eab00000, 0x0000000100000000, 0x0000000100000000)
  eden space 122880K, 100% used [0x00000000eab00000,0x00000000f2300000,0x00000000f2300000)
  from space 108032K, 69% used [0x00000000f9680000,0x00000000fe041518,0x0000000100000000)
  to   space 113152K, 0% used [0x00000000f2300000,0x00000000f2300000,0x00000000f9180000)
 ParOldGen       total 307200K, used 172063K [0x00000000c0000000, 0x00000000d2c00000, 0x00000000eab00000)
  object space 307200K, 56% used [0x00000000c0000000,0x00000000ca807fd0,0x00000000d2c00000)
 Metaspace       used 106488K, capacity 108650K, committed 108888K, reserved 1138688K
  class space    used 18440K, capacity 19031K, committed 19032K, reserved 1048576K
Event: 114,784 GC heap after
Heap after GC invocations=35 (full 4):
 PSYoungGen      total 197632K, used 74680K [0x00000000eab00000, 0x0000000100000000, 0x0000000100000000)
  eden space 122880K, 0% used [0x00000000eab00000,0x00000000eab00000,0x00000000f2300000)
  from space 74752K, 99% used [0x00000000f2300000,0x00000000f6bee158,0x00000000f6c00000)
  to   space 116224K, 0% used [0x00000000f8e80000,0x00000000f8e80000,0x0000000100000000)
 ParOldGen       total 307200K, used 172071K [0x00000000c0000000, 0x00000000d2c00000, 0x00000000eab00000)
  object space 307200K, 56% used [0x00000000c0000000,0x00000000ca809fd0,0x00000000d2c00000)
 Metaspace       used 106488K, capacity 108650K, committed 108888K, reserved 1138688K
  class space    used 18440K, capacity 19031K, committed 19032K, reserved 1048576K
}
Event: 115,505 GC heap before
{Heap before GC invocations=36 (full 4):
 PSYoungGen      total 197632K, used 197560K [0x00000000eab00000, 0x0000000100000000, 0x0000000100000000)
  eden space 122880K, 100% used [0x00000000eab00000,0x00000000f2300000,0x00000000f2300000)
  from space 74752K, 99% used [0x00000000f2300000,0x00000000f6bee158,0x00000000f6c00000)
  to   space 116224K, 0% used [0x00000000f8e80000,0x00000000f8e80000,0x0000000100000000)
 ParOldGen       total 307200K, used 172071K [0x00000000c0000000, 0x00000000d2c00000, 0x00000000eab00000)
  object space 307200K, 56% used [0x00000000c0000000,0x00000000ca809fd0,0x00000000d2c00000)
 Metaspace       used 106864K, capacity 108976K, committed 109272K, reserved 1138688K
  class space    used 18533K, capacity 19096K, committed 19160K, reserved 1048576K
Event: 115,588 GC heap after
Heap after GC invocations=36 (full 4):
 PSYoungGen      total 233984K, used 63762K [0x00000000eab00000, 0x0000000100000000, 0x0000000100000000)
  eden space 117760K, 0% used [0x00000000eab00000,0x00000000eab00000,0x00000000f1e00000)
  from space 116224K, 54% used [0x00000000f8e80000,0x00000000fccc4bd8,0x0000000100000000)
  to   space 115200K, 0% used [0x00000000f1e00000,0x00000000f1e00000,0x00000000f8e80000)
 ParOldGen       total 307200K, used 188956K [0x00000000c0000000, 0x00000000d2c00000, 0x00000000eab00000)
  object space 307200K, 61% used [0x00000000c0000000,0x00000000cb887368,0x00000000d2c00000)
 Metaspace       used 106864K, capacity 108976K, committed 109272K, reserved 1138688K
  class space    used 18533K, capacity 19096K, committed 19160K, reserved 1048576K
}
Event: 117,949 GC heap before
{Heap before GC invocations=37 (full 4):
 PSYoungGen      total 233984K, used 181522K [0x00000000eab00000, 0x0000000100000000, 0x0000000100000000)
  eden space 117760K, 100% used [0x00000000eab00000,0x00000000f1e00000,0x00000000f1e00000)
  from space 116224K, 54% used [0x00000000f8e80000,0x00000000fccc4bd8,0x0000000100000000)
  to   space 115200K, 0% used [0x00000000f1e00000,0x00000000f1e00000,0x00000000f8e80000)
 ParOldGen       total 307200K, used 188956K [0x00000000c0000000, 0x00000000d2c00000, 0x00000000eab00000)
  object space 307200K, 61% used [0x00000000c0000000,0x00000000cb887368,0x00000000d2c00000)
 Metaspace       used 108021K, capacity 110182K, committed 110424K, reserved 1140736K
  class space    used 18638K, capacity 19195K, committed 19288K, reserved 1048576K
Event: 118,065 GC heap after
Heap after GC invocations=37 (full 4):
 PSYoungGen      total 180736K, used 62732K [0x00000000eab00000, 0x00000000ffa00000, 0x0000000100000000)
  eden space 117760K, 0% used [0x00000000eab00000,0x00000000eab00000,0x00000000f1e00000)
  from space 62976K, 99% used [0x00000000f1e00000,0x00000000f5b433d8,0x00000000f5b80000)
  to   space 112640K, 0% used [0x00000000f8c00000,0x00000000f8c00000,0x00000000ffa00000)
 ParOldGen       total 307200K, used 201756K [0x00000000c0000000, 0x00000000d2c00000, 0x00000000eab00000)
  object space 307200K, 65% used [0x00000000c0000000,0x00000000cc5072b8,0x00000000d2c00000)
 Metaspace       used 108021K, capacity 110182K, committed 110424K, reserved 1140736K
  class space    used 18638K, capacity 19195K, committed 19288K, reserved 1048576K
}
Event: 119,335 GC heap before
{Heap before GC invocations=38 (full 4):
 PSYoungGen      total 180736K, used 180492K [0x00000000eab00000, 0x00000000ffa00000, 0x0000000100000000)
  eden space 117760K, 100% used [0x00000000eab00000,0x00000000f1e00000,0x00000000f1e00000)
  from space 62976K, 99% used [0x00000000f1e00000,0x00000000f5b433d8,0x00000000f5b80000)
  to   space 112640K, 0% used [0x00000000f8c00000,0x00000000f8c00000,0x00000000ffa00000)
 ParOldGen       total 307200K, used 201756K [0x00000000c0000000, 0x00000000d2c00000, 0x00000000eab00000)
  object space 307200K, 65% used [0x00000000c0000000,0x00000000cc5072b8,0x00000000d2c00000)
 Metaspace       used 108243K, capacity 110388K, committed 110680K, reserved 1140736K
  class space    used 18642K, capacity 19200K, committed 19288K, reserved 1048576K
Event: 119,438 GC heap after
Heap after GC invocations=38 (full 4):
 PSYoungGen      total 235520K, used 54476K [0x00000000eab00000, 0x0000000100000000, 0x0000000100000000)
  eden space 122880K, 0% used [0x00000000eab00000,0x00000000eab00000,0x00000000f2300000)
  from space 112640K, 48% used [0x00000000f8c00000,0x00000000fc1333f8,0x00000000ffa00000)
  to   space 107520K, 0% used [0x00000000f2300000,0x00000000f2300000,0x00000000f8c00000)
 ParOldGen       total 307200K, used 223708K [0x00000000c0000000, 0x00000000d2c00000, 0x00000000eab00000)
  object space 307200K, 72% used [0x00000000c0000000,0x00000000cda77020,0x00000000d2c00000)
 Metaspace       used 108243K, capacity 110388K, committed 110680K, reserved 1140736K
  class space    used 18642K, capacity 19200K, committed 19288K, reserved 1048576K
}
Event: 121,177 GC heap before
{Heap before GC invocations=39 (full 4):
 PSYoungGen      total 235520K, used 177356K [0x00000000eab00000, 0x0000000100000000, 0x0000000100000000)
  eden space 122880K, 100% used [0x00000000eab00000,0x00000000f2300000,0x00000000f2300000)
  from space 112640K, 48% used [0x00000000f8c00000,0x00000000fc1333f8,0x00000000ffa00000)
  to   space 107520K, 0% used [0x00000000f2300000,0x00000000f2300000,0x00000000f8c00000)
 ParOldGen       total 307200K, used 223708K [0x00000000c0000000, 0x00000000d2c00000, 0x00000000eab00000)
  object space 307200K, 72% used [0x00000000c0000000,0x00000000cda77020,0x00000000d2c00000)
 Metaspace       used 108391K, capacity 110516K, committed 110936K, reserved 1140736K
  class space    used 18644K, capacity 19200K, committed 19288K, reserved 1048576K
Event: 121,278 GC heap after
Heap after GC invocations=39 (full 4):
 PSYoungGen      total 230400K, used 43533K [0x00000000eab00000, 0x00000000ff300000, 0x0000000100000000)
  eden space 122880K, 0% used [0x00000000eab00000,0x00000000eab00000,0x00000000f2300000)
  from space 107520K, 40% used [0x00000000f2300000,0x00000000f4d834e0,0x00000000f8c00000)
  to   space 103424K, 0% used [0x00000000f8e00000,0x00000000f8e00000,0x00000000ff300000)
 ParOldGen       total 307200K, used 239892K [0x00000000c0000000, 0x00000000d2c00000, 0x00000000eab00000)
  object space 307200K, 78% used [0x00000000c0000000,0x00000000cea45358,0x00000000d2c00000)
 Metaspace       used 108391K, capacity 110516K, committed 110936K, reserved 1140736K
  class space    used 18644K, capacity 19200K, committed 19288K, reserved 1048576K
}
Event: 123,100 GC heap before
{Heap before GC invocations=40 (full 4):
 PSYoungGen      total 230400K, used 160214K [0x00000000eab00000, 0x00000000ff300000, 0x0000000100000000)
  eden space 122880K, 94% used [0x00000000eab00000,0x00000000f1cf26c8,0x00000000f2300000)
  from space 107520K, 40% used [0x00000000f2300000,0x00000000f4d834e0,0x00000000f8c00000)
  to   space 103424K, 0% used [0x00000000f8e00000,0x00000000f8e00000,0x00000000ff300000)
 ParOldGen       total 307200K, used 239892K [0x00000000c0000000, 0x00000000d2c00000, 0x00000000eab00000)
  object space 307200K, 78% used [0x00000000c0000000,0x00000000cea45358,0x00000000d2c00000)
 Metaspace       used 108505K, capacity 110680K, committed 110936K, reserved 1140736K
  class space    used 18649K, capacity 19232K, committed 19288K, reserved 1048576K
Event: 123,163 GC heap after
Heap after GC invocations=40 (full 4):
 PSYoungGen      total 236544K, used 54744K [0x00000000eab00000, 0x00000000ff400000, 0x0000000100000000)
  eden space 133120K, 0% used [0x00000000eab00000,0x00000000eab00000,0x00000000f2d00000)
  from space 103424K, 52% used [0x00000000f8e00000,0x00000000fc3760f8,0x00000000ff300000)
  to   space 99328K, 0% used [0x00000000f2d00000,0x00000000f2d00000,0x00000000f8e00000)
 ParOldGen       total 307200K, used 247724K [0x00000000c0000000, 0x00000000d2c00000, 0x00000000eab00000)
  object space 307200K, 80% used [0x00000000c0000000,0x00000000cf1eb3c8,0x00000000d2c00000)
 Metaspace       used 108505K, capacity 110680K, committed 110936K, reserved 1140736K
  class space    used 18649K, capacity 19232K, committed 19288K, reserved 1048576K
}
Event: 123,526 GC heap before
{Heap before GC invocations=41 (full 4):
 PSYoungGen      total 236544K, used 187864K [0x00000000eab00000, 0x00000000ff400000, 0x0000000100000000)
  eden space 133120K, 100% used [0x00000000eab00000,0x00000000f2d00000,0x00000000f2d00000)
  from space 103424K, 52% used [0x00000000f8e00000,0x00000000fc3760f8,0x00000000ff300000)
  to   space 99328K, 0% used [0x00000000f2d00000,0x00000000f2d00000,0x00000000f8e00000)
 ParOldGen       total 307200K, used 247724K [0x00000000c0000000, 0x00000000d2c00000, 0x00000000eab00000)
  object space 307200K, 80% used [0x00000000c0000000,0x00000000cf1eb3c8,0x00000000d2c00000)
 Metaspace       used 108517K, capacity 110680K, committed 110936K, reserved 1140736K
  class space    used 18649K, capacity 19232K, committed 19288K, reserved 1048576K
Event: 123,577 GC heap after
Heap after GC invocations=41 (full 4):
 PSYoungGen      total 232448K, used 30336K [0x00000000eab00000, 0x00000000ffb00000, 0x0000000100000000)
  eden space 133120K, 0% used [0x00000000eab00000,0x00000000eab00000,0x00000000f2d00000)
  from space 99328K, 30% used [0x00000000f2d00000,0x00000000f4aa0338,0x00000000f8e00000)
  to   space 98816K, 0% used [0x00000000f9a80000,0x00000000f9a80000,0x00000000ffb00000)
 ParOldGen       total 307200K, used 276348K [0x00000000c0000000, 0x00000000d2c00000, 0x00000000eab00000)
  object space 307200K, 89% used [0x00000000c0000000,0x00000000d0ddf030,0x00000000d2c00000)
 Metaspace       used 108517K, capacity 110680K, committed 110936K, reserved 1140736K
  class space    used 18649K, capacity 19232K, committed 19288K, reserved 1048576K
}
Event: 123,577 GC heap before
{Heap before GC invocations=42 (full 5):
 PSYoungGen      total 232448K, used 30336K [0x00000000eab00000, 0x00000000ffb00000, 0x0000000100000000)
  eden space 133120K, 0% used [0x00000000eab00000,0x00000000eab00000,0x00000000f2d00000)
  from space 99328K, 30% used [0x00000000f2d00000,0x00000000f4aa0338,0x00000000f8e00000)
  to   space 98816K, 0% used [0x00000000f9a80000,0x00000000f9a80000,0x00000000ffb00000)
 ParOldGen       total 307200K, used 276348K [0x00000000c0000000, 0x00000000d2c00000, 0x00000000eab00000)
  object space 307200K, 89% used [0x00000000c0000000,0x00000000d0ddf030,0x00000000d2c00000)
 Metaspace       used 108517K, capacity 110680K, committed 110936K, reserved 1140736K
  class space    used 18649K, capacity 19232K, committed 19288K, reserved 1048576K
Event: 124,520 GC heap after
Heap after GC invocations=42 (full 5):
 PSYoungGen      total 232448K, used 0K [0x00000000eab00000, 0x00000000ffb00000, 0x0000000100000000)
  eden space 133120K, 0% used [0x00000000eab00000,0x00000000eab00000,0x00000000f2d00000)
  from space 99328K, 0% used [0x00000000f2d00000,0x00000000f2d00000,0x00000000f8e00000)
  to   space 98816K, 0% used [0x00000000f9a80000,0x00000000f9a80000,0x00000000ffb00000)
 ParOldGen       total 391168K, used 197124K [0x00000000c0000000, 0x00000000d7e00000, 0x00000000eab00000)
  object space 391168K, 50% used [0x00000000c0000000,0x00000000cc0813b8,0x00000000d7e00000)
 Metaspace       used 108517K, capacity 110680K, committed 110936K, reserved 1140736K
  class space    used 18649K, capacity 19232K, committed 19288K, reserved 1048576K
}
Event: 124,864 GC heap before
{Heap before GC invocations=43 (full 5):
 PSYoungGen      total 232448K, used 133120K [0x00000000eab00000, 0x00000000ffb00000, 0x0000000100000000)
  eden space 133120K, 100% used [0x00000000eab00000,0x00000000f2d00000,0x00000000f2d00000)
  from space 99328K, 0% used [0x00000000f2d00000,0x00000000f2d00000,0x00000000f8e00000)
  to   space 98816K, 0% used [0x00000000f9a80000,0x00000000f9a80000,0x00000000ffb00000)
 ParOldGen       total 391168K, used 197124K [0x00000000c0000000, 0x00000000d7e00000, 0x00000000eab00000)
  object space 391168K, 50% used [0x00000000c0000000,0x00000000cc0813b8,0x00000000d7e00000)
 Metaspace       used 108522K, capacity 110680K, committed 110936K, reserved 1140736K
  class space    used 18650K, capacity 19232K, committed 19288K, reserved 1048576K
Event: 124,869 GC heap after
Heap after GC invocations=43 (full 5):
 PSYoungGen      total 241664K, used 160K [0x00000000eab00000, 0x0000000100000000, 0x0000000100000000)
  eden space 142848K, 0% used [0x00000000eab00000,0x00000000eab00000,0x00000000f3680000)
  from space 98816K, 0% used [0x00000000f9a80000,0x00000000f9aa8000,0x00000000ffb00000)
  to   space 102400K, 0% used [0x00000000f3680000,0x00000000f3680000,0x00000000f9a80000)
 ParOldGen       total 391168K, used 197124K [0x00000000c0000000, 0x00000000d7e00000, 0x00000000eab00000)
  object space 391168K, 50% used [0x00000000c0000000,0x00000000cc0813b8,0x00000000d7e00000)
 Metaspace       used 108522K, capacity 110680K, committed 110936K, reserved 1140736K
  class space    used 18650K, capacity 19232K, committed 19288K, reserved 1048576K
}
Event: 125,221 GC heap before
{Heap before GC invocations=44 (full 5):
 PSYoungGen      total 241664K, used 143008K [0x00000000eab00000, 0x0000000100000000, 0x0000000100000000)
  eden space 142848K, 100% used [0x00000000eab00000,0x00000000f3680000,0x00000000f3680000)
  from space 98816K, 0% used [0x00000000f9a80000,0x00000000f9aa8000,0x00000000ffb00000)
  to   space 102400K, 0% used [0x00000000f3680000,0x00000000f3680000,0x00000000f9a80000)
 ParOldGen       total 391168K, used 197124K [0x00000000c0000000, 0x00000000d7e00000, 0x00000000eab00000)
  object space 391168K, 50% used [0x00000000c0000000,0x00000000cc0813b8,0x00000000d7e00000)
 Metaspace       used 108522K, capacity 110680K, committed 110936K, reserved 1140736K
  class space    used 18650K, capacity 19232K, committed 19288K, reserved 1048576K
Event: 125,225 GC heap after
Heap after GC invocations=44 (full 5):
 PSYoungGen      total 143360K, used 64K [0x00000000eab00000, 0x0000000100000000, 0x0000000100000000)
  eden space 142848K, 0% used [0x00000000eab00000,0x00000000eab00000,0x00000000f3680000)
  from space 512K, 12% used [0x00000000f3680000,0x00000000f3690000,0x00000000f3700000)
  to   space 104448K, 0% used [0x00000000f9a00000,0x00000000f9a00000,0x0000000100000000)
 ParOldGen       total 391168K, used 197140K [0x00000000c0000000, 0x00000000d7e00000, 0x00000000eab00000)
  object space 391168K, 50% used [0x00000000c0000000,0x00000000cc0853b8,0x00000000d7e00000)
 Metaspace       used 108522K, capacity 110680K, committed 110936K, reserved 1140736K
  class space    used 18650K, capacity 19232K, committed 19288K, reserved 1048576K
}
Event: 125,585 GC heap before
{Heap before GC invocations=45 (full 5):
 PSYoungGen      total 143360K, used 142912K [0x00000000eab00000, 0x0000000100000000, 0x0000000100000000)
  eden space 142848K, 100% used [0x00000000eab00000,0x00000000f3680000,0x00000000f3680000)
  from space 512K, 12% used [0x00000000f3680000,0x00000000f3690000,0x00000000f3700000)
  to   space 104448K, 0% used [0x00000000f9a00000,0x00000000f9a00000,0x0000000100000000)
 ParOldGen       total 391168K, used 197140K [0x00000000c0000000, 0x00000000d7e00000, 0x00000000eab00000)
  object space 391168K, 50% used [0x00000000c0000000,0x00000000cc0853b8,0x00000000d7e00000)
 Metaspace       used 108522K, capacity 110680K, committed 110936K, reserved 1140736K
  class space    used 18650K, capacity 19232K, committed 19288K, reserved 1048576K
Event: 125,590 GC heap after
Heap after GC invocations=45 (full 5):
 PSYoungGen      total 243712K, used 64K [0x00000000eab00000, 0x0000000100000000, 0x0000000100000000)
  eden space 139264K, 0% used [0x00000000eab00000,0x00000000eab00000,0x00000000f3300000)
  from space 104448K, 0% used [0x00000000f9a00000,0x00000000f9a10000,0x0000000100000000)
  to   space 104960K, 0% used [0x00000000f3300000,0x00000000f3300000,0x00000000f9980000)
 ParOldGen       total 391168K, used 197140K [0x00000000c0000000, 0x00000000d7e00000, 0x00000000eab00000)
  object space 391168K, 50% used [0x00000000c0000000,0x00000000cc0853b8,0x00000000d7e00000)
 Metaspace       used 108522K, capacity 110680K, committed 110936K, reserved 1140736K
  class space    used 18650K, capacity 19232K, committed 19288K, reserved 1048576K
}
Event: 125,966 GC heap before
{Heap before GC invocations=46 (full 5):
 PSYoungGen      total 243712K, used 139328K [0x00000000eab00000, 0x0000000100000000, 0x0000000100000000)
  eden space 139264K, 100% used [0x00000000eab00000,0x00000000f3300000,0x00000000f3300000)
  from space 104448K, 0% used [0x00000000f9a00000,0x00000000f9a10000,0x0000000100000000)
  to   space 104960K, 0% used [0x00000000f3300000,0x00000000f3300000,0x00000000f9980000)
 ParOldGen       total 391168K, used 197140K [0x00000000c0000000, 0x00000000d7e00000, 0x00000000eab00000)
  object space 391168K, 50% used [0x00000000c0000000,0x00000000cc0853b8,0x00000000d7e00000)
 Metaspace       used 108522K, capacity 110680K, committed 110936K, reserved 1140736K
  class space    used 18650K, capacity 19232K, committed 19288K, reserved 1048576K
Event: 125,972 GC heap after
Heap after GC invocations=46 (full 5):
 PSYoungGen      total 139776K, used 64K [0x00000000eab00000, 0x00000000ffe80000, 0x0000000100000000)
  eden space 139264K, 0% used [0x00000000eab00000,0x00000000eab00000,0x00000000f3300000)
  from space 512K, 12% used [0x00000000f3300000,0x00000000f3310000,0x00000000f3380000)
  to   space 103936K, 0% used [0x00000000f9900000,0x00000000f9900000,0x00000000ffe80000)
 ParOldGen       total 391168K, used 197140K [0x00000000c0000000, 0x00000000d7e00000, 0x00000000eab00000)
  object space 391168K, 50% used [0x00000000c0000000,0x00000000cc0853b8,0x00000000d7e00000)
 Metaspace       used 108522K, capacity 110680K, committed 110936K, reserved 1140736K
  class space    used 18650K, capacity 19232K, committed 19288K, reserved 1048576K
}
Event: 126,426 GC heap before
{Heap before GC invocations=47 (full 5):
 PSYoungGen      total 139776K, used 133009K [0x00000000eab00000, 0x00000000ffe80000, 0x0000000100000000)
  eden space 139264K, 95% used [0x00000000eab00000,0x00000000f2cd4478,0x00000000f3300000)
  from space 512K, 12% used [0x00000000f3300000,0x00000000f3310000,0x00000000f3380000)
  to   space 103936K, 0% used [0x00000000f9900000,0x00000000f9900000,0x00000000ffe80000)
 ParOldGen       total 391168K, used 197140K [0x00000000c0000000, 0x00000000d7e00000, 0x00000000eab00000)
  object space 391168K, 50% used [0x00000000c0000000,0x00000000cc0853b8,0x00000000d7e00000)
 Metaspace       used 108522K, capacity 110680K, committed 110936K, reserved 1140736K
  class space    used 18650K, capacity 19232K, committed 19288K, reserved 1048576K
Event: 126,444 GC heap after
Heap after GC invocations=47 (full 5):
 PSYoungGen      total 249856K, used 29636K [0x00000000eab00000, 0x0000000100000000, 0x0000000100000000)
  eden space 145920K, 0% used [0x00000000eab00000,0x00000000eab00000,0x00000000f3980000)
  from space 103936K, 28% used [0x00000000f9900000,0x00000000fb5f1168,0x00000000ffe80000)
  to   space 97792K, 0% used [0x00000000f3980000,0x00000000f3980000,0x00000000f9900000)
 ParOldGen       total 391168K, used 197140K [0x00000000c0000000, 0x00000000d7e00000, 0x00000000eab00000)
  object space 391168K, 50% used [0x00000000c0000000,0x00000000cc0853b8,0x00000000d7e00000)
 Metaspace       used 108522K, capacity 110680K, committed 110936K, reserved 1140736K
  class space    used 18650K, capacity 19232K, committed 19288K, reserved 1048576K
}
Event: 126,762 GC heap before
{Heap before GC invocations=48 (full 5):
 PSYoungGen      total 249856K, used 175556K [0x00000000eab00000, 0x0000000100000000, 0x0000000100000000)
  eden space 145920K, 100% used [0x00000000eab00000,0x00000000f3980000,0x00000000f3980000)
  from space 103936K, 28% used [0x00000000f9900000,0x00000000fb5f1168,0x00000000ffe80000)
  to   space 97792K, 0% used [0x00000000f3980000,0x00000000f3980000,0x00000000f9900000)
 ParOldGen       total 391168K, used 197140K [0x00000000c0000000, 0x00000000d7e00000, 0x00000000eab00000)
  object space 391168K, 50% used [0x00000000c0000000,0x00000000cc0853b8,0x00000000d7e00000)
 Metaspace       used 108522K, capacity 110680K, committed 110936K, reserved 1140736K
  class space    used 18650K, capacity 19232K, committed 19288K, reserved 1048576K
Event: 126,771 GC heap after
Heap after GC invocations=48 (full 5):
 PSYoungGen      total 168448K, used 22312K [0x00000000eab00000, 0x00000000ff000000, 0x0000000100000000)
  eden space 145920K, 0% used [0x00000000eab00000,0x00000000eab00000,0x00000000f3980000)
  from space 22528K, 99% used [0x00000000f3980000,0x00000000f4f4a320,0x00000000f4f80000)
  to   space 92672K, 0% used [0x00000000f9580000,0x00000000f9580000,0x00000000ff000000)
 ParOldGen       total 391168K, used 214470K [0x00000000c0000000, 0x00000000d7e00000, 0x00000000eab00000)
  object space 391168K, 54% used [0x00000000c0000000,0x00000000cd171a60,0x00000000d7e00000)
 Metaspace       used 108522K, capacity 110680K, committed 110936K, reserved 1140736K
  class space    used 18650K, capacity 19232K, committed 19288K, reserved 1048576K
}
Event: 127,137 GC heap before
{Heap before GC invocations=49 (full 5):
 PSYoungGen      total 168448K, used 168232K [0x00000000eab00000, 0x00000000ff000000, 0x0000000100000000)
  eden space 145920K, 100% used [0x00000000eab00000,0x00000000f3980000,0x00000000f3980000)
  from space 22528K, 99% used [0x00000000f3980000,0x00000000f4f4a320,0x00000000f4f80000)
  to   space 92672K, 0% used [0x00000000f9580000,0x00000000f9580000,0x00000000ff000000)
 ParOldGen       total 391168K, used 214470K [0x00000000c0000000, 0x00000000d7e00000, 0x00000000eab00000)
  object space 391168K, 54% used [0x00000000c0000000,0x00000000cd171a60,0x00000000d7e00000)
 Metaspace       used 108522K, capacity 110680K, committed 110936K, reserved 1140736K
  class space    used 18650K, capacity 19232K, committed 19288K, reserved 1048576K
Event: 127,144 GC heap after
Heap after GC invocations=49 (full 5):
 PSYoungGen      total 240640K, used 96K [0x00000000eab00000, 0x00000000ffd80000, 0x0000000100000000)
  eden space 147968K, 0% used [0x00000000eab00000,0x00000000eab00000,0x00000000f3b80000)
  from space 92672K, 0% used [0x00000000f9580000,0x00000000f9598000,0x00000000ff000000)
  to   space 92160K, 0% used [0x00000000f3b80000,0x00000000f3b80000,0x00000000f9580000)
 ParOldGen       total 391168K, used 247866K [0x00000000c0000000, 0x00000000d7e00000, 0x00000000eab00000)
  object space 391168K, 63% used [0x00000000c0000000,0x00000000cf20eb80,0x00000000d7e00000)
 Metaspace       used 108522K, capacity 110680K, committed 110936K, reserved 1140736K
  class space    used 18650K, capacity 19232K, committed 19288K, reserved 1048576K
}
Event: 127,515 GC heap before
{Heap before GC invocations=50 (full 5):
 PSYoungGen      total 240640K, used 148064K [0x00000000eab00000, 0x00000000ffd80000, 0x0000000100000000)
  eden space 147968K, 100% used [0x00000000eab00000,0x00000000f3b80000,0x00000000f3b80000)
  from space 92672K, 0% used [0x00000000f9580000,0x00000000f9598000,0x00000000ff000000)
  to   space 92160K, 0% used [0x00000000f3b80000,0x00000000f3b80000,0x00000000f9580000)
 ParOldGen       total 391168K, used 247866K [0x00000000c0000000, 0x00000000d7e00000, 0x00000000eab00000)
  object space 391168K, 63% used [0x00000000c0000000,0x00000000cf20eb80,0x00000000d7e00000)
 Metaspace       used 108522K, capacity 110680K, committed 110936K, reserved 1140736K
  class space    used 18650K, capacity 19232K, committed 19288K, reserved 1048576K
Event: 127,520 GC heap after
Heap after GC invocations=50 (full 5):
 PSYoungGen      total 240128K, used 96K [0x00000000eab00000, 0x00000000ffb80000, 0x0000000100000000)
  eden space 147968K, 0% used [0x00000000eab00000,0x00000000eab00000,0x00000000f3b80000)
  from space 92160K, 0% used [0x00000000f3b80000,0x00000000f3b98000,0x00000000f9580000)
  to   space 90624K, 0% used [0x00000000fa300000,0x00000000fa300000,0x00000000ffb80000)
 ParOldGen       total 391168K, used 247866K [0x00000000c0000000, 0x00000000d7e00000, 0x00000000eab00000)
  object space 391168K, 63% used [0x00000000c0000000,0x00000000cf20eb80,0x00000000d7e00000)
 Metaspace       used 108522K, capacity 110680K, committed 110936K, reserved 1140736K
  class space    used 18650K, capacity 19232K, committed 19288K, reserved 1048576K
}
Event: 127,907 GC heap before
{Heap before GC invocations=51 (full 5):
 PSYoungGen      total 240128K, used 148064K [0x00000000eab00000, 0x00000000ffb80000, 0x0000000100000000)
  eden space 147968K, 100% used [0x00000000eab00000,0x00000000f3b80000,0x00000000f3b80000)
  from space 92160K, 0% used [0x00000000f3b80000,0x00000000f3b98000,0x00000000f9580000)
  to   space 90624K, 0% used [0x00000000fa300000,0x00000000fa300000,0x00000000ffb80000)
 ParOldGen       total 391168K, used 247866K [0x00000000c0000000, 0x00000000d7e00000, 0x00000000eab00000)
  object space 391168K, 63% used [0x00000000c0000000,0x00000000cf20eb80,0x00000000d7e00000)
 Metaspace       used 108522K, capacity 110680K, committed 110936K, reserved 1140736K
  class space    used 18650K, capacity 19232K, committed 19288K, reserved 1048576K
Event: 127,911 GC heap after
Heap after GC invocations=51 (full 5):
 PSYoungGen      total 246784K, used 96K [0x00000000eab00000, 0x00000000ff600000, 0x0000000100000000)
  eden space 161792K, 0% used [0x00000000eab00000,0x00000000eab00000,0x00000000f4900000)
  from space 84992K, 0% used [0x00000000fa300000,0x00000000fa318000,0x00000000ff600000)
  to   space 88576K, 0% used [0x00000000f4900000,0x00000000f4900000,0x00000000f9f80000)
 ParOldGen       total 391168K, used 247866K [0x00000000c0000000, 0x00000000d7e00000, 0x00000000eab00000)
  object space 391168K, 63% used [0x00000000c0000000,0x00000000cf20eb80,0x00000000d7e00000)
 Metaspace       used 108522K, capacity 110680K, committed 110936K, reserved 1140736K
  class space    used 18650K, capacity 19232K, committed 19288K, reserved 1048576K
}
Event: 128,320 GC heap before
{Heap before GC invocations=52 (full 5):
 PSYoungGen      total 246784K, used 161888K [0x00000000eab00000, 0x00000000ff600000, 0x0000000100000000)
  eden space 161792K, 100% used [0x00000000eab00000,0x00000000f4900000,0x00000000f4900000)
  from space 84992K, 0% used [0x00000000fa300000,0x00000000fa318000,0x00000000ff600000)
  to   space 88576K, 0% used [0x00000000f4900000,0x00000000f4900000,0x00000000f9f80000)
 ParOldGen       total 391168K, used 247866K [0x00000000c0000000, 0x00000000d7e00000, 0x00000000eab00000)
  object space 391168K, 63% used [0x00000000c0000000,0x00000000cf20eb80,0x00000000d7e00000)
 Metaspace       used 108522K, capacity 110680K, committed 110936K, reserved 1140736K
  class space    used 18650K, capacity 19232K, committed 19288K, reserved 1048576K
Event: 128,324 GC heap after
Heap after GC invocations=52 (full 5):
 PSYoungGen      total 250368K, used 64K [0x00000000eab00000, 0x00000000ffe80000, 0x0000000100000000)
  eden space 161792K, 0% used [0x00000000eab00000,0x00000000eab00000,0x00000000f4900000)
  from space 88576K, 0% used [0x00000000f4900000,0x00000000f4910000,0x00000000f9f80000)
  to   space 86016K, 0% used [0x00000000faa80000,0x00000000faa80000,0x00000000ffe80000)
 ParOldGen       total 391168K, used 247866K [0x00000000c0000000, 0x00000000d7e00000, 0x00000000eab00000)
  object space 391168K, 63% used [0x00000000c0000000,0x00000000cf20eb80,0x00000000d7e00000)
 Metaspace       used 108522K, capacity 110680K, committed 110936K, reserved 1140736K
  class space    used 18650K, capacity 19232K, committed 19288K, reserved 1048576K
}
Event: 129,505 GC heap before
{Heap before GC invocations=53 (full 5):
 PSYoungGen      total 250368K, used 161856K [0x00000000eab00000, 0x00000000ffe80000, 0x0000000100000000)
  eden space 161792K, 100% used [0x00000000eab00000,0x00000000f4900000,0x00000000f4900000)
  from space 88576K, 0% used [0x00000000f4900000,0x00000000f4910000,0x00000000f9f80000)
  to   space 86016K, 0% used [0x00000000faa80000,0x00000000faa80000,0x00000000ffe80000)
 ParOldGen       total 391168K, used 247866K [0x00000000c0000000, 0x00000000d7e00000, 0x00000000eab00000)
  object space 391168K, 63% used [0x00000000c0000000,0x00000000cf20eb80,0x00000000d7e00000)
 Metaspace       used 108562K, capacity 110680K, committed 110936K, reserved 1140736K
  class space    used 18650K, capacity 19232K, committed 19288K, reserved 1048576K
Event: 129,518 GC heap after
Heap after GC invocations=53 (full 5):
 PSYoungGen      total 246272K, used 19913K [0x00000000eab00000, 0x00000000ff080000, 0x0000000100000000)
  eden space 174592K, 0% used [0x00000000eab00000,0x00000000eab00000,0x00000000f5580000)
  from space 71680K, 27% used [0x00000000faa80000,0x00000000fbdf25a8,0x00000000ff080000)
  to   space 79360K, 0% used [0x00000000f5580000,0x00000000f5580000,0x00000000fa300000)
 ParOldGen       total 391168K, used 247866K [0x00000000c0000000, 0x00000000d7e00000, 0x00000000eab00000)
  object space 391168K, 63% used [0x00000000c0000000,0x00000000cf20eb80,0x00000000d7e00000)
 Metaspace       used 108562K, capacity 110680K, committed 110936K, reserved 1140736K
  class space    used 18650K, capacity 19232K, committed 19288K, reserved 1048576K
}
Event: 131,313 GC heap before
{Heap before GC invocations=54 (full 5):
 PSYoungGen      total 246272K, used 193330K [0x00000000eab00000, 0x00000000ff080000, 0x0000000100000000)
  eden space 174592K, 99% used [0x00000000eab00000,0x00000000f545a3a8,0x00000000f5580000)
  from space 71680K, 27% used [0x00000000faa80000,0x00000000fbdf25a8,0x00000000ff080000)
  to   space 79360K, 0% used [0x00000000f5580000,0x00000000f5580000,0x00000000fa300000)
 ParOldGen       total 391168K, used 247866K [0x00000000c0000000, 0x00000000d7e00000, 0x00000000eab00000)
  object space 391168K, 63% used [0x00000000c0000000,0x00000000cf20eb80,0x00000000d7e00000)
 Metaspace       used 108587K, capacity 110748K, committed 110936K, reserved 1140736K
  class space    used 18651K, capacity 19232K, committed 19288K, reserved 1048576K
Event: 131,327 GC heap after
Heap after GC invocations=54 (full 5):
 PSYoungGen      total 253952K, used 25863K [0x00000000eab00000, 0x00000000ff580000, 0x0000000100000000)
  eden space 174592K, 0% used [0x00000000eab00000,0x00000000eab00000,0x00000000f5580000)
  from space 79360K, 32% used [0x00000000f5580000,0x00000000f6ec1f98,0x00000000fa300000)
  to   space 75776K, 0% used [0x00000000fab80000,0x00000000fab80000,0x00000000ff580000)
 ParOldGen       total 391168K, used 247866K [0x00000000c0000000, 0x00000000d7e00000, 0x00000000eab00000)
  object space 391168K, 63% used [0x00000000c0000000,0x00000000cf20eb80,0x00000000d7e00000)
 Metaspace       used 108587K, capacity 110748K, committed 110936K, reserved 1140736K
  class space    used 18651K, capacity 19232K, committed 19288K, reserved 1048576K
}
Event: 132,831 GC heap before
{Heap before GC invocations=55 (full 5):
 PSYoungGen      total 253952K, used 200455K [0x00000000eab00000, 0x00000000ff580000, 0x0000000100000000)
  eden space 174592K, 100% used [0x00000000eab00000,0x00000000f5580000,0x00000000f5580000)
  from space 79360K, 32% used [0x00000000f5580000,0x00000000f6ec1f98,0x00000000fa300000)
  to   space 75776K, 0% used [0x00000000fab80000,0x00000000fab80000,0x00000000ff580000)
 ParOldGen       total 391168K, used 247866K [0x00000000c0000000, 0x00000000d7e00000, 0x00000000eab00000)
  object space 391168K, 63% used [0x00000000c0000000,0x00000000cf20eb80,0x00000000d7e00000)
 Metaspace       used 108618K, capacity 110752K, committed 110936K, reserved 1140736K
  class space    used 18654K, capacity 19232K, committed 19288K, reserved 1048576K
Event: 132,843 GC heap after
Heap after GC invocations=55 (full 5):
 PSYoungGen      total 255488K, used 30086K [0x00000000eab00000, 0x00000000fef80000, 0x0000000100000000)
  eden space 185856K, 0% used [0x00000000eab00000,0x00000000eab00000,0x00000000f6080000)
  from space 69632K, 43% used [0x00000000fab80000,0x00000000fc8e19a8,0x00000000fef80000)
  to   space 73216K, 0% used [0x00000000f6080000,0x00000000f6080000,0x00000000fa800000)
 ParOldGen       total 391168K, used 247874K [0x00000000c0000000, 0x00000000d7e00000, 0x00000000eab00000)
  object space 391168K, 63% used [0x00000000c0000000,0x00000000cf210b80,0x00000000d7e00000)
 Metaspace       used 108618K, capacity 110752K, committed 110936K, reserved 1140736K
  class space    used 18654K, capacity 19232K, committed 19288K, reserved 1048576K
}
Event: 904,777 GC heap before
{Heap before GC invocations=56 (full 5):
 PSYoungGen      total 255488K, used 215942K [0x00000000eab00000, 0x00000000fef80000, 0x0000000100000000)
  eden space 185856K, 100% used [0x00000000eab00000,0x00000000f6080000,0x00000000f6080000)
  from space 69632K, 43% used [0x00000000fab80000,0x00000000fc8e19a8,0x00000000fef80000)
  to   space 73216K, 0% used [0x00000000f6080000,0x00000000f6080000,0x00000000fa800000)
 ParOldGen       total 391168K, used 247874K [0x00000000c0000000, 0x00000000d7e00000, 0x00000000eab00000)
  object space 391168K, 63% used [0x00000000c0000000,0x00000000cf210b80,0x00000000d7e00000)
 Metaspace       used 119891K, capacity 122048K, committed 122200K, reserved 1148928K
  class space    used 21171K, capacity 21760K, committed 21848K, reserved 1048576K
Event: 904,804 GC heap after
Heap after GC invocations=56 (full 5):
 PSYoungGen      total 259072K, used 44859K [0x00000000eab00000, 0x0000000100000000, 0x0000000100000000)
  eden space 185856K, 0% used [0x00000000eab00000,0x00000000eab00000,0x00000000f6080000)
  from space 73216K, 61% used [0x00000000f6080000,0x00000000f8c4ee18,0x00000000fa800000)
  to   space 76800K, 0% used [0x00000000fb500000,0x00000000fb500000,0x0000000100000000)
 ParOldGen       total 391168K, used 247882K [0x00000000c0000000, 0x00000000d7e00000, 0x00000000eab00000)
  object space 391168K, 63% used [0x00000000c0000000,0x00000000cf212b80,0x00000000d7e00000)
 Metaspace       used 119891K, capacity 122048K, committed 122200K, reserved 1148928K
  class space    used 21171K, capacity 21760K, committed 21848K, reserved 1048576K
}
Event: 919,593 GC heap before
{Heap before GC invocations=57 (full 5):
 PSYoungGen      total 259072K, used 230715K [0x00000000eab00000, 0x0000000100000000, 0x0000000100000000)
  eden space 185856K, 100% used [0x00000000eab00000,0x00000000f6080000,0x00000000f6080000)
  from space 73216K, 61% used [0x00000000f6080000,0x00000000f8c4ee18,0x00000000fa800000)
  to   space 76800K, 0% used [0x00000000fb500000,0x00000000fb500000,0x0000000100000000)
 ParOldGen       total 391168K, used 247882K [0x00000000c0000000, 0x00000000d7e00000, 0x00000000eab00000)
  object space 391168K, 63% used [0x00000000c0000000,0x00000000cf212b80,0x00000000d7e00000)
 Metaspace       used 132066K, capacity 134444K, committed 134616K, reserved 1161216K
  class space    used 23051K, capacity 23683K, committed 23768K, reserved 1048576K
Event: 919,659 GC heap after
Heap after GC invocations=57 (full 5):
 PSYoungGen      total 254976K, used 62715K [0x00000000eab00000, 0x0000000100000000, 0x0000000100000000)
  eden space 178176K, 0% used [0x00000000eab00000,0x00000000eab00000,0x00000000f5900000)
  from space 76800K, 81% used [0x00000000fb500000,0x00000000ff23ecc8,0x0000000100000000)
  to   space 85504K, 0% used [0x00000000f5900000,0x00000000f5900000,0x00000000fac80000)
 ParOldGen       total 391168K, used 247890K [0x00000000c0000000, 0x00000000d7e00000, 0x00000000eab00000)
  object space 391168K, 63% used [0x00000000c0000000,0x00000000cf214b80,0x00000000d7e00000)
 Metaspace       used 132066K, capacity 134444K, committed 134616K, reserved 1161216K
  class space    used 23051K, capacity 23683K, committed 23768K, reserved 1048576K
}
Event: 922,119 GC heap before
{Heap before GC invocations=58 (full 5):
 PSYoungGen      total 254976K, used 240891K [0x00000000eab00000, 0x0000000100000000, 0x0000000100000000)
  eden space 178176K, 100% used [0x00000000eab00000,0x00000000f5900000,0x00000000f5900000)
  from space 76800K, 81% used [0x00000000fb500000,0x00000000ff23ecc8,0x0000000100000000)
  to   space 85504K, 0% used [0x00000000f5900000,0x00000000f5900000,0x00000000fac80000)
 ParOldGen       total 391168K, used 247890K [0x00000000c0000000, 0x00000000d7e00000, 0x00000000eab00000)
  object space 391168K, 63% used [0x00000000c0000000,0x00000000cf214b80,0x00000000d7e00000)
 Metaspace       used 135796K, capacity 138166K, committed 138328K, reserved 1163264K
  class space    used 23964K, capacity 24582K, committed 24664K, reserved 1048576K
Event: 922,182 GC heap after
Heap after GC invocations=58 (full 5):
 PSYoungGen      total 248320K, used 69984K [0x00000000eab00000, 0x0000000100000000, 0x0000000100000000)
  eden space 178176K, 0% used [0x00000000eab00000,0x00000000eab00000,0x00000000f5900000)
  from space 70144K, 99% used [0x00000000f5900000,0x00000000f9d58138,0x00000000f9d80000)
  to   space 95232K, 0% used [0x00000000fa300000,0x00000000fa300000,0x0000000100000000)
 ParOldGen       total 391168K, used 247890K [0x00000000c0000000, 0x00000000d7e00000, 0x00000000eab00000)
  object space 391168K, 63% used [0x00000000c0000000,0x00000000cf214b80,0x00000000d7e00000)
 Metaspace       used 135796K, capacity 138166K, committed 138328K, reserved 1163264K
  class space    used 23964K, capacity 24582K, committed 24664K, reserved 1048576K
}
Event: 923,255 GC heap before
{Heap before GC invocations=59 (full 5):
 PSYoungGen      total 248320K, used 248160K [0x00000000eab00000, 0x0000000100000000, 0x0000000100000000)
  eden space 178176K, 100% used [0x00000000eab00000,0x00000000f5900000,0x00000000f5900000)
  from space 70144K, 99% used [0x00000000f5900000,0x00000000f9d58138,0x00000000f9d80000)
  to   space 95232K, 0% used [0x00000000fa300000,0x00000000fa300000,0x0000000100000000)
 ParOldGen       total 391168K, used 247890K [0x00000000c0000000, 0x00000000d7e00000, 0x00000000eab00000)
  object space 391168K, 63% used [0x00000000c0000000,0x00000000cf214b80,0x00000000d7e00000)
 Metaspace       used 138890K, capacity 141254K, committed 141400K, reserved 1165312K
  class space    used 24710K, capacity 25353K, committed 25432K, reserved 1048576K
Event: 923,316 GC heap after
Heap after GC invocations=59 (full 5):
 PSYoungGen      total 235520K, used 74156K [0x00000000eab00000, 0x0000000100000000, 0x0000000100000000)
  eden space 140288K, 0% used [0x00000000eab00000,0x00000000eab00000,0x00000000f3400000)
  from space 95232K, 77% used [0x00000000fa300000,0x00000000feb6b148,0x0000000100000000)
  to   space 104448K, 0% used [0x00000000f3400000,0x00000000f3400000,0x00000000f9a00000)
 ParOldGen       total 391168K, used 247890K [0x00000000c0000000, 0x00000000d7e00000, 0x00000000eab00000)
  object space 391168K, 63% used [0x00000000c0000000,0x00000000cf214b80,0x00000000d7e00000)
 Metaspace       used 138890K, capacity 141254K, committed 141400K, reserved 1165312K
  class space    used 24710K, capacity 25353K, committed 25432K, reserved 1048576K
}
Event: 924,236 GC heap before
{Heap before GC invocations=60 (full 5):
 PSYoungGen      total 235520K, used 214444K [0x00000000eab00000, 0x0000000100000000, 0x0000000100000000)
  eden space 140288K, 100% used [0x00000000eab00000,0x00000000f3400000,0x00000000f3400000)
  from space 95232K, 77% used [0x00000000fa300000,0x00000000feb6b148,0x0000000100000000)
  to   space 104448K, 0% used [0x00000000f3400000,0x00000000f3400000,0x00000000f9a00000)
 ParOldGen       total 391168K, used 247890K [0x00000000c0000000, 0x00000000d7e00000, 0x00000000eab00000)
  object space 391168K, 63% used [0x00000000c0000000,0x00000000cf214b80,0x00000000d7e00000)
 Metaspace       used 139694K, capacity 142022K, committed 142296K, reserved 1165312K
  class space    used 24911K, capacity 25545K, committed 25560K, reserved 1048576K
Event: 924,325 GC heap after
Heap after GC invocations=60 (full 5):
 PSYoungGen      total 218624K, used 78150K [0x00000000eab00000, 0x0000000100000000, 0x0000000100000000)
  eden space 140288K, 0% used [0x00000000eab00000,0x00000000eab00000,0x00000000f3400000)
  from space 78336K, 99% used [0x00000000f3400000,0x00000000f8051b20,0x00000000f8080000)
  to   space 113152K, 0% used [0x00000000f9180000,0x00000000f9180000,0x0000000100000000)
 ParOldGen       total 391168K, used 247890K [0x00000000c0000000, 0x00000000d7e00000, 0x00000000eab00000)
  object space 391168K, 63% used [0x00000000c0000000,0x00000000cf214b80,0x00000000d7e00000)
 Metaspace       used 139694K, capacity 142022K, committed 142296K, reserved 1165312K
  class space    used 24911K, capacity 25545K, committed 25560K, reserved 1048576K
}
Event: 926,537 GC heap before
{Heap before GC invocations=61 (full 5):
 PSYoungGen      total 218624K, used 218438K [0x00000000eab00000, 0x0000000100000000, 0x0000000100000000)
  eden space 140288K, 100% used [0x00000000eab00000,0x00000000f3400000,0x00000000f3400000)
  from space 78336K, 99% used [0x00000000f3400000,0x00000000f8051b20,0x00000000f8080000)
  to   space 113152K, 0% used [0x00000000f9180000,0x00000000f9180000,0x0000000100000000)
 ParOldGen       total 391168K, used 247890K [0x00000000c0000000, 0x00000000d7e00000, 0x00000000eab00000)
  object space 391168K, 63% used [0x00000000c0000000,0x00000000cf214b80,0x00000000d7e00000)
 Metaspace       used 140861K, capacity 143230K, committed 143448K, reserved 1167360K
  class space    used 25017K, capacity 25645K, committed 25688K, reserved 1048576K
Event: 926,643 GC heap after
Heap after GC invocations=61 (full 5):
 PSYoungGen      total 229888K, used 92847K [0x00000000eab00000, 0x0000000100000000, 0x0000000100000000)
  eden space 116736K, 0% used [0x00000000eab00000,0x00000000eab00000,0x00000000f1d00000)
  from space 113152K, 82% used [0x00000000f9180000,0x00000000fec2bea8,0x0000000100000000)
  to   space 116224K, 0% used [0x00000000f1d00000,0x00000000f1d00000,0x00000000f8e80000)
 ParOldGen       total 391168K, used 247890K [0x00000000c0000000, 0x00000000d7e00000, 0x00000000eab00000)
  object space 391168K, 63% used [0x00000000c0000000,0x00000000cf214b80,0x00000000d7e00000)
 Metaspace       used 140861K, capacity 143230K, committed 143448K, reserved 1167360K
  class space    used 25017K, capacity 25645K, committed 25688K, reserved 1048576K
}
Event: 927,930 GC heap before
{Heap before GC invocations=62 (full 5):
 PSYoungGen      total 229888K, used 209583K [0x00000000eab00000, 0x0000000100000000, 0x0000000100000000)
  eden space 116736K, 100% used [0x00000000eab00000,0x00000000f1d00000,0x00000000f1d00000)
  from space 113152K, 82% used [0x00000000f9180000,0x00000000fec2bea8,0x0000000100000000)
  to   space 116224K, 0% used [0x00000000f1d00000,0x00000000f1d00000,0x00000000f8e80000)
 ParOldGen       total 391168K, used 247890K [0x00000000c0000000, 0x00000000d7e00000, 0x00000000eab00000)
  object space 391168K, 63% used [0x00000000c0000000,0x00000000cf214b80,0x00000000d7e00000)
 Metaspace       used 141086K, capacity 143436K, committed 143704K, reserved 1167360K
  class space    used 25021K, capacity 25650K, committed 25688K, reserved 1048576K
Event: 928,041 GC heap after
Heap after GC invocations=62 (full 5):
 PSYoungGen      total 232960K, used 83680K [0x00000000eab00000, 0x0000000100000000, 0x0000000100000000)
  eden space 116736K, 0% used [0x00000000eab00000,0x00000000eab00000,0x00000000f1d00000)
  from space 116224K, 71% used [0x00000000f1d00000,0x00000000f6eb83a0,0x00000000f8e80000)
  to   space 116224K, 0% used [0x00000000f8e80000,0x00000000f8e80000,0x0000000100000000)
 ParOldGen       total 391168K, used 267560K [0x00000000c0000000, 0x00000000d7e00000, 0x00000000eab00000)
  object space 391168K, 68% used [0x00000000c0000000,0x00000000d054a040,0x00000000d7e00000)
 Metaspace       used 141086K, capacity 143436K, committed 143704K, reserved 1167360K
  class space    used 25021K, capacity 25650K, committed 25688K, reserved 1048576K
}
Event: 929,679 GC heap before
{Heap before GC invocations=63 (full 5):
 PSYoungGen      total 232960K, used 200416K [0x00000000eab00000, 0x0000000100000000, 0x0000000100000000)
  eden space 116736K, 100% used [0x00000000eab00000,0x00000000f1d00000,0x00000000f1d00000)
  from space 116224K, 71% used [0x00000000f1d00000,0x00000000f6eb83a0,0x00000000f8e80000)
  to   space 116224K, 0% used [0x00000000f8e80000,0x00000000f8e80000,0x0000000100000000)
 ParOldGen       total 391168K, used 267560K [0x00000000c0000000, 0x00000000d7e00000, 0x00000000eab00000)
  object space 391168K, 68% used [0x00000000c0000000,0x00000000d054a040,0x00000000d7e00000)
 Metaspace       used 141224K, capacity 143568K, committed 143704K, reserved 1167360K
  class space    used 25023K, capacity 25650K, committed 25688K, reserved 1048576K
Event: 929,794 GC heap after
Heap after GC invocations=63 (full 5):
 PSYoungGen      total 232960K, used 81066K [0x00000000eab00000, 0x0000000100000000, 0x0000000100000000)
  eden space 116736K, 0% used [0x00000000eab00000,0x00000000eab00000,0x00000000f1d00000)
  from space 116224K, 69% used [0x00000000f8e80000,0x00000000fddaa960,0x0000000100000000)
  to   space 116224K, 0% used [0x00000000f1d00000,0x00000000f1d00000,0x00000000f8e80000)
 ParOldGen       total 391168K, used 277762K [0x00000000c0000000, 0x00000000d7e00000, 0x00000000eab00000)
  object space 391168K, 71% used [0x00000000c0000000,0x00000000d0f40a50,0x00000000d7e00000)
 Metaspace       used 141224K, capacity 143568K, committed 143704K, reserved 1167360K
  class space    used 25023K, capacity 25650K, committed 25688K, reserved 1048576K
}
Event: 931,348 GC heap before
{Heap before GC invocations=64 (full 5):
 PSYoungGen      total 232960K, used 197802K [0x00000000eab00000, 0x0000000100000000, 0x0000000100000000)
  eden space 116736K, 100% used [0x00000000eab00000,0x00000000f1d00000,0x00000000f1d00000)
  from space 116224K, 69% used [0x00000000f8e80000,0x00000000fddaa960,0x0000000100000000)
  to   space 116224K, 0% used [0x00000000f1d00000,0x00000000f1d00000,0x00000000f8e80000)
 ParOldGen       total 391168K, used 277762K [0x00000000c0000000, 0x00000000d7e00000, 0x00000000eab00000)
  object space 391168K, 71% used [0x00000000c0000000,0x00000000d0f40a50,0x00000000d7e00000)
 Metaspace       used 141281K, capacity 143636K, committed 143960K, reserved 1167360K
  class space    used 25023K, capacity 25650K, committed 25688K, reserved 1048576K
Event: 931,462 GC heap after
Heap after GC invocations=64 (full 5):
 PSYoungGen      total 232960K, used 61370K [0x00000000eab00000, 0x0000000100000000, 0x0000000100000000)
  eden space 116736K, 0% used [0x00000000eab00000,0x00000000eab00000,0x00000000f1d00000)
  from space 116224K, 52% used [0x00000000f1d00000,0x00000000f58eeb90,0x00000000f8e80000)
  to   space 116224K, 0% used [0x00000000f8e80000,0x00000000f8e80000,0x0000000100000000)
 ParOldGen       total 391168K, used 298661K [0x00000000c0000000, 0x00000000d7e00000, 0x00000000eab00000)
  object space 391168K, 76% used [0x00000000c0000000,0x00000000d23a9780,0x00000000d7e00000)
 Metaspace       used 141281K, capacity 143636K, committed 143960K, reserved 1167360K
  class space    used 25023K, capacity 25650K, committed 25688K, reserved 1048576K
}
Event: 932,153 GC heap before
{Heap before GC invocations=65 (full 5):
 PSYoungGen      total 232960K, used 178106K [0x00000000eab00000, 0x0000000100000000, 0x0000000100000000)
  eden space 116736K, 100% used [0x00000000eab00000,0x00000000f1d00000,0x00000000f1d00000)
  from space 116224K, 52% used [0x00000000f1d00000,0x00000000f58eeb90,0x00000000f8e80000)
  to   space 116224K, 0% used [0x00000000f8e80000,0x00000000f8e80000,0x0000000100000000)
 ParOldGen       total 391168K, used 298661K [0x00000000c0000000, 0x00000000d7e00000, 0x00000000eab00000)
  object space 391168K, 76% used [0x00000000c0000000,0x00000000d23a9780,0x00000000d7e00000)
 Metaspace       used 141386K, capacity 143796K, committed 143960K, reserved 1167360K
  class space    used 25028K, capacity 25682K, committed 25688K, reserved 1048576K
Event: 932,230 GC heap after
Heap after GC invocations=65 (full 5):
 PSYoungGen      total 232960K, used 67187K [0x00000000eab00000, 0x0000000100000000, 0x0000000100000000)
  eden space 116736K, 0% used [0x00000000eab00000,0x00000000eab00000,0x00000000f1d00000)
  from space 116224K, 57% used [0x00000000f8e80000,0x00000000fd01cde8,0x0000000100000000)
  to   space 116224K, 0% used [0x00000000f1d00000,0x00000000f1d00000,0x00000000f8e80000)
 ParOldGen       total 391168K, used 315781K [0x00000000c0000000, 0x00000000d7e00000, 0x00000000eab00000)
  object space 391168K, 80% used [0x00000000c0000000,0x00000000d3461600,0x00000000d7e00000)
 Metaspace       used 141386K, capacity 143796K, committed 143960K, reserved 1167360K
  class space    used 25028K, capacity 25682K, committed 25688K, reserved 1048576K
}
Event: 932,555 GC heap before
{Heap before GC invocations=66 (full 5):
 PSYoungGen      total 232960K, used 183923K [0x00000000eab00000, 0x0000000100000000, 0x0000000100000000)
  eden space 116736K, 100% used [0x00000000eab00000,0x00000000f1d00000,0x00000000f1d00000)
  from space 116224K, 57% used [0x00000000f8e80000,0x00000000fd01cde8,0x0000000100000000)
  to   space 116224K, 0% used [0x00000000f1d00000,0x00000000f1d00000,0x00000000f8e80000)
 ParOldGen       total 391168K, used 315781K [0x00000000c0000000, 0x00000000d7e00000, 0x00000000eab00000)
  object space 391168K, 80% used [0x00000000c0000000,0x00000000d3461600,0x00000000d7e00000)
 Metaspace       used 141392K, capacity 143796K, committed 143960K, reserved 1167360K
  class space    used 25028K, capacity 25682K, committed 25688K, reserved 1048576K
Event: 932,659 GC heap after
Heap after GC invocations=66 (full 5):
 PSYoungGen      total 232960K, used 44849K [0x00000000eab00000, 0x0000000100000000, 0x0000000100000000)
  eden space 116736K, 0% used [0x00000000eab00000,0x00000000eab00000,0x00000000f1d00000)
  from space 116224K, 38% used [0x00000000f1d00000,0x00000000f48cc4e8,0x00000000f8e80000)
  to   space 116224K, 0% used [0x00000000f8e80000,0x00000000f8e80000,0x0000000100000000)
 ParOldGen       total 391168K, used 338125K [0x00000000c0000000, 0x00000000d7e00000, 0x00000000eab00000)
  object space 391168K, 86% used [0x00000000c0000000,0x00000000d4a33418,0x00000000d7e00000)
 Metaspace       used 141392K, capacity 143796K, committed 143960K, reserved 1167360K
  class space    used 25028K, capacity 25682K, committed 25688K, reserved 1048576K
}
Event: 932,990 GC heap before
{Heap before GC invocations=67 (full 5):
 PSYoungGen      total 232960K, used 161585K [0x00000000eab00000, 0x0000000100000000, 0x0000000100000000)
  eden space 116736K, 100% used [0x00000000eab00000,0x00000000f1d00000,0x00000000f1d00000)
  from space 116224K, 38% used [0x00000000f1d00000,0x00000000f48cc4e8,0x00000000f8e80000)
  to   space 116224K, 0% used [0x00000000f8e80000,0x00000000f8e80000,0x0000000100000000)
 ParOldGen       total 391168K, used 338125K [0x00000000c0000000, 0x00000000d7e00000, 0x00000000eab00000)
  object space 391168K, 86% used [0x00000000c0000000,0x00000000d4a33418,0x00000000d7e00000)
 Metaspace       used 141392K, capacity 143796K, committed 143960K, reserved 1167360K
  class space    used 25028K, capacity 25682K, committed 25688K, reserved 1048576K
Event: 933,021 GC heap after
Heap after GC invocations=67 (full 5):
 PSYoungGen      total 232960K, used 35498K [0x00000000eab00000, 0x0000000100000000, 0x0000000100000000)
  eden space 116736K, 0% used [0x00000000eab00000,0x00000000eab00000,0x00000000f1d00000)
  from space 116224K, 30% used [0x00000000f8e80000,0x00000000fb12aa68,0x0000000100000000)
  to   space 116224K, 0% used [0x00000000f1d00000,0x00000000f1d00000,0x00000000f8e80000)
 ParOldGen       total 391168K, used 358653K [0x00000000c0000000, 0x00000000d7e00000, 0x00000000eab00000)
  object space 391168K, 91% used [0x00000000c0000000,0x00000000d5e3f5f0,0x00000000d7e00000)
 Metaspace       used 141392K, capacity 143796K, committed 143960K, reserved 1167360K
  class space    used 25028K, capacity 25682K, committed 25688K, reserved 1048576K
}
Event: 933,021 GC heap before
{Heap before GC invocations=68 (full 6):
 PSYoungGen      total 232960K, used 35498K [0x00000000eab00000, 0x0000000100000000, 0x0000000100000000)
  eden space 116736K, 0% used [0x00000000eab00000,0x00000000eab00000,0x00000000f1d00000)
  from space 116224K, 30% used [0x00000000f8e80000,0x00000000fb12aa68,0x0000000100000000)
  to   space 116224K, 0% used [0x00000000f1d00000,0x00000000f1d00000,0x00000000f8e80000)
 ParOldGen       total 391168K, used 358653K [0x00000000c0000000, 0x00000000d7e00000, 0x00000000eab00000)
  object space 391168K, 91% used [0x00000000c0000000,0x00000000d5e3f5f0,0x00000000d7e00000)
 Metaspace       used 141392K, capacity 143796K, committed 143960K, reserved 1167360K
  class space    used 25028K, capacity 25682K, committed 25688K, reserved 1048576K
Event: 934,079 GC heap after
Heap after GC invocations=68 (full 6):
 PSYoungGen      total 232960K, used 0K [0x00000000eab00000, 0x0000000100000000, 0x0000000100000000)
  eden space 116736K, 0% used [0x00000000eab00000,0x00000000eab00000,0x00000000f1d00000)
  from space 116224K, 0% used [0x00000000f8e80000,0x00000000f8e80000,0x0000000100000000)
  to   space 116224K, 0% used [0x00000000f1d00000,0x00000000f1d00000,0x00000000f8e80000)
 ParOldGen       total 467968K, used 259247K [0x00000000c0000000, 0x00000000dc900000, 0x00000000eab00000)
  object space 467968K, 55% used [0x00000000c0000000,0x00000000cfd2bee0,0x00000000dc900000)
 Metaspace       used 141320K, capacity 143676K, committed 143960K, reserved 1167360K
  class space    used 25009K, capacity 25648K, committed 25688K, reserved 1048576K
}

