# JRE version: OpenJDK Runtime Environment (8.0_181-b15) (build 1.8.0_181-b15)
# Java VM: OpenJDK 64-Bit Server VM (25.181-b15 mixed mode linux-amd64 compressed oops)
Heap:
 PSYoungGen      total 242688K, used 8691K [0x00000000eab00000, 0x00000000ffb80000, 0x0000000100000000)
  eden space 150528K, 5% used [0x00000000eab00000,0x00000000eb37cee8,0x00000000f3e00000)
  from space 92160K, 0% used [0x00000000f3e00000,0x00000000f3e00000,0x00000000f9800000)
  to   space 92160K, 0% used [0x00000000fa180000,0x00000000fa180000,0x00000000ffb80000)
 ParOldGen       total 506880K, used 254809K [0x00000000c0000000, 0x00000000def00000, 0x00000000eab00000)
  object space 506880K, 50% used [0x00000000c0000000,0x00000000cf8d64c8,0x00000000def00000)
 Metaspace       used 142209K, capacity 144820K, committed 173312K, reserved 1183744K
  class space    used 25030K, capacity 25707K, committed 38656K, reserved 1048576K
GC Heap History (250 events):
Event: 2,260 GC heap before
{Heap before GC invocations=4 (full 0):
 PSYoungGen      total 36864K, used 36859K [0x00000000eab00000, 0x00000000ef300000, 0x0000000100000000)
  eden space 31744K, 100% used [0x00000000eab00000,0x00000000eca00000,0x00000000eca00000)
  from space 5120K, 99% used [0x00000000eca00000,0x00000000ecefefe8,0x00000000ecf00000)
  to   space 5120K, 0% used [0x00000000eee00000,0x00000000eee00000,0x00000000ef300000)
 ParOldGen       total 84992K, used 1963K [0x00000000c0000000, 0x00000000c5300000, 0x00000000eab00000)
  object space 84992K, 2% used [0x00000000c0000000,0x00000000c01eade0,0x00000000c5300000)
 Metaspace       used 18032K, capacity 18430K, committed 18560K, reserved 1064960K
  class space    used 2482K, capacity 2629K, committed 2688K, reserved 1048576K
Event: 2,302 GC heap after
Heap after GC invocations=4 (full 0):
 PSYoungGen      total 68608K, used 5120K [0x00000000eab00000, 0x00000000ef300000, 0x0000000100000000)
  eden space 63488K, 0% used [0x00000000eab00000,0x00000000eab00000,0x00000000ee900000)
  from space 5120K, 100% used [0x00000000eee00000,0x00000000ef300000,0x00000000ef300000)
  to   space 5120K, 0% used [0x00000000ee900000,0x00000000ee900000,0x00000000eee00000)
 ParOldGen       total 84992K, used 5250K [0x00000000c0000000, 0x00000000c5300000, 0x00000000eab00000)
  object space 84992K, 6% used [0x00000000c0000000,0x00000000c0520a30,0x00000000c5300000)
 Metaspace       used 18032K, capacity 18430K, committed 18560K, reserved 1064960K
  class space    used 2482K, capacity 2629K, committed 2688K, reserved 1048576K
}
Event: 2,597 GC heap before
{Heap before GC invocations=5 (full 0):
 PSYoungGen      total 68608K, used 14069K [0x00000000eab00000, 0x00000000ef300000, 0x0000000100000000)
  eden space 63488K, 14% used [0x00000000eab00000,0x00000000eb3bd708,0x00000000ee900000)
  from space 5120K, 100% used [0x00000000eee00000,0x00000000ef300000,0x00000000ef300000)
  to   space 5120K, 0% used [0x00000000ee900000,0x00000000ee900000,0x00000000eee00000)
 ParOldGen       total 84992K, used 5250K [0x00000000c0000000, 0x00000000c5300000, 0x00000000eab00000)
  object space 84992K, 6% used [0x00000000c0000000,0x00000000c0520a30,0x00000000c5300000)
 Metaspace       used 20736K, capacity 21118K, committed 21296K, reserved 1067008K
  class space    used 2765K, capacity 2885K, committed 2944K, reserved 1048576K
Event: 2,616 GC heap after
Heap after GC invocations=5 (full 0):
 PSYoungGen      total 68608K, used 5088K [0x00000000eab00000, 0x00000000f3a00000, 0x0000000100000000)
  eden space 63488K, 0% used [0x00000000eab00000,0x00000000eab00000,0x00000000ee900000)
  from space 5120K, 99% used [0x00000000ee900000,0x00000000eedf8050,0x00000000eee00000)
  to   space 9728K, 0% used [0x00000000f3080000,0x00000000f3080000,0x00000000f3a00000)
 ParOldGen       total 84992K, used 7090K [0x00000000c0000000, 0x00000000c5300000, 0x00000000eab00000)
  object space 84992K, 8% used [0x00000000c0000000,0x00000000c06eca38,0x00000000c5300000)
 Metaspace       used 20736K, capacity 21118K, committed 21296K, reserved 1067008K
  class space    used 2765K, capacity 2885K, committed 2944K, reserved 1048576K
}
Event: 2,616 GC heap before
{Heap before GC invocations=6 (full 1):
 PSYoungGen      total 68608K, used 5088K [0x00000000eab00000, 0x00000000f3a00000, 0x0000000100000000)
  eden space 63488K, 0% used [0x00000000eab00000,0x00000000eab00000,0x00000000ee900000)
  from space 5120K, 99% used [0x00000000ee900000,0x00000000eedf8050,0x00000000eee00000)
  to   space 9728K, 0% used [0x00000000f3080000,0x00000000f3080000,0x00000000f3a00000)
 ParOldGen       total 84992K, used 7090K [0x00000000c0000000, 0x00000000c5300000, 0x00000000eab00000)
  object space 84992K, 8% used [0x00000000c0000000,0x00000000c06eca38,0x00000000c5300000)
 Metaspace       used 20736K, capacity 21118K, committed 21296K, reserved 1067008K
  class space    used 2765K, capacity 2885K, committed 2944K, reserved 1048576K
Event: 2,702 GC heap after
Heap after GC invocations=6 (full 1):
 PSYoungGen      total 68608K, used 0K [0x00000000eab00000, 0x00000000f3a00000, 0x0000000100000000)
  eden space 63488K, 0% used [0x00000000eab00000,0x00000000eab00000,0x00000000ee900000)
  from space 5120K, 0% used [0x00000000ee900000,0x00000000ee900000,0x00000000eee00000)
  to   space 9728K, 0% used [0x00000000f3080000,0x00000000f3080000,0x00000000f3a00000)
 ParOldGen       total 58368K, used 7238K [0x00000000c0000000, 0x00000000c3900000, 0x00000000eab00000)
  object space 58368K, 12% used [0x00000000c0000000,0x00000000c07118e8,0x00000000c3900000)
 Metaspace       used 20736K, capacity 21118K, committed 21296K, reserved 1067008K
  class space    used 2765K, capacity 2885K, committed 2944K, reserved 1048576K
}
Event: 3,946 GC heap before
{Heap before GC invocations=7 (full 1):
 PSYoungGen      total 68608K, used 63488K [0x00000000eab00000, 0x00000000f3a00000, 0x0000000100000000)
  eden space 63488K, 100% used [0x00000000eab00000,0x00000000ee900000,0x00000000ee900000)
  from space 5120K, 0% used [0x00000000ee900000,0x00000000ee900000,0x00000000eee00000)
  to   space 9728K, 0% used [0x00000000f3080000,0x00000000f3080000,0x00000000f3a00000)
 ParOldGen       total 58368K, used 7238K [0x00000000c0000000, 0x00000000c3900000, 0x00000000eab00000)
  object space 58368K, 12% used [0x00000000c0000000,0x00000000c07118e8,0x00000000c3900000)
 Metaspace       used 26426K, capacity 26838K, committed 27136K, reserved 1073152K
  class space    used 3579K, capacity 3722K, committed 3840K, reserved 1048576K
Event: 3,971 GC heap after
Heap after GC invocations=7 (full 1):
 PSYoungGen      total 101888K, used 7029K [0x00000000eab00000, 0x00000000f3780000, 0x0000000100000000)
  eden space 94720K, 0% used [0x00000000eab00000,0x00000000eab00000,0x00000000f0780000)
  from space 7168K, 98% used [0x00000000f3080000,0x00000000f375d570,0x00000000f3780000)
  to   space 9216K, 0% used [0x00000000f2580000,0x00000000f2580000,0x00000000f2e80000)
 ParOldGen       total 58368K, used 7246K [0x00000000c0000000, 0x00000000c3900000, 0x00000000eab00000)
  object space 58368K, 12% used [0x00000000c0000000,0x00000000c07138e8,0x00000000c3900000)
 Metaspace       used 26426K, capacity 26838K, committed 27136K, reserved 1073152K
  class space    used 3579K, capacity 3722K, committed 3840K, reserved 1048576K
}
Event: 5,532 GC heap before
{Heap before GC invocations=8 (full 1):
 PSYoungGen      total 101888K, used 101749K [0x00000000eab00000, 0x00000000f3780000, 0x0000000100000000)
  eden space 94720K, 100% used [0x00000000eab00000,0x00000000f0780000,0x00000000f0780000)
  from space 7168K, 98% used [0x00000000f3080000,0x00000000f375d570,0x00000000f3780000)
  to   space 9216K, 0% used [0x00000000f2580000,0x00000000f2580000,0x00000000f2e80000)
 ParOldGen       total 58368K, used 7246K [0x00000000c0000000, 0x00000000c3900000, 0x00000000eab00000)
  object space 58368K, 12% used [0x00000000c0000000,0x00000000c07138e8,0x00000000c3900000)
 Metaspace       used 32305K, capacity 32896K, committed 33024K, reserved 1077248K
  class space    used 4405K, capacity 4606K, committed 4608K, reserved 1048576K
Event: 5,565 GC heap after
Heap after GC invocations=8 (full 1):
 PSYoungGen      total 134656K, used 9200K [0x00000000eab00000, 0x00000000f4a00000, 0x0000000100000000)
  eden space 125440K, 0% used [0x00000000eab00000,0x00000000eab00000,0x00000000f2580000)
  from space 9216K, 99% used [0x00000000f2580000,0x00000000f2e7c100,0x00000000f2e80000)
  to   space 11776K, 0% used [0x00000000f3e80000,0x00000000f3e80000,0x00000000f4a00000)
 ParOldGen       total 58368K, used 9923K [0x00000000c0000000, 0x00000000c3900000, 0x00000000eab00000)
  object space 58368K, 17% used [0x00000000c0000000,0x00000000c09b0fd0,0x00000000c3900000)
 Metaspace       used 32305K, capacity 32896K, committed 33024K, reserved 1077248K
  class space    used 4405K, capacity 4606K, committed 4608K, reserved 1048576K
}
Event: 6,924 GC heap before
{Heap before GC invocations=9 (full 1):
 PSYoungGen      total 134656K, used 86433K [0x00000000eab00000, 0x00000000f4a00000, 0x0000000100000000)
  eden space 125440K, 61% used [0x00000000eab00000,0x00000000ef66c3a0,0x00000000f2580000)
  from space 9216K, 99% used [0x00000000f2580000,0x00000000f2e7c100,0x00000000f2e80000)
  to   space 11776K, 0% used [0x00000000f3e80000,0x00000000f3e80000,0x00000000f4a00000)
 ParOldGen       total 58368K, used 9923K [0x00000000c0000000, 0x00000000c3900000, 0x00000000eab00000)
  object space 58368K, 17% used [0x00000000c0000000,0x00000000c09b0fd0,0x00000000c3900000)
 Metaspace       used 34915K, capacity 35402K, committed 35456K, reserved 1079296K
  class space    used 4805K, capacity 4962K, committed 4992K, reserved 1048576K
Event: 6,960 GC heap after
Heap after GC invocations=9 (full 1):
 PSYoungGen      total 148992K, used 11760K [0x00000000eab00000, 0x00000000f7980000, 0x0000000100000000)
  eden space 137216K, 0% used [0x00000000eab00000,0x00000000eab00000,0x00000000f3100000)
  from space 11776K, 99% used [0x00000000f3e80000,0x00000000f49fc030,0x00000000f4a00000)
  to   space 13824K, 0% used [0x00000000f3100000,0x00000000f3100000,0x00000000f3e80000)
 ParOldGen       total 58368K, used 11642K [0x00000000c0000000, 0x00000000c3900000, 0x00000000eab00000)
  object space 58368K, 19% used [0x00000000c0000000,0x00000000c0b5ea50,0x00000000c3900000)
 Metaspace       used 34915K, capacity 35402K, committed 35456K, reserved 1079296K
  class space    used 4805K, capacity 4962K, committed 4992K, reserved 1048576K
}
Event: 6,960 GC heap before
{Heap before GC invocations=10 (full 2):
 PSYoungGen      total 148992K, used 11760K [0x00000000eab00000, 0x00000000f7980000, 0x0000000100000000)
  eden space 137216K, 0% used [0x00000000eab00000,0x00000000eab00000,0x00000000f3100000)
  from space 11776K, 99% used [0x00000000f3e80000,0x00000000f49fc030,0x00000000f4a00000)
  to   space 13824K, 0% used [0x00000000f3100000,0x00000000f3100000,0x00000000f3e80000)
 ParOldGen       total 58368K, used 11642K [0x00000000c0000000, 0x00000000c3900000, 0x00000000eab00000)
  object space 58368K, 19% used [0x00000000c0000000,0x00000000c0b5ea50,0x00000000c3900000)
 Metaspace       used 34915K, capacity 35402K, committed 35456K, reserved 1079296K
  class space    used 4805K, capacity 4962K, committed 4992K, reserved 1048576K
Event: 7,132 GC heap after
Heap after GC invocations=10 (full 2):
 PSYoungGen      total 148992K, used 0K [0x00000000eab00000, 0x00000000f7980000, 0x0000000100000000)
  eden space 137216K, 0% used [0x00000000eab00000,0x00000000eab00000,0x00000000f3100000)
  from space 11776K, 0% used [0x00000000f3e80000,0x00000000f3e80000,0x00000000f4a00000)
  to   space 13824K, 0% used [0x00000000f3100000,0x00000000f3100000,0x00000000f3e80000)
 ParOldGen       total 97792K, used 19928K [0x00000000c0000000, 0x00000000c5f80000, 0x00000000eab00000)
  object space 97792K, 20% used [0x00000000c0000000,0x00000000c1376000,0x00000000c5f80000)
 Metaspace       used 34915K, capacity 35402K, committed 35456K, reserved 1079296K
  class space    used 4805K, capacity 4962K, committed 4992K, reserved 1048576K
}
Event: 9,838 GC heap before
{Heap before GC invocations=11 (full 2):
 PSYoungGen      total 148992K, used 137216K [0x00000000eab00000, 0x00000000f7980000, 0x0000000100000000)
  eden space 137216K, 100% used [0x00000000eab00000,0x00000000f3100000,0x00000000f3100000)
  from space 11776K, 0% used [0x00000000f3e80000,0x00000000f3e80000,0x00000000f4a00000)
  to   space 13824K, 0% used [0x00000000f3100000,0x00000000f3100000,0x00000000f3e80000)
 ParOldGen       total 97792K, used 19928K [0x00000000c0000000, 0x00000000c5f80000, 0x00000000eab00000)
  object space 97792K, 20% used [0x00000000c0000000,0x00000000c1376000,0x00000000c5f80000)
 Metaspace       used 46479K, capacity 47750K, committed 48128K, reserved 1089536K
  class space    used 6738K, capacity 7113K, committed 7168K, reserved 1048576K
Event: 9,874 GC heap after
Heap after GC invocations=11 (full 2):
 PSYoungGen      total 151040K, used 13802K [0x00000000eab00000, 0x00000000f7580000, 0x0000000100000000)
  eden space 137216K, 0% used [0x00000000eab00000,0x00000000eab00000,0x00000000f3100000)
  from space 13824K, 99% used [0x00000000f3100000,0x00000000f3e7a910,0x00000000f3e80000)
  to   space 18432K, 0% used [0x00000000f6380000,0x00000000f6380000,0x00000000f7580000)
 ParOldGen       total 97792K, used 27082K [0x00000000c0000000, 0x00000000c5f80000, 0x00000000eab00000)
  object space 97792K, 27% used [0x00000000c0000000,0x00000000c1a728e8,0x00000000c5f80000)
 Metaspace       used 46479K, capacity 47750K, committed 48128K, reserved 1089536K
  class space    used 6738K, capacity 7113K, committed 7168K, reserved 1048576K
}
Event: 11,672 GC heap before
{Heap before GC invocations=12 (full 2):
 PSYoungGen      total 151040K, used 92969K [0x00000000eab00000, 0x00000000f7580000, 0x0000000100000000)
  eden space 137216K, 57% used [0x00000000eab00000,0x00000000ef84feb8,0x00000000f3100000)
  from space 13824K, 99% used [0x00000000f3100000,0x00000000f3e7a910,0x00000000f3e80000)
  to   space 18432K, 0% used [0x00000000f6380000,0x00000000f6380000,0x00000000f7580000)
 ParOldGen       total 97792K, used 27082K [0x00000000c0000000, 0x00000000c5f80000, 0x00000000eab00000)
  object space 97792K, 27% used [0x00000000c0000000,0x00000000c1a728e8,0x00000000c5f80000)
 Metaspace       used 57498K, capacity 58790K, committed 59096K, reserved 1099776K
  class space    used 9243K, capacity 9593K, committed 9600K, reserved 1048576K
Event: 11,718 GC heap after
Heap after GC invocations=12 (full 2):
 PSYoungGen      total 183296K, used 18412K [0x00000000eab00000, 0x00000000f8100000, 0x0000000100000000)
  eden space 164864K, 0% used [0x00000000eab00000,0x00000000eab00000,0x00000000f4c00000)
  from space 18432K, 99% used [0x00000000f6380000,0x00000000f757b150,0x00000000f7580000)
  to   space 24064K, 0% used [0x00000000f4c00000,0x00000000f4c00000,0x00000000f6380000)
 ParOldGen       total 97792K, used 34786K [0x00000000c0000000, 0x00000000c5f80000, 0x00000000eab00000)
  object space 97792K, 35% used [0x00000000c0000000,0x00000000c21f88e8,0x00000000c5f80000)
 Metaspace       used 57498K, capacity 58790K, committed 59096K, reserved 1099776K
  class space    used 9243K, capacity 9593K, committed 9600K, reserved 1048576K
}
Event: 11,718 GC heap before
{Heap before GC invocations=13 (full 3):
 PSYoungGen      total 183296K, used 18412K [0x00000000eab00000, 0x00000000f8100000, 0x0000000100000000)
  eden space 164864K, 0% used [0x00000000eab00000,0x00000000eab00000,0x00000000f4c00000)
  from space 18432K, 99% used [0x00000000f6380000,0x00000000f757b150,0x00000000f7580000)
  to   space 24064K, 0% used [0x00000000f4c00000,0x00000000f4c00000,0x00000000f6380000)
 ParOldGen       total 97792K, used 34786K [0x00000000c0000000, 0x00000000c5f80000, 0x00000000eab00000)
  object space 97792K, 35% used [0x00000000c0000000,0x00000000c21f88e8,0x00000000c5f80000)
 Metaspace       used 57498K, capacity 58790K, committed 59096K, reserved 1099776K
  class space    used 9243K, capacity 9593K, committed 9600K, reserved 1048576K
Event: 11,978 GC heap after
Heap after GC invocations=13 (full 3):
 PSYoungGen      total 183296K, used 0K [0x00000000eab00000, 0x00000000f8100000, 0x0000000100000000)
  eden space 164864K, 0% used [0x00000000eab00000,0x00000000eab00000,0x00000000f4c00000)
  from space 18432K, 0% used [0x00000000f6380000,0x00000000f6380000,0x00000000f7580000)
  to   space 24064K, 0% used [0x00000000f4c00000,0x00000000f4c00000,0x00000000f6380000)
 ParOldGen       total 154112K, used 43675K [0x00000000c0000000, 0x00000000c9680000, 0x00000000eab00000)
  object space 154112K, 28% used [0x00000000c0000000,0x00000000c2aa6f10,0x00000000c9680000)
 Metaspace       used 57498K, capacity 58790K, committed 59096K, reserved 1099776K
  class space    used 9243K, capacity 9593K, committed 9600K, reserved 1048576K
}
Event: 25,496 GC heap before
{Heap before GC invocations=14 (full 3):
 PSYoungGen      total 183296K, used 164864K [0x00000000eab00000, 0x00000000f8100000, 0x0000000100000000)
  eden space 164864K, 100% used [0x00000000eab00000,0x00000000f4c00000,0x00000000f4c00000)
  from space 18432K, 0% used [0x00000000f6380000,0x00000000f6380000,0x00000000f7580000)
  to   space 24064K, 0% used [0x00000000f4c00000,0x00000000f4c00000,0x00000000f6380000)
 ParOldGen       total 154112K, used 43675K [0x00000000c0000000, 0x00000000c9680000, 0x00000000eab00000)
  object space 154112K, 28% used [0x00000000c0000000,0x00000000c2aa6f10,0x00000000c9680000)
 Metaspace       used 64265K, capacity 65794K, committed 66176K, reserved 1105920K
  class space    used 10082K, capacity 10547K, committed 10624K, reserved 1048576K
Event: 25,556 GC heap after
Heap after GC invocations=14 (full 3):
 PSYoungGen      total 188928K, used 21950K [0x00000000eab00000, 0x00000000f9f00000, 0x0000000100000000)
  eden space 164864K, 0% used [0x00000000eab00000,0x00000000eab00000,0x00000000f4c00000)
  from space 24064K, 91% used [0x00000000f4c00000,0x00000000f616f818,0x00000000f6380000)
  to   space 26624K, 0% used [0x00000000f8500000,0x00000000f8500000,0x00000000f9f00000)
 ParOldGen       total 154112K, used 43683K [0x00000000c0000000, 0x00000000c9680000, 0x00000000eab00000)
  object space 154112K, 28% used [0x00000000c0000000,0x00000000c2aa8f10,0x00000000c9680000)
 Metaspace       used 64265K, capacity 65794K, committed 66176K, reserved 1105920K
  class space    used 10082K, capacity 10547K, committed 10624K, reserved 1048576K
}
Event: 27,687 GC heap before
{Heap before GC invocations=15 (full 3):
 PSYoungGen      total 188928K, used 186814K [0x00000000eab00000, 0x00000000f9f00000, 0x0000000100000000)
  eden space 164864K, 100% used [0x00000000eab00000,0x00000000f4c00000,0x00000000f4c00000)
  from space 24064K, 91% used [0x00000000f4c00000,0x00000000f616f818,0x00000000f6380000)
  to   space 26624K, 0% used [0x00000000f8500000,0x00000000f8500000,0x00000000f9f00000)
 ParOldGen       total 154112K, used 43683K [0x00000000c0000000, 0x00000000c9680000, 0x00000000eab00000)
  object space 154112K, 28% used [0x00000000c0000000,0x00000000c2aa8f10,0x00000000c9680000)
 Metaspace       used 66858K, capacity 68484K, committed 68992K, reserved 1107968K
  class space    used 10601K, capacity 11060K, committed 11136K, reserved 1048576K
Event: 27,759 GC heap after
Heap after GC invocations=15 (full 3):
 PSYoungGen      total 217088K, used 26618K [0x00000000eab00000, 0x00000000fae00000, 0x0000000100000000)
  eden space 190464K, 0% used [0x00000000eab00000,0x00000000eab00000,0x00000000f6500000)
  from space 26624K, 99% used [0x00000000f8500000,0x00000000f9efe878,0x00000000f9f00000)
  to   space 32768K, 0% used [0x00000000f6500000,0x00000000f6500000,0x00000000f8500000)
 ParOldGen       total 154112K, used 49810K [0x00000000c0000000, 0x00000000c9680000, 0x00000000eab00000)
  object space 154112K, 32% used [0x00000000c0000000,0x00000000c30a4a68,0x00000000c9680000)
 Metaspace       used 66858K, capacity 68484K, committed 68992K, reserved 1107968K
  class space    used 10601K, capacity 11060K, committed 11136K, reserved 1048576K
}
Event: 30,135 GC heap before
{Heap before GC invocations=16 (full 3):
 PSYoungGen      total 217088K, used 217082K [0x00000000eab00000, 0x00000000fae00000, 0x0000000100000000)
  eden space 190464K, 100% used [0x00000000eab00000,0x00000000f6500000,0x00000000f6500000)
  from space 26624K, 99% used [0x00000000f8500000,0x00000000f9efe878,0x00000000f9f00000)
  to   space 32768K, 0% used [0x00000000f6500000,0x00000000f6500000,0x00000000f8500000)
 ParOldGen       total 154112K, used 49810K [0x00000000c0000000, 0x00000000c9680000, 0x00000000eab00000)
  object space 154112K, 32% used [0x00000000c0000000,0x00000000c30a4a68,0x00000000c9680000)
 Metaspace       used 72615K, capacity 74124K, committed 74624K, reserved 1112064K
  class space    used 11888K, capacity 12383K, committed 12416K, reserved 1048576K
Event: 30,217 GC heap after
Heap after GC invocations=16 (full 3):
 PSYoungGen      total 223232K, used 23379K [0x00000000eab00000, 0x00000000fd280000, 0x0000000100000000)
  eden space 190464K, 0% used [0x00000000eab00000,0x00000000eab00000,0x00000000f6500000)
  from space 32768K, 71% used [0x00000000f6500000,0x00000000f7bd4d18,0x00000000f8500000)
  to   space 34304K, 0% used [0x00000000fb100000,0x00000000fb100000,0x00000000fd280000)
 ParOldGen       total 154112K, used 64405K [0x00000000c0000000, 0x00000000c9680000, 0x00000000eab00000)
  object space 154112K, 41% used [0x00000000c0000000,0x00000000c3ee57f0,0x00000000c9680000)
 Metaspace       used 72615K, capacity 74124K, committed 74624K, reserved 1112064K
  class space    used 11888K, capacity 12383K, committed 12416K, reserved 1048576K
}
Event: 31,737 GC heap before
{Heap before GC invocations=17 (full 3):
 PSYoungGen      total 223232K, used 213843K [0x00000000eab00000, 0x00000000fd280000, 0x0000000100000000)
  eden space 190464K, 100% used [0x00000000eab00000,0x00000000f6500000,0x00000000f6500000)
  from space 32768K, 71% used [0x00000000f6500000,0x00000000f7bd4d18,0x00000000f8500000)
  to   space 34304K, 0% used [0x00000000fb100000,0x00000000fb100000,0x00000000fd280000)
 ParOldGen       total 154112K, used 64405K [0x00000000c0000000, 0x00000000c9680000, 0x00000000eab00000)
  object space 154112K, 41% used [0x00000000c0000000,0x00000000c3ee57f0,0x00000000c9680000)
 Metaspace       used 73525K, capacity 75026K, committed 75648K, reserved 1112064K
  class space    used 12097K, capacity 12576K, committed 12672K, reserved 1048576K
Event: 31,801 GC heap after
Heap after GC invocations=17 (full 3):
 PSYoungGen      total 265728K, used 27304K [0x00000000eab00000, 0x00000000fdb80000, 0x0000000100000000)
  eden space 231424K, 0% used [0x00000000eab00000,0x00000000eab00000,0x00000000f8d00000)
  from space 34304K, 79% used [0x00000000fb100000,0x00000000fcbaa390,0x00000000fd280000)
  to   space 36864K, 0% used [0x00000000f8d00000,0x00000000f8d00000,0x00000000fb100000)
 ParOldGen       total 154112K, used 64413K [0x00000000c0000000, 0x00000000c9680000, 0x00000000eab00000)
  object space 154112K, 41% used [0x00000000c0000000,0x00000000c3ee77f0,0x00000000c9680000)
 Metaspace       used 73525K, capacity 75026K, committed 75648K, reserved 1112064K
  class space    used 12097K, capacity 12576K, committed 12672K, reserved 1048576K
}
Event: 35,342 GC heap before
{Heap before GC invocations=18 (full 3):
 PSYoungGen      total 265728K, used 258728K [0x00000000eab00000, 0x00000000fdb80000, 0x0000000100000000)
  eden space 231424K, 100% used [0x00000000eab00000,0x00000000f8d00000,0x00000000f8d00000)
  from space 34304K, 79% used [0x00000000fb100000,0x00000000fcbaa390,0x00000000fd280000)
  to   space 36864K, 0% used [0x00000000f8d00000,0x00000000f8d00000,0x00000000fb100000)
 ParOldGen       total 154112K, used 64413K [0x00000000c0000000, 0x00000000c9680000, 0x00000000eab00000)
  object space 154112K, 41% used [0x00000000c0000000,0x00000000c3ee77f0,0x00000000c9680000)
 Metaspace       used 75046K, capacity 76612K, committed 77312K, reserved 1114112K
  class space    used 12205K, capacity 12675K, committed 12800K, reserved 1048576K
Event: 35,435 GC heap after
Heap after GC invocations=18 (full 3):
 PSYoungGen      total 268288K, used 36838K [0x00000000eab00000, 0x0000000100000000, 0x0000000100000000)
  eden space 231424K, 0% used [0x00000000eab00000,0x00000000eab00000,0x00000000f8d00000)
  from space 36864K, 99% used [0x00000000f8d00000,0x00000000fb0f99d0,0x00000000fb100000)
  to   space 48640K, 0% used [0x00000000fd080000,0x00000000fd080000,0x0000000100000000)
 ParOldGen       total 154112K, used 81240K [0x00000000c0000000, 0x00000000c9680000, 0x00000000eab00000)
  object space 154112K, 52% used [0x00000000c0000000,0x00000000c4f56360,0x00000000c9680000)
 Metaspace       used 75046K, capacity 76612K, committed 77312K, reserved 1114112K
  class space    used 12205K, capacity 12675K, committed 12800K, reserved 1048576K
}
Event: 38,620 GC heap before
{Heap before GC invocations=19 (full 3):
 PSYoungGen      total 268288K, used 268262K [0x00000000eab00000, 0x0000000100000000, 0x0000000100000000)
  eden space 231424K, 100% used [0x00000000eab00000,0x00000000f8d00000,0x00000000f8d00000)
  from space 36864K, 99% used [0x00000000f8d00000,0x00000000fb0f99d0,0x00000000fb100000)
  to   space 48640K, 0% used [0x00000000fd080000,0x00000000fd080000,0x0000000100000000)
 ParOldGen       total 154112K, used 81240K [0x00000000c0000000, 0x00000000c9680000, 0x00000000eab00000)
  object space 154112K, 52% used [0x00000000c0000000,0x00000000c4f56360,0x00000000c9680000)
 Metaspace       used 75322K, capacity 76850K, committed 77312K, reserved 1114112K
  class space    used 12214K, capacity 12710K, committed 12800K, reserved 1048576K
Event: 38,705 GC heap after
Heap after GC invocations=19 (full 3):
 PSYoungGen      total 296448K, used 32214K [0x00000000eab00000, 0x0000000100000000, 0x0000000100000000)
  eden space 247808K, 0% used [0x00000000eab00000,0x00000000eab00000,0x00000000f9d00000)
  from space 48640K, 66% used [0x00000000fd080000,0x00000000feff5b30,0x0000000100000000)
  to   space 50688K, 0% used [0x00000000f9d00000,0x00000000f9d00000,0x00000000fce80000)
 ParOldGen       total 154112K, used 97447K [0x00000000c0000000, 0x00000000c9680000, 0x00000000eab00000)
  object space 154112K, 63% used [0x00000000c0000000,0x00000000c5f29d68,0x00000000c9680000)
 Metaspace       used 75322K, capacity 76850K, committed 77312K, reserved 1114112K
  class space    used 12214K, capacity 12710K, committed 12800K, reserved 1048576K
}
Event: 39,496 GC heap before
{Heap before GC invocations=20 (full 3):
 PSYoungGen      total 296448K, used 280022K [0x00000000eab00000, 0x0000000100000000, 0x0000000100000000)
  eden space 247808K, 100% used [0x00000000eab00000,0x00000000f9d00000,0x00000000f9d00000)
  from space 48640K, 66% used [0x00000000fd080000,0x00000000feff5b30,0x0000000100000000)
  to   space 50688K, 0% used [0x00000000f9d00000,0x00000000f9d00000,0x00000000fce80000)
 ParOldGen       total 154112K, used 97447K [0x00000000c0000000, 0x00000000c9680000, 0x00000000eab00000)
  object space 154112K, 63% used [0x00000000c0000000,0x00000000c5f29d68,0x00000000c9680000)
 Metaspace       used 75341K, capacity 76914K, committed 77568K, reserved 1114112K
  class space    used 12214K, capacity 12710K, committed 12800K, reserved 1048576K
Event: 39,547 GC heap after
Heap after GC invocations=20 (full 3):
 PSYoungGen      total 298496K, used 50675K [0x00000000eab00000, 0x0000000100000000, 0x0000000100000000)
  eden space 247808K, 0% used [0x00000000eab00000,0x00000000eab00000,0x00000000f9d00000)
  from space 50688K, 99% used [0x00000000f9d00000,0x00000000fce7cf98,0x00000000fce80000)
  to   space 50688K, 0% used [0x00000000fce80000,0x00000000fce80000,0x0000000100000000)
 ParOldGen       total 154112K, used 99743K [0x00000000c0000000, 0x00000000c9680000, 0x00000000eab00000)
  object space 154112K, 64% used [0x00000000c0000000,0x00000000c6167db8,0x00000000c9680000)
 Metaspace       used 75341K, capacity 76914K, committed 77568K, reserved 1114112K
  class space    used 12214K, capacity 12710K, committed 12800K, reserved 1048576K
}
Event: 40,248 GC heap before
{Heap before GC invocations=21 (full 3):
 PSYoungGen      total 298496K, used 298483K [0x00000000eab00000, 0x0000000100000000, 0x0000000100000000)
  eden space 247808K, 100% used [0x00000000eab00000,0x00000000f9d00000,0x00000000f9d00000)
  from space 50688K, 99% used [0x00000000f9d00000,0x00000000fce7cf98,0x00000000fce80000)
  to   space 50688K, 0% used [0x00000000fce80000,0x00000000fce80000,0x0000000100000000)
 ParOldGen       total 154112K, used 99743K [0x00000000c0000000, 0x00000000c9680000, 0x00000000eab00000)
  object space 154112K, 64% used [0x00000000c0000000,0x00000000c6167db8,0x00000000c9680000)
 Metaspace       used 75341K, capacity 76914K, committed 77568K, reserved 1114112K
  class space    used 12214K, capacity 12710K, committed 12800K, reserved 1048576K
Event: 40,316 GC heap after
Heap after GC invocations=21 (full 3):
 PSYoungGen      total 283136K, used 31642K [0x00000000eab00000, 0x0000000100000000, 0x0000000100000000)
  eden space 232448K, 0% used [0x00000000eab00000,0x00000000eab00000,0x00000000f8e00000)
  from space 50688K, 62% used [0x00000000fce80000,0x00000000fed66948,0x0000000100000000)
  to   space 58368K, 0% used [0x00000000f8e00000,0x00000000f8e00000,0x00000000fc700000)
 ParOldGen       total 154112K, used 118907K [0x00000000c0000000, 0x00000000c9680000, 0x00000000eab00000)
  object space 154112K, 77% used [0x00000000c0000000,0x00000000c741eec8,0x00000000c9680000)
 Metaspace       used 75341K, capacity 76914K, committed 77568K, reserved 1114112K
  class space    used 12214K, capacity 12710K, committed 12800K, reserved 1048576K
}
Event: 41,005 GC heap before
{Heap before GC invocations=22 (full 3):
 PSYoungGen      total 283136K, used 264090K [0x00000000eab00000, 0x0000000100000000, 0x0000000100000000)
  eden space 232448K, 100% used [0x00000000eab00000,0x00000000f8e00000,0x00000000f8e00000)
  from space 50688K, 62% used [0x00000000fce80000,0x00000000fed66948,0x0000000100000000)
  to   space 58368K, 0% used [0x00000000f8e00000,0x00000000f8e00000,0x00000000fc700000)
 ParOldGen       total 154112K, used 118907K [0x00000000c0000000, 0x00000000c9680000, 0x00000000eab00000)
  object space 154112K, 77% used [0x00000000c0000000,0x00000000c741eec8,0x00000000c9680000)
 Metaspace       used 75344K, capacity 76914K, committed 77568K, reserved 1114112K
  class space    used 12214K, capacity 12710K, committed 12800K, reserved 1048576K
Event: 41,038 GC heap after
Heap after GC invocations=22 (full 3):
 PSYoungGen      total 232960K, used 96K [0x00000000eab00000, 0x0000000100000000, 0x0000000100000000)
  eden space 232448K, 0% used [0x00000000eab00000,0x00000000eab00000,0x00000000f8e00000)
  from space 512K, 18% used [0x00000000f8e00000,0x00000000f8e18000,0x00000000f8e80000)
  to   space 59392K, 0% used [0x00000000fc600000,0x00000000fc600000,0x0000000100000000)
 ParOldGen       total 154112K, used 150530K [0x00000000c0000000, 0x00000000c9680000, 0x00000000eab00000)
  object space 154112K, 97% used [0x00000000c0000000,0x00000000c9300b10,0x00000000c9680000)
 Metaspace       used 75344K, capacity 76914K, committed 77568K, reserved 1114112K
  class space    used 12214K, capacity 12710K, committed 12800K, reserved 1048576K
}
Event: 41,038 GC heap before
{Heap before GC invocations=23 (full 4):
 PSYoungGen      total 232960K, used 96K [0x00000000eab00000, 0x0000000100000000, 0x0000000100000000)
  eden space 232448K, 0% used [0x00000000eab00000,0x00000000eab00000,0x00000000f8e00000)
  from space 512K, 18% used [0x00000000f8e00000,0x00000000f8e18000,0x00000000f8e80000)
  to   space 59392K, 0% used [0x00000000fc600000,0x00000000fc600000,0x0000000100000000)
 ParOldGen       total 154112K, used 150530K [0x00000000c0000000, 0x00000000c9680000, 0x00000000eab00000)
  object space 154112K, 97% used [0x00000000c0000000,0x00000000c9300b10,0x00000000c9680000)
 Metaspace       used 75344K, capacity 76914K, committed 77568K, reserved 1114112K
  class space    used 12214K, capacity 12710K, committed 12800K, reserved 1048576K
Event: 42,070 GC heap after
Heap after GC invocations=23 (full 4):
 PSYoungGen      total 232960K, used 0K [0x00000000eab00000, 0x0000000100000000, 0x0000000100000000)
  eden space 232448K, 0% used [0x00000000eab00000,0x00000000eab00000,0x00000000f8e00000)
  from space 512K, 0% used [0x00000000f8e00000,0x00000000f8e00000,0x00000000f8e80000)
  to   space 59392K, 0% used [0x00000000fc600000,0x00000000fc600000,0x0000000100000000)
 ParOldGen       total 297472K, used 136678K [0x00000000c0000000, 0x00000000d2280000, 0x00000000eab00000)
  object space 297472K, 45% used [0x00000000c0000000,0x00000000c85799d0,0x00000000d2280000)
 Metaspace       used 75344K, capacity 76914K, committed 77568K, reserved 1114112K
  class space    used 12214K, capacity 12710K, committed 12800K, reserved 1048576K
}
Event: 43,836 GC heap before
{Heap before GC invocations=24 (full 4):
 PSYoungGen      total 232960K, used 232448K [0x00000000eab00000, 0x0000000100000000, 0x0000000100000000)
  eden space 232448K, 100% used [0x00000000eab00000,0x00000000f8e00000,0x00000000f8e00000)
  from space 512K, 0% used [0x00000000f8e00000,0x00000000f8e00000,0x00000000f8e80000)
  to   space 59392K, 0% used [0x00000000fc600000,0x00000000fc600000,0x0000000100000000)
 ParOldGen       total 297472K, used 136678K [0x00000000c0000000, 0x00000000d2280000, 0x00000000eab00000)
  object space 297472K, 45% used [0x00000000c0000000,0x00000000c85799d0,0x00000000d2280000)
 Metaspace       used 75386K, capacity 76920K, committed 77568K, reserved 1114112K
  class space    used 12215K, capacity 12711K, committed 12800K, reserved 1048576K
Event: 43,856 GC heap after
Heap after GC invocations=24 (full 4):
 PSYoungGen      total 293376K, used 22242K [0x00000000eab00000, 0x0000000100000000, 0x0000000100000000)
  eden space 233984K, 0% used [0x00000000eab00000,0x00000000eab00000,0x00000000f8f80000)
  from space 59392K, 37% used [0x00000000fc600000,0x00000000fdbb8bb8,0x0000000100000000)
  to   space 55808K, 0% used [0x00000000f8f80000,0x00000000f8f80000,0x00000000fc600000)
 ParOldGen       total 297472K, used 136686K [0x00000000c0000000, 0x00000000d2280000, 0x00000000eab00000)
  object space 297472K, 45% used [0x00000000c0000000,0x00000000c857b9d0,0x00000000d2280000)
 Metaspace       used 75386K, capacity 76920K, committed 77568K, reserved 1114112K
  class space    used 12215K, capacity 12711K, committed 12800K, reserved 1048576K
}
Event: 46,959 GC heap before
{Heap before GC invocations=25 (full 4):
 PSYoungGen      total 293376K, used 256226K [0x00000000eab00000, 0x0000000100000000, 0x0000000100000000)
  eden space 233984K, 100% used [0x00000000eab00000,0x00000000f8f80000,0x00000000f8f80000)
  from space 59392K, 37% used [0x00000000fc600000,0x00000000fdbb8bb8,0x0000000100000000)
  to   space 55808K, 0% used [0x00000000f8f80000,0x00000000f8f80000,0x00000000fc600000)
 ParOldGen       total 297472K, used 136686K [0x00000000c0000000, 0x00000000d2280000, 0x00000000eab00000)
  object space 297472K, 45% used [0x00000000c0000000,0x00000000c857b9d0,0x00000000d2280000)
 Metaspace       used 75685K, capacity 77186K, committed 77824K, reserved 1114112K
  class space    used 12236K, capacity 12712K, committed 12800K, reserved 1048576K
Event: 46,993 GC heap after
Heap after GC invocations=25 (full 4):
 PSYoungGen      total 242176K, used 7750K [0x00000000eab00000, 0x00000000ffb80000, 0x0000000100000000)
  eden space 233984K, 0% used [0x00000000eab00000,0x00000000eab00000,0x00000000f8f80000)
  from space 8192K, 94% used [0x00000000f8f80000,0x00000000f9711a28,0x00000000f9780000)
  to   space 55296K, 0% used [0x00000000fc580000,0x00000000fc580000,0x00000000ffb80000)
 ParOldGen       total 297472K, used 158661K [0x00000000c0000000, 0x00000000d2280000, 0x00000000eab00000)
  object space 297472K, 53% used [0x00000000c0000000,0x00000000c9af14d0,0x00000000d2280000)
 Metaspace       used 75685K, capacity 77186K, committed 77824K, reserved 1114112K
  class space    used 12236K, capacity 12712K, committed 12800K, reserved 1048576K
}
Event: 141,277 GC heap before
{Heap before GC invocations=26 (full 4):
 PSYoungGen      total 242176K, used 241734K [0x00000000eab00000, 0x00000000ffb80000, 0x0000000100000000)
  eden space 233984K, 100% used [0x00000000eab00000,0x00000000f8f80000,0x00000000f8f80000)
  from space 8192K, 94% used [0x00000000f8f80000,0x00000000f9711a28,0x00000000f9780000)
  to   space 55296K, 0% used [0x00000000fc580000,0x00000000fc580000,0x00000000ffb80000)
 ParOldGen       total 297472K, used 158661K [0x00000000c0000000, 0x00000000d2280000, 0x00000000eab00000)
  object space 297472K, 53% used [0x00000000c0000000,0x00000000c9af14d0,0x00000000d2280000)
 Metaspace       used 98074K, capacity 99926K, committed 100352K, reserved 1132544K
  class space    used 16522K, capacity 17055K, committed 17152K, reserved 1048576K
Event: 141,337 GC heap after
Heap after GC invocations=26 (full 4):
 PSYoungGen      total 285696K, used 40411K [0x00000000eab00000, 0x0000000100000000, 0x0000000100000000)
  eden space 230400K, 0% used [0x00000000eab00000,0x00000000eab00000,0x00000000f8c00000)
  from space 55296K, 73% used [0x00000000fc580000,0x00000000fecf6cc0,0x00000000ffb80000)
  to   space 58880K, 0% used [0x00000000f8c00000,0x00000000f8c00000,0x00000000fc580000)
 ParOldGen       total 297472K, used 158669K [0x00000000c0000000, 0x00000000d2280000, 0x00000000eab00000)
  object space 297472K, 53% used [0x00000000c0000000,0x00000000c9af34d0,0x00000000d2280000)
 Metaspace       used 98074K, capacity 99926K, committed 100352K, reserved 1132544K
  class space    used 16522K, capacity 17055K, committed 17152K, reserved 1048576K
}
Event: 144,288 GC heap before
{Heap before GC invocations=27 (full 4):
 PSYoungGen      total 285696K, used 270811K [0x00000000eab00000, 0x0000000100000000, 0x0000000100000000)
  eden space 230400K, 100% used [0x00000000eab00000,0x00000000f8c00000,0x00000000f8c00000)
  from space 55296K, 73% used [0x00000000fc580000,0x00000000fecf6cc0,0x00000000ffb80000)
  to   space 58880K, 0% used [0x00000000f8c00000,0x00000000f8c00000,0x00000000fc580000)
 ParOldGen       total 297472K, used 158669K [0x00000000c0000000, 0x00000000d2280000, 0x00000000eab00000)
  object space 297472K, 53% used [0x00000000c0000000,0x00000000c9af34d0,0x00000000d2280000)
 Metaspace       used 102440K, capacity 104514K, committed 104704K, reserved 1136640K
  class space    used 17503K, capacity 18064K, committed 18176K, reserved 1048576K
Event: 144,388 GC heap after
Heap after GC invocations=27 (full 4):
 PSYoungGen      total 276480K, used 45958K [0x00000000eab00000, 0x0000000100000000, 0x0000000100000000)
  eden space 230400K, 0% used [0x00000000eab00000,0x00000000eab00000,0x00000000f8c00000)
  from space 46080K, 99% used [0x00000000f8c00000,0x00000000fb8e1918,0x00000000fb900000)
  to   space 64000K, 0% used [0x00000000fc180000,0x00000000fc180000,0x0000000100000000)
 ParOldGen       total 297472K, used 158677K [0x00000000c0000000, 0x00000000d2280000, 0x00000000eab00000)
  object space 297472K, 53% used [0x00000000c0000000,0x00000000c9af54d0,0x00000000d2280000)
 Metaspace       used 102440K, capacity 104514K, committed 104704K, reserved 1136640K
  class space    used 17503K, capacity 18064K, committed 18176K, reserved 1048576K
}
Event: 146,389 GC heap before
{Heap before GC invocations=28 (full 4):
 PSYoungGen      total 276480K, used 276358K [0x00000000eab00000, 0x0000000100000000, 0x0000000100000000)
  eden space 230400K, 100% used [0x00000000eab00000,0x00000000f8c00000,0x00000000f8c00000)
  from space 46080K, 99% used [0x00000000f8c00000,0x00000000fb8e1918,0x00000000fb900000)
  to   space 64000K, 0% used [0x00000000fc180000,0x00000000fc180000,0x0000000100000000)
 ParOldGen       total 297472K, used 158677K [0x00000000c0000000, 0x00000000d2280000, 0x00000000eab00000)
  object space 297472K, 53% used [0x00000000c0000000,0x00000000c9af54d0,0x00000000d2280000)
 Metaspace       used 106451K, capacity 108580K, committed 108928K, reserved 1138688K
  class space    used 18447K, capacity 19030K, committed 19072K, reserved 1048576K
Event: 146,466 GC heap after
Heap after GC invocations=28 (full 4):
 PSYoungGen      total 272896K, used 52895K [0x00000000eab00000, 0x0000000100000000, 0x0000000100000000)
  eden space 208896K, 0% used [0x00000000eab00000,0x00000000eab00000,0x00000000f7700000)
  from space 64000K, 82% used [0x00000000fc180000,0x00000000ff527de0,0x0000000100000000)
  to   space 70144K, 0% used [0x00000000f7700000,0x00000000f7700000,0x00000000fbb80000)
 ParOldGen       total 297472K, used 158685K [0x00000000c0000000, 0x00000000d2280000, 0x00000000eab00000)
  object space 297472K, 53% used [0x00000000c0000000,0x00000000c9af74d0,0x00000000d2280000)
 Metaspace       used 106451K, capacity 108580K, committed 108928K, reserved 1138688K
  class space    used 18447K, capacity 19030K, committed 19072K, reserved 1048576K
}
Event: 148,339 GC heap before
{Heap before GC invocations=29 (full 4):
 PSYoungGen      total 272896K, used 261791K [0x00000000eab00000, 0x0000000100000000, 0x0000000100000000)
  eden space 208896K, 100% used [0x00000000eab00000,0x00000000f7700000,0x00000000f7700000)
  from space 64000K, 82% used [0x00000000fc180000,0x00000000ff527de0,0x0000000100000000)
  to   space 70144K, 0% used [0x00000000f7700000,0x00000000f7700000,0x00000000fbb80000)
 ParOldGen       total 297472K, used 158685K [0x00000000c0000000, 0x00000000d2280000, 0x00000000eab00000)
  object space 297472K, 53% used [0x00000000c0000000,0x00000000c9af74d0,0x00000000d2280000)
 Metaspace       used 107811K, capacity 109914K, committed 110080K, reserved 1140736K
  class space    used 18641K, capacity 19195K, committed 19200K, reserved 1048576K
Event: 148,434 GC heap after
Heap after GC invocations=29 (full 4):
 PSYoungGen      total 272384K, used 63451K [0x00000000eab00000, 0x0000000100000000, 0x0000000100000000)
  eden space 208896K, 0% used [0x00000000eab00000,0x00000000eab00000,0x00000000f7700000)
  from space 63488K, 99% used [0x00000000f7700000,0x00000000fb4f6eb0,0x00000000fb500000)
  to   space 76800K, 0% used [0x00000000fb500000,0x00000000fb500000,0x0000000100000000)
 ParOldGen       total 297472K, used 158685K [0x00000000c0000000, 0x00000000d2280000, 0x00000000eab00000)
  object space 297472K, 53% used [0x00000000c0000000,0x00000000c9af74d0,0x00000000d2280000)
 Metaspace       used 107811K, capacity 109914K, committed 110080K, reserved 1140736K
  class space    used 18641K, capacity 19195K, committed 19200K, reserved 1048576K
}
Event: 151,271 GC heap before
{Heap before GC invocations=30 (full 4):
 PSYoungGen      total 272384K, used 272347K [0x00000000eab00000, 0x0000000100000000, 0x0000000100000000)
  eden space 208896K, 100% used [0x00000000eab00000,0x00000000f7700000,0x00000000f7700000)
  from space 63488K, 99% used [0x00000000f7700000,0x00000000fb4f6eb0,0x00000000fb500000)
  to   space 76800K, 0% used [0x00000000fb500000,0x00000000fb500000,0x0000000100000000)
 ParOldGen       total 297472K, used 158685K [0x00000000c0000000, 0x00000000d2280000, 0x00000000eab00000)
  object space 297472K, 53% used [0x00000000c0000000,0x00000000c9af74d0,0x00000000d2280000)
 Metaspace       used 108266K, capacity 110378K, committed 110592K, reserved 1140736K
  class space    used 18649K, capacity 19199K, committed 19200K, reserved 1048576K
Event: 151,434 GC heap after
Heap after GC invocations=30 (full 4):
 PSYoungGen      total 237568K, used 76770K [0x00000000eab00000, 0x0000000100000000, 0x0000000100000000)
  eden space 160768K, 0% used [0x00000000eab00000,0x00000000eab00000,0x00000000f4800000)
  from space 76800K, 99% used [0x00000000fb500000,0x00000000ffff8ac8,0x0000000100000000)
  to   space 94208K, 0% used [0x00000000f4800000,0x00000000f4800000,0x00000000fa400000)
 ParOldGen       total 297472K, used 167417K [0x00000000c0000000, 0x00000000d2280000, 0x00000000eab00000)
  object space 297472K, 56% used [0x00000000c0000000,0x00000000ca37e670,0x00000000d2280000)
 Metaspace       used 108266K, capacity 110378K, committed 110592K, reserved 1140736K
  class space    used 18649K, capacity 19199K, committed 19200K, reserved 1048576K
}
Event: 153,984 GC heap before
{Heap before GC invocations=31 (full 4):
 PSYoungGen      total 237568K, used 237538K [0x00000000eab00000, 0x0000000100000000, 0x0000000100000000)
  eden space 160768K, 100% used [0x00000000eab00000,0x00000000f4800000,0x00000000f4800000)
  from space 76800K, 99% used [0x00000000fb500000,0x00000000ffff8ac8,0x0000000100000000)
  to   space 94208K, 0% used [0x00000000f4800000,0x00000000f4800000,0x00000000fa400000)
 ParOldGen       total 297472K, used 167417K [0x00000000c0000000, 0x00000000d2280000, 0x00000000eab00000)
  object space 297472K, 56% used [0x00000000c0000000,0x00000000ca37e670,0x00000000d2280000)
 Metaspace       used 108386K, capacity 110446K, committed 110592K, reserved 1140736K
  class space    used 18652K, capacity 19199K, committed 19200K, reserved 1048576K
Event: 154,107 GC heap after
Heap after GC invocations=31 (full 4):
 PSYoungGen      total 218112K, used 56838K [0x00000000eab00000, 0x0000000100000000, 0x0000000100000000)
  eden space 160768K, 0% used [0x00000000eab00000,0x00000000eab00000,0x00000000f4800000)
  from space 57344K, 99% used [0x00000000f4800000,0x00000000f7f81a88,0x00000000f8000000)
  to   space 95744K, 0% used [0x00000000fa280000,0x00000000fa280000,0x0000000100000000)
 ParOldGen       total 297472K, used 189568K [0x00000000c0000000, 0x00000000d2280000, 0x00000000eab00000)
  object space 297472K, 63% used [0x00000000c0000000,0x00000000cb9203f0,0x00000000d2280000)
 Metaspace       used 108386K, capacity 110446K, committed 110592K, reserved 1140736K
  class space    used 18652K, capacity 19199K, committed 19200K, reserved 1048576K
}
Event: 154,878 GC heap before
{Heap before GC invocations=32 (full 4):
 PSYoungGen      total 218112K, used 217606K [0x00000000eab00000, 0x0000000100000000, 0x0000000100000000)
  eden space 160768K, 100% used [0x00000000eab00000,0x00000000f4800000,0x00000000f4800000)
  from space 57344K, 99% used [0x00000000f4800000,0x00000000f7f81a88,0x00000000f8000000)
  to   space 95744K, 0% used [0x00000000fa280000,0x00000000fa280000,0x0000000100000000)
 ParOldGen       total 297472K, used 189568K [0x00000000c0000000, 0x00000000d2280000, 0x00000000eab00000)
  object space 297472K, 63% used [0x00000000c0000000,0x00000000cb9203f0,0x00000000d2280000)
 Metaspace       used 108495K, capacity 110606K, committed 110976K, reserved 1140736K
  class space    used 18657K, capacity 19231K, committed 19328K, reserved 1048576K
Event: 154,951 GC heap after
Heap after GC invocations=32 (full 4):
 PSYoungGen      total 245248K, used 64836K [0x00000000eab00000, 0x0000000100000000, 0x0000000100000000)
  eden space 149504K, 0% used [0x00000000eab00000,0x00000000eab00000,0x00000000f3d00000)
  from space 95744K, 67% used [0x00000000fa280000,0x00000000fe1d12c8,0x0000000100000000)
  to   space 99840K, 0% used [0x00000000f3d00000,0x00000000f3d00000,0x00000000f9e80000)
 ParOldGen       total 297472K, used 204661K [0x00000000c0000000, 0x00000000d2280000, 0x00000000eab00000)
  object space 297472K, 68% used [0x00000000c0000000,0x00000000cc7dd638,0x00000000d2280000)
 Metaspace       used 108495K, capacity 110606K, committed 110976K, reserved 1140736K
  class space    used 18657K, capacity 19231K, committed 19328K, reserved 1048576K
}
Event: 155,367 GC heap before
{Heap before GC invocations=33 (full 4):
 PSYoungGen      total 245248K, used 214340K [0x00000000eab00000, 0x0000000100000000, 0x0000000100000000)
  eden space 149504K, 100% used [0x00000000eab00000,0x00000000f3d00000,0x00000000f3d00000)
  from space 95744K, 67% used [0x00000000fa280000,0x00000000fe1d12c8,0x0000000100000000)
  to   space 99840K, 0% used [0x00000000f3d00000,0x00000000f3d00000,0x00000000f9e80000)
 ParOldGen       total 297472K, used 204661K [0x00000000c0000000, 0x00000000d2280000, 0x00000000eab00000)
  object space 297472K, 68% used [0x00000000c0000000,0x00000000cc7dd638,0x00000000d2280000)
 Metaspace       used 108499K, capacity 110606K, committed 110976K, reserved 1140736K
  class space    used 18657K, capacity 19231K, committed 19328K, reserved 1048576K
Event: 155,428 GC heap after
Heap after GC invocations=33 (full 4):
 PSYoungGen      total 190976K, used 41350K [0x00000000eab00000, 0x00000000ff900000, 0x0000000100000000)
  eden space 149504K, 0% used [0x00000000eab00000,0x00000000eab00000,0x00000000f3d00000)
  from space 41472K, 99% used [0x00000000f3d00000,0x00000000f6561b78,0x00000000f6580000)
  to   space 94208K, 0% used [0x00000000f9d00000,0x00000000f9d00000,0x00000000ff900000)
 ParOldGen       total 297472K, used 228192K [0x00000000c0000000, 0x00000000d2280000, 0x00000000eab00000)
  object space 297472K, 76% used [0x00000000c0000000,0x00000000cded82c8,0x00000000d2280000)
 Metaspace       used 108499K, capacity 110606K, committed 110976K, reserved 1140736K
  class space    used 18657K, capacity 19231K, committed 19328K, reserved 1048576K
}
Event: 155,829 GC heap before
{Heap before GC invocations=34 (full 4):
 PSYoungGen      total 190976K, used 190854K [0x00000000eab00000, 0x00000000ff900000, 0x0000000100000000)
  eden space 149504K, 100% used [0x00000000eab00000,0x00000000f3d00000,0x00000000f3d00000)
  from space 41472K, 99% used [0x00000000f3d00000,0x00000000f6561b78,0x00000000f6580000)
  to   space 94208K, 0% used [0x00000000f9d00000,0x00000000f9d00000,0x00000000ff900000)
 ParOldGen       total 297472K, used 228192K [0x00000000c0000000, 0x00000000d2280000, 0x00000000eab00000)
  object space 297472K, 76% used [0x00000000c0000000,0x00000000cded82c8,0x00000000d2280000)
 Metaspace       used 108499K, capacity 110606K, committed 110976K, reserved 1140736K
  class space    used 18657K, capacity 19231K, committed 19328K, reserved 1048576K
Event: 155,872 GC heap after
Heap after GC invocations=34 (full 4):
 PSYoungGen      total 249856K, used 23398K [0x00000000eab00000, 0x0000000100000000, 0x0000000100000000)
  eden space 155648K, 0% used [0x00000000eab00000,0x00000000eab00000,0x00000000f4300000)
  from space 94208K, 24% used [0x00000000f9d00000,0x00000000fb3d9908,0x00000000ff900000)
  to   space 92160K, 0% used [0x00000000f4300000,0x00000000f4300000,0x00000000f9d00000)
 ParOldGen       total 297472K, used 246243K [0x00000000c0000000, 0x00000000d2280000, 0x00000000eab00000)
  object space 297472K, 82% used [0x00000000c0000000,0x00000000cf078d88,0x00000000d2280000)
 Metaspace       used 108499K, capacity 110606K, committed 110976K, reserved 1140736K
  class space    used 18657K, capacity 19231K, committed 19328K, reserved 1048576K
}
Event: 156,302 GC heap before
{Heap before GC invocations=35 (full 4):
 PSYoungGen      total 249856K, used 179046K [0x00000000eab00000, 0x0000000100000000, 0x0000000100000000)
  eden space 155648K, 100% used [0x00000000eab00000,0x00000000f4300000,0x00000000f4300000)
  from space 94208K, 24% used [0x00000000f9d00000,0x00000000fb3d9908,0x00000000ff900000)
  to   space 92160K, 0% used [0x00000000f4300000,0x00000000f4300000,0x00000000f9d00000)
 ParOldGen       total 297472K, used 246243K [0x00000000c0000000, 0x00000000d2280000, 0x00000000eab00000)
  object space 297472K, 82% used [0x00000000c0000000,0x00000000cf078d88,0x00000000d2280000)
 Metaspace       used 108499K, capacity 110606K, committed 110976K, reserved 1140736K
  class space    used 18657K, capacity 19231K, committed 19328K, reserved 1048576K
Event: 156,338 GC heap after
Heap after GC invocations=35 (full 4):
 PSYoungGen      total 247808K, used 96K [0x00000000eab00000, 0x0000000100000000, 0x0000000100000000)
  eden space 155648K, 0% used [0x00000000eab00000,0x00000000eab00000,0x00000000f4300000)
  from space 92160K, 0% used [0x00000000f4300000,0x00000000f4318000,0x00000000f9d00000)
  to   space 93696K, 0% used [0x00000000fa480000,0x00000000fa480000,0x0000000100000000)
 ParOldGen       total 297472K, used 280694K [0x00000000c0000000, 0x00000000d2280000, 0x00000000eab00000)
  object space 297472K, 94% used [0x00000000c0000000,0x00000000d121d890,0x00000000d2280000)
 Metaspace       used 108499K, capacity 110606K, committed 110976K, reserved 1140736K
  class space    used 18657K, capacity 19231K, committed 19328K, reserved 1048576K
}
Event: 156,338 GC heap before
{Heap before GC invocations=36 (full 5):
 PSYoungGen      total 247808K, used 96K [0x00000000eab00000, 0x0000000100000000, 0x0000000100000000)
  eden space 155648K, 0% used [0x00000000eab00000,0x00000000eab00000,0x00000000f4300000)
  from space 92160K, 0% used [0x00000000f4300000,0x00000000f4318000,0x00000000f9d00000)
  to   space 93696K, 0% used [0x00000000fa480000,0x00000000fa480000,0x0000000100000000)
 ParOldGen       total 297472K, used 280694K [0x00000000c0000000, 0x00000000d2280000, 0x00000000eab00000)
  object space 297472K, 94% used [0x00000000c0000000,0x00000000d121d890,0x00000000d2280000)
 Metaspace       used 108499K, capacity 110606K, committed 110976K, reserved 1140736K
  class space    used 18657K, capacity 19231K, committed 19328K, reserved 1048576K
Event: 157,178 GC heap after
Heap after GC invocations=36 (full 5):
 PSYoungGen      total 247808K, used 0K [0x00000000eab00000, 0x0000000100000000, 0x0000000100000000)
  eden space 155648K, 0% used [0x00000000eab00000,0x00000000eab00000,0x00000000f4300000)
  from space 92160K, 0% used [0x00000000f4300000,0x00000000f4300000,0x00000000f9d00000)
  to   space 93696K, 0% used [0x00000000fa480000,0x00000000fa480000,0x0000000100000000)
 ParOldGen       total 385536K, used 197994K [0x00000000c0000000, 0x00000000d7880000, 0x00000000eab00000)
  object space 385536K, 51% used [0x00000000c0000000,0x00000000cc15aa08,0x00000000d7880000)
 Metaspace       used 108499K, capacity 110606K, committed 110976K, reserved 1140736K
  class space    used 18657K, capacity 19231K, committed 19328K, reserved 1048576K
}
Event: 157,590 GC heap before
{Heap before GC invocations=37 (full 5):
 PSYoungGen      total 247808K, used 155648K [0x00000000eab00000, 0x0000000100000000, 0x0000000100000000)
  eden space 155648K, 100% used [0x00000000eab00000,0x00000000f4300000,0x00000000f4300000)
  from space 92160K, 0% used [0x00000000f4300000,0x00000000f4300000,0x00000000f9d00000)
  to   space 93696K, 0% used [0x00000000fa480000,0x00000000fa480000,0x0000000100000000)
 ParOldGen       total 385536K, used 197994K [0x00000000c0000000, 0x00000000d7880000, 0x00000000eab00000)
  object space 385536K, 51% used [0x00000000c0000000,0x00000000cc15aa08,0x00000000d7880000)
 Metaspace       used 108504K, capacity 110638K, committed 110976K, reserved 1140736K
  class space    used 18658K, capacity 19263K, committed 19328K, reserved 1048576K
Event: 157,595 GC heap after
Heap after GC invocations=37 (full 5):
 PSYoungGen      total 255488K, used 160K [0x00000000eab00000, 0x0000000100000000, 0x0000000100000000)
  eden space 161792K, 0% used [0x00000000eab00000,0x00000000eab00000,0x00000000f4900000)
  from space 93696K, 0% used [0x00000000fa480000,0x00000000fa4a8000,0x0000000100000000)
  to   space 93696K, 0% used [0x00000000f4900000,0x00000000f4900000,0x00000000fa480000)
 ParOldGen       total 385536K, used 197994K [0x00000000c0000000, 0x00000000d7880000, 0x00000000eab00000)
  object space 385536K, 51% used [0x00000000c0000000,0x00000000cc15aa08,0x00000000d7880000)
 Metaspace       used 108504K, capacity 110638K, committed 110976K, reserved 1140736K
  class space    used 18658K, capacity 19263K, committed 19328K, reserved 1048576K
}
Event: 158,065 GC heap before
{Heap before GC invocations=38 (full 5):
 PSYoungGen      total 255488K, used 154212K [0x00000000eab00000, 0x0000000100000000, 0x0000000100000000)
  eden space 161792K, 95% used [0x00000000eab00000,0x00000000f41712f8,0x00000000f4900000)
  from space 93696K, 0% used [0x00000000fa480000,0x00000000fa4a8000,0x0000000100000000)
  to   space 93696K, 0% used [0x00000000f4900000,0x00000000f4900000,0x00000000fa480000)
 ParOldGen       total 385536K, used 197994K [0x00000000c0000000, 0x00000000d7880000, 0x00000000eab00000)
  object space 385536K, 51% used [0x00000000c0000000,0x00000000cc15aa08,0x00000000d7880000)
 Metaspace       used 108504K, capacity 110638K, committed 110976K, reserved 1140736K
  class space    used 18658K, capacity 19263K, committed 19328K, reserved 1048576K
Event: 158,075 GC heap after
Heap after GC invocations=38 (full 5):
 PSYoungGen      total 190464K, used 28544K [0x00000000eab00000, 0x00000000ff500000, 0x0000000100000000)
  eden space 161792K, 0% used [0x00000000eab00000,0x00000000eab00000,0x00000000f4900000)
  from space 28672K, 99% used [0x00000000f4900000,0x00000000f64e0380,0x00000000f6500000)
  to   space 88064K, 0% used [0x00000000f9f00000,0x00000000f9f00000,0x00000000ff500000)
 ParOldGen       total 385536K, used 198018K [0x00000000c0000000, 0x00000000d7880000, 0x00000000eab00000)
  object space 385536K, 51% used [0x00000000c0000000,0x00000000cc160a08,0x00000000d7880000)
 Metaspace       used 108504K, capacity 110638K, committed 110976K, reserved 1140736K
  class space    used 18658K, capacity 19263K, committed 19328K, reserved 1048576K
}
Event: 158,519 GC heap before
{Heap before GC invocations=39 (full 5):
 PSYoungGen      total 190464K, used 190336K [0x00000000eab00000, 0x00000000ff500000, 0x0000000100000000)
  eden space 161792K, 100% used [0x00000000eab00000,0x00000000f4900000,0x00000000f4900000)
  from space 28672K, 99% used [0x00000000f4900000,0x00000000f64e0380,0x00000000f6500000)
  to   space 88064K, 0% used [0x00000000f9f00000,0x00000000f9f00000,0x00000000ff500000)
 ParOldGen       total 385536K, used 198018K [0x00000000c0000000, 0x00000000d7880000, 0x00000000eab00000)
  object space 385536K, 51% used [0x00000000c0000000,0x00000000cc160a08,0x00000000d7880000)
 Metaspace       used 108504K, capacity 110638K, committed 110976K, reserved 1140736K
  class space    used 18658K, capacity 19263K, committed 19328K, reserved 1048576K
Event: 158,530 GC heap after
Heap after GC invocations=39 (full 5):
 PSYoungGen      total 251904K, used 11189K [0x00000000eab00000, 0x0000000100000000, 0x0000000100000000)
  eden space 163840K, 0% used [0x00000000eab00000,0x00000000eab00000,0x00000000f4b00000)
  from space 88064K, 12% used [0x00000000f9f00000,0x00000000fa9ed520,0x00000000ff500000)
  to   space 86016K, 0% used [0x00000000f4b00000,0x00000000f4b00000,0x00000000f9f00000)
 ParOldGen       total 385536K, used 226535K [0x00000000c0000000, 0x00000000d7880000, 0x00000000eab00000)
  object space 385536K, 58% used [0x00000000c0000000,0x00000000cdd39eb0,0x00000000d7880000)
 Metaspace       used 108504K, capacity 110638K, committed 110976K, reserved 1140736K
  class space    used 18658K, capacity 19263K, committed 19328K, reserved 1048576K
}
Event: 159,244 GC heap before
{Heap before GC invocations=40 (full 5):
 PSYoungGen      total 251904K, used 175029K [0x00000000eab00000, 0x0000000100000000, 0x0000000100000000)
  eden space 163840K, 100% used [0x00000000eab00000,0x00000000f4b00000,0x00000000f4b00000)
  from space 88064K, 12% used [0x00000000f9f00000,0x00000000fa9ed520,0x00000000ff500000)
  to   space 86016K, 0% used [0x00000000f4b00000,0x00000000f4b00000,0x00000000f9f00000)
 ParOldGen       total 385536K, used 226535K [0x00000000c0000000, 0x00000000d7880000, 0x00000000eab00000)
  object space 385536K, 58% used [0x00000000c0000000,0x00000000cdd39eb0,0x00000000d7880000)
 Metaspace       used 108504K, capacity 110638K, committed 110976K, reserved 1140736K
  class space    used 18658K, capacity 19263K, committed 19328K, reserved 1048576K
Event: 159,250 GC heap after
Heap after GC invocations=40 (full 5):
 PSYoungGen      total 249856K, used 32K [0x00000000eab00000, 0x00000000ffd00000, 0x0000000100000000)
  eden space 163840K, 0% used [0x00000000eab00000,0x00000000eab00000,0x00000000f4b00000)
  from space 86016K, 0% used [0x00000000f4b00000,0x00000000f4b08000,0x00000000f9f00000)
  to   space 85504K, 0% used [0x00000000fa980000,0x00000000fa980000,0x00000000ffd00000)
 ParOldGen       total 385536K, used 237668K [0x00000000c0000000, 0x00000000d7880000, 0x00000000eab00000)
  object space 385536K, 61% used [0x00000000c0000000,0x00000000ce8193d0,0x00000000d7880000)
 Metaspace       used 108504K, capacity 110638K, committed 110976K, reserved 1140736K
  class space    used 18658K, capacity 19263K, committed 19328K, reserved 1048576K
}
Event: 159,818 GC heap before
{Heap before GC invocations=41 (full 5):
 PSYoungGen      total 249856K, used 163872K [0x00000000eab00000, 0x00000000ffd00000, 0x0000000100000000)
  eden space 163840K, 100% used [0x00000000eab00000,0x00000000f4b00000,0x00000000f4b00000)
  from space 86016K, 0% used [0x00000000f4b00000,0x00000000f4b08000,0x00000000f9f00000)
  to   space 85504K, 0% used [0x00000000fa980000,0x00000000fa980000,0x00000000ffd00000)
 ParOldGen       total 385536K, used 237668K [0x00000000c0000000, 0x00000000d7880000, 0x00000000eab00000)
  object space 385536K, 61% used [0x00000000c0000000,0x00000000ce8193d0,0x00000000d7880000)
 Metaspace       used 108504K, capacity 110638K, committed 110976K, reserved 1140736K
  class space    used 18658K, capacity 19263K, committed 19328K, reserved 1048576K
Event: 159,822 GC heap after
Heap after GC invocations=41 (full 5):
 PSYoungGen      total 261632K, used 96K [0x00000000eab00000, 0x00000000ffd80000, 0x0000000100000000)
  eden space 176128K, 0% used [0x00000000eab00000,0x00000000eab00000,0x00000000f5700000)
  from space 85504K, 0% used [0x00000000fa980000,0x00000000fa998000,0x00000000ffd00000)
  to   space 84480K, 0% used [0x00000000f5700000,0x00000000f5700000,0x00000000fa980000)
 ParOldGen       total 385536K, used 237668K [0x00000000c0000000, 0x00000000d7880000, 0x00000000eab00000)
  object space 385536K, 61% used [0x00000000c0000000,0x00000000ce8193d0,0x00000000d7880000)
 Metaspace       used 108504K, capacity 110638K, committed 110976K, reserved 1140736K
  class space    used 18658K, capacity 19263K, committed 19328K, reserved 1048576K
}
Event: 160,303 GC heap before
{Heap before GC invocations=42 (full 5):
 PSYoungGen      total 261632K, used 176224K [0x00000000eab00000, 0x00000000ffd80000, 0x0000000100000000)
  eden space 176128K, 100% used [0x00000000eab00000,0x00000000f5700000,0x00000000f5700000)
  from space 85504K, 0% used [0x00000000fa980000,0x00000000fa998000,0x00000000ffd00000)
  to   space 84480K, 0% used [0x00000000f5700000,0x00000000f5700000,0x00000000fa980000)
 ParOldGen       total 385536K, used 237668K [0x00000000c0000000, 0x00000000d7880000, 0x00000000eab00000)
  object space 385536K, 61% used [0x00000000c0000000,0x00000000ce8193d0,0x00000000d7880000)
 Metaspace       used 108504K, capacity 110638K, committed 110976K, reserved 1140736K
  class space    used 18658K, capacity 19263K, committed 19328K, reserved 1048576K
Event: 160,309 GC heap after
Heap after GC invocations=42 (full 5):
 PSYoungGen      total 260608K, used 32K [0x00000000eab00000, 0x00000000ffb00000, 0x0000000100000000)
  eden space 176128K, 0% used [0x00000000eab00000,0x00000000eab00000,0x00000000f5700000)
  from space 84480K, 0% used [0x00000000f5700000,0x00000000f5708000,0x00000000fa980000)
  to   space 82432K, 0% used [0x00000000faa80000,0x00000000faa80000,0x00000000ffb00000)
 ParOldGen       total 385536K, used 237668K [0x00000000c0000000, 0x00000000d7880000, 0x00000000eab00000)
  object space 385536K, 61% used [0x00000000c0000000,0x00000000ce8193d0,0x00000000d7880000)
 Metaspace       used 108504K, capacity 110638K, committed 110976K, reserved 1140736K
  class space    used 18658K, capacity 19263K, committed 19328K, reserved 1048576K
}
Event: 161,104 GC heap before
{Heap before GC invocations=43 (full 5):
 PSYoungGen      total 260608K, used 176160K [0x00000000eab00000, 0x00000000ffb00000, 0x0000000100000000)
  eden space 176128K, 100% used [0x00000000eab00000,0x00000000f5700000,0x00000000f5700000)
  from space 84480K, 0% used [0x00000000f5700000,0x00000000f5708000,0x00000000fa980000)
  to   space 82432K, 0% used [0x00000000faa80000,0x00000000faa80000,0x00000000ffb00000)
 ParOldGen       total 385536K, used 237668K [0x00000000c0000000, 0x00000000d7880000, 0x00000000eab00000)
  object space 385536K, 61% used [0x00000000c0000000,0x00000000ce8193d0,0x00000000d7880000)
 Metaspace       used 108520K, capacity 110638K, committed 110976K, reserved 1140736K
  class space    used 18658K, capacity 19263K, committed 19328K, reserved 1048576K
Event: 161,117 GC heap after
Heap after GC invocations=43 (full 5):
 PSYoungGen      total 256512K, used 19369K [0x00000000eab00000, 0x00000000ff300000, 0x0000000100000000)
  eden space 182272K, 0% used [0x00000000eab00000,0x00000000eab00000,0x00000000f5d00000)
  from space 74240K, 26% used [0x00000000faa80000,0x00000000fbd6a5a8,0x00000000ff300000)
  to   space 76800K, 0% used [0x00000000f5d00000,0x00000000f5d00000,0x00000000fa800000)
 ParOldGen       total 385536K, used 237668K [0x00000000c0000000, 0x00000000d7880000, 0x00000000eab00000)
  object space 385536K, 61% used [0x00000000c0000000,0x00000000ce8193d0,0x00000000d7880000)
 Metaspace       used 108520K, capacity 110638K, committed 110976K, reserved 1140736K
  class space    used 18658K, capacity 19263K, committed 19328K, reserved 1048576K
}
Event: 163,437 GC heap before
{Heap before GC invocations=44 (full 5):
 PSYoungGen      total 256512K, used 201641K [0x00000000eab00000, 0x00000000ff300000, 0x0000000100000000)
  eden space 182272K, 100% used [0x00000000eab00000,0x00000000f5d00000,0x00000000f5d00000)
  from space 74240K, 26% used [0x00000000faa80000,0x00000000fbd6a5a8,0x00000000ff300000)
  to   space 76800K, 0% used [0x00000000f5d00000,0x00000000f5d00000,0x00000000fa800000)
 ParOldGen       total 385536K, used 237668K [0x00000000c0000000, 0x00000000d7880000, 0x00000000eab00000)
  object space 385536K, 61% used [0x00000000c0000000,0x00000000ce8193d0,0x00000000d7880000)
 Metaspace       used 108544K, capacity 110702K, committed 110976K, reserved 1140736K
  class space    used 18659K, capacity 19263K, committed 19328K, reserved 1048576K
Event: 163,457 GC heap after
Heap after GC invocations=44 (full 5):
 PSYoungGen      total 259072K, used 20617K [0x00000000eab00000, 0x00000000ff780000, 0x0000000100000000)
  eden space 182272K, 0% used [0x00000000eab00000,0x00000000eab00000,0x00000000f5d00000)
  from space 76800K, 26% used [0x00000000f5d00000,0x00000000f71225a8,0x00000000fa800000)
  to   space 71168K, 0% used [0x00000000fb200000,0x00000000fb200000,0x00000000ff780000)
 ParOldGen       total 385536K, used 237668K [0x00000000c0000000, 0x00000000d7880000, 0x00000000eab00000)
  object space 385536K, 61% used [0x00000000c0000000,0x00000000ce8193d0,0x00000000d7880000)
 Metaspace       used 108544K, capacity 110702K, committed 110976K, reserved 1140736K
  class space    used 18659K, capacity 19263K, committed 19328K, reserved 1048576K
}
Event: 165,357 GC heap before
{Heap before GC invocations=45 (full 5):
 PSYoungGen      total 259072K, used 202889K [0x00000000eab00000, 0x00000000ff780000, 0x0000000100000000)
  eden space 182272K, 100% used [0x00000000eab00000,0x00000000f5d00000,0x00000000f5d00000)
  from space 76800K, 26% used [0x00000000f5d00000,0x00000000f71225a8,0x00000000fa800000)
  to   space 71168K, 0% used [0x00000000fb200000,0x00000000fb200000,0x00000000ff780000)
 ParOldGen       total 385536K, used 237668K [0x00000000c0000000, 0x00000000d7880000, 0x00000000eab00000)
  object space 385536K, 61% used [0x00000000c0000000,0x00000000ce8193d0,0x00000000d7880000)
 Metaspace       used 108555K, capacity 110706K, committed 110976K, reserved 1140736K
  class space    used 18659K, capacity 19263K, committed 19328K, reserved 1048576K
Event: 165,367 GC heap after
Heap after GC invocations=45 (full 5):
 PSYoungGen      total 265216K, used 29574K [0x00000000eab00000, 0x00000000ff400000, 0x0000000100000000)
  eden space 197632K, 0% used [0x00000000eab00000,0x00000000eab00000,0x00000000f6c00000)
  from space 67584K, 43% used [0x00000000fb200000,0x00000000fcee19a8,0x00000000ff400000)
  to   space 69632K, 0% used [0x00000000f6c00000,0x00000000f6c00000,0x00000000fb000000)
 ParOldGen       total 385536K, used 237668K [0x00000000c0000000, 0x00000000d7880000, 0x00000000eab00000)
  object space 385536K, 61% used [0x00000000c0000000,0x00000000ce8193d0,0x00000000d7880000)
 Metaspace       used 108555K, capacity 110706K, committed 110976K, reserved 1140736K
  class space    used 18659K, capacity 19263K, committed 19328K, reserved 1048576K
}
Event: 610,913 GC heap before
{Heap before GC invocations=46 (full 5):
 PSYoungGen      total 265216K, used 227206K [0x00000000eab00000, 0x00000000ff400000, 0x0000000100000000)
  eden space 197632K, 100% used [0x00000000eab00000,0x00000000f6c00000,0x00000000f6c00000)
  from space 67584K, 43% used [0x00000000fb200000,0x00000000fcee19a8,0x00000000ff400000)
  to   space 69632K, 0% used [0x00000000f6c00000,0x00000000f6c00000,0x00000000fb000000)
 ParOldGen       total 385536K, used 237668K [0x00000000c0000000, 0x00000000d7880000, 0x00000000eab00000)
  object space 385536K, 61% used [0x00000000c0000000,0x00000000ce8193d0,0x00000000d7880000)
 Metaspace       used 117291K, capacity 119408K, committed 119552K, reserved 1146880K
  class space    used 20579K, capacity 21182K, committed 21248K, reserved 1048576K
Event: 610,935 GC heap after
Heap after GC invocations=46 (full 5):
 PSYoungGen      total 267264K, used 41934K [0x00000000eab00000, 0x0000000100000000, 0x0000000100000000)
  eden space 197632K, 0% used [0x00000000eab00000,0x00000000eab00000,0x00000000f6c00000)
  from space 69632K, 60% used [0x00000000f6c00000,0x00000000f94f39f0,0x00000000fb000000)
  to   space 72192K, 0% used [0x00000000fb980000,0x00000000fb980000,0x0000000100000000)
 ParOldGen       total 385536K, used 237676K [0x00000000c0000000, 0x00000000d7880000, 0x00000000eab00000)
  object space 385536K, 61% used [0x00000000c0000000,0x00000000ce81b3d0,0x00000000d7880000)
 Metaspace       used 117291K, capacity 119408K, committed 119552K, reserved 1146880K
  class space    used 20579K, capacity 21182K, committed 21248K, reserved 1048576K
}
Event: 624,555 GC heap before
{Heap before GC invocations=47 (full 5):
 PSYoungGen      total 267264K, used 239566K [0x00000000eab00000, 0x0000000100000000, 0x0000000100000000)
  eden space 197632K, 100% used [0x00000000eab00000,0x00000000f6c00000,0x00000000f6c00000)
  from space 69632K, 60% used [0x00000000f6c00000,0x00000000f94f39f0,0x00000000fb000000)
  to   space 72192K, 0% used [0x00000000fb980000,0x00000000fb980000,0x0000000100000000)
 ParOldGen       total 385536K, used 237676K [0x00000000c0000000, 0x00000000d7880000, 0x00000000eab00000)
  object space 385536K, 61% used [0x00000000c0000000,0x00000000ce81b3d0,0x00000000d7880000)
 Metaspace       used 131994K, capacity 134338K, committed 134656K, reserved 1161216K
  class space    used 23057K, capacity 23714K, committed 23808K, reserved 1048576K
Event: 624,627 GC heap after
Heap after GC invocations=47 (full 5):
 PSYoungGen      total 256512K, used 64835K [0x00000000eab00000, 0x0000000100000000, 0x0000000100000000)
  eden space 184320K, 0% used [0x00000000eab00000,0x00000000eab00000,0x00000000f5f00000)
  from space 72192K, 89% used [0x00000000fb980000,0x00000000ff8d0c98,0x0000000100000000)
  to   space 82432K, 0% used [0x00000000f5f00000,0x00000000f5f00000,0x00000000faf80000)
 ParOldGen       total 385536K, used 237684K [0x00000000c0000000, 0x00000000d7880000, 0x00000000eab00000)
  object space 385536K, 61% used [0x00000000c0000000,0x00000000ce81d3d0,0x00000000d7880000)
 Metaspace       used 131994K, capacity 134338K, committed 134656K, reserved 1161216K
  class space    used 23057K, capacity 23714K, committed 23808K, reserved 1048576K
}
Event: 627,165 GC heap before
{Heap before GC invocations=48 (full 5):
 PSYoungGen      total 256512K, used 249155K [0x00000000eab00000, 0x0000000100000000, 0x0000000100000000)
  eden space 184320K, 100% used [0x00000000eab00000,0x00000000f5f00000,0x00000000f5f00000)
  from space 72192K, 89% used [0x00000000fb980000,0x00000000ff8d0c98,0x0000000100000000)
  to   space 82432K, 0% used [0x00000000f5f00000,0x00000000f5f00000,0x00000000faf80000)
 ParOldGen       total 385536K, used 237684K [0x00000000c0000000, 0x00000000d7880000, 0x00000000eab00000)
  object space 385536K, 61% used [0x00000000c0000000,0x00000000ce81d3d0,0x00000000d7880000)
 Metaspace       used 135838K, capacity 138230K, committed 138368K, reserved 1163264K
  class space    used 23983K, capacity 24647K, committed 24704K, reserved 1048576K
Event: 627,285 GC heap after
Heap after GC invocations=48 (full 5):
 PSYoungGen      total 255488K, used 70882K [0x00000000eab00000, 0x0000000100000000, 0x0000000100000000)
  eden space 184320K, 0% used [0x00000000eab00000,0x00000000eab00000,0x00000000f5f00000)
  from space 71168K, 99% used [0x00000000f5f00000,0x00000000fa438a50,0x00000000fa480000)
  to   space 92672K, 0% used [0x00000000fa580000,0x00000000fa580000,0x0000000100000000)
 ParOldGen       total 385536K, used 237809K [0x00000000c0000000, 0x00000000d7880000, 0x00000000eab00000)
  object space 385536K, 61% used [0x00000000c0000000,0x00000000ce83c7d0,0x00000000d7880000)
 Metaspace       used 135838K, capacity 138230K, committed 138368K, reserved 1163264K
  class space    used 23983K, capacity 24647K, committed 24704K, reserved 1048576K
}
Event: 628,232 GC heap before
{Heap before GC invocations=49 (full 5):
 PSYoungGen      total 255488K, used 255202K [0x00000000eab00000, 0x0000000100000000, 0x0000000100000000)
  eden space 184320K, 100% used [0x00000000eab00000,0x00000000f5f00000,0x00000000f5f00000)
  from space 71168K, 99% used [0x00000000f5f00000,0x00000000fa438a50,0x00000000fa480000)
  to   space 92672K, 0% used [0x00000000fa580000,0x00000000fa580000,0x0000000100000000)
 ParOldGen       total 385536K, used 237809K [0x00000000c0000000, 0x00000000d7880000, 0x00000000eab00000)
  object space 385536K, 61% used [0x00000000c0000000,0x00000000ce83c7d0,0x00000000d7880000)
 Metaspace       used 138858K, capacity 141276K, committed 141440K, reserved 1165312K
  class space    used 24722K, capacity 25384K, committed 25472K, reserved 1048576K
Event: 628,311 GC heap after
Heap after GC invocations=49 (full 5):
 PSYoungGen      total 238080K, used 74013K [0x00000000eab00000, 0x0000000100000000, 0x0000000100000000)
  eden space 145408K, 0% used [0x00000000eab00000,0x00000000eab00000,0x00000000f3900000)
  from space 92672K, 79% used [0x00000000fa580000,0x00000000fedc7768,0x0000000100000000)
  to   space 101888K, 0% used [0x00000000f3900000,0x00000000f3900000,0x00000000f9c80000)
 ParOldGen       total 385536K, used 237817K [0x00000000c0000000, 0x00000000d7880000, 0x00000000eab00000)
  object space 385536K, 61% used [0x00000000c0000000,0x00000000ce83e7d0,0x00000000d7880000)
 Metaspace       used 138858K, capacity 141276K, committed 141440K, reserved 1165312K
  class space    used 24722K, capacity 25384K, committed 25472K, reserved 1048576K
}
Event: 629,141 GC heap before
{Heap before GC invocations=50 (full 5):
 PSYoungGen      total 238080K, used 219421K [0x00000000eab00000, 0x0000000100000000, 0x0000000100000000)
  eden space 145408K, 100% used [0x00000000eab00000,0x00000000f3900000,0x00000000f3900000)
  from space 92672K, 79% used [0x00000000fa580000,0x00000000fedc7768,0x0000000100000000)
  to   space 101888K, 0% used [0x00000000f3900000,0x00000000f3900000,0x00000000f9c80000)
 ParOldGen       total 385536K, used 237817K [0x00000000c0000000, 0x00000000d7880000, 0x00000000eab00000)
  object space 385536K, 61% used [0x00000000c0000000,0x00000000ce83e7d0,0x00000000d7880000)
 Metaspace       used 139629K, capacity 142050K, committed 142336K, reserved 1165312K
  class space    used 24919K, capacity 25577K, committed 25600K, reserved 1048576K
Event: 629,211 GC heap after
Heap after GC invocations=50 (full 5):
 PSYoungGen      total 224768K, used 79063K [0x00000000eab00000, 0x0000000100000000, 0x0000000100000000)
  eden space 145408K, 0% used [0x00000000eab00000,0x00000000eab00000,0x00000000f3900000)
  from space 79360K, 99% used [0x00000000f3900000,0x00000000f8635c50,0x00000000f8680000)
  to   space 111104K, 0% used [0x00000000f9380000,0x00000000f9380000,0x0000000100000000)
 ParOldGen       total 385536K, used 237817K [0x00000000c0000000, 0x00000000d7880000, 0x00000000eab00000)
  object space 385536K, 61% used [0x00000000c0000000,0x00000000ce83e7d0,0x00000000d7880000)
 Metaspace       used 139629K, capacity 142050K, committed 142336K, reserved 1165312K
  class space    used 24919K, capacity 25577K, committed 25600K, reserved 1048576K
}
Event: 631,201 GC heap before
{Heap before GC invocations=51 (full 5):
 PSYoungGen      total 224768K, used 224471K [0x00000000eab00000, 0x0000000100000000, 0x0000000100000000)
  eden space 145408K, 100% used [0x00000000eab00000,0x00000000f3900000,0x00000000f3900000)
  from space 79360K, 99% used [0x00000000f3900000,0x00000000f8635c50,0x00000000f8680000)
  to   space 111104K, 0% used [0x00000000f9380000,0x00000000f9380000,0x0000000100000000)
 ParOldGen       total 385536K, used 237817K [0x00000000c0000000, 0x00000000d7880000, 0x00000000eab00000)
  object space 385536K, 61% used [0x00000000c0000000,0x00000000ce83e7d0,0x00000000d7880000)
 Metaspace       used 140828K, capacity 143254K, committed 143488K, reserved 1167360K
  class space    used 25024K, capacity 25677K, committed 25728K, reserved 1048576K
Event: 631,307 GC heap after
Heap after GC invocations=51 (full 5):
 PSYoungGen      total 227840K, used 76330K [0x00000000eab00000, 0x0000000100000000, 0x0000000100000000)
  eden space 116736K, 0% used [0x00000000eab00000,0x00000000eab00000,0x00000000f1d00000)
  from space 111104K, 68% used [0x00000000f9380000,0x00000000fde0a8a8,0x0000000100000000)
  to   space 116224K, 0% used [0x00000000f1d00000,0x00000000f1d00000,0x00000000f8e80000)
 ParOldGen       total 385536K, used 256979K [0x00000000c0000000, 0x00000000d7880000, 0x00000000eab00000)
  object space 385536K, 66% used [0x00000000c0000000,0x00000000cfaf4d58,0x00000000d7880000)
 Metaspace       used 140828K, capacity 143254K, committed 143488K, reserved 1167360K
  class space    used 25024K, capacity 25677K, committed 25728K, reserved 1048576K
}
Event: 632,510 GC heap before
{Heap before GC invocations=52 (full 5):
 PSYoungGen      total 227840K, used 193066K [0x00000000eab00000, 0x0000000100000000, 0x0000000100000000)
  eden space 116736K, 100% used [0x00000000eab00000,0x00000000f1d00000,0x00000000f1d00000)
  from space 111104K, 68% used [0x00000000f9380000,0x00000000fde0a8a8,0x0000000100000000)
  to   space 116224K, 0% used [0x00000000f1d00000,0x00000000f1d00000,0x00000000f8e80000)
 ParOldGen       total 385536K, used 256979K [0x00000000c0000000, 0x00000000d7880000, 0x00000000eab00000)
  object space 385536K, 66% used [0x00000000c0000000,0x00000000cfaf4d58,0x00000000d7880000)
 Metaspace       used 141049K, capacity 143458K, committed 143744K, reserved 1167360K
  class space    used 25027K, capacity 25681K, committed 25728K, reserved 1048576K
Event: 632,612 GC heap after
Heap after GC invocations=52 (full 5):
 PSYoungGen      total 232960K, used 76519K [0x00000000eab00000, 0x0000000100000000, 0x0000000100000000)
  eden space 116736K, 0% used [0x00000000eab00000,0x00000000eab00000,0x00000000f1d00000)
  from space 116224K, 65% used [0x00000000f1d00000,0x00000000f67b9fc0,0x00000000f8e80000)
  to   space 116224K, 0% used [0x00000000f8e80000,0x00000000f8e80000,0x0000000100000000)
 ParOldGen       total 385536K, used 267153K [0x00000000c0000000, 0x00000000d7880000, 0x00000000eab00000)
  object space 385536K, 69% used [0x00000000c0000000,0x00000000d04e4560,0x00000000d7880000)
 Metaspace       used 141049K, capacity 143458K, committed 143744K, reserved 1167360K
  class space    used 25027K, capacity 25681K, committed 25728K, reserved 1048576K
}
Event: 634,344 GC heap before
{Heap before GC invocations=53 (full 5):
 PSYoungGen      total 232960K, used 193255K [0x00000000eab00000, 0x0000000100000000, 0x0000000100000000)
  eden space 116736K, 100% used [0x00000000eab00000,0x00000000f1d00000,0x00000000f1d00000)
  from space 116224K, 65% used [0x00000000f1d00000,0x00000000f67b9fc0,0x00000000f8e80000)
  to   space 116224K, 0% used [0x00000000f8e80000,0x00000000f8e80000,0x0000000100000000)
 ParOldGen       total 385536K, used 267153K [0x00000000c0000000, 0x00000000d7880000, 0x00000000eab00000)
  object space 385536K, 69% used [0x00000000c0000000,0x00000000d04e4560,0x00000000d7880000)
 Metaspace       used 141195K, capacity 143590K, committed 144000K, reserved 1167360K
  class space    used 25029K, capacity 25681K, committed 25728K, reserved 1048576K
Event: 634,465 GC heap after
Heap after GC invocations=53 (full 5):
 PSYoungGen      total 232960K, used 60506K [0x00000000eab00000, 0x0000000100000000, 0x0000000100000000)
  eden space 116736K, 0% used [0x00000000eab00000,0x00000000eab00000,0x00000000f1d00000)
  from space 116224K, 52% used [0x00000000f8e80000,0x00000000fc996820,0x0000000100000000)
  to   space 116224K, 0% used [0x00000000f1d00000,0x00000000f1d00000,0x00000000f8e80000)
 ParOldGen       total 385536K, used 288429K [0x00000000c0000000, 0x00000000d7880000, 0x00000000eab00000)
  object space 385536K, 74% used [0x00000000c0000000,0x00000000d19ab760,0x00000000d7880000)
 Metaspace       used 141195K, capacity 143590K, committed 144000K, reserved 1167360K
  class space    used 25029K, capacity 25681K, committed 25728K, reserved 1048576K
}
Event: 636,103 GC heap before
{Heap before GC invocations=54 (full 5):
 PSYoungGen      total 232960K, used 177242K [0x00000000eab00000, 0x0000000100000000, 0x0000000100000000)
  eden space 116736K, 100% used [0x00000000eab00000,0x00000000f1d00000,0x00000000f1d00000)
  from space 116224K, 52% used [0x00000000f8e80000,0x00000000fc996820,0x0000000100000000)
  to   space 116224K, 0% used [0x00000000f1d00000,0x00000000f1d00000,0x00000000f8e80000)
 ParOldGen       total 385536K, used 288429K [0x00000000c0000000, 0x00000000d7880000, 0x00000000eab00000)
  object space 385536K, 74% used [0x00000000c0000000,0x00000000d19ab760,0x00000000d7880000)
 Metaspace       used 141228K, capacity 143658K, committed 144000K, reserved 1167360K
  class space    used 25029K, capacity 25681K, committed 25728K, reserved 1048576K
Event: 636,175 GC heap after
Heap after GC invocations=54 (full 5):
 PSYoungGen      total 161280K, used 44126K [0x00000000eab00000, 0x00000000ffa00000, 0x0000000100000000)
  eden space 116736K, 0% used [0x00000000eab00000,0x00000000eab00000,0x00000000f1d00000)
  from space 44544K, 99% used [0x00000000f1d00000,0x00000000f4817888,0x00000000f4880000)
  to   space 113152K, 0% used [0x00000000f8b80000,0x00000000f8b80000,0x00000000ffa00000)
 ParOldGen       total 385536K, used 305641K [0x00000000c0000000, 0x00000000d7880000, 0x00000000eab00000)
  object space 385536K, 79% used [0x00000000c0000000,0x00000000d2a7a690,0x00000000d7880000)
 Metaspace       used 141228K, capacity 143658K, committed 144000K, reserved 1167360K
  class space    used 25029K, capacity 25681K, committed 25728K, reserved 1048576K
}
Event: 636,917 GC heap before
{Heap before GC invocations=55 (full 5):
 PSYoungGen      total 161280K, used 160862K [0x00000000eab00000, 0x00000000ffa00000, 0x0000000100000000)
  eden space 116736K, 100% used [0x00000000eab00000,0x00000000f1d00000,0x00000000f1d00000)
  from space 44544K, 99% used [0x00000000f1d00000,0x00000000f4817888,0x00000000f4880000)
  to   space 113152K, 0% used [0x00000000f8b80000,0x00000000f8b80000,0x00000000ffa00000)
 ParOldGen       total 385536K, used 305641K [0x00000000c0000000, 0x00000000d7880000, 0x00000000eab00000)
  object space 385536K, 79% used [0x00000000c0000000,0x00000000d2a7a690,0x00000000d7880000)
 Metaspace       used 141331K, capacity 143754K, committed 144000K, reserved 1167360K
  class space    used 25035K, capacity 25713K, committed 25728K, reserved 1048576K
Event: 636,990 GC heap after
Heap after GC invocations=55 (full 5):
 PSYoungGen      total 235520K, used 42263K [0x00000000eab00000, 0x00000000fff00000, 0x0000000100000000)
  eden space 122368K, 0% used [0x00000000eab00000,0x00000000eab00000,0x00000000f2280000)
  from space 113152K, 37% used [0x00000000f8b80000,0x00000000fb4c5f20,0x00000000ffa00000)
  to   space 107520K, 0% used [0x00000000f2280000,0x00000000f2280000,0x00000000f8b80000)
 ParOldGen       total 385536K, used 330879K [0x00000000c0000000, 0x00000000d7880000, 0x00000000eab00000)
  object space 385536K, 85% used [0x00000000c0000000,0x00000000d431fc00,0x00000000d7880000)
 Metaspace       used 141331K, capacity 143754K, committed 144000K, reserved 1167360K
  class space    used 25035K, capacity 25713K, committed 25728K, reserved 1048576K
}
Event: 637,398 GC heap before
{Heap before GC invocations=56 (full 5):
 PSYoungGen      total 235520K, used 164631K [0x00000000eab00000, 0x00000000fff00000, 0x0000000100000000)
  eden space 122368K, 100% used [0x00000000eab00000,0x00000000f2280000,0x00000000f2280000)
  from space 113152K, 37% used [0x00000000f8b80000,0x00000000fb4c5f20,0x00000000ffa00000)
  to   space 107520K, 0% used [0x00000000f2280000,0x00000000f2280000,0x00000000f8b80000)
 ParOldGen       total 385536K, used 330879K [0x00000000c0000000, 0x00000000d7880000, 0x00000000eab00000)
  object space 385536K, 85% used [0x00000000c0000000,0x00000000d431fc00,0x00000000d7880000)
 Metaspace       used 141337K, capacity 143754K, committed 144000K, reserved 1167360K
  class space    used 25035K, capacity 25713K, committed 25728K, reserved 1048576K
Event: 637,441 GC heap after
Heap after GC invocations=56 (full 5):
 PSYoungGen      total 229888K, used 24343K [0x00000000eab00000, 0x00000000ff780000, 0x0000000100000000)
  eden space 122368K, 0% used [0x00000000eab00000,0x00000000eab00000,0x00000000f2280000)
  from space 107520K, 22% used [0x00000000f2280000,0x00000000f3a45cb0,0x00000000f8b80000)
  to   space 105984K, 0% used [0x00000000f9000000,0x00000000f9000000,0x00000000ff780000)
 ParOldGen       total 385536K, used 348801K [0x00000000c0000000, 0x00000000d7880000, 0x00000000eab00000)
  object space 385536K, 90% used [0x00000000c0000000,0x00000000d54a0670,0x00000000d7880000)
 Metaspace       used 141337K, capacity 143754K, committed 144000K, reserved 1167360K
  class space    used 25035K, capacity 25713K, committed 25728K, reserved 1048576K
}
Event: 637,441 GC heap before
{Heap before GC invocations=57 (full 6):
 PSYoungGen      total 229888K, used 24343K [0x00000000eab00000, 0x00000000ff780000, 0x0000000100000000)
  eden space 122368K, 0% used [0x00000000eab00000,0x00000000eab00000,0x00000000f2280000)
  from space 107520K, 22% used [0x00000000f2280000,0x00000000f3a45cb0,0x00000000f8b80000)
  to   space 105984K, 0% used [0x00000000f9000000,0x00000000f9000000,0x00000000ff780000)
 ParOldGen       total 385536K, used 348801K [0x00000000c0000000, 0x00000000d7880000, 0x00000000eab00000)
  object space 385536K, 90% used [0x00000000c0000000,0x00000000d54a0670,0x00000000d7880000)
 Metaspace       used 141337K, capacity 143754K, committed 144000K, reserved 1167360K
  class space    used 25035K, capacity 25713K, committed 25728K, reserved 1048576K
Event: 638,682 GC heap after
Heap after GC invocations=57 (full 6):
 PSYoungGen      total 229888K, used 0K [0x00000000eab00000, 0x00000000ff780000, 0x0000000100000000)
  eden space 122368K, 0% used [0x00000000eab00000,0x00000000eab00000,0x00000000f2280000)
  from space 107520K, 0% used [0x00000000f2280000,0x00000000f2280000,0x00000000f8b80000)
  to   space 105984K, 0% used [0x00000000f9000000,0x00000000f9000000,0x00000000ff780000)
 ParOldGen       total 458752K, used 259129K [0x00000000c0000000, 0x00000000dc000000, 0x00000000eab00000)
  object space 458752K, 56% used [0x00000000c0000000,0x00000000cfd0e4f0,0x00000000dc000000)
 Metaspace       used 141337K, capacity 143754K, committed 144000K, reserved 1167360K
  class space    used 25035K, capacity 25713K, committed 25728K, reserved 1048576K
}
Event: 638,996 GC heap before
{Heap before GC invocations=58 (full 6):
 PSYoungGen      total 229888K, used 122368K [0x00000000eab00000, 0x00000000ff780000, 0x0000000100000000)
  eden space 122368K, 100% used [0x00000000eab00000,0x00000000f2280000,0x00000000f2280000)
  from space 107520K, 0% used [0x00000000f2280000,0x00000000f2280000,0x00000000f8b80000)
  to   space 105984K, 0% used [0x00000000f9000000,0x00000000f9000000,0x00000000ff780000)
 ParOldGen       total 458752K, used 259129K [0x00000000c0000000, 0x00000000dc000000, 0x00000000eab00000)
  object space 458752K, 56% used [0x00000000c0000000,0x00000000cfd0e4f0,0x00000000dc000000)
 Metaspace       used 141337K, capacity 143754K, committed 144000K, reserved 1167360K
  class space    used 25035K, capacity 25713K, committed 25728K, reserved 1048576K
Event: 639,001 GC heap after
Heap after GC invocations=58 (full 6):
 PSYoungGen      total 232960K, used 96K [0x00000000eab00000, 0x0000000100000000, 0x0000000100000000)
  eden space 126976K, 0% used [0x00000000eab00000,0x00000000eab00000,0x00000000f2700000)
  from space 105984K, 0% used [0x00000000f9000000,0x00000000f9018000,0x00000000ff780000)
  to   space 107520K, 0% used [0x00000000f2700000,0x00000000f2700000,0x00000000f9000000)
 ParOldGen       total 458752K, used 259129K [0x00000000c0000000, 0x00000000dc000000, 0x00000000eab00000)
  object space 458752K, 56% used [0x00000000c0000000,0x00000000cfd0e4f0,0x00000000dc000000)
 Metaspace       used 141337K, capacity 143754K, committed 144000K, reserved 1167360K
  class space    used 25035K, capacity 25713K, committed 25728K, reserved 1048576K
}
Event: 639,334 GC heap before
{Heap before GC invocations=59 (full 6):
 PSYoungGen      total 232960K, used 127072K [0x00000000eab00000, 0x0000000100000000, 0x0000000100000000)
  eden space 126976K, 100% used [0x00000000eab00000,0x00000000f2700000,0x00000000f2700000)
  from space 105984K, 0% used [0x00000000f9000000,0x00000000f9018000,0x00000000ff780000)
  to   space 107520K, 0% used [0x00000000f2700000,0x00000000f2700000,0x00000000f9000000)
 ParOldGen       total 458752K, used 259129K [0x00000000c0000000, 0x00000000dc000000, 0x00000000eab00000)
  object space 458752K, 56% used [0x00000000c0000000,0x00000000cfd0e4f0,0x00000000dc000000)
 Metaspace       used 141337K, capacity 143754K, committed 144000K, reserved 1167360K
  class space    used 25035K, capacity 25713K, committed 25728K, reserved 1048576K
Event: 639,339 GC heap after
Heap after GC invocations=59 (full 6):
 PSYoungGen      total 234496K, used 64K [0x00000000eab00000, 0x0000000100000000, 0x0000000100000000)
  eden space 126976K, 0% used [0x00000000eab00000,0x00000000eab00000,0x00000000f2700000)
  from space 107520K, 0% used [0x00000000f2700000,0x00000000f2710000,0x00000000f9000000)
  to   space 108032K, 0% used [0x00000000f9680000,0x00000000f9680000,0x0000000100000000)
 ParOldGen       total 458752K, used 259145K [0x00000000c0000000, 0x00000000dc000000, 0x00000000eab00000)
  object space 458752K, 56% used [0x00000000c0000000,0x00000000cfd124f0,0x00000000dc000000)
 Metaspace       used 141337K, capacity 143754K, committed 144000K, reserved 1167360K
  class space    used 25035K, capacity 25713K, committed 25728K, reserved 1048576K
}
Event: 639,667 GC heap before
{Heap before GC invocations=60 (full 6):
 PSYoungGen      total 234496K, used 127040K [0x00000000eab00000, 0x0000000100000000, 0x0000000100000000)
  eden space 126976K, 100% used [0x00000000eab00000,0x00000000f2700000,0x00000000f2700000)
  from space 107520K, 0% used [0x00000000f2700000,0x00000000f2710000,0x00000000f9000000)
  to   space 108032K, 0% used [0x00000000f9680000,0x00000000f9680000,0x0000000100000000)
 ParOldGen       total 458752K, used 259145K [0x00000000c0000000, 0x00000000dc000000, 0x00000000eab00000)
  object space 458752K, 56% used [0x00000000c0000000,0x00000000cfd124f0,0x00000000dc000000)
 Metaspace       used 141337K, capacity 143754K, committed 144000K, reserved 1167360K
  class space    used 25035K, capacity 25713K, committed 25728K, reserved 1048576K
Event: 639,671 GC heap after
Heap after GC invocations=60 (full 6):
 PSYoungGen      total 240128K, used 96K [0x00000000eab00000, 0x00000000ffe80000, 0x0000000100000000)
  eden space 133632K, 0% used [0x00000000eab00000,0x00000000eab00000,0x00000000f2d80000)
  from space 106496K, 0% used [0x00000000f9680000,0x00000000f9698000,0x00000000ffe80000)
  to   space 107008K, 0% used [0x00000000f2d80000,0x00000000f2d80000,0x00000000f9600000)
 ParOldGen       total 458752K, used 259145K [0x00000000c0000000, 0x00000000dc000000, 0x00000000eab00000)
  object space 458752K, 56% used [0x00000000c0000000,0x00000000cfd124f0,0x00000000dc000000)
 Metaspace       used 141337K, capacity 143754K, committed 144000K, reserved 1167360K
  class space    used 25035K, capacity 25713K, committed 25728K, reserved 1048576K
}
Event: 640,012 GC heap before
{Heap before GC invocations=61 (full 6):
 PSYoungGen      total 240128K, used 133728K [0x00000000eab00000, 0x00000000ffe80000, 0x0000000100000000)
  eden space 133632K, 100% used [0x00000000eab00000,0x00000000f2d80000,0x00000000f2d80000)
  from space 106496K, 0% used [0x00000000f9680000,0x00000000f9698000,0x00000000ffe80000)
  to   space 107008K, 0% used [0x00000000f2d80000,0x00000000f2d80000,0x00000000f9600000)
 ParOldGen       total 458752K, used 259145K [0x00000000c0000000, 0x00000000dc000000, 0x00000000eab00000)
  object space 458752K, 56% used [0x00000000c0000000,0x00000000cfd124f0,0x00000000dc000000)
 Metaspace       used 141337K, capacity 143754K, committed 144000K, reserved 1167360K
  class space    used 25035K, capacity 25713K, committed 25728K, reserved 1048576K
Event: 640,018 GC heap after
Heap after GC invocations=61 (full 6):
 PSYoungGen      total 240640K, used 96K [0x00000000eab00000, 0x00000000ffd80000, 0x0000000100000000)
  eden space 133632K, 0% used [0x00000000eab00000,0x00000000eab00000,0x00000000f2d80000)
  from space 107008K, 0% used [0x00000000f2d80000,0x00000000f2d98000,0x00000000f9600000)
  to   space 105472K, 0% used [0x00000000f9680000,0x00000000f9680000,0x00000000ffd80000)
 ParOldGen       total 458752K, used 259145K [0x00000000c0000000, 0x00000000dc000000, 0x00000000eab00000)
  object space 458752K, 56% used [0x00000000c0000000,0x00000000cfd124f0,0x00000000dc000000)
 Metaspace       used 141337K, capacity 143754K, committed 144000K, reserved 1167360K
  class space    used 25035K, capacity 25713K, committed 25728K, reserved 1048576K
}
Event: 640,502 GC heap before
{Heap before GC invocations=62 (full 6):
 PSYoungGen      total 240640K, used 133312K [0x00000000eab00000, 0x00000000ffd80000, 0x0000000100000000)
  eden space 133632K, 99% used [0x00000000eab00000,0x00000000f2d181d8,0x00000000f2d80000)
  from space 107008K, 0% used [0x00000000f2d80000,0x00000000f2d98000,0x00000000f9600000)
  to   space 105472K, 0% used [0x00000000f9680000,0x00000000f9680000,0x00000000ffd80000)
 ParOldGen       total 458752K, used 259145K [0x00000000c0000000, 0x00000000dc000000, 0x00000000eab00000)
  object space 458752K, 56% used [0x00000000c0000000,0x00000000cfd124f0,0x00000000dc000000)
 Metaspace       used 141337K, capacity 143754K, committed 144000K, reserved 1167360K
  class space    used 25035K, capacity 25713K, committed 25728K, reserved 1048576K
Event: 640,513 GC heap after
Heap after GC invocations=62 (full 6):
 PSYoungGen      total 229888K, used 22043K [0x00000000eab00000, 0x00000000ff180000, 0x0000000100000000)
  eden space 136704K, 0% used [0x00000000eab00000,0x00000000eab00000,0x00000000f3080000)
  from space 93184K, 23% used [0x00000000f9680000,0x00000000fac06eb8,0x00000000ff180000)
  to   space 98816K, 0% used [0x00000000f3080000,0x00000000f3080000,0x00000000f9100000)
 ParOldGen       total 458752K, used 259145K [0x00000000c0000000, 0x00000000dc000000, 0x00000000eab00000)
  object space 458752K, 56% used [0x00000000c0000000,0x00000000cfd124f0,0x00000000dc000000)
 Metaspace       used 141337K, capacity 143754K, committed 144000K, reserved 1167360K
  class space    used 25035K, capacity 25713K, committed 25728K, reserved 1048576K
}
Event: 640,886 GC heap before
{Heap before GC invocations=63 (full 6):
 PSYoungGen      total 229888K, used 158747K [0x00000000eab00000, 0x00000000ff180000, 0x0000000100000000)
  eden space 136704K, 100% used [0x00000000eab00000,0x00000000f3080000,0x00000000f3080000)
  from space 93184K, 23% used [0x00000000f9680000,0x00000000fac06eb8,0x00000000ff180000)
  to   space 98816K, 0% used [0x00000000f3080000,0x00000000f3080000,0x00000000f9100000)
 ParOldGen       total 458752K, used 259145K [0x00000000c0000000, 0x00000000dc000000, 0x00000000eab00000)
  object space 458752K, 56% used [0x00000000c0000000,0x00000000cfd124f0,0x00000000dc000000)
 Metaspace       used 141337K, capacity 143754K, committed 144000K, reserved 1167360K
  class space    used 25035K, capacity 25713K, committed 25728K, reserved 1048576K
Event: 640,895 GC heap after
Heap after GC invocations=63 (full 6):
 PSYoungGen      total 235520K, used 22344K [0x00000000eab00000, 0x00000000ff500000, 0x0000000100000000)
  eden space 136704K, 0% used [0x00000000eab00000,0x00000000eab00000,0x00000000f3080000)
  from space 98816K, 22% used [0x00000000f3080000,0x00000000f4652320,0x00000000f9100000)
  to   space 93184K, 0% used [0x00000000f9a00000,0x00000000f9a00000,0x00000000ff500000)
 ParOldGen       total 458752K, used 276490K [0x00000000c0000000, 0x00000000dc000000, 0x00000000eab00000)
  object space 458752K, 60% used [0x00000000c0000000,0x00000000d0e02b98,0x00000000dc000000)
 Metaspace       used 141337K, capacity 143754K, committed 144000K, reserved 1167360K
  class space    used 25035K, capacity 25713K, committed 25728K, reserved 1048576K
}
Event: 641,249 GC heap before
{Heap before GC invocations=64 (full 6):
 PSYoungGen      total 235520K, used 159048K [0x00000000eab00000, 0x00000000ff500000, 0x0000000100000000)
  eden space 136704K, 100% used [0x00000000eab00000,0x00000000f3080000,0x00000000f3080000)
  from space 98816K, 22% used [0x00000000f3080000,0x00000000f4652320,0x00000000f9100000)
  to   space 93184K, 0% used [0x00000000f9a00000,0x00000000f9a00000,0x00000000ff500000)
 ParOldGen       total 458752K, used 276490K [0x00000000c0000000, 0x00000000dc000000, 0x00000000eab00000)
  object space 458752K, 60% used [0x00000000c0000000,0x00000000d0e02b98,0x00000000dc000000)
 Metaspace       used 141338K, capacity 143754K, committed 144000K, reserved 1167360K
  class space    used 25035K, capacity 25713K, committed 25728K, reserved 1048576K
Event: 641,256 GC heap after
Heap after GC invocations=64 (full 6):
 PSYoungGen      total 240640K, used 128K [0x00000000eab00000, 0x00000000ff180000, 0x0000000100000000)
  eden space 151040K, 0% used [0x00000000eab00000,0x00000000eab00000,0x00000000f3e80000)
  from space 89600K, 0% used [0x00000000f9a00000,0x00000000f9a20000,0x00000000ff180000)
  to   space 91648K, 0% used [0x00000000f3e80000,0x00000000f3e80000,0x00000000f9800000)
 ParOldGen       total 458752K, used 298763K [0x00000000c0000000, 0x00000000dc000000, 0x00000000eab00000)
  object space 458752K, 65% used [0x00000000c0000000,0x00000000d23c2eb8,0x00000000dc000000)
 Metaspace       used 141338K, capacity 143754K, committed 144000K, reserved 1167360K
  class space    used 25035K, capacity 25713K, committed 25728K, reserved 1048576K
}
Event: 641,678 GC heap before
{Heap before GC invocations=65 (full 6):
 PSYoungGen      total 240640K, used 151168K [0x00000000eab00000, 0x00000000ff180000, 0x0000000100000000)
  eden space 151040K, 100% used [0x00000000eab00000,0x00000000f3e80000,0x00000000f3e80000)
  from space 89600K, 0% used [0x00000000f9a00000,0x00000000f9a20000,0x00000000ff180000)
  to   space 91648K, 0% used [0x00000000f3e80000,0x00000000f3e80000,0x00000000f9800000)
 ParOldGen       total 458752K, used 298763K [0x00000000c0000000, 0x00000000dc000000, 0x00000000eab00000)
  object space 458752K, 65% used [0x00000000c0000000,0x00000000d23c2eb8,0x00000000dc000000)
 Metaspace       used 141338K, capacity 143754K, committed 144000K, reserved 1167360K
  class space    used 25035K, capacity 25713K, committed 25728K, reserved 1048576K
Event: 641,684 GC heap after
Heap after GC invocations=65 (full 6):
 PSYoungGen      total 242688K, used 64K [0x00000000eab00000, 0x00000000ffc00000, 0x0000000100000000)
  eden space 151040K, 0% used [0x00000000eab00000,0x00000000eab00000,0x00000000f3e80000)
  from space 91648K, 0% used [0x00000000f3e80000,0x00000000f3e90000,0x00000000f9800000)
  to   space 89600K, 0% used [0x00000000fa480000,0x00000000fa480000,0x00000000ffc00000)
 ParOldGen       total 458752K, used 298779K [0x00000000c0000000, 0x00000000dc000000, 0x00000000eab00000)
  object space 458752K, 65% used [0x00000000c0000000,0x00000000d23c6eb8,0x00000000dc000000)
 Metaspace       used 141338K, capacity 143754K, committed 144000K, reserved 1167360K
  class space    used 25035K, capacity 25713K, committed 25728K, reserved 1048576K
}
Event: 642,094 GC heap before
{Heap before GC invocations=66 (full 6):
 PSYoungGen      total 242688K, used 151104K [0x00000000eab00000, 0x00000000ffc00000, 0x0000000100000000)
  eden space 151040K, 100% used [0x00000000eab00000,0x00000000f3e80000,0x00000000f3e80000)
  from space 91648K, 0% used [0x00000000f3e80000,0x00000000f3e90000,0x00000000f9800000)
  to   space 89600K, 0% used [0x00000000fa480000,0x00000000fa480000,0x00000000ffc00000)
 ParOldGen       total 458752K, used 298779K [0x00000000c0000000, 0x00000000dc000000, 0x00000000eab00000)
  object space 458752K, 65% used [0x00000000c0000000,0x00000000d23c6eb8,0x00000000dc000000)
 Metaspace       used 141338K, capacity 143754K, committed 144000K, reserved 1167360K
  class space    used 25035K, capacity 25713K, committed 25728K, reserved 1048576K
Event: 642,099 GC heap after
Heap after GC invocations=66 (full 6):
 PSYoungGen      total 247296K, used 64K [0x00000000eab00000, 0x00000000ff500000, 0x0000000100000000)
  eden space 164864K, 0% used [0x00000000eab00000,0x00000000eab00000,0x00000000f4c00000)
  from space 82432K, 0% used [0x00000000fa480000,0x00000000fa490000,0x00000000ff500000)
  to   space 86528K, 0% used [0x00000000f4c00000,0x00000000f4c00000,0x00000000fa080000)
 ParOldGen       total 458752K, used 298779K [0x00000000c0000000, 0x00000000dc000000, 0x00000000eab00000)
  object space 458752K, 65% used [0x00000000c0000000,0x00000000d23c6eb8,0x00000000dc000000)
 Metaspace       used 141338K, capacity 143754K, committed 144000K, reserved 1167360K
  class space    used 25035K, capacity 25713K, committed 25728K, reserved 1048576K
}
Event: 642,555 GC heap before
{Heap before GC invocations=67 (full 6):
 PSYoungGen      total 247296K, used 164928K [0x00000000eab00000, 0x00000000ff500000, 0x0000000100000000)
  eden space 164864K, 100% used [0x00000000eab00000,0x00000000f4c00000,0x00000000f4c00000)
  from space 82432K, 0% used [0x00000000fa480000,0x00000000fa490000,0x00000000ff500000)
  to   space 86528K, 0% used [0x00000000f4c00000,0x00000000f4c00000,0x00000000fa080000)
 ParOldGen       total 458752K, used 298779K [0x00000000c0000000, 0x00000000dc000000, 0x00000000eab00000)
  object space 458752K, 65% used [0x00000000c0000000,0x00000000d23c6eb8,0x00000000dc000000)
 Metaspace       used 141338K, capacity 143754K, committed 144000K, reserved 1167360K
  class space    used 25035K, capacity 25713K, committed 25728K, reserved 1048576K
Event: 642,560 GC heap after
Heap after GC invocations=67 (full 6):
 PSYoungGen      total 251392K, used 96K [0x00000000eab00000, 0x00000000ffd00000, 0x0000000100000000)
  eden space 164864K, 0% used [0x00000000eab00000,0x00000000eab00000,0x00000000f4c00000)
  from space 86528K, 0% used [0x00000000f4c00000,0x00000000f4c18000,0x00000000fa080000)
  to   space 83456K, 0% used [0x00000000fab80000,0x00000000fab80000,0x00000000ffd00000)
 ParOldGen       total 458752K, used 298779K [0x00000000c0000000, 0x00000000dc000000, 0x00000000eab00000)
  object space 458752K, 65% used [0x00000000c0000000,0x00000000d23c6eb8,0x00000000dc000000)
 Metaspace       used 141338K, capacity 143754K, committed 144000K, reserved 1167360K
  class space    used 25035K, capacity 25713K, committed 25728K, reserved 1048576K
}
Event: 643,598 GC heap before
{Heap before GC invocations=68 (full 6):
 PSYoungGen      total 251392K, used 164960K [0x00000000eab00000, 0x00000000ffd00000, 0x0000000100000000)
  eden space 164864K, 100% used [0x00000000eab00000,0x00000000f4c00000,0x00000000f4c00000)
  from space 86528K, 0% used [0x00000000f4c00000,0x00000000f4c18000,0x00000000fa080000)
  to   space 83456K, 0% used [0x00000000fab80000,0x00000000fab80000,0x00000000ffd00000)
 ParOldGen       total 458752K, used 298779K [0x00000000c0000000, 0x00000000dc000000, 0x00000000eab00000)
  object space 458752K, 65% used [0x00000000c0000000,0x00000000d23c6eb8,0x00000000dc000000)
 Metaspace       used 141365K, capacity 143818K, committed 144000K, reserved 1167360K
  class space    used 25035K, capacity 25713K, committed 25728K, reserved 1048576K
Event: 643,614 GC heap after
Heap after GC invocations=68 (full 6):
 PSYoungGen      total 249344K, used 19593K [0x00000000eab00000, 0x00000000ff080000, 0x0000000100000000)
  eden space 178688K, 0% used [0x00000000eab00000,0x00000000eab00000,0x00000000f5980000)
  from space 70656K, 27% used [0x00000000fab80000,0x00000000fbea25a8,0x00000000ff080000)
  to   space 77312K, 0% used [0x00000000f5980000,0x00000000f5980000,0x00000000fa500000)
 ParOldGen       total 458752K, used 298779K [0x00000000c0000000, 0x00000000dc000000, 0x00000000eab00000)
  object space 458752K, 65% used [0x00000000c0000000,0x00000000d23c6eb8,0x00000000dc000000)
 Metaspace       used 141365K, capacity 143818K, committed 144000K, reserved 1167360K
  class space    used 25035K, capacity 25713K, committed 25728K, reserved 1048576K
}
Event: 645,448 GC heap before
{Heap before GC invocations=69 (full 6):
 PSYoungGen      total 249344K, used 198281K [0x00000000eab00000, 0x00000000ff080000, 0x0000000100000000)
  eden space 178688K, 100% used [0x00000000eab00000,0x00000000f5980000,0x00000000f5980000)
  from space 70656K, 27% used [0x00000000fab80000,0x00000000fbea25a8,0x00000000ff080000)
  to   space 77312K, 0% used [0x00000000f5980000,0x00000000f5980000,0x00000000fa500000)
 ParOldGen       total 458752K, used 298779K [0x00000000c0000000, 0x00000000dc000000, 0x00000000eab00000)
  object space 458752K, 65% used [0x00000000c0000000,0x00000000d23c6eb8,0x00000000dc000000)
 Metaspace       used 141386K, capacity 143822K, committed 144000K, reserved 1167360K
  class space    used 25036K, capacity 25713K, committed 25728K, reserved 1048576K
Event: 645,458 GC heap after
Heap after GC invocations=69 (full 6):
 PSYoungGen      total 256000K, used 24727K [0x00000000eab00000, 0x00000000ff680000, 0x0000000100000000)
  eden space 178688K, 0% used [0x00000000eab00000,0x00000000eab00000,0x00000000f5980000)
  from space 77312K, 31% used [0x00000000f5980000,0x00000000f71a5fa8,0x00000000fa500000)
  to   space 73728K, 0% used [0x00000000fae80000,0x00000000fae80000,0x00000000ff680000)
 ParOldGen       total 458752K, used 298779K [0x00000000c0000000, 0x00000000dc000000, 0x00000000eab00000)
  object space 458752K, 65% used [0x00000000c0000000,0x00000000d23c6eb8,0x00000000dc000000)
 Metaspace       used 141386K, capacity 143822K, committed 144000K, reserved 1167360K
  class space    used 25036K, capacity 25713K, committed 25728K, reserved 1048576K
}
Event: 647,053 GC heap before
{Heap before GC invocations=70 (full 6):
 PSYoungGen      total 256000K, used 203415K [0x00000000eab00000, 0x00000000ff680000, 0x0000000100000000)
  eden space 178688K, 100% used [0x00000000eab00000,0x00000000f5980000,0x00000000f5980000)
  from space 77312K, 31% used [0x00000000f5980000,0x00000000f71a5fa8,0x00000000fa500000)
  to   space 73728K, 0% used [0x00000000fae80000,0x00000000fae80000,0x00000000ff680000)
 ParOldGen       total 458752K, used 298779K [0x00000000c0000000, 0x00000000dc000000, 0x00000000eab00000)
  object space 458752K, 65% used [0x00000000c0000000,0x00000000d23c6eb8,0x00000000dc000000)
 Metaspace       used 141415K, capacity 143822K, committed 144000K, reserved 1167360K
  class space    used 25038K, capacity 25713K, committed 25728K, reserved 1048576K
Event: 647,070 GC heap after
Heap after GC invocations=70 (full 6):
 PSYoungGen      total 261632K, used 29853K [0x00000000eab00000, 0x00000000ff300000, 0x0000000100000000)
  eden space 191488K, 0% used [0x00000000eab00000,0x00000000eab00000,0x00000000f6600000)
  from space 70144K, 42% used [0x00000000fae80000,0x00000000fcba76c0,0x00000000ff300000)
  to   space 72192K, 0% used [0x00000000f6600000,0x00000000f6600000,0x00000000fac80000)
 ParOldGen       total 458752K, used 298779K [0x00000000c0000000, 0x00000000dc000000, 0x00000000eab00000)
  object space 458752K, 65% used [0x00000000c0000000,0x00000000d23c6eb8,0x00000000dc000000)
 Metaspace       used 141415K, capacity 143822K, committed 144000K, reserved 1167360K
  class space    used 25038K, capacity 25713K, committed 25728K, reserved 1048576K
}
Event: 965,763 GC heap before
{Heap before GC invocations=71 (full 6):
 PSYoungGen      total 261632K, used 221341K [0x00000000eab00000, 0x00000000ff300000, 0x0000000100000000)
  eden space 191488K, 100% used [0x00000000eab00000,0x00000000f6600000,0x00000000f6600000)
  from space 70144K, 42% used [0x00000000fae80000,0x00000000fcba76c0,0x00000000ff300000)
  to   space 72192K, 0% used [0x00000000f6600000,0x00000000f6600000,0x00000000fac80000)
 ParOldGen       total 458752K, used 298779K [0x00000000c0000000, 0x00000000dc000000, 0x00000000eab00000)
  object space 458752K, 65% used [0x00000000c0000000,0x00000000d23c6eb8,0x00000000dc000000)
 Metaspace       used 150953K, capacity 153584K, committed 153600K, reserved 1175552K
  class space    used 27199K, capacity 27904K, committed 27904K, reserved 1048576K
Event: 965,791 GC heap after
Heap after GC invocations=71 (full 6):
 PSYoungGen      total 263680K, used 42677K [0x00000000eab00000, 0x0000000100000000, 0x0000000100000000)
  eden space 191488K, 0% used [0x00000000eab00000,0x00000000eab00000,0x00000000f6600000)
  from space 72192K, 59% used [0x00000000f6600000,0x00000000f8fad798,0x00000000fac80000)
  to   space 75264K, 0% used [0x00000000fb680000,0x00000000fb680000,0x0000000100000000)
 ParOldGen       total 458752K, used 298787K [0x00000000c0000000, 0x00000000dc000000, 0x00000000eab00000)
  object space 458752K, 65% used [0x00000000c0000000,0x00000000d23c8eb8,0x00000000dc000000)
 Metaspace       used 150953K, capacity 153584K, committed 153600K, reserved 1175552K
  class space    used 27199K, capacity 27904K, committed 27904K, reserved 1048576K
}
Event: 981,109 GC heap before
{Heap before GC invocations=72 (full 6):
 PSYoungGen      total 263680K, used 234165K [0x00000000eab00000, 0x0000000100000000, 0x0000000100000000)
  eden space 191488K, 100% used [0x00000000eab00000,0x00000000f6600000,0x00000000f6600000)
  from space 72192K, 59% used [0x00000000f6600000,0x00000000f8fad798,0x00000000fac80000)
  to   space 75264K, 0% used [0x00000000fb680000,0x00000000fb680000,0x0000000100000000)
 ParOldGen       total 458752K, used 298787K [0x00000000c0000000, 0x00000000dc000000, 0x00000000eab00000)
  object space 458752K, 65% used [0x00000000c0000000,0x00000000d23c8eb8,0x00000000dc000000)
 Metaspace       used 164813K, capacity 167688K, committed 167936K, reserved 1187840K
  class space    used 29443K, capacity 30181K, committed 30208K, reserved 1048576K
Event: 981,160 GC heap after
Heap after GC invocations=72 (full 6):
 PSYoungGen      total 253440K, used 63986K [0x00000000eab00000, 0x0000000100000000, 0x0000000100000000)
  eden space 178176K, 0% used [0x00000000eab00000,0x00000000eab00000,0x00000000f5900000)
  from space 75264K, 85% used [0x00000000fb680000,0x00000000ff4fcab8,0x0000000100000000)
  to   space 85504K, 0% used [0x00000000f5900000,0x00000000f5900000,0x00000000fac80000)
 ParOldGen       total 458752K, used 298795K [0x00000000c0000000, 0x00000000dc000000, 0x00000000eab00000)
  object space 458752K, 65% used [0x00000000c0000000,0x00000000d23caeb8,0x00000000dc000000)
 Metaspace       used 164813K, capacity 167688K, committed 167936K, reserved 1187840K
  class space    used 29443K, capacity 30181K, committed 30208K, reserved 1048576K
}
Event: 983,463 GC heap before
{Heap before GC invocations=73 (full 6):
 PSYoungGen      total 253440K, used 242162K [0x00000000eab00000, 0x0000000100000000, 0x0000000100000000)
  eden space 178176K, 100% used [0x00000000eab00000,0x00000000f5900000,0x00000000f5900000)
  from space 75264K, 85% used [0x00000000fb680000,0x00000000ff4fcab8,0x0000000100000000)
  to   space 85504K, 0% used [0x00000000f5900000,0x00000000f5900000,0x00000000fac80000)
 ParOldGen       total 458752K, used 298795K [0x00000000c0000000, 0x00000000dc000000, 0x00000000eab00000)
  object space 458752K, 65% used [0x00000000c0000000,0x00000000d23caeb8,0x00000000dc000000)
 Metaspace       used 168559K, capacity 171410K, committed 171648K, reserved 1189888K
  class space    used 30357K, capacity 31080K, committed 31104K, reserved 1048576K
Event: 983,540 GC heap after
Heap after GC invocations=73 (full 6):
 PSYoungGen      total 248320K, used 69790K [0x00000000eab00000, 0x0000000100000000, 0x0000000100000000)
  eden space 178176K, 0% used [0x00000000eab00000,0x00000000eab00000,0x00000000f5900000)
  from space 70144K, 99% used [0x00000000f5900000,0x00000000f9d27868,0x00000000f9d80000)
  to   space 95744K, 0% used [0x00000000fa280000,0x00000000fa280000,0x0000000100000000)
 ParOldGen       total 458752K, used 298795K [0x00000000c0000000, 0x00000000dc000000, 0x00000000eab00000)
  object space 458752K, 65% used [0x00000000c0000000,0x00000000d23caeb8,0x00000000dc000000)
 Metaspace       used 168559K, capacity 171410K, committed 171648K, reserved 1189888K
  class space    used 30357K, capacity 31080K, committed 31104K, reserved 1048576K
}
Event: 984,816 GC heap before
{Heap before GC invocations=74 (full 6):
 PSYoungGen      total 248320K, used 247966K [0x00000000eab00000, 0x0000000100000000, 0x0000000100000000)
  eden space 178176K, 100% used [0x00000000eab00000,0x00000000f5900000,0x00000000f5900000)
  from space 70144K, 99% used [0x00000000f5900000,0x00000000f9d27868,0x00000000f9d80000)
  to   space 95744K, 0% used [0x00000000fa280000,0x00000000fa280000,0x0000000100000000)
 ParOldGen       total 458752K, used 298795K [0x00000000c0000000, 0x00000000dc000000, 0x00000000eab00000)
  object space 458752K, 65% used [0x00000000c0000000,0x00000000d23caeb8,0x00000000dc000000)
 Metaspace       used 171645K, capacity 174498K, committed 174720K, reserved 1191936K
  class space    used 31103K, capacity 31851K, committed 31872K, reserved 1048576K
Event: 984,892 GC heap after
Heap after GC invocations=74 (full 6):
 PSYoungGen      total 235008K, used 73973K [0x00000000eab00000, 0x0000000100000000, 0x0000000100000000)
  eden space 139264K, 0% used [0x00000000eab00000,0x00000000eab00000,0x00000000f3300000)
  from space 95744K, 77% used [0x00000000fa280000,0x00000000feabd5c0,0x0000000100000000)
  to   space 104960K, 0% used [0x00000000f3300000,0x00000000f3300000,0x00000000f9980000)
 ParOldGen       total 458752K, used 298803K [0x00000000c0000000, 0x00000000dc000000, 0x00000000eab00000)
  object space 458752K, 65% used [0x00000000c0000000,0x00000000d23cceb8,0x00000000dc000000)
 Metaspace       used 171645K, capacity 174498K, committed 174720K, reserved 1191936K
  class space    used 31103K, capacity 31851K, committed 31872K, reserved 1048576K
}
Event: 985,832 GC heap before
{Heap before GC invocations=75 (full 6):
 PSYoungGen      total 235008K, used 213237K [0x00000000eab00000, 0x0000000100000000, 0x0000000100000000)
  eden space 139264K, 100% used [0x00000000eab00000,0x00000000f3300000,0x00000000f3300000)
  from space 95744K, 77% used [0x00000000fa280000,0x00000000feabd5c0,0x0000000100000000)
  to   space 104960K, 0% used [0x00000000f3300000,0x00000000f3300000,0x00000000f9980000)
 ParOldGen       total 458752K, used 298803K [0x00000000c0000000, 0x00000000dc000000, 0x00000000eab00000)
  object space 458752K, 65% used [0x00000000c0000000,0x00000000d23cceb8,0x00000000dc000000)
 Metaspace       used 172446K, capacity 175334K, committed 175488K, reserved 1191936K
  class space    used 31304K, capacity 32043K, committed 32128K, reserved 1048576K
Event: 985,931 GC heap after
Heap after GC invocations=75 (full 6):
 PSYoungGen      total 217600K, used 77985K [0x00000000eab00000, 0x0000000100000000, 0x0000000100000000)
  eden space 139264K, 0% used [0x00000000eab00000,0x00000000eab00000,0x00000000f3300000)
  from space 78336K, 99% used [0x00000000f3300000,0x00000000f7f28510,0x00000000f7f80000)
  to   space 113664K, 0% used [0x00000000f9100000,0x00000000f9100000,0x0000000100000000)
 ParOldGen       total 458752K, used 298803K [0x00000000c0000000, 0x00000000dc000000, 0x00000000eab00000)
  object space 458752K, 65% used [0x00000000c0000000,0x00000000d23cceb8,0x00000000dc000000)
 Metaspace       used 172446K, capacity 175334K, committed 175488K, reserved 1191936K
  class space    used 31304K, capacity 32043K, committed 32128K, reserved 1048576K
}
Event: 988,193 GC heap before
{Heap before GC invocations=76 (full 6):
 PSYoungGen      total 217600K, used 217249K [0x00000000eab00000, 0x0000000100000000, 0x0000000100000000)
  eden space 139264K, 100% used [0x00000000eab00000,0x00000000f3300000,0x00000000f3300000)
  from space 78336K, 99% used [0x00000000f3300000,0x00000000f7f28510,0x00000000f7f80000)
  to   space 113664K, 0% used [0x00000000f9100000,0x00000000f9100000,0x0000000100000000)
 ParOldGen       total 458752K, used 298803K [0x00000000c0000000, 0x00000000dc000000, 0x00000000eab00000)
  object space 458752K, 65% used [0x00000000c0000000,0x00000000d23cceb8,0x00000000dc000000)
 Metaspace       used 173636K, capacity 176544K, committed 176896K, reserved 1193984K
  class space    used 31410K, capacity 32144K, committed 32256K, reserved 1048576K
Event: 988,347 GC heap after
Heap after GC invocations=76 (full 6):
 PSYoungGen      total 230400K, used 73228K [0x00000000eab00000, 0x0000000100000000, 0x0000000100000000)
  eden space 116736K, 0% used [0x00000000eab00000,0x00000000eab00000,0x00000000f1d00000)
  from space 113664K, 64% used [0x00000000f9100000,0x00000000fd8833e0,0x0000000100000000)
  to   space 116224K, 0% used [0x00000000f1d00000,0x00000000f1d00000,0x00000000f8e80000)
 ParOldGen       total 458752K, used 318142K [0x00000000c0000000, 0x00000000dc000000, 0x00000000eab00000)
  object space 458752K, 69% used [0x00000000c0000000,0x00000000d36af940,0x00000000dc000000)
 Metaspace       used 173636K, capacity 176544K, committed 176896K, reserved 1193984K
  class space    used 31410K, capacity 32144K, committed 32256K, reserved 1048576K
}
Event: 989,853 GC heap before
{Heap before GC invocations=77 (full 6):
 PSYoungGen      total 230400K, used 189964K [0x00000000eab00000, 0x0000000100000000, 0x0000000100000000)
  eden space 116736K, 100% used [0x00000000eab00000,0x00000000f1d00000,0x00000000f1d00000)
  from space 113664K, 64% used [0x00000000f9100000,0x00000000fd8833e0,0x0000000100000000)
  to   space 116224K, 0% used [0x00000000f1d00000,0x00000000f1d00000,0x00000000f8e80000)
 ParOldGen       total 458752K, used 318142K [0x00000000c0000000, 0x00000000dc000000, 0x00000000eab00000)
  object space 458752K, 69% used [0x00000000c0000000,0x00000000d36af940,0x00000000dc000000)
 Metaspace       used 173858K, capacity 176744K, committed 177152K, reserved 1193984K
  class space    used 31413K, capacity 32148K, committed 32256K, reserved 1048576K
Event: 989,944 GC heap after
Heap after GC invocations=77 (full 6):
 PSYoungGen      total 232960K, used 74498K [0x00000000eab00000, 0x0000000100000000, 0x0000000100000000)
  eden space 116736K, 0% used [0x00000000eab00000,0x00000000eab00000,0x00000000f1d00000)
  from space 116224K, 64% used [0x00000000f1d00000,0x00000000f65c0900,0x00000000f8e80000)
  to   space 116224K, 0% used [0x00000000f8e80000,0x00000000f8e80000,0x0000000100000000)
 ParOldGen       total 458752K, used 328477K [0x00000000c0000000, 0x00000000dc000000, 0x00000000eab00000)
  object space 458752K, 71% used [0x00000000c0000000,0x00000000d40c75b8,0x00000000dc000000)
 Metaspace       used 173858K, capacity 176744K, committed 177152K, reserved 1193984K
  class space    used 31413K, capacity 32148K, committed 32256K, reserved 1048576K
}
Event: 991,801 GC heap before
{Heap before GC invocations=78 (full 6):
 PSYoungGen      total 232960K, used 191234K [0x00000000eab00000, 0x0000000100000000, 0x0000000100000000)
  eden space 116736K, 100% used [0x00000000eab00000,0x00000000f1d00000,0x00000000f1d00000)
  from space 116224K, 64% used [0x00000000f1d00000,0x00000000f65c0900,0x00000000f8e80000)
  to   space 116224K, 0% used [0x00000000f8e80000,0x00000000f8e80000,0x0000000100000000)
 ParOldGen       total 458752K, used 328477K [0x00000000c0000000, 0x00000000dc000000, 0x00000000eab00000)
  object space 458752K, 71% used [0x00000000c0000000,0x00000000d40c75b8,0x00000000dc000000)
 Metaspace       used 174013K, capacity 176876K, committed 177152K, reserved 1193984K
  class space    used 31415K, capacity 32148K, committed 32256K, reserved 1048576K
Event: 991,916 GC heap after
Heap after GC invocations=78 (full 6):
 PSYoungGen      total 232960K, used 60458K [0x00000000eab00000, 0x0000000100000000, 0x0000000100000000)
  eden space 116736K, 0% used [0x00000000eab00000,0x00000000eab00000,0x00000000f1d00000)
  from space 116224K, 52% used [0x00000000f8e80000,0x00000000fc98a850,0x0000000100000000)
  to   space 116224K, 0% used [0x00000000f1d00000,0x00000000f1d00000,0x00000000f8e80000)
 ParOldGen       total 458752K, used 349396K [0x00000000c0000000, 0x00000000dc000000, 0x00000000eab00000)
  object space 458752K, 76% used [0x00000000c0000000,0x00000000d5535328,0x00000000dc000000)
 Metaspace       used 174013K, capacity 176876K, committed 177152K, reserved 1193984K
  class space    used 31415K, capacity 32148K, committed 32256K, reserved 1048576K
}
Event: 994,133 GC heap before
{Heap before GC invocations=79 (full 6):
 PSYoungGen      total 232960K, used 177194K [0x00000000eab00000, 0x0000000100000000, 0x0000000100000000)
  eden space 116736K, 100% used [0x00000000eab00000,0x00000000f1d00000,0x00000000f1d00000)
  from space 116224K, 52% used [0x00000000f8e80000,0x00000000fc98a850,0x0000000100000000)
  to   space 116224K, 0% used [0x00000000f1d00000,0x00000000f1d00000,0x00000000f8e80000)
 ParOldGen       total 458752K, used 349396K [0x00000000c0000000, 0x00000000dc000000, 0x00000000eab00000)
  object space 458752K, 76% used [0x00000000c0000000,0x00000000d5535328,0x00000000dc000000)
 Metaspace       used 174054K, capacity 176880K, committed 177152K, reserved 1193984K
  class space    used 31415K, capacity 32148K, committed 32256K, reserved 1048576K
Event: 994,202 GC heap after
Heap after GC invocations=79 (full 6):
 PSYoungGen      total 160768K, used 44013K [0x00000000eab00000, 0x00000000ffb00000, 0x0000000100000000)
  eden space 116736K, 0% used [0x00000000eab00000,0x00000000eab00000,0x00000000f1d00000)
  from space 44032K, 99% used [0x00000000f1d00000,0x00000000f47fb4e0,0x00000000f4800000)
  to   space 113664K, 0% used [0x00000000f8c00000,0x00000000f8c00000,0x00000000ffb00000)
 ParOldGen       total 458752K, used 366585K [0x00000000c0000000, 0x00000000dc000000, 0x00000000eab00000)
  object space 458752K, 79% used [0x00000000c0000000,0x00000000d65fe710,0x00000000dc000000)
 Metaspace       used 174054K, capacity 176880K, committed 177152K, reserved 1193984K
  class space    used 31415K, capacity 32148K, committed 32256K, reserved 1048576K
}
Event: 995,732 GC heap before
{Heap before GC invocations=80 (full 6):
 PSYoungGen      total 160768K, used 156000K [0x00000000eab00000, 0x00000000ffb00000, 0x0000000100000000)
  eden space 116736K, 95% used [0x00000000eab00000,0x00000000f185cef0,0x00000000f1d00000)
  from space 44032K, 99% used [0x00000000f1d00000,0x00000000f47fb4e0,0x00000000f4800000)
  to   space 113664K, 0% used [0x00000000f8c00000,0x00000000f8c00000,0x00000000ffb00000)
 ParOldGen       total 458752K, used 366585K [0x00000000c0000000, 0x00000000dc000000, 0x00000000eab00000)
  object space 458752K, 79% used [0x00000000c0000000,0x00000000d65fe710,0x00000000dc000000)
 Metaspace       used 174174K, capacity 177040K, committed 177408K, reserved 1193984K
  class space    used 31421K, capacity 32180K, committed 32256K, reserved 1048576K
Event: 995,815 GC heap after
Heap after GC invocations=80 (full 6):
 PSYoungGen      total 236032K, used 41253K [0x00000000eab00000, 0x00000000fff80000, 0x0000000100000000)
  eden space 122368K, 0% used [0x00000000eab00000,0x00000000eab00000,0x00000000f2280000)
  from space 113664K, 36% used [0x00000000f8c00000,0x00000000fb4497e8,0x00000000ffb00000)
  to   space 108032K, 0% used [0x00000000f2280000,0x00000000f2280000,0x00000000f8c00000)
 ParOldGen       total 458752K, used 388773K [0x00000000c0000000, 0x00000000dc000000, 0x00000000eab00000)
  object space 458752K, 84% used [0x00000000c0000000,0x00000000d7ba9528,0x00000000dc000000)
 Metaspace       used 174174K, capacity 177040K, committed 177408K, reserved 1193984K
  class space    used 31421K, capacity 32180K, committed 32256K, reserved 1048576K
}
Event: 996,271 GC heap before
{Heap before GC invocations=81 (full 6):
 PSYoungGen      total 236032K, used 163621K [0x00000000eab00000, 0x00000000fff80000, 0x0000000100000000)
  eden space 122368K, 100% used [0x00000000eab00000,0x00000000f2280000,0x00000000f2280000)
  from space 113664K, 36% used [0x00000000f8c00000,0x00000000fb4497e8,0x00000000ffb00000)
  to   space 108032K, 0% used [0x00000000f2280000,0x00000000f2280000,0x00000000f8c00000)
 ParOldGen       total 458752K, used 388773K [0x00000000c0000000, 0x00000000dc000000, 0x00000000eab00000)
  object space 458752K, 84% used [0x00000000c0000000,0x00000000d7ba9528,0x00000000dc000000)
 Metaspace       used 174182K, capacity 177040K, committed 177408K, reserved 1193984K
  class space    used 31421K, capacity 32180K, committed 32256K, reserved 1048576K
Event: 996,320 GC heap after
Heap after GC invocations=81 (full 6):
 PSYoungGen      total 230400K, used 24631K [0x00000000eab00000, 0x00000000ff680000, 0x0000000100000000)
  eden space 122368K, 0% used [0x00000000eab00000,0x00000000eab00000,0x00000000f2280000)
  from space 108032K, 22% used [0x00000000f2280000,0x00000000f3a8dcb0,0x00000000f8c00000)
  to   space 105984K, 0% used [0x00000000f8f00000,0x00000000f8f00000,0x00000000ff680000)
 ParOldGen       total 458752K, used 409923K [0x00000000c0000000, 0x00000000dc000000, 0x00000000eab00000)
  object space 458752K, 89% used [0x00000000c0000000,0x00000000d9050c08,0x00000000dc000000)
 Metaspace       used 174182K, capacity 177040K, committed 177408K, reserved 1193984K
  class space    used 31421K, capacity 32180K, committed 32256K, reserved 1048576K
}
Event: 996,665 GC heap before
{Heap before GC invocations=82 (full 6):
 PSYoungGen      total 230400K, used 146999K [0x00000000eab00000, 0x00000000ff680000, 0x0000000100000000)
  eden space 122368K, 100% used [0x00000000eab00000,0x00000000f2280000,0x00000000f2280000)
  from space 108032K, 22% used [0x00000000f2280000,0x00000000f3a8dcb0,0x00000000f8c00000)
  to   space 105984K, 0% used [0x00000000f8f00000,0x00000000f8f00000,0x00000000ff680000)
 ParOldGen       total 458752K, used 409923K [0x00000000c0000000, 0x00000000dc000000, 0x00000000eab00000)
  object space 458752K, 89% used [0x00000000c0000000,0x00000000d9050c08,0x00000000dc000000)
 Metaspace       used 174186K, capacity 177040K, committed 177408K, reserved 1193984K
  class space    used 31421K, capacity 32180K, committed 32256K, reserved 1048576K
Event: 996,676 GC heap after
Heap after GC invocations=82 (full 6):
 PSYoungGen      total 236544K, used 33500K [0x00000000eab00000, 0x00000000ff500000, 0x0000000100000000)
  eden space 132096K, 0% used [0x00000000eab00000,0x00000000eab00000,0x00000000f2c00000)
  from space 104448K, 32% used [0x00000000f8f00000,0x00000000fafb7120,0x00000000ff500000)
  to   space 101376K, 0% used [0x00000000f2c00000,0x00000000f2c00000,0x00000000f8f00000)
 ParOldGen       total 458752K, used 412251K [0x00000000c0000000, 0x00000000dc000000, 0x00000000eab00000)
  object space 458752K, 89% used [0x00000000c0000000,0x00000000d9296cd0,0x00000000dc000000)
 Metaspace       used 174186K, capacity 177040K, committed 177408K, reserved 1193984K
  class space    used 31421K, capacity 32180K, committed 32256K, reserved 1048576K
}
Event: 997,029 GC heap before
{Heap before GC invocations=83 (full 6):
 PSYoungGen      total 236544K, used 165596K [0x00000000eab00000, 0x00000000ff500000, 0x0000000100000000)
  eden space 132096K, 100% used [0x00000000eab00000,0x00000000f2c00000,0x00000000f2c00000)
  from space 104448K, 32% used [0x00000000f8f00000,0x00000000fafb7120,0x00000000ff500000)
  to   space 101376K, 0% used [0x00000000f2c00000,0x00000000f2c00000,0x00000000f8f00000)
 ParOldGen       total 458752K, used 412251K [0x00000000c0000000, 0x00000000dc000000, 0x00000000eab00000)
  object space 458752K, 89% used [0x00000000c0000000,0x00000000d9296cd0,0x00000000dc000000)
 Metaspace       used 174186K, capacity 177040K, committed 177408K, reserved 1193984K
  class space    used 31421K, capacity 32180K, committed 32256K, reserved 1048576K
Event: 997,058 GC heap after
Heap after GC invocations=83 (full 6):
 PSYoungGen      total 233472K, used 64K [0x00000000eab00000, 0x0000000100000000, 0x0000000100000000)
  eden space 132096K, 0% used [0x00000000eab00000,0x00000000eab00000,0x00000000f2c00000)
  from space 101376K, 0% used [0x00000000f2c00000,0x00000000f2c10000,0x00000000f8f00000)
  to   space 102912K, 0% used [0x00000000f9b80000,0x00000000f9b80000,0x0000000100000000)
 ParOldGen       total 458752K, used 434531K [0x00000000c0000000, 0x00000000dc000000, 0x00000000eab00000)
  object space 458752K, 94% used [0x00000000c0000000,0x00000000da858ff0,0x00000000dc000000)
 Metaspace       used 174186K, capacity 177040K, committed 177408K, reserved 1193984K
  class space    used 31421K, capacity 32180K, committed 32256K, reserved 1048576K
}
Event: 997,058 GC heap before
{Heap before GC invocations=84 (full 7):
 PSYoungGen      total 233472K, used 64K [0x00000000eab00000, 0x0000000100000000, 0x0000000100000000)
  eden space 132096K, 0% used [0x00000000eab00000,0x00000000eab00000,0x00000000f2c00000)
  from space 101376K, 0% used [0x00000000f2c00000,0x00000000f2c10000,0x00000000f8f00000)
  to   space 102912K, 0% used [0x00000000f9b80000,0x00000000f9b80000,0x0000000100000000)
 ParOldGen       total 458752K, used 434531K [0x00000000c0000000, 0x00000000dc000000, 0x00000000eab00000)
  object space 458752K, 94% used [0x00000000c0000000,0x00000000da858ff0,0x00000000dc000000)
 Metaspace       used 174186K, capacity 177040K, committed 177408K, reserved 1193984K
  class space    used 31421K, capacity 32180K, committed 32256K, reserved 1048576K
Event: 998,322 GC heap after
Heap after GC invocations=84 (full 7):
 PSYoungGen      total 233472K, used 0K [0x00000000eab00000, 0x0000000100000000, 0x0000000100000000)
  eden space 132096K, 0% used [0x00000000eab00000,0x00000000eab00000,0x00000000f2c00000)
  from space 101376K, 0% used [0x00000000f2c00000,0x00000000f2c00000,0x00000000f8f00000)
  to   space 102912K, 0% used [0x00000000f9b80000,0x00000000f9b80000,0x0000000100000000)
 ParOldGen       total 534528K, used 321349K [0x00000000c0000000, 0x00000000e0a00000, 0x00000000eab00000)
  object space 534528K, 60% used [0x00000000c0000000,0x00000000d39d1440,0x00000000e0a00000)
 Metaspace       used 174133K, capacity 176952K, committed 177408K, reserved 1193984K
  class space    used 31408K, capacity 32156K, committed 32256K, reserved 1048576K
}
Event: 998,686 GC heap before
{Heap before GC invocations=85 (full 7):
 PSYoungGen      total 233472K, used 132096K [0x00000000eab00000, 0x0000000100000000, 0x0000000100000000)
  eden space 132096K, 100% used [0x00000000eab00000,0x00000000f2c00000,0x00000000f2c00000)
  from space 101376K, 0% used [0x00000000f2c00000,0x00000000f2c00000,0x00000000f8f00000)
  to   space 102912K, 0% used [0x00000000f9b80000,0x00000000f9b80000,0x0000000100000000)
 ParOldGen       total 534528K, used 321349K [0x00000000c0000000, 0x00000000e0a00000, 0x00000000eab00000)
  object space 534528K, 60% used [0x00000000c0000000,0x00000000d39d1440,0x00000000e0a00000)
 Metaspace       used 174135K, capacity 176952K, committed 177408K, reserved 1193984K
  class space    used 31408K, capacity 32156K, committed 32256K, reserved 1048576K
Event: 998,693 GC heap after
Heap after GC invocations=85 (full 7):
 PSYoungGen      total 245248K, used 96K [0x00000000eab00000, 0x0000000100000000, 0x0000000100000000)
  eden space 142336K, 0% used [0x00000000eab00000,0x00000000eab00000,0x00000000f3600000)
  from space 102912K, 0% used [0x00000000f9b80000,0x00000000f9b98000,0x0000000100000000)
  to   space 103424K, 0% used [0x00000000f3600000,0x00000000f3600000,0x00000000f9b00000)
 ParOldGen       total 534528K, used 321349K [0x00000000c0000000, 0x00000000e0a00000, 0x00000000eab00000)
  object space 534528K, 60% used [0x00000000c0000000,0x00000000d39d1440,0x00000000e0a00000)
 Metaspace       used 174135K, capacity 176952K, committed 177408K, reserved 1193984K
  class space    used 31408K, capacity 32156K, committed 32256K, reserved 1048576K
}
Event: 999,078 GC heap before
{Heap before GC invocations=86 (full 7):
 PSYoungGen      total 245248K, used 142432K [0x00000000eab00000, 0x0000000100000000, 0x0000000100000000)
  eden space 142336K, 100% used [0x00000000eab00000,0x00000000f3600000,0x00000000f3600000)
  from space 102912K, 0% used [0x00000000f9b80000,0x00000000f9b98000,0x0000000100000000)
  to   space 103424K, 0% used [0x00000000f3600000,0x00000000f3600000,0x00000000f9b00000)
 ParOldGen       total 534528K, used 321349K [0x00000000c0000000, 0x00000000e0a00000, 0x00000000eab00000)
  object space 534528K, 60% used [0x00000000c0000000,0x00000000d39d1440,0x00000000e0a00000)
 Metaspace       used 174135K, capacity 176952K, committed 177408K, reserved 1193984K
  class space    used 31408K, capacity 32156K, committed 32256K, reserved 1048576K
Event: 999,084 GC heap after
Heap after GC invocations=86 (full 7):
 PSYoungGen      total 142848K, used 96K [0x00000000eab00000, 0x00000000ffe80000, 0x0000000100000000)
  eden space 142336K, 0% used [0x00000000eab00000,0x00000000eab00000,0x00000000f3600000)
  from space 512K, 18% used [0x00000000f3600000,0x00000000f3618000,0x00000000f3680000)
  to   space 102400K, 0% used [0x00000000f9a80000,0x00000000f9a80000,0x00000000ffe80000)
 ParOldGen       total 534528K, used 321365K [0x00000000c0000000, 0x00000000e0a00000, 0x00000000eab00000)
  object space 534528K, 60% used [0x00000000c0000000,0x00000000d39d5440,0x00000000e0a00000)
 Metaspace       used 174135K, capacity 176952K, committed 177408K, reserved 1193984K
  class space    used 31408K, capacity 32156K, committed 32256K, reserved 1048576K
}
Event: 999,462 GC heap before
{Heap before GC invocations=87 (full 7):
 PSYoungGen      total 142848K, used 130061K [0x00000000eab00000, 0x00000000ffe80000, 0x0000000100000000)
  eden space 142336K, 91% used [0x00000000eab00000,0x00000000f29eb6c0,0x00000000f3600000)
  from space 512K, 18% used [0x00000000f3600000,0x00000000f3618000,0x00000000f3680000)
  to   space 102400K, 0% used [0x00000000f9a80000,0x00000000f9a80000,0x00000000ffe80000)
 ParOldGen       total 534528K, used 321365K [0x00000000c0000000, 0x00000000e0a00000, 0x00000000eab00000)
  object space 534528K, 60% used [0x00000000c0000000,0x00000000d39d5440,0x00000000e0a00000)
 Metaspace       used 174135K, capacity 176952K, committed 177408K, reserved 1193984K
  class space    used 31408K, capacity 32156K, committed 32256K, reserved 1048576K
Event: 999,468 GC heap after
Heap after GC invocations=87 (full 7):
 PSYoungGen      total 246784K, used 96K [0x00000000eab00000, 0x0000000100000000, 0x0000000100000000)
  eden space 144384K, 0% used [0x00000000eab00000,0x00000000eab00000,0x00000000f3800000)
  from space 102400K, 0% used [0x00000000f9a80000,0x00000000f9a98000,0x00000000ffe80000)
  to   space 100864K, 0% used [0x00000000f3800000,0x00000000f3800000,0x00000000f9a80000)
 ParOldGen       total 534528K, used 321365K [0x00000000c0000000, 0x00000000e0a00000, 0x00000000eab00000)
  object space 534528K, 60% used [0x00000000c0000000,0x00000000d39d5440,0x00000000e0a00000)
 Metaspace       used 174135K, capacity 176952K, committed 177408K, reserved 1193984K
  class space    used 31408K, capacity 32156K, committed 32256K, reserved 1048576K
}
Event: 999,943 GC heap before
{Heap before GC invocations=88 (full 7):
 PSYoungGen      total 246784K, used 144480K [0x00000000eab00000, 0x0000000100000000, 0x0000000100000000)
  eden space 144384K, 100% used [0x00000000eab00000,0x00000000f3800000,0x00000000f3800000)
  from space 102400K, 0% used [0x00000000f9a80000,0x00000000f9a98000,0x00000000ffe80000)
  to   space 100864K, 0% used [0x00000000f3800000,0x00000000f3800000,0x00000000f9a80000)
 ParOldGen       total 534528K, used 321365K [0x00000000c0000000, 0x00000000e0a00000, 0x00000000eab00000)
  object space 534528K, 60% used [0x00000000c0000000,0x00000000d39d5440,0x00000000e0a00000)
 Metaspace       used 174135K, capacity 176952K, committed 177408K, reserved 1193984K
  class space    used 31408K, capacity 32156K, committed 32256K, reserved 1048576K
Event: 999,954 GC heap after
Heap after GC invocations=88 (full 7):
 PSYoungGen      total 245248K, used 50793K [0x00000000eab00000, 0x0000000100000000, 0x0000000100000000)
  eden space 144384K, 0% used [0x00000000eab00000,0x00000000eab00000,0x00000000f3800000)
  from space 100864K, 50% used [0x00000000f3800000,0x00000000f699a6a0,0x00000000f9a80000)
  to   space 101888K, 0% used [0x00000000f9c80000,0x00000000f9c80000,0x0000000100000000)
 ParOldGen       total 534528K, used 321381K [0x00000000c0000000, 0x00000000e0a00000, 0x00000000eab00000)
  object space 534528K, 60% used [0x00000000c0000000,0x00000000d39d9440,0x00000000e0a00000)
 Metaspace       used 174135K, capacity 176952K, committed 177408K, reserved 1193984K
  class space    used 31408K, capacity 32156K, committed 32256K, reserved 1048576K
}
Event: 1000,356 GC heap before
{Heap before GC invocations=89 (full 7):
 PSYoungGen      total 245248K, used 195177K [0x00000000eab00000, 0x0000000100000000, 0x0000000100000000)
  eden space 144384K, 100% used [0x00000000eab00000,0x00000000f3800000,0x00000000f3800000)
  from space 100864K, 50% used [0x00000000f3800000,0x00000000f699a6a0,0x00000000f9a80000)
  to   space 101888K, 0% used [0x00000000f9c80000,0x00000000f9c80000,0x0000000100000000)
 ParOldGen       total 534528K, used 321381K [0x00000000c0000000, 0x00000000e0a00000, 0x00000000eab00000)
  object space 534528K, 60% used [0x00000000c0000000,0x00000000d39d9440,0x00000000e0a00000)
 Metaspace       used 174135K, capacity 176952K, committed 177408K, reserved 1193984K
  class space    used 31408K, capacity 32156K, committed 32256K, reserved 1048576K
Event: 1000,365 GC heap after
Heap after GC invocations=89 (full 7):
 PSYoungGen      total 245248K, used 64K [0x00000000eab00000, 0x00000000ffd00000, 0x0000000100000000)
  eden space 146432K, 0% used [0x00000000eab00000,0x00000000eab00000,0x00000000f3a00000)
  from space 98816K, 0% used [0x00000000f9c80000,0x00000000f9c90000,0x00000000ffd00000)
  to   space 99840K, 0% used [0x00000000f3a00000,0x00000000f3a00000,0x00000000f9b80000)
 ParOldGen       total 534528K, used 360999K [0x00000000c0000000, 0x00000000e0a00000, 0x00000000eab00000)
  object space 534528K, 67% used [0x00000000c0000000,0x00000000d6089e08,0x00000000e0a00000)
 Metaspace       used 174135K, capacity 176952K, committed 177408K, reserved 1193984K
  class space    used 31408K, capacity 32156K, committed 32256K, reserved 1048576K
}
Event: 1000,769 GC heap before
{Heap before GC invocations=90 (full 7):
 PSYoungGen      total 245248K, used 146496K [0x00000000eab00000, 0x00000000ffd00000, 0x0000000100000000)
  eden space 146432K, 100% used [0x00000000eab00000,0x00000000f3a00000,0x00000000f3a00000)
  from space 98816K, 0% used [0x00000000f9c80000,0x00000000f9c90000,0x00000000ffd00000)
  to   space 99840K, 0% used [0x00000000f3a00000,0x00000000f3a00000,0x00000000f9b80000)
 ParOldGen       total 534528K, used 360999K [0x00000000c0000000, 0x00000000e0a00000, 0x00000000eab00000)
  object space 534528K, 67% used [0x00000000c0000000,0x00000000d6089e08,0x00000000e0a00000)
 Metaspace       used 174135K, capacity 176952K, committed 177408K, reserved 1193984K
  class space    used 31408K, capacity 32156K, committed 32256K, reserved 1048576K
Event: 1000,775 GC heap after
Heap after GC invocations=90 (full 7):
 PSYoungGen      total 246272K, used 96K [0x00000000eab00000, 0x00000000ffc00000, 0x0000000100000000)
  eden space 146432K, 0% used [0x00000000eab00000,0x00000000eab00000,0x00000000f3a00000)
  from space 99840K, 0% used [0x00000000f3a00000,0x00000000f3a18000,0x00000000f9b80000)
  to   space 97280K, 0% used [0x00000000f9d00000,0x00000000f9d00000,0x00000000ffc00000)
 ParOldGen       total 534528K, used 360999K [0x00000000c0000000, 0x00000000e0a00000, 0x00000000eab00000)
  object space 534528K, 67% used [0x00000000c0000000,0x00000000d6089e08,0x00000000e0a00000)
 Metaspace       used 174135K, capacity 176952K, committed 177408K, reserved 1193984K
  class space    used 31408K, capacity 32156K, committed 32256K, reserved 1048576K
}
Event: 1001,182 GC heap before
{Heap before GC invocations=91 (full 7):
 PSYoungGen      total 246272K, used 146528K [0x00000000eab00000, 0x00000000ffc00000, 0x0000000100000000)
  eden space 146432K, 100% used [0x00000000eab00000,0x00000000f3a00000,0x00000000f3a00000)
  from space 99840K, 0% used [0x00000000f3a00000,0x00000000f3a18000,0x00000000f9b80000)
  to   space 97280K, 0% used [0x00000000f9d00000,0x00000000f9d00000,0x00000000ffc00000)
 ParOldGen       total 534528K, used 360999K [0x00000000c0000000, 0x00000000e0a00000, 0x00000000eab00000)
  object space 534528K, 67% used [0x00000000c0000000,0x00000000d6089e08,0x00000000e0a00000)
 Metaspace       used 174135K, capacity 176952K, committed 177408K, reserved 1193984K
  class space    used 31408K, capacity 32156K, committed 32256K, reserved 1048576K
Event: 1001,188 GC heap after
Heap after GC invocations=91 (full 7):
 PSYoungGen      total 244736K, used 96K [0x00000000eab00000, 0x00000000ff780000, 0x0000000100000000)
  eden space 152064K, 0% used [0x00000000eab00000,0x00000000eab00000,0x00000000f3f80000)
  from space 92672K, 0% used [0x00000000f9d00000,0x00000000f9d18000,0x00000000ff780000)
  to   space 94208K, 0% used [0x00000000f3f80000,0x00000000f3f80000,0x00000000f9b80000)
 ParOldGen       total 534528K, used 361015K [0x00000000c0000000, 0x00000000e0a00000, 0x00000000eab00000)
  object space 534528K, 67% used [0x00000000c0000000,0x00000000d608de08,0x00000000e0a00000)
 Metaspace       used 174135K, capacity 176952K, committed 177408K, reserved 1193984K
  class space    used 31408K, capacity 32156K, committed 32256K, reserved 1048576K
}
Event: 1001,605 GC heap before
{Heap before GC invocations=92 (full 7):
 PSYoungGen      total 244736K, used 152160K [0x00000000eab00000, 0x00000000ff780000, 0x0000000100000000)
  eden space 152064K, 100% used [0x00000000eab00000,0x00000000f3f80000,0x00000000f3f80000)
  from space 92672K, 0% used [0x00000000f9d00000,0x00000000f9d18000,0x00000000ff780000)
  to   space 94208K, 0% used [0x00000000f3f80000,0x00000000f3f80000,0x00000000f9b80000)
 ParOldGen       total 534528K, used 361015K [0x00000000c0000000, 0x00000000e0a00000, 0x00000000eab00000)
  object space 534528K, 67% used [0x00000000c0000000,0x00000000d608de08,0x00000000e0a00000)
 Metaspace       used 174135K, capacity 176952K, committed 177408K, reserved 1193984K
  class space    used 31408K, capacity 32156K, committed 32256K, reserved 1048576K
Event: 1001,611 GC heap after
Heap after GC invocations=92 (full 7):
 PSYoungGen      total 246272K, used 64K [0x00000000eab00000, 0x00000000ffb80000, 0x0000000100000000)
  eden space 152064K, 0% used [0x00000000eab00000,0x00000000eab00000,0x00000000f3f80000)
  from space 94208K, 0% used [0x00000000f3f80000,0x00000000f3f90000,0x00000000f9b80000)
  to   space 91136K, 0% used [0x00000000fa280000,0x00000000fa280000,0x00000000ffb80000)
 ParOldGen       total 534528K, used 361031K [0x00000000c0000000, 0x00000000e0a00000, 0x00000000eab00000)
  object space 534528K, 67% used [0x00000000c0000000,0x00000000d6091e08,0x00000000e0a00000)
 Metaspace       used 174135K, capacity 176952K, committed 177408K, reserved 1193984K
  class space    used 31408K, capacity 32156K, committed 32256K, reserved 1048576K
}
Event: 1002,288 GC heap before
{Heap before GC invocations=93 (full 7):
 PSYoungGen      total 246272K, used 152128K [0x00000000eab00000, 0x00000000ffb80000, 0x0000000100000000)
  eden space 152064K, 100% used [0x00000000eab00000,0x00000000f3f80000,0x00000000f3f80000)
  from space 94208K, 0% used [0x00000000f3f80000,0x00000000f3f90000,0x00000000f9b80000)
  to   space 91136K, 0% used [0x00000000fa280000,0x00000000fa280000,0x00000000ffb80000)
 ParOldGen       total 534528K, used 361031K [0x00000000c0000000, 0x00000000e0a00000, 0x00000000eab00000)
  object space 534528K, 67% used [0x00000000c0000000,0x00000000d6091e08,0x00000000e0a00000)
 Metaspace       used 174137K, capacity 176952K, committed 177408K, reserved 1193984K
  class space    used 31408K, capacity 32156K, committed 32256K, reserved 1048576K
Event: 1002,301 GC heap after
Heap after GC invocations=93 (full 7):
 PSYoungGen      total 243200K, used 17071K [0x00000000eab00000, 0x00000000ff000000, 0x0000000100000000)
  eden space 163840K, 0% used [0x00000000eab00000,0x00000000eab00000,0x00000000f4b00000)
  from space 79360K, 21% used [0x00000000fa280000,0x00000000fb32bf98,0x00000000ff000000)
  to   space 84480K, 0% used [0x00000000f4b00000,0x00000000f4b00000,0x00000000f9d80000)
 ParOldGen       total 534528K, used 361031K [0x00000000c0000000, 0x00000000e0a00000, 0x00000000eab00000)
  object space 534528K, 67% used [0x00000000c0000000,0x00000000d6091e08,0x00000000e0a00000)
 Metaspace       used 174137K, capacity 176952K, committed 177408K, reserved 1193984K
  class space    used 31408K, capacity 32156K, committed 32256K, reserved 1048576K
}
Event: 1004,087 GC heap before
{Heap before GC invocations=94 (full 7):
 PSYoungGen      total 243200K, used 180911K [0x00000000eab00000, 0x00000000ff000000, 0x0000000100000000)
  eden space 163840K, 100% used [0x00000000eab00000,0x00000000f4b00000,0x00000000f4b00000)
  from space 79360K, 21% used [0x00000000fa280000,0x00000000fb32bf98,0x00000000ff000000)
  to   space 84480K, 0% used [0x00000000f4b00000,0x00000000f4b00000,0x00000000f9d80000)
 ParOldGen       total 534528K, used 361031K [0x00000000c0000000, 0x00000000e0a00000, 0x00000000eab00000)
  object space 534528K, 67% used [0x00000000c0000000,0x00000000d6091e08,0x00000000e0a00000)
 Metaspace       used 174160K, capacity 177016K, committed 177408K, reserved 1193984K
  class space    used 31410K, capacity 32156K, committed 32256K, reserved 1048576K
Event: 1004,098 GC heap after
Heap after GC invocations=94 (full 7):
 PSYoungGen      total 248320K, used 3545K [0x00000000eab00000, 0x00000000ff800000, 0x0000000100000000)
  eden space 163840K, 0% used [0x00000000eab00000,0x00000000eab00000,0x00000000f4b00000)
  from space 84480K, 4% used [0x00000000f4b00000,0x00000000f4e76610,0x00000000f9d80000)
  to   space 80896K, 0% used [0x00000000fa900000,0x00000000fa900000,0x00000000ff800000)
 ParOldGen       total 534528K, used 377951K [0x00000000c0000000, 0x00000000e0a00000, 0x00000000eab00000)
  object space 534528K, 70% used [0x00000000c0000000,0x00000000d7117cf0,0x00000000e0a00000)
 Metaspace       used 174160K, capacity 177016K, committed 177408K, reserved 1193984K
  class space    used 31410K, capacity 32156K, committed 32256K, reserved 1048576K
}
Event: 1005,561 GC heap before
{Heap before GC invocations=95 (full 7):
 PSYoungGen      total 248320K, used 167385K [0x00000000eab00000, 0x00000000ff800000, 0x0000000100000000)
  eden space 163840K, 100% used [0x00000000eab00000,0x00000000f4b00000,0x00000000f4b00000)
  from space 84480K, 4% used [0x00000000f4b00000,0x00000000f4e76610,0x00000000f9d80000)
  to   space 80896K, 0% used [0x00000000fa900000,0x00000000fa900000,0x00000000ff800000)
 ParOldGen       total 534528K, used 377951K [0x00000000c0000000, 0x00000000e0a00000, 0x00000000eab00000)
  object space 534528K, 70% used [0x00000000c0000000,0x00000000d7117cf0,0x00000000e0a00000)
 Metaspace       used 174167K, capacity 177020K, committed 177408K, reserved 1193984K
  class space    used 31410K, capacity 32156K, committed 32256K, reserved 1048576K
Event: 1005,575 GC heap after
Heap after GC invocations=95 (full 7):
 PSYoungGen      total 247808K, used 12374K [0x00000000eab00000, 0x00000000fed00000, 0x0000000100000000)
  eden space 178176K, 0% used [0x00000000eab00000,0x00000000eab00000,0x00000000f5900000)
  from space 69632K, 17% used [0x00000000fa900000,0x00000000fb515a10,0x00000000fed00000)
  to   space 75776K, 0% used [0x00000000f5900000,0x00000000f5900000,0x00000000fa300000)
 ParOldGen       total 534528K, used 377951K [0x00000000c0000000, 0x00000000e0a00000, 0x00000000eab00000)
  object space 534528K, 70% used [0x00000000c0000000,0x00000000d7117cf0,0x00000000e0a00000)
 Metaspace       used 174167K, capacity 177020K, committed 177408K, reserved 1193984K
  class space    used 31410K, capacity 32156K, committed 32256K, reserved 1048576K
}
Event: 1010,396 GC heap before
{Heap before GC invocations=96 (full 7):
 PSYoungGen      total 247808K, used 190550K [0x00000000eab00000, 0x00000000fed00000, 0x0000000100000000)
  eden space 178176K, 100% used [0x00000000eab00000,0x00000000f5900000,0x00000000f5900000)
  from space 69632K, 17% used [0x00000000fa900000,0x00000000fb515a10,0x00000000fed00000)
  to   space 75776K, 0% used [0x00000000f5900000,0x00000000f5900000,0x00000000fa300000)
 ParOldGen       total 534528K, used 377951K [0x00000000c0000000, 0x00000000e0a00000, 0x00000000eab00000)
  object space 534528K, 70% used [0x00000000c0000000,0x00000000d7117cf0,0x00000000e0a00000)
 Metaspace       used 174502K, capacity 177298K, committed 177664K, reserved 1193984K
  class space    used 31431K, capacity 32159K, committed 32256K, reserved 1048576K
Event: 1010,413 GC heap after
Heap after GC invocations=96 (full 7):
 PSYoungGen      total 253952K, used 15241K [0x00000000eab00000, 0x00000000fef80000, 0x0000000100000000)
  eden space 178176K, 0% used [0x00000000eab00000,0x00000000eab00000,0x00000000f5900000)
  from space 75776K, 20% used [0x00000000f5900000,0x00000000f67e2680,0x00000000fa300000)
  to   space 70144K, 0% used [0x00000000fab00000,0x00000000fab00000,0x00000000fef80000)
 ParOldGen       total 534528K, used 377951K [0x00000000c0000000, 0x00000000e0a00000, 0x00000000eab00000)
  object space 534528K, 70% used [0x00000000c0000000,0x00000000d7117cf0,0x00000000e0a00000)
 Metaspace       used 174502K, capacity 177298K, committed 177664K, reserved 1193984K
  class space    used 31431K, capacity 32159K, committed 32256K, reserved 1048576K
}
Event: 1850,773 GC heap before
{Heap before GC invocations=97 (full 7):
 PSYoungGen      total 253952K, used 193417K [0x00000000eab00000, 0x00000000fef80000, 0x0000000100000000)
  eden space 178176K, 100% used [0x00000000eab00000,0x00000000f5900000,0x00000000f5900000)
  from space 75776K, 20% used [0x00000000f5900000,0x00000000f67e2680,0x00000000fa300000)
  to   space 70144K, 0% used [0x00000000fab00000,0x00000000fab00000,0x00000000fef80000)
 ParOldGen       total 534528K, used 377951K [0x00000000c0000000, 0x00000000e0a00000, 0x00000000eab00000)
  object space 534528K, 70% used [0x00000000c0000000,0x00000000d7117cf0,0x00000000e0a00000)
 Metaspace       used 195419K, capacity 198350K, committed 198656K, reserved 1212416K
  class space    used 35572K, capacity 36311K, committed 36352K, reserved 1048576K
Event: 1850,825 GC heap after
Heap after GC invocations=97 (full 7):
 PSYoungGen      total 258048K, used 42206K [0x00000000eab00000, 0x00000000ff500000, 0x0000000100000000)
  eden space 187904K, 0% used [0x00000000eab00000,0x00000000eab00000,0x00000000f6280000)
  from space 70144K, 60% used [0x00000000fab00000,0x00000000fd4378e0,0x00000000fef80000)
  to   space 74240K, 0% used [0x00000000f6280000,0x00000000f6280000,0x00000000fab00000)
 ParOldGen       total 534528K, used 377959K [0x00000000c0000000, 0x00000000e0a00000, 0x00000000eab00000)
  object space 534528K, 70% used [0x00000000c0000000,0x00000000d7119cf0,0x00000000e0a00000)
 Metaspace       used 195419K, capacity 198350K, committed 198656K, reserved 1212416K
  class space    used 35572K, capacity 36311K, committed 36352K, reserved 1048576K
}
Event: 1864,143 GC heap before
{Heap before GC invocations=98 (full 7):
 PSYoungGen      total 258048K, used 230110K [0x00000000eab00000, 0x00000000ff500000, 0x0000000100000000)
  eden space 187904K, 100% used [0x00000000eab00000,0x00000000f6280000,0x00000000f6280000)
  from space 70144K, 60% used [0x00000000fab00000,0x00000000fd4378e0,0x00000000fef80000)
  to   space 74240K, 0% used [0x00000000f6280000,0x00000000f6280000,0x00000000fab00000)
 ParOldGen       total 534528K, used 377959K [0x00000000c0000000, 0x00000000e0a00000, 0x00000000eab00000)
  object space 534528K, 70% used [0x00000000c0000000,0x00000000d7119cf0,0x00000000e0a00000)
 Metaspace       used 198284K, capacity 201362K, committed 201728K, reserved 1214464K
  class space    used 35962K, capacity 36752K, committed 36864K, reserved 1048576K
Event: 1864,203 GC heap after
Heap after GC invocations=98 (full 7):
 PSYoungGen      total 262144K, used 44650K [0x00000000eab00000, 0x0000000100000000, 0x0000000100000000)
  eden space 187904K, 0% used [0x00000000eab00000,0x00000000eab00000,0x00000000f6280000)
  from space 74240K, 60% used [0x00000000f6280000,0x00000000f8e1aae0,0x00000000fab00000)
  to   space 77824K, 0% used [0x00000000fb400000,0x00000000fb400000,0x0000000100000000)
 ParOldGen       total 534528K, used 377959K [0x00000000c0000000, 0x00000000e0a00000, 0x00000000eab00000)
  object space 534528K, 70% used [0x00000000c0000000,0x00000000d7119cf0,0x00000000e0a00000)
 Metaspace       used 198284K, capacity 201362K, committed 201728K, reserved 1214464K
  class space    used 35962K, capacity 36752K, committed 36864K, reserved 1048576K
}
Event: 1866,951 GC heap before
{Heap before GC invocations=99 (full 7):
 PSYoungGen      total 262144K, used 232554K [0x00000000eab00000, 0x0000000100000000, 0x0000000100000000)
  eden space 187904K, 100% used [0x00000000eab00000,0x00000000f6280000,0x00000000f6280000)
  from space 74240K, 60% used [0x00000000f6280000,0x00000000f8e1aae0,0x00000000fab00000)
  to   space 77824K, 0% used [0x00000000fb400000,0x00000000fb400000,0x0000000100000000)
 ParOldGen       total 534528K, used 377959K [0x00000000c0000000, 0x00000000e0a00000, 0x00000000eab00000)
  object space 534528K, 70% used [0x00000000c0000000,0x00000000d7119cf0,0x00000000e0a00000)
 Metaspace       used 204362K, capacity 207430K, committed 207488K, reserved 1218560K
  class space    used 37458K, capacity 38261K, committed 38272K, reserved 1048576K
Event: 1867,046 GC heap after
Heap after GC invocations=99 (full 7):
 PSYoungGen      total 254976K, used 59806K [0x00000000eab00000, 0x0000000100000000, 0x0000000100000000)
  eden space 177152K, 0% used [0x00000000eab00000,0x00000000eab00000,0x00000000f5800000)
  from space 77824K, 76% used [0x00000000fb400000,0x00000000fee67878,0x0000000100000000)
  to   space 86016K, 0% used [0x00000000f5800000,0x00000000f5800000,0x00000000fac00000)
 ParOldGen       total 534528K, used 377959K [0x00000000c0000000, 0x00000000e0a00000, 0x00000000eab00000)
  object space 534528K, 70% used [0x00000000c0000000,0x00000000d7119cf0,0x00000000e0a00000)
 Metaspace       used 204362K, capacity 207430K, committed 207488K, reserved 1218560K
  class space    used 37458K, capacity 38261K, committed 38272K, reserved 1048576K
}
Event: 1868,194 GC heap before
{Heap before GC invocations=100 (full 7):
 PSYoungGen      total 254976K, used 236958K [0x00000000eab00000, 0x0000000100000000, 0x0000000100000000)
  eden space 177152K, 100% used [0x00000000eab00000,0x00000000f5800000,0x00000000f5800000)
  from space 77824K, 76% used [0x00000000fb400000,0x00000000fee67878,0x0000000100000000)
  to   space 86016K, 0% used [0x00000000f5800000,0x00000000f5800000,0x00000000fac00000)
 ParOldGen       total 534528K, used 377959K [0x00000000c0000000, 0x00000000e0a00000, 0x00000000eab00000)
  object space 534528K, 70% used [0x00000000c0000000,0x00000000d7119cf0,0x00000000e0a00000)
 Metaspace       used 204894K, capacity 208010K, committed 208128K, reserved 1218560K
  class space    used 37567K, capacity 38389K, committed 38400K, reserved 1048576K
Event: 1868,331 GC heap after
Heap after GC invocations=100 (full 7):
 PSYoungGen      total 237568K, used 60089K [0x00000000eab00000, 0x0000000100000000, 0x0000000100000000)
  eden space 177152K, 0% used [0x00000000eab00000,0x00000000eab00000,0x00000000f5800000)
  from space 60416K, 99% used [0x00000000f5800000,0x00000000f92ae628,0x00000000f9300000)
  to   space 92672K, 0% used [0x00000000fa580000,0x00000000fa580000,0x0000000100000000)
 ParOldGen       total 534528K, used 377959K [0x00000000c0000000, 0x00000000e0a00000, 0x00000000eab00000)
  object space 534528K, 70% used [0x00000000c0000000,0x00000000d7119cf0,0x00000000e0a00000)
 Metaspace       used 204894K, capacity 208010K, committed 208128K, reserved 1218560K
  class space    used 37567K, capacity 38389K, committed 38400K, reserved 1048576K
}
Event: 1870,905 GC heap before
{Heap before GC invocations=101 (full 7):
 PSYoungGen      total 237568K, used 237241K [0x00000000eab00000, 0x0000000100000000, 0x0000000100000000)
  eden space 177152K, 100% used [0x00000000eab00000,0x00000000f5800000,0x00000000f5800000)
  from space 60416K, 99% used [0x00000000f5800000,0x00000000f92ae628,0x00000000f9300000)
  to   space 92672K, 0% used [0x00000000fa580000,0x00000000fa580000,0x0000000100000000)
 ParOldGen       total 534528K, used 377959K [0x00000000c0000000, 0x00000000e0a00000, 0x00000000eab00000)
  object space 534528K, 70% used [0x00000000c0000000,0x00000000d7119cf0,0x00000000e0a00000)
 Metaspace       used 206318K, capacity 209408K, committed 209664K, reserved 1220608K
  class space    used 37765K, capacity 38554K, committed 38656K, reserved 1048576K
Event: 1871,014 GC heap after
Heap after GC invocations=101 (full 7):
 PSYoungGen      total 245248K, used 60735K [0x00000000eab00000, 0x0000000100000000, 0x0000000100000000)
  eden space 152576K, 0% used [0x00000000eab00000,0x00000000eab00000,0x00000000f4000000)
  from space 92672K, 65% used [0x00000000fa580000,0x00000000fe0cffb0,0x0000000100000000)
  to   space 98304K, 0% used [0x00000000f4000000,0x00000000f4000000,0x00000000fa000000)
 ParOldGen       total 534528K, used 390098K [0x00000000c0000000, 0x00000000e0a00000, 0x00000000eab00000)
  object space 534528K, 72% used [0x00000000c0000000,0x00000000d7cf49e0,0x00000000e0a00000)
 Metaspace       used 206318K, capacity 209408K, committed 209664K, reserved 1220608K
  class space    used 37765K, capacity 38554K, committed 38656K, reserved 1048576K
}
Event: 1872,803 GC heap before
{Heap before GC invocations=102 (full 7):
 PSYoungGen      total 245248K, used 213311K [0x00000000eab00000, 0x0000000100000000, 0x0000000100000000)
  eden space 152576K, 100% used [0x00000000eab00000,0x00000000f4000000,0x00000000f4000000)
  from space 92672K, 65% used [0x00000000fa580000,0x00000000fe0cffb0,0x0000000100000000)
  to   space 98304K, 0% used [0x00000000f4000000,0x00000000f4000000,0x00000000fa000000)
 ParOldGen       total 534528K, used 390098K [0x00000000c0000000, 0x00000000e0a00000, 0x00000000eab00000)
  object space 534528K, 72% used [0x00000000c0000000,0x00000000d7cf49e0,0x00000000e0a00000)
 Metaspace       used 206612K, capacity 209680K, committed 209920K, reserved 1220608K
  class space    used 37768K, capacity 38558K, committed 38656K, reserved 1048576K
Event: 1872,935 GC heap after
Heap after GC invocations=102 (full 7):
 PSYoungGen      total 216576K, used 63809K [0x00000000eab00000, 0x0000000100000000, 0x0000000100000000)
  eden space 152576K, 0% used [0x00000000eab00000,0x00000000eab00000,0x00000000f4000000)
  from space 64000K, 99% used [0x00000000f4000000,0x00000000f7e50570,0x00000000f7e80000)
  to   space 102912K, 0% used [0x00000000f9b80000,0x00000000f9b80000,0x0000000100000000)
 ParOldGen       total 534528K, used 403302K [0x00000000c0000000, 0x00000000e0a00000, 0x00000000eab00000)
  object space 534528K, 75% used [0x00000000c0000000,0x00000000d89d9958,0x00000000e0a00000)
 Metaspace       used 206612K, capacity 209680K, committed 209920K, reserved 1220608K
  class space    used 37768K, capacity 38558K, committed 38656K, reserved 1048576K
}
Event: 1875,258 GC heap before
{Heap before GC invocations=103 (full 7):
 PSYoungGen      total 216576K, used 216385K [0x00000000eab00000, 0x0000000100000000, 0x0000000100000000)
  eden space 152576K, 100% used [0x00000000eab00000,0x00000000f4000000,0x00000000f4000000)
  from space 64000K, 99% used [0x00000000f4000000,0x00000000f7e50570,0x00000000f7e80000)
  to   space 102912K, 0% used [0x00000000f9b80000,0x00000000f9b80000,0x0000000100000000)
 ParOldGen       total 534528K, used 403302K [0x00000000c0000000, 0x00000000e0a00000, 0x00000000eab00000)
  object space 534528K, 75% used [0x00000000c0000000,0x00000000d89d9958,0x00000000e0a00000)
 Metaspace       used 206741K, capacity 209808K, committed 210176K, reserved 1220608K
  class space    used 37770K, capacity 38558K, committed 38656K, reserved 1048576K
Event: 1875,409 GC heap after
Heap after GC invocations=103 (full 7):
 PSYoungGen      total 249856K, used 44333K [0x00000000eab00000, 0x0000000100000000, 0x0000000100000000)
  eden space 146944K, 0% used [0x00000000eab00000,0x00000000eab00000,0x00000000f3a80000)
  from space 102912K, 43% used [0x00000000f9b80000,0x00000000fc6cb4e0,0x0000000100000000)
  to   space 99328K, 0% used [0x00000000f3a80000,0x00000000f3a80000,0x00000000f9b80000)
 ParOldGen       total 534528K, used 428403K [0x00000000c0000000, 0x00000000e0a00000, 0x00000000eab00000)
  object space 534528K, 80% used [0x00000000c0000000,0x00000000da25cfc8,0x00000000e0a00000)
 Metaspace       used 206741K, capacity 209808K, committed 210176K, reserved 1220608K
  class space    used 37770K, capacity 38558K, committed 38656K, reserved 1048576K
}
Event: 1877,576 GC heap before
{Heap before GC invocations=104 (full 7):
 PSYoungGen      total 249856K, used 190777K [0x00000000eab00000, 0x0000000100000000, 0x0000000100000000)
  eden space 146944K, 99% used [0x00000000eab00000,0x00000000f3a03278,0x00000000f3a80000)
  from space 102912K, 43% used [0x00000000f9b80000,0x00000000fc6cb4e0,0x0000000100000000)
  to   space 99328K, 0% used [0x00000000f3a80000,0x00000000f3a80000,0x00000000f9b80000)
 ParOldGen       total 534528K, used 428403K [0x00000000c0000000, 0x00000000e0a00000, 0x00000000eab00000)
  object space 534528K, 80% used [0x00000000c0000000,0x00000000da25cfc8,0x00000000e0a00000)
 Metaspace       used 206867K, capacity 209968K, committed 210176K, reserved 1220608K
  class space    used 37776K, capacity 38590K, committed 38656K, reserved 1048576K
Event: 1877,637 GC heap after
Heap after GC invocations=104 (full 7):
 PSYoungGen      total 175104K, used 27822K [0x00000000eab00000, 0x00000000ff380000, 0x0000000100000000)
  eden space 146944K, 0% used [0x00000000eab00000,0x00000000eab00000,0x00000000f3a80000)
  from space 28160K, 98% used [0x00000000f3a80000,0x00000000f55ab898,0x00000000f5600000)
  to   space 94720K, 0% used [0x00000000f9700000,0x00000000f9700000,0x00000000ff380000)
 ParOldGen       total 534528K, used 449042K [0x00000000c0000000, 0x00000000e0a00000, 0x00000000eab00000)
  object space 534528K, 84% used [0x00000000c0000000,0x00000000db684b18,0x00000000e0a00000)
 Metaspace       used 206867K, capacity 209968K, committed 210176K, reserved 1220608K
  class space    used 37776K, capacity 38590K, committed 38656K, reserved 1048576K
}
Event: 1878,089 GC heap before
{Heap before GC invocations=105 (full 7):
 PSYoungGen      total 175104K, used 174766K [0x00000000eab00000, 0x00000000ff380000, 0x0000000100000000)
  eden space 146944K, 100% used [0x00000000eab00000,0x00000000f3a80000,0x00000000f3a80000)
  from space 28160K, 98% used [0x00000000f3a80000,0x00000000f55ab898,0x00000000f5600000)
  to   space 94720K, 0% used [0x00000000f9700000,0x00000000f9700000,0x00000000ff380000)
 ParOldGen       total 534528K, used 449042K [0x00000000c0000000, 0x00000000e0a00000, 0x00000000eab00000)
  object space 534528K, 84% used [0x00000000c0000000,0x00000000db684b18,0x00000000e0a00000)
 Metaspace       used 206879K, capacity 209968K, committed 210176K, reserved 1220608K
  class space    used 37776K, capacity 38590K, committed 38656K, reserved 1048576K
Event: 1878,135 GC heap after
Heap after GC invocations=105 (full 7):
 PSYoungGen      total 245248K, used 24006K [0x00000000eab00000, 0x0000000100000000, 0x0000000100000000)
  eden space 150528K, 0% used [0x00000000eab00000,0x00000000eab00000,0x00000000f3e00000)
  from space 94720K, 25% used [0x00000000f9700000,0x00000000fae71908,0x00000000ff380000)
  to   space 91136K, 0% used [0x00000000f3e00000,0x00000000f3e00000,0x00000000f9700000)
 ParOldGen       total 534528K, used 472472K [0x00000000c0000000, 0x00000000e0a00000, 0x00000000eab00000)
  object space 534528K, 88% used [0x00000000c0000000,0x00000000dcd660b8,0x00000000e0a00000)
 Metaspace       used 206879K, capacity 209968K, committed 210176K, reserved 1220608K
  class space    used 37776K, capacity 38590K, committed 38656K, reserved 1048576K
}
Event: 1878,554 GC heap before
{Heap before GC invocations=106 (full 7):
 PSYoungGen      total 245248K, used 174534K [0x00000000eab00000, 0x0000000100000000, 0x0000000100000000)
  eden space 150528K, 100% used [0x00000000eab00000,0x00000000f3e00000,0x00000000f3e00000)
  from space 94720K, 25% used [0x00000000f9700000,0x00000000fae71908,0x00000000ff380000)
  to   space 91136K, 0% used [0x00000000f3e00000,0x00000000f3e00000,0x00000000f9700000)
 ParOldGen       total 534528K, used 472472K [0x00000000c0000000, 0x00000000e0a00000, 0x00000000eab00000)
  object space 534528K, 88% used [0x00000000c0000000,0x00000000dcd660b8,0x00000000e0a00000)
 Metaspace       used 206883K, capacity 209968K, committed 210176K, reserved 1220608K
  class space    used 37776K, capacity 38590K, committed 38656K, reserved 1048576K
Event: 1878,569 GC heap after
Heap after GC invocations=106 (full 7):
 PSYoungGen      total 241664K, used 96K [0x00000000eab00000, 0x00000000ffc80000, 0x0000000100000000)
  eden space 150528K, 0% used [0x00000000eab00000,0x00000000eab00000,0x00000000f3e00000)
  from space 91136K, 0% used [0x00000000f3e00000,0x00000000f3e18000,0x00000000f9700000)
  to   space 91136K, 0% used [0x00000000fa380000,0x00000000fa380000,0x00000000ffc80000)
 ParOldGen       total 534528K, used 496437K [0x00000000c0000000, 0x00000000e0a00000, 0x00000000eab00000)
  object space 534528K, 92% used [0x00000000c0000000,0x00000000de4cd5f0,0x00000000e0a00000)
 Metaspace       used 206883K, capacity 209968K, committed 210176K, reserved 1220608K
  class space    used 37776K, capacity 38590K, committed 38656K, reserved 1048576K
}
Event: 1878,569 GC heap before
{Heap before GC invocations=107 (full 8):
 PSYoungGen      total 241664K, used 96K [0x00000000eab00000, 0x00000000ffc80000, 0x0000000100000000)
  eden space 150528K, 0% used [0x00000000eab00000,0x00000000eab00000,0x00000000f3e00000)
  from space 91136K, 0% used [0x00000000f3e00000,0x00000000f3e18000,0x00000000f9700000)
  to   space 91136K, 0% used [0x00000000fa380000,0x00000000fa380000,0x00000000ffc80000)
 ParOldGen       total 534528K, used 496437K [0x00000000c0000000, 0x00000000e0a00000, 0x00000000eab00000)
  object space 534528K, 92% used [0x00000000c0000000,0x00000000de4cd5f0,0x00000000e0a00000)
 Metaspace       used 206883K, capacity 209968K, committed 210176K, reserved 1220608K
  class space    used 37776K, capacity 38590K, committed 38656K, reserved 1048576K
Event: 1880,204 GC heap after
Heap after GC invocations=107 (full 8):
 PSYoungGen      total 241664K, used 0K [0x00000000eab00000, 0x00000000ffc80000, 0x0000000100000000)
  eden space 150528K, 0% used [0x00000000eab00000,0x00000000eab00000,0x00000000f3e00000)
  from space 91136K, 0% used [0x00000000f3e00000,0x00000000f3e00000,0x00000000f9700000)
  to   space 91136K, 0% used [0x00000000fa380000,0x00000000fa380000,0x00000000ffc80000)
 ParOldGen       total 479232K, used 249569K [0x00000000c0000000, 0x00000000dd400000, 0x00000000eab00000)
  object space 479232K, 52% used [0x00000000c0000000,0x00000000cf3b8458,0x00000000dd400000)
 Metaspace       used 141706K, capacity 143968K, committed 189696K, reserved 1200128K
  class space    used 24966K, capacity 25600K, committed 38656K, reserved 1048576K
}
Event: 1880,609 GC heap before
{Heap before GC invocations=108 (full 8):
 PSYoungGen      total 241664K, used 150528K [0x00000000eab00000, 0x00000000ffc80000, 0x0000000100000000)
  eden space 150528K, 100% used [0x00000000eab00000,0x00000000f3e00000,0x00000000f3e00000)
  from space 91136K, 0% used [0x00000000f3e00000,0x00000000f3e00000,0x00000000f9700000)
  to   space 91136K, 0% used [0x00000000fa380000,0x00000000fa380000,0x00000000ffc80000)
 ParOldGen       total 479232K, used 249569K [0x00000000c0000000, 0x00000000dd400000, 0x00000000eab00000)
  object space 479232K, 52% used [0x00000000c0000000,0x00000000cf3b8458,0x00000000dd400000)
 Metaspace       used 141707K, capacity 143968K, committed 189696K, reserved 1200128K
  class space    used 24966K, capacity 25600K, committed 38656K, reserved 1048576K
Event: 1880,614 GC heap after
Heap after GC invocations=108 (full 8):
 PSYoungGen      total 254976K, used 160K [0x00000000eab00000, 0x00000000fff00000, 0x0000000100000000)
  eden space 163840K, 0% used [0x00000000eab00000,0x00000000eab00000,0x00000000f4b00000)
  from space 91136K, 0% used [0x00000000fa380000,0x00000000fa3a8000,0x00000000ffc80000)
  to   space 90624K, 0% used [0x00000000f4b00000,0x00000000f4b00000,0x00000000fa380000)
 ParOldGen       total 479232K, used 249569K [0x00000000c0000000, 0x00000000dd400000, 0x00000000eab00000)
  object space 479232K, 52% used [0x00000000c0000000,0x00000000cf3b8458,0x00000000dd400000)
 Metaspace       used 141707K, capacity 143968K, committed 189696K, reserved 1200128K
  class space    used 24966K, capacity 25600K, committed 38656K, reserved 1048576K
}
Event: 1881,034 GC heap before
{Heap before GC invocations=109 (full 8):
 PSYoungGen      total 254976K, used 164000K [0x00000000eab00000, 0x00000000fff00000, 0x0000000100000000)
  eden space 163840K, 100% used [0x00000000eab00000,0x00000000f4b00000,0x00000000f4b00000)
  from space 91136K, 0% used [0x00000000fa380000,0x00000000fa3a8000,0x00000000ffc80000)
  to   space 90624K, 0% used [0x00000000f4b00000,0x00000000f4b00000,0x00000000fa380000)
 ParOldGen       total 479232K, used 249569K [0x00000000c0000000, 0x00000000dd400000, 0x00000000eab00000)
  object space 479232K, 52% used [0x00000000c0000000,0x00000000cf3b8458,0x00000000dd400000)
 Metaspace       used 141707K, capacity 143968K, committed 189696K, reserved 1200128K
  class space    used 24966K, capacity 25600K, committed 38656K, reserved 1048576K
Event: 1881,039 GC heap after
Heap after GC invocations=109 (full 8):
 PSYoungGen      total 254464K, used 64K [0x00000000eab00000, 0x00000000ffc80000, 0x0000000100000000)
  eden space 163840K, 0% used [0x00000000eab00000,0x00000000eab00000,0x00000000f4b00000)
  from space 90624K, 0% used [0x00000000f4b00000,0x00000000f4b10000,0x00000000fa380000)
  to   space 89088K, 0% used [0x00000000fa580000,0x00000000fa580000,0x00000000ffc80000)
 ParOldGen       total 479232K, used 249593K [0x00000000c0000000, 0x00000000dd400000, 0x00000000eab00000)
  object space 479232K, 52% used [0x00000000c0000000,0x00000000cf3be458,0x00000000dd400000)
 Metaspace       used 141707K, capacity 143968K, committed 189696K, reserved 1200128K
  class space    used 24966K, capacity 25600K, committed 38656K, reserved 1048576K
}
Event: 1881,501 GC heap before
{Heap before GC invocations=110 (full 8):
 PSYoungGen      total 254464K, used 163904K [0x00000000eab00000, 0x00000000ffc80000, 0x0000000100000000)
  eden space 163840K, 100% used [0x00000000eab00000,0x00000000f4b00000,0x00000000f4b00000)
  from space 90624K, 0% used [0x00000000f4b00000,0x00000000f4b10000,0x00000000fa380000)
  to   space 89088K, 0% used [0x00000000fa580000,0x00000000fa580000,0x00000000ffc80000)
 ParOldGen       total 479232K, used 249593K [0x00000000c0000000, 0x00000000dd400000, 0x00000000eab00000)
  object space 479232K, 52% used [0x00000000c0000000,0x00000000cf3be458,0x00000000dd400000)
 Metaspace       used 141707K, capacity 143968K, committed 189696K, reserved 1200128K
  class space    used 24966K, capacity 25600K, committed 38656K, reserved 1048576K
Event: 1881,507 GC heap after
Heap after GC invocations=110 (full 8):
 PSYoungGen      total 256512K, used 128K [0x00000000eab00000, 0x00000000ffa80000, 0x0000000100000000)
  eden space 169472K, 0% used [0x00000000eab00000,0x00000000eab00000,0x00000000f5080000)
  from space 87040K, 0% used [0x00000000fa580000,0x00000000fa5a0000,0x00000000ffa80000)
  to   space 87040K, 0% used [0x00000000f5080000,0x00000000f5080000,0x00000000fa580000)
 ParOldGen       total 479232K, used 249593K [0x00000000c0000000, 0x00000000dd400000, 0x00000000eab00000)
  object space 479232K, 52% used [0x00000000c0000000,0x00000000cf3be458,0x00000000dd400000)
 Metaspace       used 141707K, capacity 143968K, committed 189696K, reserved 1200128K
  class space    used 24966K, capacity 25600K, committed 38656K, reserved 1048576K
}
Event: 1882,090 GC heap before
{Heap before GC invocations=111 (full 8):
 PSYoungGen      total 256512K, used 169600K [0x00000000eab00000, 0x00000000ffa80000, 0x0000000100000000)
  eden space 169472K, 100% used [0x00000000eab00000,0x00000000f5080000,0x00000000f5080000)
  from space 87040K, 0% used [0x00000000fa580000,0x00000000fa5a0000,0x00000000ffa80000)
  to   space 87040K, 0% used [0x00000000f5080000,0x00000000f5080000,0x00000000fa580000)
 ParOldGen       total 479232K, used 249593K [0x00000000c0000000, 0x00000000dd400000, 0x00000000eab00000)
  object space 479232K, 52% used [0x00000000c0000000,0x00000000cf3be458,0x00000000dd400000)
 Metaspace       used 141709K, capacity 143968K, committed 189696K, reserved 1200128K
  class space    used 24966K, capacity 25600K, committed 38656K, reserved 1048576K
Event: 1882,101 GC heap after
Heap after GC invocations=111 (full 8):
 PSYoungGen      total 256512K, used 39638K [0x00000000eab00000, 0x00000000fff00000, 0x0000000100000000)
  eden space 169472K, 0% used [0x00000000eab00000,0x00000000eab00000,0x00000000f5080000)
  from space 87040K, 45% used [0x00000000f5080000,0x00000000f77358a0,0x00000000fa580000)
  to   space 86528K, 0% used [0x00000000faa80000,0x00000000faa80000,0x00000000fff00000)
 ParOldGen       total 479232K, used 249609K [0x00000000c0000000, 0x00000000dd400000, 0x00000000eab00000)
  object space 479232K, 52% used [0x00000000c0000000,0x00000000cf3c2458,0x00000000dd400000)
 Metaspace       used 141709K, capacity 143968K, committed 189696K, reserved 1200128K
  class space    used 24966K, capacity 25600K, committed 38656K, reserved 1048576K
}
Event: 1882,590 GC heap before
{Heap before GC invocations=112 (full 8):
 PSYoungGen      total 256512K, used 209110K [0x00000000eab00000, 0x00000000fff00000, 0x0000000100000000)
  eden space 169472K, 100% used [0x00000000eab00000,0x00000000f5080000,0x00000000f5080000)
  from space 87040K, 45% used [0x00000000f5080000,0x00000000f77358a0,0x00000000fa580000)
  to   space 86528K, 0% used [0x00000000faa80000,0x00000000faa80000,0x00000000fff00000)
 ParOldGen       total 479232K, used 249609K [0x00000000c0000000, 0x00000000dd400000, 0x00000000eab00000)
  object space 479232K, 52% used [0x00000000c0000000,0x00000000cf3c2458,0x00000000dd400000)
 Metaspace       used 141709K, capacity 143968K, committed 189696K, reserved 1200128K
  class space    used 24966K, capacity 25600K, committed 38656K, reserved 1048576K
Event: 1882,601 GC heap after
Heap after GC invocations=112 (full 8):
 PSYoungGen      total 258560K, used 64K [0x00000000eab00000, 0x00000000ffb80000, 0x0000000100000000)
  eden space 175616K, 0% used [0x00000000eab00000,0x00000000eab00000,0x00000000f5680000)
  from space 82944K, 0% used [0x00000000faa80000,0x00000000faa90000,0x00000000ffb80000)
  to   space 84480K, 0% used [0x00000000f5680000,0x00000000f5680000,0x00000000fa900000)
 ParOldGen       total 479232K, used 289199K [0x00000000c0000000, 0x00000000dd400000, 0x00000000eab00000)
  object space 479232K, 60% used [0x00000000c0000000,0x00000000d1a6bcf8,0x00000000dd400000)
 Metaspace       used 141709K, capacity 143968K, committed 189696K, reserved 1200128K
  class space    used 24966K, capacity 25600K, committed 38656K, reserved 1048576K
}
Event: 1883,068 GC heap before
{Heap before GC invocations=113 (full 8):
 PSYoungGen      total 258560K, used 175680K [0x00000000eab00000, 0x00000000ffb80000, 0x0000000100000000)
  eden space 175616K, 100% used [0x00000000eab00000,0x00000000f5680000,0x00000000f5680000)
  from space 82944K, 0% used [0x00000000faa80000,0x00000000faa90000,0x00000000ffb80000)
  to   space 84480K, 0% used [0x00000000f5680000,0x00000000f5680000,0x00000000fa900000)
 ParOldGen       total 479232K, used 289199K [0x00000000c0000000, 0x00000000dd400000, 0x00000000eab00000)
  object space 479232K, 60% used [0x00000000c0000000,0x00000000d1a6bcf8,0x00000000dd400000)
 Metaspace       used 141709K, capacity 143968K, committed 189696K, reserved 1200128K
  class space    used 24966K, capacity 25600K, committed 38656K, reserved 1048576K
Event: 1883,073 GC heap after
Heap after GC invocations=113 (full 8):
 PSYoungGen      total 260096K, used 64K [0x00000000eab00000, 0x00000000ffc80000, 0x0000000100000000)
  eden space 175616K, 0% used [0x00000000eab00000,0x00000000eab00000,0x00000000f5680000)
  from space 84480K, 0% used [0x00000000f5680000,0x00000000f5690000,0x00000000fa900000)
  to   space 81920K, 0% used [0x00000000fac80000,0x00000000fac80000,0x00000000ffc80000)
 ParOldGen       total 479232K, used 289199K [0x00000000c0000000, 0x00000000dd400000, 0x00000000eab00000)
  object space 479232K, 60% used [0x00000000c0000000,0x00000000d1a6bcf8,0x00000000dd400000)
 Metaspace       used 141709K, capacity 143968K, committed 189696K, reserved 1200128K
  class space    used 24966K, capacity 25600K, committed 38656K, reserved 1048576K
}
Event: 1883,541 GC heap before
{Heap before GC invocations=114 (full 8):
 PSYoungGen      total 260096K, used 175680K [0x00000000eab00000, 0x00000000ffc80000, 0x0000000100000000)
  eden space 175616K, 100% used [0x00000000eab00000,0x00000000f5680000,0x00000000f5680000)
  from space 84480K, 0% used [0x00000000f5680000,0x00000000f5690000,0x00000000fa900000)
  to   space 81920K, 0% used [0x00000000fac80000,0x00000000fac80000,0x00000000ffc80000)
 ParOldGen       total 479232K, used 289199K [0x00000000c0000000, 0x00000000dd400000, 0x00000000eab00000)
  object space 479232K, 60% used [0x00000000c0000000,0x00000000d1a6bcf8,0x00000000dd400000)
 Metaspace       used 141709K, capacity 143968K, committed 189696K, reserved 1200128K
  class space    used 24966K, capacity 25600K, committed 38656K, reserved 1048576K
Event: 1883,546 GC heap after
Heap after GC invocations=114 (full 8):
 PSYoungGen      total 260608K, used 64K [0x00000000eab00000, 0x00000000ff880000, 0x0000000100000000)
  eden space 182784K, 0% used [0x00000000eab00000,0x00000000eab00000,0x00000000f5d80000)
  from space 77824K, 0% used [0x00000000fac80000,0x00000000fac90000,0x00000000ff880000)
  to   space 79360K, 0% used [0x00000000f5d80000,0x00000000f5d80000,0x00000000fab00000)
 ParOldGen       total 479232K, used 289199K [0x00000000c0000000, 0x00000000dd400000, 0x00000000eab00000)
  object space 479232K, 60% used [0x00000000c0000000,0x00000000d1a6bcf8,0x00000000dd400000)
 Metaspace       used 141709K, capacity 143968K, committed 189696K, reserved 1200128K
  class space    used 24966K, capacity 25600K, committed 38656K, reserved 1048576K
}
Event: 1884,006 GC heap before
{Heap before GC invocations=115 (full 8):
 PSYoungGen      total 260608K, used 178856K [0x00000000eab00000, 0x00000000ff880000, 0x0000000100000000)
  eden space 182784K, 97% used [0x00000000eab00000,0x00000000f599a2f0,0x00000000f5d80000)
  from space 77824K, 0% used [0x00000000fac80000,0x00000000fac90000,0x00000000ff880000)
  to   space 79360K, 0% used [0x00000000f5d80000,0x00000000f5d80000,0x00000000fab00000)
 ParOldGen       total 479232K, used 289199K [0x00000000c0000000, 0x00000000dd400000, 0x00000000eab00000)
  object space 479232K, 60% used [0x00000000c0000000,0x00000000d1a6bcf8,0x00000000dd400000)
 Metaspace       used 141709K, capacity 143968K, committed 189696K, reserved 1200128K
  class space    used 24966K, capacity 25600K, committed 38656K, reserved 1048576K
Event: 1884,011 GC heap after
Heap after GC invocations=115 (full 8):
 PSYoungGen      total 262144K, used 64K [0x00000000eab00000, 0x00000000ffb80000, 0x0000000100000000)
  eden space 182784K, 0% used [0x00000000eab00000,0x00000000eab00000,0x00000000f5d80000)
  from space 79360K, 0% used [0x00000000f5d80000,0x00000000f5d90000,0x00000000fab00000)
  to   space 76288K, 0% used [0x00000000fb100000,0x00000000fb100000,0x00000000ffb80000)
 ParOldGen       total 479232K, used 289199K [0x00000000c0000000, 0x00000000dd400000, 0x00000000eab00000)
  object space 479232K, 60% used [0x00000000c0000000,0x00000000d1a6bcf8,0x00000000dd400000)
 Metaspace       used 141709K, capacity 143968K, committed 189696K, reserved 1200128K
  class space    used 24966K, capacity 25600K, committed 38656K, reserved 1048576K
}
Event: 1886,196 GC heap before
{Heap before GC invocations=116 (full 8):
 PSYoungGen      total 262144K, used 182848K [0x00000000eab00000, 0x00000000ffb80000, 0x0000000100000000)
  eden space 182784K, 100% used [0x00000000eab00000,0x00000000f5d80000,0x00000000f5d80000)
  from space 79360K, 0% used [0x00000000f5d80000,0x00000000f5d90000,0x00000000fab00000)
  to   space 76288K, 0% used [0x00000000fb100000,0x00000000fb100000,0x00000000ffb80000)
 ParOldGen       total 479232K, used 289199K [0x00000000c0000000, 0x00000000dd400000, 0x00000000eab00000)
  object space 479232K, 60% used [0x00000000c0000000,0x00000000d1a6bcf8,0x00000000dd400000)
 Metaspace       used 141725K, capacity 143972K, committed 189696K, reserved 1200128K
  class space    used 24967K, capacity 25600K, committed 38656K, reserved 1048576K
Event: 1886,205 GC heap after
Heap after GC invocations=116 (full 8):
 PSYoungGen      total 262144K, used 20201K [0x00000000eab00000, 0x00000000ff400000, 0x0000000100000000)
  eden space 193536K, 0% used [0x00000000eab00000,0x00000000eab00000,0x00000000f6800000)
  from space 68608K, 29% used [0x00000000fb100000,0x00000000fc4ba5a8,0x00000000ff400000)
  to   space 71680K, 0% used [0x00000000f6800000,0x00000000f6800000,0x00000000fae00000)
 ParOldGen       total 479232K, used 289207K [0x00000000c0000000, 0x00000000dd400000, 0x00000000eab00000)
  object space 479232K, 60% used [0x00000000c0000000,0x00000000d1a6dcf8,0x00000000dd400000)
 Metaspace       used 141725K, capacity 143972K, committed 189696K, reserved 1200128K
  class space    used 24967K, capacity 25600K, committed 38656K, reserved 1048576K
}
Event: 1888,150 GC heap before
{Heap before GC invocations=117 (full 8):
 PSYoungGen      total 262144K, used 213737K [0x00000000eab00000, 0x00000000ff400000, 0x0000000100000000)
  eden space 193536K, 100% used [0x00000000eab00000,0x00000000f6800000,0x00000000f6800000)
  from space 68608K, 29% used [0x00000000fb100000,0x00000000fc4ba5a8,0x00000000ff400000)
  to   space 71680K, 0% used [0x00000000f6800000,0x00000000f6800000,0x00000000fae00000)
 ParOldGen       total 479232K, used 289207K [0x00000000c0000000, 0x00000000dd400000, 0x00000000eab00000)
  object space 479232K, 60% used [0x00000000c0000000,0x00000000d1a6dcf8,0x00000000dd400000)
 Metaspace       used 141742K, capacity 144040K, committed 189696K, reserved 1200128K
  class space    used 24967K, capacity 25600K, committed 38656K, reserved 1048576K
Event: 1888,161 GC heap after
Heap after GC invocations=117 (full 8):
 PSYoungGen      total 265216K, used 9405K [0x00000000eab00000, 0x00000000ffb00000, 0x0000000100000000)
  eden space 193536K, 0% used [0x00000000eab00000,0x00000000eab00000,0x00000000f6800000)
  from space 71680K, 13% used [0x00000000f6800000,0x00000000f712f400,0x00000000fae00000)
  to   space 67584K, 0% used [0x00000000fb900000,0x00000000fb900000,0x00000000ffb00000)
 ParOldGen       total 479232K, used 309121K [0x00000000c0000000, 0x00000000dd400000, 0x00000000eab00000)
  object space 479232K, 64% used [0x00000000c0000000,0x00000000d2de0708,0x00000000dd400000)
 Metaspace       used 141742K, capacity 144040K, committed 189696K, reserved 1200128K
  class space    used 24967K, capacity 25600K, committed 38656K, reserved 1048576K
}
Event: 1955,396 GC heap before
{Heap before GC invocations=118 (full 8):
 PSYoungGen      total 265216K, used 202941K [0x00000000eab00000, 0x00000000ffb00000, 0x0000000100000000)
  eden space 193536K, 100% used [0x00000000eab00000,0x00000000f6800000,0x00000000f6800000)
  from space 71680K, 13% used [0x00000000f6800000,0x00000000f712f400,0x00000000fae00000)
  to   space 67584K, 0% used [0x00000000fb900000,0x00000000fb900000,0x00000000ffb00000)
 ParOldGen       total 479232K, used 309121K [0x00000000c0000000, 0x00000000dd400000, 0x00000000eab00000)
  object space 479232K, 64% used [0x00000000c0000000,0x00000000d2de0708,0x00000000dd400000)
 Metaspace       used 142100K, capacity 144388K, committed 189696K, reserved 1200128K
  class space    used 24989K, capacity 25604K, committed 38656K, reserved 1048576K
Event: 1955,409 GC heap after
Heap after GC invocations=118 (full 8):
 PSYoungGen      total 266240K, used 12684K [0x00000000eab00000, 0x00000000ff180000, 0x0000000100000000)
  eden space 208384K, 0% used [0x00000000eab00000,0x00000000eab00000,0x00000000f7680000)
  from space 57856K, 21% used [0x00000000fb900000,0x00000000fc563168,0x00000000ff180000)
  to   space 62976K, 0% used [0x00000000f7680000,0x00000000f7680000,0x00000000fb400000)
 ParOldGen       total 479232K, used 309129K [0x00000000c0000000, 0x00000000dd400000, 0x00000000eab00000)
  object space 479232K, 64% used [0x00000000c0000000,0x00000000d2de2708,0x00000000dd400000)
 Metaspace       used 142100K, capacity 144388K, committed 189696K, reserved 1200128K
  class space    used 24989K, capacity 25604K, committed 38656K, reserved 1048576K
}
Event: 2082,898 GC heap before
{Heap before GC invocations=119 (full 8):
 PSYoungGen      total 266240K, used 221068K [0x00000000eab00000, 0x00000000ff180000, 0x0000000100000000)
  eden space 208384K, 100% used [0x00000000eab00000,0x00000000f7680000,0x00000000f7680000)
  from space 57856K, 21% used [0x00000000fb900000,0x00000000fc563168,0x00000000ff180000)
  to   space 62976K, 0% used [0x00000000f7680000,0x00000000f7680000,0x00000000fb400000)
 ParOldGen       total 479232K, used 309129K [0x00000000c0000000, 0x00000000dd400000, 0x00000000eab00000)
  object space 479232K, 64% used [0x00000000c0000000,0x00000000d2de2708,0x00000000dd400000)
 Metaspace       used 163497K, capacity 166228K, committed 189696K, reserved 1200128K
  class space    used 29203K, capacity 29894K, committed 38656K, reserved 1048576K
Event: 2082,966 GC heap after
Heap after GC invocations=119 (full 8):
 PSYoungGen      total 271360K, used 45501K [0x00000000eab00000, 0x0000000100000000, 0x0000000100000000)
  eden space 208384K, 0% used [0x00000000eab00000,0x00000000eab00000,0x00000000f7680000)
  from space 62976K, 72% used [0x00000000f7680000,0x00000000fa2ef7b8,0x00000000fb400000)
  to   space 69120K, 0% used [0x00000000fbc80000,0x00000000fbc80000,0x0000000100000000)
 ParOldGen       total 479232K, used 309129K [0x00000000c0000000, 0x00000000dd400000, 0x00000000eab00000)
  object space 479232K, 64% used [0x00000000c0000000,0x00000000d2de2708,0x00000000dd400000)
 Metaspace       used 163497K, capacity 166228K, committed 189696K, reserved 1200128K
  class space    used 29203K, capacity 29894K, committed 38656K, reserved 1048576K
}
Event: 2101,421 GC heap before
{Heap before GC invocations=120 (full 8):
 PSYoungGen      total 271360K, used 253885K [0x00000000eab00000, 0x0000000100000000, 0x0000000100000000)
  eden space 208384K, 100% used [0x00000000eab00000,0x00000000f7680000,0x00000000f7680000)
  from space 62976K, 72% used [0x00000000f7680000,0x00000000fa2ef7b8,0x00000000fb400000)
  to   space 69120K, 0% used [0x00000000fbc80000,0x00000000fbc80000,0x0000000100000000)
 ParOldGen       total 479232K, used 309129K [0x00000000c0000000, 0x00000000dd400000, 0x00000000eab00000)
  object space 479232K, 64% used [0x00000000c0000000,0x00000000d2de2708,0x00000000dd400000)
 Metaspace       used 166260K, capacity 169074K, committed 189696K, reserved 1200128K
  class space    used 29584K, capacity 30298K, committed 38656K, reserved 1048576K
Event: 2101,501 GC heap after
Heap after GC invocations=120 (full 8):
 PSYoungGen      total 266752K, used 49946K [0x00000000eab00000, 0x0000000100000000, 0x0000000100000000)
  eden space 197632K, 0% used [0x00000000eab00000,0x00000000eab00000,0x00000000f6c00000)
  from space 69120K, 72% used [0x00000000fbc80000,0x00000000fed46b78,0x0000000100000000)
  to   space 75776K, 0% used [0x00000000f6c00000,0x00000000f6c00000,0x00000000fb600000)
 ParOldGen       total 479232K, used 309246K [0x00000000c0000000, 0x00000000dd400000, 0x00000000eab00000)
  object space 479232K, 64% used [0x00000000c0000000,0x00000000d2dffb08,0x00000000dd400000)
 Metaspace       used 166260K, capacity 169074K, committed 189696K, reserved 1200128K
  class space    used 29584K, capacity 30298K, committed 38656K, reserved 1048576K
}
Event: 2103,643 GC heap before
{Heap before GC invocations=121 (full 8):
 PSYoungGen      total 266752K, used 247578K [0x00000000eab00000, 0x0000000100000000, 0x0000000100000000)
  eden space 197632K, 100% used [0x00000000eab00000,0x00000000f6c00000,0x00000000f6c00000)
  from space 69120K, 72% used [0x00000000fbc80000,0x00000000fed46b78,0x0000000100000000)
  to   space 75776K, 0% used [0x00000000f6c00000,0x00000000f6c00000,0x00000000fb600000)
 ParOldGen       total 479232K, used 309246K [0x00000000c0000000, 0x00000000dd400000, 0x00000000eab00000)
  object space 479232K, 64% used [0x00000000c0000000,0x00000000d2dffb08,0x00000000dd400000)
 Metaspace       used 172145K, capacity 175022K, committed 189696K, reserved 1200128K
  class space    used 31077K, capacity 31807K, committed 38656K, reserved 1048576K
Event: 2103,711 GC heap after
Heap after GC invocations=121 (full 8):
 PSYoungGen      total 259584K, used 61663K [0x00000000eab00000, 0x0000000100000000, 0x0000000100000000)
  eden space 197632K, 0% used [0x00000000eab00000,0x00000000eab00000,0x00000000f6c00000)
  from space 61952K, 99% used [0x00000000f6c00000,0x00000000fa837ed0,0x00000000fa880000)
  to   space 85504K, 0% used [0x00000000fac80000,0x00000000fac80000,0x0000000100000000)
 ParOldGen       total 479232K, used 309254K [0x00000000c0000000, 0x00000000dd400000, 0x00000000eab00000)
  object space 479232K, 64% used [0x00000000c0000000,0x00000000d2e01b08,0x00000000dd400000)
 Metaspace       used 172145K, capacity 175022K, committed 189696K, reserved 1200128K
  class space    used 31077K, capacity 31807K, committed 38656K, reserved 1048576K
}
Event: 2105,146 GC heap before
{Heap before GC invocations=122 (full 8):
 PSYoungGen      total 259584K, used 259295K [0x00000000eab00000, 0x0000000100000000, 0x0000000100000000)
  eden space 197632K, 100% used [0x00000000eab00000,0x00000000f6c00000,0x00000000f6c00000)
  from space 61952K, 99% used [0x00000000f6c00000,0x00000000fa837ed0,0x00000000fa880000)
  to   space 85504K, 0% used [0x00000000fac80000,0x00000000fac80000,0x0000000100000000)
 ParOldGen       total 479232K, used 309254K [0x00000000c0000000, 0x00000000dd400000, 0x00000000eab00000)
  object space 479232K, 64% used [0x00000000c0000000,0x00000000d2e01b08,0x00000000dd400000)
 Metaspace       used 172956K, capacity 175860K, committed 189696K, reserved 1200128K
  class space    used 31280K, capacity 32000K, committed 38656K, reserved 1048576K
Event: 2105,271 GC heap after
Heap after GC invocations=122 (full 8):
 PSYoungGen      total 247296K, used 64079K [0x00000000eab00000, 0x0000000100000000, 0x0000000100000000)
  eden space 161792K, 0% used [0x00000000eab00000,0x00000000eab00000,0x00000000f4900000)
  from space 85504K, 74% used [0x00000000fac80000,0x00000000feb13db0,0x0000000100000000)
  to   space 93696K, 0% used [0x00000000f4900000,0x00000000f4900000,0x00000000fa480000)
 ParOldGen       total 479232K, used 309254K [0x00000000c0000000, 0x00000000dd400000, 0x00000000eab00000)
  object space 479232K, 64% used [0x00000000c0000000,0x00000000d2e01b08,0x00000000dd400000)
 Metaspace       used 172956K, capacity 175860K, committed 189696K, reserved 1200128K
  class space    used 31280K, capacity 32000K, committed 38656K, reserved 1048576K
}
Event: 2108,883 GC heap before
{Heap before GC invocations=123 (full 8):
 PSYoungGen      total 247296K, used 225871K [0x00000000eab00000, 0x0000000100000000, 0x0000000100000000)
  eden space 161792K, 100% used [0x00000000eab00000,0x00000000f4900000,0x00000000f4900000)
  from space 85504K, 74% used [0x00000000fac80000,0x00000000feb13db0,0x0000000100000000)
  to   space 93696K, 0% used [0x00000000f4900000,0x00000000f4900000,0x00000000fa480000)
 ParOldGen       total 479232K, used 309254K [0x00000000c0000000, 0x00000000dd400000, 0x00000000eab00000)
  object space 479232K, 64% used [0x00000000c0000000,0x00000000d2e01b08,0x00000000dd400000)
 Metaspace       used 174170K, capacity 177064K, committed 189696K, reserved 1200128K
  class space    used 31385K, capacity 32100K, committed 38656K, reserved 1048576K
Event: 2109,019 GC heap after
Heap after GC invocations=123 (full 8):
 PSYoungGen      total 230400K, used 68321K [0x00000000eab00000, 0x0000000100000000, 0x0000000100000000)
  eden space 161792K, 0% used [0x00000000eab00000,0x00000000eab00000,0x00000000f4900000)
  from space 68608K, 99% used [0x00000000f4900000,0x00000000f8bb8698,0x00000000f8c00000)
  to   space 101376K, 0% used [0x00000000f9d00000,0x00000000f9d00000,0x0000000100000000)
 ParOldGen       total 479232K, used 321661K [0x00000000c0000000, 0x00000000dd400000, 0x00000000eab00000)
  object space 479232K, 67% used [0x00000000c0000000,0x00000000d3a1f670,0x00000000dd400000)
 Metaspace       used 174170K, capacity 177064K, committed 189696K, reserved 1200128K
  class space    used 31385K, capacity 32100K, committed 38656K, reserved 1048576K
}
Event: 2111,016 GC heap before
{Heap before GC invocations=124 (full 8):
 PSYoungGen      total 230400K, used 230113K [0x00000000eab00000, 0x0000000100000000, 0x0000000100000000)
  eden space 161792K, 100% used [0x00000000eab00000,0x00000000f4900000,0x00000000f4900000)
  from space 68608K, 99% used [0x00000000f4900000,0x00000000f8bb8698,0x00000000f8c00000)
  to   space 101376K, 0% used [0x00000000f9d00000,0x00000000f9d00000,0x0000000100000000)
 ParOldGen       total 479232K, used 321661K [0x00000000c0000000, 0x00000000dd400000, 0x00000000eab00000)
  object space 479232K, 67% used [0x00000000c0000000,0x00000000d3a1f670,0x00000000dd400000)
 Metaspace       used 174438K, capacity 177332K, committed 189696K, reserved 1200128K
  class space    used 31390K, capacity 32104K, committed 38656K, reserved 1048576K
Event: 2111,123 GC heap after
Heap after GC invocations=124 (full 8):
 PSYoungGen      total 246784K, used 53225K [0x00000000eab00000, 0x0000000100000000, 0x0000000100000000)
  eden space 145408K, 0% used [0x00000000eab00000,0x00000000eab00000,0x00000000f3900000)
  from space 101376K, 52% used [0x00000000f9d00000,0x00000000fd0fa7e0,0x0000000100000000)
  to   space 101888K, 0% used [0x00000000f3900000,0x00000000f3900000,0x00000000f9c80000)
 ParOldGen       total 479232K, used 351448K [0x00000000c0000000, 0x00000000dd400000, 0x00000000eab00000)
  object space 479232K, 73% used [0x00000000c0000000,0x00000000d5736030,0x00000000dd400000)
 Metaspace       used 174438K, capacity 177332K, committed 189696K, reserved 1200128K
  class space    used 31390K, capacity 32104K, committed 38656K, reserved 1048576K
}
Event: 2113,263 GC heap before
{Heap before GC invocations=125 (full 8):
 PSYoungGen      total 246784K, used 198633K [0x00000000eab00000, 0x0000000100000000, 0x0000000100000000)
  eden space 145408K, 100% used [0x00000000eab00000,0x00000000f3900000,0x00000000f3900000)
  from space 101376K, 52% used [0x00000000f9d00000,0x00000000fd0fa7e0,0x0000000100000000)
  to   space 101888K, 0% used [0x00000000f3900000,0x00000000f3900000,0x00000000f9c80000)
 ParOldGen       total 479232K, used 351448K [0x00000000c0000000, 0x00000000dd400000, 0x00000000eab00000)
  object space 479232K, 73% used [0x00000000c0000000,0x00000000d5736030,0x00000000dd400000)
 Metaspace       used 174530K, capacity 177400K, committed 189696K, reserved 1200128K
  class space    used 31390K, capacity 32104K, committed 38656K, reserved 1048576K
Event: 2113,360 GC heap after
Heap after GC invocations=125 (full 8):
 PSYoungGen      total 183808K, used 38174K [0x00000000eab00000, 0x00000000ff680000, 0x0000000100000000)
  eden space 145408K, 0% used [0x00000000eab00000,0x00000000eab00000,0x00000000f3900000)
  from space 38400K, 99% used [0x00000000f3900000,0x00000000f5e47868,0x00000000f5e80000)
  to   space 96768K, 0% used [0x00000000f9800000,0x00000000f9800000,0x00000000ff680000)
 ParOldGen       total 479232K, used 367945K [0x00000000c0000000, 0x00000000dd400000, 0x00000000eab00000)
  object space 479232K, 76% used [0x00000000c0000000,0x00000000d6752658,0x00000000dd400000)
 Metaspace       used 174530K, capacity 177400K, committed 189696K, reserved 1200128K
  class space    used 31390K, capacity 32104K, committed 38656K, reserved 1048576K
}
Event: 2114,746 GC heap before
{Heap before GC invocations=126 (full 8):
 PSYoungGen      total 183808K, used 183582K [0x00000000eab00000, 0x00000000ff680000, 0x0000000100000000)
  eden space 145408K, 100% used [0x00000000eab00000,0x00000000f3900000,0x00000000f3900000)
  from space 38400K, 99% used [0x00000000f3900000,0x00000000f5e47868,0x00000000f5e80000)
  to   space 96768K, 0% used [0x00000000f9800000,0x00000000f9800000,0x00000000ff680000)
 ParOldGen       total 479232K, used 367945K [0x00000000c0000000, 0x00000000dd400000, 0x00000000eab00000)
  object space 479232K, 76% used [0x00000000c0000000,0x00000000d6752658,0x00000000dd400000)
 Metaspace       used 174658K, capacity 177560K, committed 189696K, reserved 1200128K
  class space    used 31395K, capacity 32136K, committed 38656K, reserved 1048576K
Event: 2114,793 GC heap after
Heap after GC invocations=126 (full 8):
 PSYoungGen      total 247296K, used 25463K [0x00000000eab00000, 0x0000000100000000, 0x0000000100000000)
  eden space 150528K, 0% used [0x00000000eab00000,0x00000000eab00000,0x00000000f3e00000)
  from space 96768K, 26% used [0x00000000f9800000,0x00000000fb0ddcb0,0x00000000ff680000)
  to   space 92160K, 0% used [0x00000000f3e00000,0x00000000f3e00000,0x00000000f9800000)
 ParOldGen       total 479232K, used 404382K [0x00000000c0000000, 0x00000000dd400000, 0x00000000eab00000)
  object space 479232K, 84% used [0x00000000c0000000,0x00000000d8ae78c0,0x00000000dd400000)
 Metaspace       used 174658K, capacity 177560K, committed 189696K, reserved 1200128K
  class space    used 31395K, capacity 32136K, committed 38656K, reserved 1048576K
}
Event: 2115,179 GC heap before
{Heap before GC invocations=127 (full 8):
 PSYoungGen      total 247296K, used 175991K [0x00000000eab00000, 0x0000000100000000, 0x0000000100000000)
  eden space 150528K, 100% used [0x00000000eab00000,0x00000000f3e00000,0x00000000f3e00000)
  from space 96768K, 26% used [0x00000000f9800000,0x00000000fb0ddcb0,0x00000000ff680000)
  to   space 92160K, 0% used [0x00000000f3e00000,0x00000000f3e00000,0x00000000f9800000)
 ParOldGen       total 479232K, used 404382K [0x00000000c0000000, 0x00000000dd400000, 0x00000000eab00000)
  object space 479232K, 84% used [0x00000000c0000000,0x00000000d8ae78c0,0x00000000dd400000)
 Metaspace       used 174664K, capacity 177560K, committed 189696K, reserved 1200128K
  class space    used 31395K, capacity 32136K, committed 38656K, reserved 1048576K
Event: 2115,192 GC heap after
Heap after GC invocations=127 (full 8):
 PSYoungGen      total 242688K, used 96K [0x00000000eab00000, 0x00000000ffb80000, 0x0000000100000000)
  eden space 150528K, 0% used [0x00000000eab00000,0x00000000eab00000,0x00000000f3e00000)
  from space 92160K, 0% used [0x00000000f3e00000,0x00000000f3e18000,0x00000000f9800000)
  to   space 92160K, 0% used [0x00000000fa180000,0x00000000fa180000,0x00000000ffb80000)
 ParOldGen       total 479232K, used 440808K [0x00000000c0000000, 0x00000000dd400000, 0x00000000eab00000)
  object space 479232K, 91% used [0x00000000c0000000,0x00000000dae7a148,0x00000000dd400000)
 Metaspace       used 174664K, capacity 177560K, committed 189696K, reserved 1200128K
  class space    used 31395K, capacity 32136K, committed 38656K, reserved 1048576K
}
Event: 2115,192 GC heap before
{Heap before GC invocations=128 (full 9):
 PSYoungGen      total 242688K, used 96K [0x00000000eab00000, 0x00000000ffb80000, 0x0000000100000000)
  eden space 150528K, 0% used [0x00000000eab00000,0x00000000eab00000,0x00000000f3e00000)
  from space 92160K, 0% used [0x00000000f3e00000,0x00000000f3e18000,0x00000000f9800000)
  to   space 92160K, 0% used [0x00000000fa180000,0x00000000fa180000,0x00000000ffb80000)
 ParOldGen       total 479232K, used 440808K [0x00000000c0000000, 0x00000000dd400000, 0x00000000eab00000)
  object space 479232K, 91% used [0x00000000c0000000,0x00000000dae7a148,0x00000000dd400000)
 Metaspace       used 174664K, capacity 177560K, committed 189696K, reserved 1200128K
  class space    used 31395K, capacity 32136K, committed 38656K, reserved 1048576K
Event: 2116,557 GC heap after
Heap after GC invocations=128 (full 9):
 PSYoungGen      total 242688K, used 0K [0x00000000eab00000, 0x00000000ffb80000, 0x0000000100000000)
  eden space 150528K, 0% used [0x00000000eab00000,0x00000000eab00000,0x00000000f3e00000)
  from space 92160K, 0% used [0x00000000f3e00000,0x00000000f3e00000,0x00000000f9800000)
  to   space 92160K, 0% used [0x00000000fa180000,0x00000000fa180000,0x00000000ffb80000)
 ParOldGen       total 506880K, used 254809K [0x00000000c0000000, 0x00000000def00000, 0x00000000eab00000)
  object space 506880K, 50% used [0x00000000c0000000,0x00000000cf8d64c8,0x00000000def00000)
 Metaspace       used 142209K, capacity 144820K, committed 173312K, reserved 1183744K
  class space    used 25030K, capacity 25707K, committed 38656K, reserved 1048576K
}

